ARM GAS  C:\Users\Alex\AppData\Local\Temp\ccKVEaZK.s 			page 1


   1              		.cpu cortex-m4
   2              		.arch armv7e-m
   3              		.fpu fpv4-sp-d16
   4              		.eabi_attribute 27, 1
   5              		.eabi_attribute 28, 1
   6              		.eabi_attribute 20, 1
   7              		.eabi_attribute 21, 1
   8              		.eabi_attribute 23, 3
   9              		.eabi_attribute 24, 1
  10              		.eabi_attribute 25, 1
  11              		.eabi_attribute 26, 1
  12              		.eabi_attribute 30, 1
  13              		.eabi_attribute 34, 1
  14              		.eabi_attribute 18, 4
  15              		.file	"ili9341.c"
  16              		.text
  17              	.Ltext0:
  18              		.cfi_sections	.debug_frame
  19              		.file 1 "Lib/ili9341/ili9341.c"
  20              		.section	.text.ILI9341_Select,"ax",%progbits
  21              		.align	1
  22              		.syntax unified
  23              		.thumb
  24              		.thumb_func
  26              	ILI9341_Select:
  27              	.LFB130:
   1:Lib/ili9341/ili9341.c **** /* vim: set ai et ts=4 sw=4: */
   2:Lib/ili9341/ili9341.c **** #include "stm32f4xx_hal.h"
   3:Lib/ili9341/ili9341.c **** #include "ili9341.h"
   4:Lib/ili9341/ili9341.c **** 
   5:Lib/ili9341/ili9341.c **** static void ILI9341_Select() {
  28              		.loc 1 5 30 view -0
  29              		.cfi_startproc
  30              		@ args = 0, pretend = 0, frame = 0
  31              		@ frame_needed = 0, uses_anonymous_args = 0
  32 0000 08B5     		push	{r3, lr}
  33              	.LCFI0:
  34              		.cfi_def_cfa_offset 8
  35              		.cfi_offset 3, -8
  36              		.cfi_offset 14, -4
   6:Lib/ili9341/ili9341.c ****     HAL_GPIO_WritePin(ILI9341_CS_GPIO_Port, ILI9341_CS_Pin, GPIO_PIN_RESET);
  37              		.loc 1 6 5 view .LVU1
  38 0002 0022     		movs	r2, #0
  39 0004 4021     		movs	r1, #64
  40 0006 0248     		ldr	r0, .L3
  41 0008 FFF7FEFF 		bl	HAL_GPIO_WritePin
  42              	.LVL0:
   7:Lib/ili9341/ili9341.c **** }
  43              		.loc 1 7 1 is_stmt 0 view .LVU2
  44 000c 08BD     		pop	{r3, pc}
  45              	.L4:
  46 000e 00BF     		.align	2
  47              	.L3:
  48 0010 00040240 		.word	1073873920
  49              		.cfi_endproc
  50              	.LFE130:
  52              		.section	.text.ILI9341_Reset,"ax",%progbits
ARM GAS  C:\Users\Alex\AppData\Local\Temp\ccKVEaZK.s 			page 2


  53              		.align	1
  54              		.syntax unified
  55              		.thumb
  56              		.thumb_func
  58              	ILI9341_Reset:
  59              	.LFB132:
   8:Lib/ili9341/ili9341.c **** 
   9:Lib/ili9341/ili9341.c **** void ILI9341_Unselect() {
  10:Lib/ili9341/ili9341.c ****     HAL_GPIO_WritePin(ILI9341_CS_GPIO_Port, ILI9341_CS_Pin, GPIO_PIN_SET);
  11:Lib/ili9341/ili9341.c **** }
  12:Lib/ili9341/ili9341.c **** 
  13:Lib/ili9341/ili9341.c **** static void ILI9341_Reset() {
  60              		.loc 1 13 29 is_stmt 1 view -0
  61              		.cfi_startproc
  62              		@ args = 0, pretend = 0, frame = 0
  63              		@ frame_needed = 0, uses_anonymous_args = 0
  64 0000 10B5     		push	{r4, lr}
  65              	.LCFI1:
  66              		.cfi_def_cfa_offset 8
  67              		.cfi_offset 4, -8
  68              		.cfi_offset 14, -4
  14:Lib/ili9341/ili9341.c ****     HAL_GPIO_WritePin(ILI9341_RES_GPIO_Port, ILI9341_RES_Pin, GPIO_PIN_RESET);
  69              		.loc 1 14 5 view .LVU4
  70 0002 074C     		ldr	r4, .L7
  71 0004 0022     		movs	r2, #0
  72 0006 8021     		movs	r1, #128
  73 0008 2046     		mov	r0, r4
  74 000a FFF7FEFF 		bl	HAL_GPIO_WritePin
  75              	.LVL1:
  15:Lib/ili9341/ili9341.c ****     HAL_Delay(5);
  76              		.loc 1 15 5 view .LVU5
  77 000e 0520     		movs	r0, #5
  78 0010 FFF7FEFF 		bl	HAL_Delay
  79              	.LVL2:
  16:Lib/ili9341/ili9341.c ****     HAL_GPIO_WritePin(ILI9341_RES_GPIO_Port, ILI9341_RES_Pin, GPIO_PIN_SET);
  80              		.loc 1 16 5 view .LVU6
  81 0014 0122     		movs	r2, #1
  82 0016 8021     		movs	r1, #128
  83 0018 2046     		mov	r0, r4
  84 001a FFF7FEFF 		bl	HAL_GPIO_WritePin
  85              	.LVL3:
  17:Lib/ili9341/ili9341.c **** }
  86              		.loc 1 17 1 is_stmt 0 view .LVU7
  87 001e 10BD     		pop	{r4, pc}
  88              	.L8:
  89              		.align	2
  90              	.L7:
  91 0020 00080240 		.word	1073874944
  92              		.cfi_endproc
  93              	.LFE132:
  95              		.section	.text.ILI9341_WriteCommand,"ax",%progbits
  96              		.align	1
  97              		.syntax unified
  98              		.thumb
  99              		.thumb_func
 101              	ILI9341_WriteCommand:
 102              	.LVL4:
ARM GAS  C:\Users\Alex\AppData\Local\Temp\ccKVEaZK.s 			page 3


 103              	.LFB133:
  18:Lib/ili9341/ili9341.c **** 
  19:Lib/ili9341/ili9341.c **** static void ILI9341_WriteCommand(uint8_t cmd) {
 104              		.loc 1 19 47 is_stmt 1 view -0
 105              		.cfi_startproc
 106              		@ args = 0, pretend = 0, frame = 8
 107              		@ frame_needed = 0, uses_anonymous_args = 0
 108              		.loc 1 19 47 is_stmt 0 view .LVU9
 109 0000 00B5     		push	{lr}
 110              	.LCFI2:
 111              		.cfi_def_cfa_offset 4
 112              		.cfi_offset 14, -4
 113 0002 83B0     		sub	sp, sp, #12
 114              	.LCFI3:
 115              		.cfi_def_cfa_offset 16
 116 0004 8DF80700 		strb	r0, [sp, #7]
  20:Lib/ili9341/ili9341.c ****     HAL_GPIO_WritePin(ILI9341_DC_GPIO_Port, ILI9341_DC_Pin, GPIO_PIN_RESET);
 117              		.loc 1 20 5 is_stmt 1 view .LVU10
 118 0008 0022     		movs	r2, #0
 119 000a 4FF40061 		mov	r1, #2048
 120 000e 0748     		ldr	r0, .L11
 121              	.LVL5:
 122              		.loc 1 20 5 is_stmt 0 view .LVU11
 123 0010 FFF7FEFF 		bl	HAL_GPIO_WritePin
 124              	.LVL6:
  21:Lib/ili9341/ili9341.c ****     HAL_SPI_Transmit(&ILI9341_SPI_PORT, &cmd, sizeof(cmd), HAL_MAX_DELAY);
 125              		.loc 1 21 5 is_stmt 1 view .LVU12
 126 0014 4FF0FF33 		mov	r3, #-1
 127 0018 0122     		movs	r2, #1
 128 001a 0DF10701 		add	r1, sp, #7
 129 001e 0448     		ldr	r0, .L11+4
 130 0020 FFF7FEFF 		bl	HAL_SPI_Transmit
 131              	.LVL7:
  22:Lib/ili9341/ili9341.c **** }
 132              		.loc 1 22 1 is_stmt 0 view .LVU13
 133 0024 03B0     		add	sp, sp, #12
 134              	.LCFI4:
 135              		.cfi_def_cfa_offset 4
 136              		@ sp needed
 137 0026 5DF804FB 		ldr	pc, [sp], #4
 138              	.L12:
 139 002a 00BF     		.align	2
 140              	.L11:
 141 002c 00000240 		.word	1073872896
 142 0030 00000000 		.word	hspi1
 143              		.cfi_endproc
 144              	.LFE133:
 146              		.section	.text.ILI9341_WriteData,"ax",%progbits
 147              		.align	1
 148              		.syntax unified
 149              		.thumb
 150              		.thumb_func
 152              	ILI9341_WriteData:
 153              	.LVL8:
 154              	.LFB134:
  23:Lib/ili9341/ili9341.c **** 
  24:Lib/ili9341/ili9341.c **** static void ILI9341_WriteData(uint8_t* buff, size_t buff_size) {
ARM GAS  C:\Users\Alex\AppData\Local\Temp\ccKVEaZK.s 			page 4


 155              		.loc 1 24 64 is_stmt 1 view -0
 156              		.cfi_startproc
 157              		@ args = 0, pretend = 0, frame = 0
 158              		@ frame_needed = 0, uses_anonymous_args = 0
 159              		.loc 1 24 64 is_stmt 0 view .LVU15
 160 0000 70B5     		push	{r4, r5, r6, lr}
 161              	.LCFI5:
 162              		.cfi_def_cfa_offset 16
 163              		.cfi_offset 4, -16
 164              		.cfi_offset 5, -12
 165              		.cfi_offset 6, -8
 166              		.cfi_offset 14, -4
 167 0002 0646     		mov	r6, r0
 168 0004 0D46     		mov	r5, r1
  25:Lib/ili9341/ili9341.c ****     HAL_GPIO_WritePin(ILI9341_DC_GPIO_Port, ILI9341_DC_Pin, GPIO_PIN_SET);
 169              		.loc 1 25 5 is_stmt 1 view .LVU16
 170 0006 0122     		movs	r2, #1
 171 0008 4FF40061 		mov	r1, #2048
 172              	.LVL9:
 173              		.loc 1 25 5 is_stmt 0 view .LVU17
 174 000c 0B48     		ldr	r0, .L17
 175              	.LVL10:
 176              		.loc 1 25 5 view .LVU18
 177 000e FFF7FEFF 		bl	HAL_GPIO_WritePin
 178              	.LVL11:
  26:Lib/ili9341/ili9341.c **** 
  27:Lib/ili9341/ili9341.c ****     // split data in small chunks because HAL can't send more then 64K at once
  28:Lib/ili9341/ili9341.c ****     while(buff_size > 0) {
 179              		.loc 1 28 5 is_stmt 1 view .LVU19
 180              		.loc 1 28 10 is_stmt 0 view .LVU20
 181 0012 0FE0     		b	.L14
 182              	.L15:
 183              	.LBB2:
  29:Lib/ili9341/ili9341.c ****         uint16_t chunk_size = buff_size > 32768 ? 32768 : buff_size;
 184              		.loc 1 29 9 is_stmt 1 view .LVU21
 185              		.loc 1 29 57 is_stmt 0 view .LVU22
 186 0014 2C46     		mov	r4, r5
 187 0016 B5F5004F 		cmp	r5, #32768
 188 001a 28BF     		it	cs
 189 001c 4FF40044 		movcs	r4, #32768
 190              		.loc 1 29 18 view .LVU23
 191 0020 A4B2     		uxth	r4, r4
 192              	.LVL12:
  30:Lib/ili9341/ili9341.c ****         HAL_SPI_Transmit(&ILI9341_SPI_PORT, buff, chunk_size, HAL_MAX_DELAY);
 193              		.loc 1 30 9 is_stmt 1 view .LVU24
 194 0022 4FF0FF33 		mov	r3, #-1
 195 0026 2246     		mov	r2, r4
 196 0028 3146     		mov	r1, r6
 197 002a 0548     		ldr	r0, .L17+4
 198 002c FFF7FEFF 		bl	HAL_SPI_Transmit
 199              	.LVL13:
  31:Lib/ili9341/ili9341.c ****         buff += chunk_size;
 200              		.loc 1 31 9 view .LVU25
 201              		.loc 1 31 14 is_stmt 0 view .LVU26
 202 0030 2644     		add	r6, r6, r4
 203              	.LVL14:
  32:Lib/ili9341/ili9341.c ****         buff_size -= chunk_size;
ARM GAS  C:\Users\Alex\AppData\Local\Temp\ccKVEaZK.s 			page 5


 204              		.loc 1 32 9 is_stmt 1 view .LVU27
 205              		.loc 1 32 19 is_stmt 0 view .LVU28
 206 0032 2D1B     		subs	r5, r5, r4
 207              	.LVL15:
 208              	.L14:
 209              		.loc 1 32 19 view .LVU29
 210              	.LBE2:
  28:Lib/ili9341/ili9341.c ****         uint16_t chunk_size = buff_size > 32768 ? 32768 : buff_size;
 211              		.loc 1 28 21 is_stmt 1 view .LVU30
 212 0034 002D     		cmp	r5, #0
 213 0036 EDD1     		bne	.L15
  33:Lib/ili9341/ili9341.c ****     }
  34:Lib/ili9341/ili9341.c **** }
 214              		.loc 1 34 1 is_stmt 0 view .LVU31
 215 0038 70BD     		pop	{r4, r5, r6, pc}
 216              	.LVL16:
 217              	.L18:
 218              		.loc 1 34 1 view .LVU32
 219 003a 00BF     		.align	2
 220              	.L17:
 221 003c 00000240 		.word	1073872896
 222 0040 00000000 		.word	hspi1
 223              		.cfi_endproc
 224              	.LFE134:
 226              		.section	.text.ILI9341_SetAddressWindow,"ax",%progbits
 227              		.align	1
 228              		.syntax unified
 229              		.thumb
 230              		.thumb_func
 232              	ILI9341_SetAddressWindow:
 233              	.LVL17:
 234              	.LFB135:
  35:Lib/ili9341/ili9341.c **** 
  36:Lib/ili9341/ili9341.c **** static void ILI9341_SetAddressWindow(uint16_t x0, uint16_t y0, uint16_t x1, uint16_t y1) {
 235              		.loc 1 36 90 is_stmt 1 view -0
 236              		.cfi_startproc
 237              		@ args = 0, pretend = 0, frame = 8
 238              		@ frame_needed = 0, uses_anonymous_args = 0
 239              		.loc 1 36 90 is_stmt 0 view .LVU34
 240 0000 F0B5     		push	{r4, r5, r6, r7, lr}
 241              	.LCFI6:
 242              		.cfi_def_cfa_offset 20
 243              		.cfi_offset 4, -20
 244              		.cfi_offset 5, -16
 245              		.cfi_offset 6, -12
 246              		.cfi_offset 7, -8
 247              		.cfi_offset 14, -4
 248 0002 83B0     		sub	sp, sp, #12
 249              	.LCFI7:
 250              		.cfi_def_cfa_offset 32
 251 0004 0746     		mov	r7, r0
 252 0006 0D46     		mov	r5, r1
 253 0008 1646     		mov	r6, r2
 254 000a 1C46     		mov	r4, r3
  37:Lib/ili9341/ili9341.c ****     // column address set
  38:Lib/ili9341/ili9341.c ****     ILI9341_WriteCommand(0x2A); // CASET
 255              		.loc 1 38 5 is_stmt 1 view .LVU35
ARM GAS  C:\Users\Alex\AppData\Local\Temp\ccKVEaZK.s 			page 6


 256 000c 2A20     		movs	r0, #42
 257              	.LVL18:
 258              		.loc 1 38 5 is_stmt 0 view .LVU36
 259 000e FFF7FEFF 		bl	ILI9341_WriteCommand
 260              	.LVL19:
 261              	.LBB3:
  39:Lib/ili9341/ili9341.c ****     {
  40:Lib/ili9341/ili9341.c ****         uint8_t data[] = { (x0 >> 8) & 0xFF, x0 & 0xFF, (x1 >> 8) & 0xFF, x1 & 0xFF };
 262              		.loc 1 40 9 is_stmt 1 view .LVU37
 263              		.loc 1 40 17 is_stmt 0 view .LVU38
 264 0012 3B0A     		lsrs	r3, r7, #8
 265 0014 8DF80430 		strb	r3, [sp, #4]
 266 0018 8DF80570 		strb	r7, [sp, #5]
 267 001c 330A     		lsrs	r3, r6, #8
 268 001e 8DF80630 		strb	r3, [sp, #6]
 269 0022 8DF80760 		strb	r6, [sp, #7]
  41:Lib/ili9341/ili9341.c ****         ILI9341_WriteData(data, sizeof(data));
 270              		.loc 1 41 9 is_stmt 1 view .LVU39
 271 0026 0421     		movs	r1, #4
 272 0028 0DEB0100 		add	r0, sp, r1
 273 002c FFF7FEFF 		bl	ILI9341_WriteData
 274              	.LVL20:
 275              	.LBE3:
  42:Lib/ili9341/ili9341.c ****     }
  43:Lib/ili9341/ili9341.c **** 
  44:Lib/ili9341/ili9341.c ****     // row address set
  45:Lib/ili9341/ili9341.c ****     ILI9341_WriteCommand(0x2B); // RASET
 276              		.loc 1 45 5 view .LVU40
 277 0030 2B20     		movs	r0, #43
 278 0032 FFF7FEFF 		bl	ILI9341_WriteCommand
 279              	.LVL21:
 280              	.LBB4:
  46:Lib/ili9341/ili9341.c ****     {
  47:Lib/ili9341/ili9341.c ****         uint8_t data[] = { (y0 >> 8) & 0xFF, y0 & 0xFF, (y1 >> 8) & 0xFF, y1 & 0xFF };
 281              		.loc 1 47 9 view .LVU41
 282              		.loc 1 47 17 is_stmt 0 view .LVU42
 283 0036 2B0A     		lsrs	r3, r5, #8
 284 0038 8DF80430 		strb	r3, [sp, #4]
 285 003c 8DF80550 		strb	r5, [sp, #5]
 286 0040 230A     		lsrs	r3, r4, #8
 287 0042 8DF80630 		strb	r3, [sp, #6]
 288 0046 8DF80740 		strb	r4, [sp, #7]
  48:Lib/ili9341/ili9341.c ****         ILI9341_WriteData(data, sizeof(data));
 289              		.loc 1 48 9 is_stmt 1 view .LVU43
 290 004a 0421     		movs	r1, #4
 291 004c 0DEB0100 		add	r0, sp, r1
 292 0050 FFF7FEFF 		bl	ILI9341_WriteData
 293              	.LVL22:
 294              	.LBE4:
  49:Lib/ili9341/ili9341.c ****     }
  50:Lib/ili9341/ili9341.c **** 
  51:Lib/ili9341/ili9341.c ****     // write to RAM
  52:Lib/ili9341/ili9341.c ****     ILI9341_WriteCommand(0x2C); // RAMWR
 295              		.loc 1 52 5 view .LVU44
 296 0054 2C20     		movs	r0, #44
 297 0056 FFF7FEFF 		bl	ILI9341_WriteCommand
 298              	.LVL23:
ARM GAS  C:\Users\Alex\AppData\Local\Temp\ccKVEaZK.s 			page 7


  53:Lib/ili9341/ili9341.c **** }
 299              		.loc 1 53 1 is_stmt 0 view .LVU45
 300 005a 03B0     		add	sp, sp, #12
 301              	.LCFI8:
 302              		.cfi_def_cfa_offset 20
 303              		@ sp needed
 304 005c F0BD     		pop	{r4, r5, r6, r7, pc}
 305              		.cfi_endproc
 306              	.LFE135:
 308              		.section	.text.ILI9341_Unselect,"ax",%progbits
 309              		.align	1
 310              		.global	ILI9341_Unselect
 311              		.syntax unified
 312              		.thumb
 313              		.thumb_func
 315              	ILI9341_Unselect:
 316              	.LFB131:
   9:Lib/ili9341/ili9341.c ****     HAL_GPIO_WritePin(ILI9341_CS_GPIO_Port, ILI9341_CS_Pin, GPIO_PIN_SET);
 317              		.loc 1 9 25 is_stmt 1 view -0
 318              		.cfi_startproc
 319              		@ args = 0, pretend = 0, frame = 0
 320              		@ frame_needed = 0, uses_anonymous_args = 0
 321 0000 08B5     		push	{r3, lr}
 322              	.LCFI9:
 323              		.cfi_def_cfa_offset 8
 324              		.cfi_offset 3, -8
 325              		.cfi_offset 14, -4
  10:Lib/ili9341/ili9341.c **** }
 326              		.loc 1 10 5 view .LVU47
 327 0002 0122     		movs	r2, #1
 328 0004 4021     		movs	r1, #64
 329 0006 0248     		ldr	r0, .L23
 330 0008 FFF7FEFF 		bl	HAL_GPIO_WritePin
 331              	.LVL24:
  11:Lib/ili9341/ili9341.c **** 
 332              		.loc 1 11 1 is_stmt 0 view .LVU48
 333 000c 08BD     		pop	{r3, pc}
 334              	.L24:
 335 000e 00BF     		.align	2
 336              	.L23:
 337 0010 00040240 		.word	1073873920
 338              		.cfi_endproc
 339              	.LFE131:
 341              		.section	.rodata.ILI9341_Init.str1.4,"aMS",%progbits,1
 342              		.align	2
 343              	.LC3:
 344 0000 08822700 		.ascii	"\010\202'\000"
 345              		.align	2
 346              	.LC4:
 347 0004 0F312B0C 		.ascii	"\0171+\014\016\010N\3617\007\020\003\016\011\000"
 347      0E084EF1 
 347      37071003 
 347      0E0900
 348              		.section	.text.ILI9341_Init,"ax",%progbits
 349              		.align	1
 350              		.global	ILI9341_Init
 351              		.syntax unified
ARM GAS  C:\Users\Alex\AppData\Local\Temp\ccKVEaZK.s 			page 8


 352              		.thumb
 353              		.thumb_func
 355              	ILI9341_Init:
 356              	.LFB136:
  54:Lib/ili9341/ili9341.c **** 
  55:Lib/ili9341/ili9341.c **** void ILI9341_Init() {
 357              		.loc 1 55 21 is_stmt 1 view -0
 358              		.cfi_startproc
 359              		@ args = 0, pretend = 0, frame = 16
 360              		@ frame_needed = 0, uses_anonymous_args = 0
 361 0000 30B5     		push	{r4, r5, lr}
 362              	.LCFI10:
 363              		.cfi_def_cfa_offset 12
 364              		.cfi_offset 4, -12
 365              		.cfi_offset 5, -8
 366              		.cfi_offset 14, -4
 367 0002 85B0     		sub	sp, sp, #20
 368              	.LCFI11:
 369              		.cfi_def_cfa_offset 32
  56:Lib/ili9341/ili9341.c ****     ILI9341_Select();
 370              		.loc 1 56 5 view .LVU50
 371 0004 FFF7FEFF 		bl	ILI9341_Select
 372              	.LVL25:
  57:Lib/ili9341/ili9341.c ****     ILI9341_Reset();
 373              		.loc 1 57 5 view .LVU51
 374 0008 FFF7FEFF 		bl	ILI9341_Reset
 375              	.LVL26:
  58:Lib/ili9341/ili9341.c **** 
  59:Lib/ili9341/ili9341.c **** 
  60:Lib/ili9341/ili9341.c ****     // command list is based on https://github.com/martnak/STM32-ILI9341
  61:Lib/ili9341/ili9341.c **** 
  62:Lib/ili9341/ili9341.c ****     // SOFTWARE RESET
  63:Lib/ili9341/ili9341.c ****     ILI9341_WriteCommand(0x01);
 376              		.loc 1 63 5 view .LVU52
 377 000c 0120     		movs	r0, #1
 378 000e FFF7FEFF 		bl	ILI9341_WriteCommand
 379              	.LVL27:
  64:Lib/ili9341/ili9341.c ****     HAL_Delay(1000);
 380              		.loc 1 64 5 view .LVU53
 381 0012 4FF47A70 		mov	r0, #1000
 382 0016 FFF7FEFF 		bl	HAL_Delay
 383              	.LVL28:
  65:Lib/ili9341/ili9341.c ****         
  66:Lib/ili9341/ili9341.c ****     // POWER CONTROL A
  67:Lib/ili9341/ili9341.c ****     ILI9341_WriteCommand(0xCB);
 384              		.loc 1 67 5 view .LVU54
 385 001a CB20     		movs	r0, #203
 386 001c FFF7FEFF 		bl	ILI9341_WriteCommand
 387              	.LVL29:
 388              	.LBB5:
  68:Lib/ili9341/ili9341.c ****     {
  69:Lib/ili9341/ili9341.c ****         uint8_t data[] = { 0x39, 0x2C, 0x00, 0x34, 0x02 };
 389              		.loc 1 69 9 view .LVU55
 390              		.loc 1 69 17 is_stmt 0 view .LVU56
 391 0020 714C     		ldr	r4, .L27
 392 0022 94E80300 		ldm	r4, {r0, r1}
 393 0026 0090     		str	r0, [sp]
ARM GAS  C:\Users\Alex\AppData\Local\Temp\ccKVEaZK.s 			page 9


 394 0028 8DF80410 		strb	r1, [sp, #4]
  70:Lib/ili9341/ili9341.c ****         ILI9341_WriteData(data, sizeof(data));
 395              		.loc 1 70 9 is_stmt 1 view .LVU57
 396 002c 0521     		movs	r1, #5
 397 002e 6846     		mov	r0, sp
 398 0030 FFF7FEFF 		bl	ILI9341_WriteData
 399              	.LVL30:
 400              	.LBE5:
  71:Lib/ili9341/ili9341.c ****     }
  72:Lib/ili9341/ili9341.c **** 
  73:Lib/ili9341/ili9341.c ****     // POWER CONTROL B
  74:Lib/ili9341/ili9341.c ****     ILI9341_WriteCommand(0xCF);
 401              		.loc 1 74 5 view .LVU58
 402 0034 CF20     		movs	r0, #207
 403 0036 FFF7FEFF 		bl	ILI9341_WriteCommand
 404              	.LVL31:
 405              	.LBB6:
  75:Lib/ili9341/ili9341.c ****     {
  76:Lib/ili9341/ili9341.c ****         uint8_t data[] = { 0x00, 0xC1, 0x30 };
 406              		.loc 1 76 9 view .LVU59
 407              		.loc 1 76 17 is_stmt 0 view .LVU60
 408 003a A368     		ldr	r3, [r4, #8]
 409 003c ADF80030 		strh	r3, [sp]	@ movhi
 410 0040 1B0C     		lsrs	r3, r3, #16
 411 0042 8DF80230 		strb	r3, [sp, #2]
  77:Lib/ili9341/ili9341.c ****         ILI9341_WriteData(data, sizeof(data));
 412              		.loc 1 77 9 is_stmt 1 view .LVU61
 413 0046 0321     		movs	r1, #3
 414 0048 6846     		mov	r0, sp
 415 004a FFF7FEFF 		bl	ILI9341_WriteData
 416              	.LVL32:
 417              	.LBE6:
  78:Lib/ili9341/ili9341.c ****     }
  79:Lib/ili9341/ili9341.c **** 
  80:Lib/ili9341/ili9341.c ****     // DRIVER TIMING CONTROL A
  81:Lib/ili9341/ili9341.c ****     ILI9341_WriteCommand(0xE8);
 418              		.loc 1 81 5 view .LVU62
 419 004e E820     		movs	r0, #232
 420 0050 FFF7FEFF 		bl	ILI9341_WriteCommand
 421              	.LVL33:
 422              	.LBB7:
  82:Lib/ili9341/ili9341.c ****     {
  83:Lib/ili9341/ili9341.c ****         uint8_t data[] = { 0x85, 0x00, 0x78 };
 423              		.loc 1 83 9 view .LVU63
 424              		.loc 1 83 17 is_stmt 0 view .LVU64
 425 0054 E368     		ldr	r3, [r4, #12]
 426 0056 ADF80030 		strh	r3, [sp]	@ movhi
 427 005a 1B0C     		lsrs	r3, r3, #16
 428 005c 8DF80230 		strb	r3, [sp, #2]
  84:Lib/ili9341/ili9341.c ****         ILI9341_WriteData(data, sizeof(data));
 429              		.loc 1 84 9 is_stmt 1 view .LVU65
 430 0060 0321     		movs	r1, #3
 431 0062 6846     		mov	r0, sp
 432 0064 FFF7FEFF 		bl	ILI9341_WriteData
 433              	.LVL34:
 434              	.LBE7:
  85:Lib/ili9341/ili9341.c ****     }
ARM GAS  C:\Users\Alex\AppData\Local\Temp\ccKVEaZK.s 			page 10


  86:Lib/ili9341/ili9341.c **** 
  87:Lib/ili9341/ili9341.c ****     // DRIVER TIMING CONTROL B
  88:Lib/ili9341/ili9341.c ****     ILI9341_WriteCommand(0xEA);
 435              		.loc 1 88 5 view .LVU66
 436 0068 EA20     		movs	r0, #234
 437 006a FFF7FEFF 		bl	ILI9341_WriteCommand
 438              	.LVL35:
 439              	.LBB8:
  89:Lib/ili9341/ili9341.c ****     {
  90:Lib/ili9341/ili9341.c ****         uint8_t data[] = { 0x00, 0x00 };
 440              		.loc 1 90 9 view .LVU67
 441              		.loc 1 90 17 is_stmt 0 view .LVU68
 442 006e 0025     		movs	r5, #0
 443 0070 ADF80050 		strh	r5, [sp]	@ movhi
  91:Lib/ili9341/ili9341.c ****         ILI9341_WriteData(data, sizeof(data));
 444              		.loc 1 91 9 is_stmt 1 view .LVU69
 445 0074 0221     		movs	r1, #2
 446 0076 6846     		mov	r0, sp
 447 0078 FFF7FEFF 		bl	ILI9341_WriteData
 448              	.LVL36:
 449              	.LBE8:
  92:Lib/ili9341/ili9341.c ****     }
  93:Lib/ili9341/ili9341.c **** 
  94:Lib/ili9341/ili9341.c ****     // POWER ON SEQUENCE CONTROL
  95:Lib/ili9341/ili9341.c ****     ILI9341_WriteCommand(0xED);
 450              		.loc 1 95 5 view .LVU70
 451 007c ED20     		movs	r0, #237
 452 007e FFF7FEFF 		bl	ILI9341_WriteCommand
 453              	.LVL37:
 454              	.LBB9:
  96:Lib/ili9341/ili9341.c ****     {
  97:Lib/ili9341/ili9341.c ****         uint8_t data[] = { 0x64, 0x03, 0x12, 0x81 };
 455              		.loc 1 97 9 view .LVU71
 456              		.loc 1 97 17 is_stmt 0 view .LVU72
 457 0082 5A4B     		ldr	r3, .L27+4
 458 0084 0093     		str	r3, [sp]
  98:Lib/ili9341/ili9341.c ****         ILI9341_WriteData(data, sizeof(data));
 459              		.loc 1 98 9 is_stmt 1 view .LVU73
 460 0086 0421     		movs	r1, #4
 461 0088 6846     		mov	r0, sp
 462 008a FFF7FEFF 		bl	ILI9341_WriteData
 463              	.LVL38:
 464              	.LBE9:
  99:Lib/ili9341/ili9341.c ****     }
 100:Lib/ili9341/ili9341.c **** 
 101:Lib/ili9341/ili9341.c ****     // PUMP RATIO CONTROL
 102:Lib/ili9341/ili9341.c ****     ILI9341_WriteCommand(0xF7);
 465              		.loc 1 102 5 view .LVU74
 466 008e F720     		movs	r0, #247
 467 0090 FFF7FEFF 		bl	ILI9341_WriteCommand
 468              	.LVL39:
 469              	.LBB10:
 103:Lib/ili9341/ili9341.c ****     {
 104:Lib/ili9341/ili9341.c ****         uint8_t data[] = { 0x20 };
 470              		.loc 1 104 9 view .LVU75
 471              		.loc 1 104 17 is_stmt 0 view .LVU76
 472 0094 2023     		movs	r3, #32
ARM GAS  C:\Users\Alex\AppData\Local\Temp\ccKVEaZK.s 			page 11


 473 0096 8DF80030 		strb	r3, [sp]
 105:Lib/ili9341/ili9341.c ****         ILI9341_WriteData(data, sizeof(data));
 474              		.loc 1 105 9 is_stmt 1 view .LVU77
 475 009a 0121     		movs	r1, #1
 476 009c 6846     		mov	r0, sp
 477 009e FFF7FEFF 		bl	ILI9341_WriteData
 478              	.LVL40:
 479              	.LBE10:
 106:Lib/ili9341/ili9341.c ****     }
 107:Lib/ili9341/ili9341.c **** 
 108:Lib/ili9341/ili9341.c ****     // POWER CONTROL,VRH[5:0]
 109:Lib/ili9341/ili9341.c ****     ILI9341_WriteCommand(0xC0);
 480              		.loc 1 109 5 view .LVU78
 481 00a2 C020     		movs	r0, #192
 482 00a4 FFF7FEFF 		bl	ILI9341_WriteCommand
 483              	.LVL41:
 484              	.LBB11:
 110:Lib/ili9341/ili9341.c ****     {
 111:Lib/ili9341/ili9341.c ****         uint8_t data[] = { 0x23 };
 485              		.loc 1 111 9 view .LVU79
 486              		.loc 1 111 17 is_stmt 0 view .LVU80
 487 00a8 2323     		movs	r3, #35
 488 00aa 8DF80030 		strb	r3, [sp]
 112:Lib/ili9341/ili9341.c ****         ILI9341_WriteData(data, sizeof(data));
 489              		.loc 1 112 9 is_stmt 1 view .LVU81
 490 00ae 0121     		movs	r1, #1
 491 00b0 6846     		mov	r0, sp
 492 00b2 FFF7FEFF 		bl	ILI9341_WriteData
 493              	.LVL42:
 494              	.LBE11:
 113:Lib/ili9341/ili9341.c ****     }
 114:Lib/ili9341/ili9341.c **** 
 115:Lib/ili9341/ili9341.c ****     // POWER CONTROL,SAP[2:0];BT[3:0]
 116:Lib/ili9341/ili9341.c ****     ILI9341_WriteCommand(0xC1);
 495              		.loc 1 116 5 view .LVU82
 496 00b6 C120     		movs	r0, #193
 497 00b8 FFF7FEFF 		bl	ILI9341_WriteCommand
 498              	.LVL43:
 499              	.LBB12:
 117:Lib/ili9341/ili9341.c ****     {
 118:Lib/ili9341/ili9341.c ****         uint8_t data[] = { 0x10 };
 500              		.loc 1 118 9 view .LVU83
 501              		.loc 1 118 17 is_stmt 0 view .LVU84
 502 00bc 1023     		movs	r3, #16
 503 00be 8DF80030 		strb	r3, [sp]
 119:Lib/ili9341/ili9341.c ****         ILI9341_WriteData(data, sizeof(data));
 504              		.loc 1 119 9 is_stmt 1 view .LVU85
 505 00c2 0121     		movs	r1, #1
 506 00c4 6846     		mov	r0, sp
 507 00c6 FFF7FEFF 		bl	ILI9341_WriteData
 508              	.LVL44:
 509              	.LBE12:
 120:Lib/ili9341/ili9341.c ****     }
 121:Lib/ili9341/ili9341.c **** 
 122:Lib/ili9341/ili9341.c ****     // VCM CONTROL
 123:Lib/ili9341/ili9341.c ****     ILI9341_WriteCommand(0xC5);
 510              		.loc 1 123 5 view .LVU86
ARM GAS  C:\Users\Alex\AppData\Local\Temp\ccKVEaZK.s 			page 12


 511 00ca C520     		movs	r0, #197
 512 00cc FFF7FEFF 		bl	ILI9341_WriteCommand
 513              	.LVL45:
 514              	.LBB13:
 124:Lib/ili9341/ili9341.c ****     {
 125:Lib/ili9341/ili9341.c ****         uint8_t data[] = { 0x3E, 0x28 };
 515              		.loc 1 125 9 view .LVU87
 516              		.loc 1 125 17 is_stmt 0 view .LVU88
 517 00d0 42F63E03 		movw	r3, #10302
 518 00d4 ADF80030 		strh	r3, [sp]	@ movhi
 126:Lib/ili9341/ili9341.c ****         ILI9341_WriteData(data, sizeof(data));
 519              		.loc 1 126 9 is_stmt 1 view .LVU89
 520 00d8 0221     		movs	r1, #2
 521 00da 6846     		mov	r0, sp
 522 00dc FFF7FEFF 		bl	ILI9341_WriteData
 523              	.LVL46:
 524              	.LBE13:
 127:Lib/ili9341/ili9341.c ****     }
 128:Lib/ili9341/ili9341.c **** 
 129:Lib/ili9341/ili9341.c ****     // VCM CONTROL 2
 130:Lib/ili9341/ili9341.c ****     ILI9341_WriteCommand(0xC7);
 525              		.loc 1 130 5 view .LVU90
 526 00e0 C720     		movs	r0, #199
 527 00e2 FFF7FEFF 		bl	ILI9341_WriteCommand
 528              	.LVL47:
 529              	.LBB14:
 131:Lib/ili9341/ili9341.c ****     {
 132:Lib/ili9341/ili9341.c ****         uint8_t data[] = { 0x86 };
 530              		.loc 1 132 9 view .LVU91
 531              		.loc 1 132 17 is_stmt 0 view .LVU92
 532 00e6 8623     		movs	r3, #134
 533 00e8 8DF80030 		strb	r3, [sp]
 133:Lib/ili9341/ili9341.c ****         ILI9341_WriteData(data, sizeof(data));
 534              		.loc 1 133 9 is_stmt 1 view .LVU93
 535 00ec 0121     		movs	r1, #1
 536 00ee 6846     		mov	r0, sp
 537 00f0 FFF7FEFF 		bl	ILI9341_WriteData
 538              	.LVL48:
 539              	.LBE14:
 134:Lib/ili9341/ili9341.c ****     }
 135:Lib/ili9341/ili9341.c **** 
 136:Lib/ili9341/ili9341.c ****     // MEMORY ACCESS CONTROL
 137:Lib/ili9341/ili9341.c ****     ILI9341_WriteCommand(0x36);
 540              		.loc 1 137 5 view .LVU94
 541 00f4 3620     		movs	r0, #54
 542 00f6 FFF7FEFF 		bl	ILI9341_WriteCommand
 543              	.LVL49:
 544              	.LBB15:
 138:Lib/ili9341/ili9341.c ****     {
 139:Lib/ili9341/ili9341.c ****         uint8_t data[] = { 0x48 };
 545              		.loc 1 139 9 view .LVU95
 546              		.loc 1 139 17 is_stmt 0 view .LVU96
 547 00fa 4823     		movs	r3, #72
 548 00fc 8DF80030 		strb	r3, [sp]
 140:Lib/ili9341/ili9341.c ****         ILI9341_WriteData(data, sizeof(data));
 549              		.loc 1 140 9 is_stmt 1 view .LVU97
 550 0100 0121     		movs	r1, #1
ARM GAS  C:\Users\Alex\AppData\Local\Temp\ccKVEaZK.s 			page 13


 551 0102 6846     		mov	r0, sp
 552 0104 FFF7FEFF 		bl	ILI9341_WriteData
 553              	.LVL50:
 554              	.LBE15:
 141:Lib/ili9341/ili9341.c ****     }
 142:Lib/ili9341/ili9341.c **** 
 143:Lib/ili9341/ili9341.c ****     // PIXEL FORMAT
 144:Lib/ili9341/ili9341.c ****     ILI9341_WriteCommand(0x3A);
 555              		.loc 1 144 5 view .LVU98
 556 0108 3A20     		movs	r0, #58
 557 010a FFF7FEFF 		bl	ILI9341_WriteCommand
 558              	.LVL51:
 559              	.LBB16:
 145:Lib/ili9341/ili9341.c ****     {
 146:Lib/ili9341/ili9341.c ****         uint8_t data[] = { 0x55 };
 560              		.loc 1 146 9 view .LVU99
 561              		.loc 1 146 17 is_stmt 0 view .LVU100
 562 010e 5523     		movs	r3, #85
 563 0110 8DF80030 		strb	r3, [sp]
 147:Lib/ili9341/ili9341.c ****         ILI9341_WriteData(data, sizeof(data));
 564              		.loc 1 147 9 is_stmt 1 view .LVU101
 565 0114 0121     		movs	r1, #1
 566 0116 6846     		mov	r0, sp
 567 0118 FFF7FEFF 		bl	ILI9341_WriteData
 568              	.LVL52:
 569              	.LBE16:
 148:Lib/ili9341/ili9341.c ****     }
 149:Lib/ili9341/ili9341.c **** 
 150:Lib/ili9341/ili9341.c ****     // FRAME RATIO CONTROL, STANDARD RGB COLOR
 151:Lib/ili9341/ili9341.c ****     ILI9341_WriteCommand(0xB1);
 570              		.loc 1 151 5 view .LVU102
 571 011c B120     		movs	r0, #177
 572 011e FFF7FEFF 		bl	ILI9341_WriteCommand
 573              	.LVL53:
 574              	.LBB17:
 152:Lib/ili9341/ili9341.c ****     {
 153:Lib/ili9341/ili9341.c ****         uint8_t data[] = { 0x00, 0x18 };
 575              		.loc 1 153 9 view .LVU103
 576              		.loc 1 153 17 is_stmt 0 view .LVU104
 577 0122 4FF4C053 		mov	r3, #6144
 578 0126 ADF80030 		strh	r3, [sp]	@ movhi
 154:Lib/ili9341/ili9341.c ****         ILI9341_WriteData(data, sizeof(data));
 579              		.loc 1 154 9 is_stmt 1 view .LVU105
 580 012a 0221     		movs	r1, #2
 581 012c 6846     		mov	r0, sp
 582 012e FFF7FEFF 		bl	ILI9341_WriteData
 583              	.LVL54:
 584              	.LBE17:
 155:Lib/ili9341/ili9341.c ****     }
 156:Lib/ili9341/ili9341.c **** 
 157:Lib/ili9341/ili9341.c ****     // DISPLAY FUNCTION CONTROL
 158:Lib/ili9341/ili9341.c ****     ILI9341_WriteCommand(0xB6);
 585              		.loc 1 158 5 view .LVU106
 586 0132 B620     		movs	r0, #182
 587 0134 FFF7FEFF 		bl	ILI9341_WriteCommand
 588              	.LVL55:
 589              	.LBB18:
ARM GAS  C:\Users\Alex\AppData\Local\Temp\ccKVEaZK.s 			page 14


 159:Lib/ili9341/ili9341.c ****     {
 160:Lib/ili9341/ili9341.c ****         uint8_t data[] = { 0x08, 0x82, 0x27 };
 590              		.loc 1 160 9 view .LVU107
 591              		.loc 1 160 17 is_stmt 0 view .LVU108
 592 0138 2D4B     		ldr	r3, .L27+8
 593 013a 1B68     		ldr	r3, [r3]
 594 013c ADF80030 		strh	r3, [sp]	@ movhi
 595 0140 1B0C     		lsrs	r3, r3, #16
 596 0142 8DF80230 		strb	r3, [sp, #2]
 161:Lib/ili9341/ili9341.c ****         ILI9341_WriteData(data, sizeof(data));
 597              		.loc 1 161 9 is_stmt 1 view .LVU109
 598 0146 0321     		movs	r1, #3
 599 0148 6846     		mov	r0, sp
 600 014a FFF7FEFF 		bl	ILI9341_WriteData
 601              	.LVL56:
 602              	.LBE18:
 162:Lib/ili9341/ili9341.c ****     }
 163:Lib/ili9341/ili9341.c **** 
 164:Lib/ili9341/ili9341.c ****     // 3GAMMA FUNCTION DISABLE
 165:Lib/ili9341/ili9341.c ****     ILI9341_WriteCommand(0xF2);
 603              		.loc 1 165 5 view .LVU110
 604 014e F220     		movs	r0, #242
 605 0150 FFF7FEFF 		bl	ILI9341_WriteCommand
 606              	.LVL57:
 607              	.LBB19:
 166:Lib/ili9341/ili9341.c ****     {
 167:Lib/ili9341/ili9341.c ****         uint8_t data[] = { 0x00 };
 608              		.loc 1 167 9 view .LVU111
 609              		.loc 1 167 17 is_stmt 0 view .LVU112
 610 0154 8DF80050 		strb	r5, [sp]
 168:Lib/ili9341/ili9341.c ****         ILI9341_WriteData(data, sizeof(data));
 611              		.loc 1 168 9 is_stmt 1 view .LVU113
 612 0158 0121     		movs	r1, #1
 613 015a 6846     		mov	r0, sp
 614 015c FFF7FEFF 		bl	ILI9341_WriteData
 615              	.LVL58:
 616              	.LBE19:
 169:Lib/ili9341/ili9341.c ****     }
 170:Lib/ili9341/ili9341.c **** 
 171:Lib/ili9341/ili9341.c ****     // GAMMA CURVE SELECTED
 172:Lib/ili9341/ili9341.c ****     ILI9341_WriteCommand(0x26);
 617              		.loc 1 172 5 view .LVU114
 618 0160 2620     		movs	r0, #38
 619 0162 FFF7FEFF 		bl	ILI9341_WriteCommand
 620              	.LVL59:
 621              	.LBB20:
 173:Lib/ili9341/ili9341.c ****     {
 174:Lib/ili9341/ili9341.c ****         uint8_t data[] = { 0x01 };
 622              		.loc 1 174 9 view .LVU115
 623              		.loc 1 174 17 is_stmt 0 view .LVU116
 624 0166 0125     		movs	r5, #1
 625 0168 8DF80050 		strb	r5, [sp]
 175:Lib/ili9341/ili9341.c ****         ILI9341_WriteData(data, sizeof(data));
 626              		.loc 1 175 9 is_stmt 1 view .LVU117
 627 016c 2946     		mov	r1, r5
 628 016e 6846     		mov	r0, sp
 629 0170 FFF7FEFF 		bl	ILI9341_WriteData
ARM GAS  C:\Users\Alex\AppData\Local\Temp\ccKVEaZK.s 			page 15


 630              	.LVL60:
 631              	.LBE20:
 176:Lib/ili9341/ili9341.c ****     }
 177:Lib/ili9341/ili9341.c **** 
 178:Lib/ili9341/ili9341.c ****     // POSITIVE GAMMA CORRECTION
 179:Lib/ili9341/ili9341.c ****     ILI9341_WriteCommand(0xE0);
 632              		.loc 1 179 5 view .LVU118
 633 0174 E020     		movs	r0, #224
 634 0176 FFF7FEFF 		bl	ILI9341_WriteCommand
 635              	.LVL61:
 636              	.LBB21:
 180:Lib/ili9341/ili9341.c ****     {
 181:Lib/ili9341/ili9341.c ****         uint8_t data[] = { 0x0F, 0x31, 0x2B, 0x0C, 0x0E, 0x08, 0x4E, 0xF1,
 637              		.loc 1 181 9 view .LVU119
 638              		.loc 1 181 17 is_stmt 0 view .LVU120
 639 017a 1E4B     		ldr	r3, .L27+12
 640 017c EC46     		mov	ip, sp
 641 017e 0FCB     		ldm	r3, {r0, r1, r2, r3}
 642 0180 ACE80700 		stmia	ip!, {r0, r1, r2}
 643 0184 2CF8023B 		strh	r3, [ip], #2	@ movhi
 644 0188 1B0C     		lsrs	r3, r3, #16
 645 018a 8CF80030 		strb	r3, [ip]
 182:Lib/ili9341/ili9341.c ****                            0x37, 0x07, 0x10, 0x03, 0x0E, 0x09, 0x00 };
 183:Lib/ili9341/ili9341.c ****         ILI9341_WriteData(data, sizeof(data));
 646              		.loc 1 183 9 is_stmt 1 view .LVU121
 647 018e 0F21     		movs	r1, #15
 648 0190 6846     		mov	r0, sp
 649 0192 FFF7FEFF 		bl	ILI9341_WriteData
 650              	.LVL62:
 651              	.LBE21:
 184:Lib/ili9341/ili9341.c ****     }
 185:Lib/ili9341/ili9341.c **** 
 186:Lib/ili9341/ili9341.c ****     // NEGATIVE GAMMA CORRECTION
 187:Lib/ili9341/ili9341.c ****     ILI9341_WriteCommand(0xE1);
 652              		.loc 1 187 5 view .LVU122
 653 0196 E120     		movs	r0, #225
 654 0198 FFF7FEFF 		bl	ILI9341_WriteCommand
 655              	.LVL63:
 656              	.LBB22:
 188:Lib/ili9341/ili9341.c ****     {
 189:Lib/ili9341/ili9341.c ****         uint8_t data[] = { 0x00, 0x0E, 0x14, 0x03, 0x11, 0x07, 0x31, 0xC1,
 657              		.loc 1 189 9 view .LVU123
 658              		.loc 1 189 17 is_stmt 0 view .LVU124
 659 019c EC46     		mov	ip, sp
 660 019e 1034     		adds	r4, r4, #16
 661 01a0 94E80F00 		ldm	r4, {r0, r1, r2, r3}
 662 01a4 ACE80700 		stmia	ip!, {r0, r1, r2}
 663 01a8 2CF8023B 		strh	r3, [ip], #2	@ movhi
 664 01ac 1B0C     		lsrs	r3, r3, #16
 665 01ae 8CF80030 		strb	r3, [ip]
 190:Lib/ili9341/ili9341.c ****                            0x48, 0x08, 0x0F, 0x0C, 0x31, 0x36, 0x0F };
 191:Lib/ili9341/ili9341.c ****         ILI9341_WriteData(data, sizeof(data));
 666              		.loc 1 191 9 is_stmt 1 view .LVU125
 667 01b2 0F21     		movs	r1, #15
 668 01b4 6846     		mov	r0, sp
 669 01b6 FFF7FEFF 		bl	ILI9341_WriteData
 670              	.LVL64:
ARM GAS  C:\Users\Alex\AppData\Local\Temp\ccKVEaZK.s 			page 16


 671              	.LBE22:
 192:Lib/ili9341/ili9341.c ****     }
 193:Lib/ili9341/ili9341.c **** 
 194:Lib/ili9341/ili9341.c ****     // EXIT SLEEP
 195:Lib/ili9341/ili9341.c ****     ILI9341_WriteCommand(0x11);
 672              		.loc 1 195 5 view .LVU126
 673 01ba 1120     		movs	r0, #17
 674 01bc FFF7FEFF 		bl	ILI9341_WriteCommand
 675              	.LVL65:
 196:Lib/ili9341/ili9341.c ****     HAL_Delay(120);
 676              		.loc 1 196 5 view .LVU127
 677 01c0 7820     		movs	r0, #120
 678 01c2 FFF7FEFF 		bl	HAL_Delay
 679              	.LVL66:
 197:Lib/ili9341/ili9341.c **** 
 198:Lib/ili9341/ili9341.c ****     // TURN ON DISPLAY
 199:Lib/ili9341/ili9341.c ****     ILI9341_WriteCommand(0x29);
 680              		.loc 1 199 5 view .LVU128
 681 01c6 2920     		movs	r0, #41
 682 01c8 FFF7FEFF 		bl	ILI9341_WriteCommand
 683              	.LVL67:
 200:Lib/ili9341/ili9341.c **** 
 201:Lib/ili9341/ili9341.c ****     // MADCTL
 202:Lib/ili9341/ili9341.c ****     ILI9341_WriteCommand(0x36);
 684              		.loc 1 202 5 view .LVU129
 685 01cc 3620     		movs	r0, #54
 686 01ce FFF7FEFF 		bl	ILI9341_WriteCommand
 687              	.LVL68:
 688              	.LBB23:
 203:Lib/ili9341/ili9341.c ****     {
 204:Lib/ili9341/ili9341.c ****         uint8_t data[] = { ILI9341_ROTATION };
 689              		.loc 1 204 9 view .LVU130
 690              		.loc 1 204 17 is_stmt 0 view .LVU131
 691 01d2 E823     		movs	r3, #232
 692 01d4 8DF80030 		strb	r3, [sp]
 205:Lib/ili9341/ili9341.c ****         ILI9341_WriteData(data, sizeof(data));
 693              		.loc 1 205 9 is_stmt 1 view .LVU132
 694 01d8 2946     		mov	r1, r5
 695 01da 6846     		mov	r0, sp
 696 01dc FFF7FEFF 		bl	ILI9341_WriteData
 697              	.LVL69:
 698              	.LBE23:
 206:Lib/ili9341/ili9341.c ****     }
 207:Lib/ili9341/ili9341.c **** 
 208:Lib/ili9341/ili9341.c ****     ILI9341_Unselect();
 699              		.loc 1 208 5 view .LVU133
 700 01e0 FFF7FEFF 		bl	ILI9341_Unselect
 701              	.LVL70:
 209:Lib/ili9341/ili9341.c **** }
 702              		.loc 1 209 1 is_stmt 0 view .LVU134
 703 01e4 05B0     		add	sp, sp, #20
 704              	.LCFI12:
 705              		.cfi_def_cfa_offset 12
 706              		@ sp needed
 707 01e6 30BD     		pop	{r4, r5, pc}
 708              	.L28:
 709              		.align	2
ARM GAS  C:\Users\Alex\AppData\Local\Temp\ccKVEaZK.s 			page 17


 710              	.L27:
 711 01e8 00000000 		.word	.LANCHOR0
 712 01ec 64031281 		.word	-2129525916
 713 01f0 00000000 		.word	.LC3
 714 01f4 04000000 		.word	.LC4
 715              		.cfi_endproc
 716              	.LFE136:
 718              		.section	.text.ILI9341_DrawPixel,"ax",%progbits
 719              		.align	1
 720              		.global	ILI9341_DrawPixel
 721              		.syntax unified
 722              		.thumb
 723              		.thumb_func
 725              	ILI9341_DrawPixel:
 726              	.LVL71:
 727              	.LFB137:
 210:Lib/ili9341/ili9341.c **** 
 211:Lib/ili9341/ili9341.c **** void ILI9341_DrawPixel(uint16_t x, uint16_t y, uint16_t color) {
 728              		.loc 1 211 64 is_stmt 1 view -0
 729              		.cfi_startproc
 730              		@ args = 0, pretend = 0, frame = 8
 731              		@ frame_needed = 0, uses_anonymous_args = 0
 212:Lib/ili9341/ili9341.c ****     if((x >= ILI9341_WIDTH) || (y >= ILI9341_HEIGHT))
 732              		.loc 1 212 5 view .LVU136
 733              		.loc 1 212 7 is_stmt 0 view .LVU137
 734 0000 B0F5A07F 		cmp	r0, #320
 735 0004 1ED2     		bcs	.L34
 211:Lib/ili9341/ili9341.c ****     if((x >= ILI9341_WIDTH) || (y >= ILI9341_HEIGHT))
 736              		.loc 1 211 64 discriminator 1 view .LVU138
 737 0006 70B5     		push	{r4, r5, r6, lr}
 738              	.LCFI13:
 739              		.cfi_def_cfa_offset 16
 740              		.cfi_offset 4, -16
 741              		.cfi_offset 5, -12
 742              		.cfi_offset 6, -8
 743              		.cfi_offset 14, -4
 744 0008 82B0     		sub	sp, sp, #8
 745              	.LCFI14:
 746              		.cfi_def_cfa_offset 24
 747 000a 0446     		mov	r4, r0
 748 000c 0D46     		mov	r5, r1
 749 000e 1646     		mov	r6, r2
 750              		.loc 1 212 29 discriminator 1 view .LVU139
 751 0010 EF29     		cmp	r1, #239
 752 0012 01D9     		bls	.L37
 753              	.LVL72:
 754              	.L29:
 213:Lib/ili9341/ili9341.c ****         return;
 214:Lib/ili9341/ili9341.c **** 
 215:Lib/ili9341/ili9341.c ****     ILI9341_Select();
 216:Lib/ili9341/ili9341.c **** 
 217:Lib/ili9341/ili9341.c ****     ILI9341_SetAddressWindow(x, y, x+1, y+1);
 218:Lib/ili9341/ili9341.c ****     uint8_t data[] = { color >> 8, color & 0xFF };
 219:Lib/ili9341/ili9341.c ****     ILI9341_WriteData(data, sizeof(data));
 220:Lib/ili9341/ili9341.c **** 
 221:Lib/ili9341/ili9341.c ****     ILI9341_Unselect();
 222:Lib/ili9341/ili9341.c **** }
ARM GAS  C:\Users\Alex\AppData\Local\Temp\ccKVEaZK.s 			page 18


 755              		.loc 1 222 1 view .LVU140
 756 0014 02B0     		add	sp, sp, #8
 757              	.LCFI15:
 758              		.cfi_remember_state
 759              		.cfi_def_cfa_offset 16
 760              		@ sp needed
 761 0016 70BD     		pop	{r4, r5, r6, pc}
 762              	.LVL73:
 763              	.L37:
 764              	.LCFI16:
 765              		.cfi_restore_state
 215:Lib/ili9341/ili9341.c **** 
 766              		.loc 1 215 5 is_stmt 1 view .LVU141
 767 0018 FFF7FEFF 		bl	ILI9341_Select
 768              	.LVL74:
 217:Lib/ili9341/ili9341.c ****     uint8_t data[] = { color >> 8, color & 0xFF };
 769              		.loc 1 217 5 view .LVU142
 770 001c 6B1C     		adds	r3, r5, #1
 771 001e 621C     		adds	r2, r4, #1
 772 0020 9BB2     		uxth	r3, r3
 773 0022 92B2     		uxth	r2, r2
 774 0024 2946     		mov	r1, r5
 775 0026 2046     		mov	r0, r4
 776 0028 FFF7FEFF 		bl	ILI9341_SetAddressWindow
 777              	.LVL75:
 218:Lib/ili9341/ili9341.c ****     ILI9341_WriteData(data, sizeof(data));
 778              		.loc 1 218 5 view .LVU143
 218:Lib/ili9341/ili9341.c ****     ILI9341_WriteData(data, sizeof(data));
 779              		.loc 1 218 13 is_stmt 0 view .LVU144
 780 002c 330A     		lsrs	r3, r6, #8
 781 002e 8DF80430 		strb	r3, [sp, #4]
 782 0032 8DF80560 		strb	r6, [sp, #5]
 219:Lib/ili9341/ili9341.c **** 
 783              		.loc 1 219 5 is_stmt 1 view .LVU145
 784 0036 0221     		movs	r1, #2
 785 0038 01A8     		add	r0, sp, #4
 786 003a FFF7FEFF 		bl	ILI9341_WriteData
 787              	.LVL76:
 221:Lib/ili9341/ili9341.c **** }
 788              		.loc 1 221 5 view .LVU146
 789 003e FFF7FEFF 		bl	ILI9341_Unselect
 790              	.LVL77:
 791 0042 E7E7     		b	.L29
 792              	.LVL78:
 793              	.L34:
 794              	.LCFI17:
 795              		.cfi_def_cfa_offset 0
 796              		.cfi_restore 4
 797              		.cfi_restore 5
 798              		.cfi_restore 6
 799              		.cfi_restore 14
 221:Lib/ili9341/ili9341.c **** }
 800              		.loc 1 221 5 is_stmt 0 view .LVU147
 801 0044 7047     		bx	lr
 802              		.cfi_endproc
 803              	.LFE137:
 805              		.section	.text.ILI9341_WriteChar,"ax",%progbits
ARM GAS  C:\Users\Alex\AppData\Local\Temp\ccKVEaZK.s 			page 19


 806              		.align	1
 807              		.global	ILI9341_WriteChar
 808              		.syntax unified
 809              		.thumb
 810              		.thumb_func
 812              	ILI9341_WriteChar:
 813              	.LVL79:
 814              	.LFB138:
 223:Lib/ili9341/ili9341.c **** 
 224:Lib/ili9341/ili9341.c **** void ILI9341_WriteChar(uint16_t x, uint16_t y, char ch, FontDef font, uint16_t color, uint16_t bgco
 815              		.loc 1 224 105 is_stmt 1 view -0
 816              		.cfi_startproc
 817              		@ args = 20, pretend = 8, frame = 8
 818              		@ frame_needed = 0, uses_anonymous_args = 0
 819              		.loc 1 224 105 is_stmt 0 view .LVU149
 820 0000 82B0     		sub	sp, sp, #8
 821              	.LCFI18:
 822              		.cfi_def_cfa_offset 8
 823 0002 2DE9F04F 		push	{r4, r5, r6, r7, r8, r9, r10, fp, lr}
 824              	.LCFI19:
 825              		.cfi_def_cfa_offset 44
 826              		.cfi_offset 4, -44
 827              		.cfi_offset 5, -40
 828              		.cfi_offset 6, -36
 829              		.cfi_offset 7, -32
 830              		.cfi_offset 8, -28
 831              		.cfi_offset 9, -24
 832              		.cfi_offset 10, -20
 833              		.cfi_offset 11, -16
 834              		.cfi_offset 14, -12
 835 0006 83B0     		sub	sp, sp, #12
 836              	.LCFI20:
 837              		.cfi_def_cfa_offset 56
 838 0008 9346     		mov	fp, r2
 839 000a 0D93     		str	r3, [sp, #52]
 840 000c BDF83C80 		ldrh	r8, [sp, #60]
 841 0010 BDF84070 		ldrh	r7, [sp, #64]
 225:Lib/ili9341/ili9341.c ****     uint32_t i, b, j;
 842              		.loc 1 225 5 is_stmt 1 view .LVU150
 226:Lib/ili9341/ili9341.c **** 
 227:Lib/ili9341/ili9341.c ****     ILI9341_SetAddressWindow(x, y, x+font.width-1, y+font.height-1);
 843              		.loc 1 227 5 view .LVU151
 844              		.loc 1 227 42 is_stmt 0 view .LVU152
 845 0014 9DF83450 		ldrb	r5, [sp, #52]	@ zero_extendqisi2
 846              		.loc 1 227 37 view .LVU153
 847 0018 2A18     		adds	r2, r5, r0
 848              	.LVL80:
 849              		.loc 1 227 37 view .LVU154
 850 001a 92B2     		uxth	r2, r2
 851              		.loc 1 227 58 view .LVU155
 852 001c 9DF835A0 		ldrb	r10, [sp, #53]	@ zero_extendqisi2
 853              		.loc 1 227 53 view .LVU156
 854 0020 0AEB0103 		add	r3, r10, r1
 855 0024 9BB2     		uxth	r3, r3
 856              		.loc 1 227 5 view .LVU157
 857 0026 013B     		subs	r3, r3, #1
 858 0028 013A     		subs	r2, r2, #1
ARM GAS  C:\Users\Alex\AppData\Local\Temp\ccKVEaZK.s 			page 20


 859 002a 9BB2     		uxth	r3, r3
 860 002c 92B2     		uxth	r2, r2
 861 002e FFF7FEFF 		bl	ILI9341_SetAddressWindow
 862              	.LVL81:
 228:Lib/ili9341/ili9341.c **** 
 229:Lib/ili9341/ili9341.c ****     for(i = 0; i < font.height; i++) {
 863              		.loc 1 229 5 is_stmt 1 view .LVU158
 864              		.loc 1 229 11 is_stmt 0 view .LVU159
 865 0032 4FF00009 		mov	r9, #0
 866              		.loc 1 229 5 view .LVU160
 867 0036 1DE0     		b	.L39
 868              	.LVL82:
 869              	.L41:
 870              	.LBB24:
 230:Lib/ili9341/ili9341.c ****         b = font.data[(ch - 32) * font.height + i];
 231:Lib/ili9341/ili9341.c ****         for(j = 0; j < font.width; j++) {
 232:Lib/ili9341/ili9341.c ****             if((b << j) & 0x8000)  {
 233:Lib/ili9341/ili9341.c ****                 uint8_t data[] = { color >> 8, color & 0xFF };
 234:Lib/ili9341/ili9341.c ****                 ILI9341_WriteData(data, sizeof(data));
 235:Lib/ili9341/ili9341.c ****             } else {
 236:Lib/ili9341/ili9341.c ****                 uint8_t data[] = { bgcolor >> 8, bgcolor & 0xFF };
 871              		.loc 1 236 17 is_stmt 1 view .LVU161
 872              		.loc 1 236 25 is_stmt 0 view .LVU162
 873 0038 3B0A     		lsrs	r3, r7, #8
 874 003a 8DF80430 		strb	r3, [sp, #4]
 875 003e 8DF80570 		strb	r7, [sp, #5]
 237:Lib/ili9341/ili9341.c ****                 ILI9341_WriteData(data, sizeof(data));
 876              		.loc 1 237 17 is_stmt 1 view .LVU163
 877 0042 0221     		movs	r1, #2
 878 0044 01A8     		add	r0, sp, #4
 879 0046 FFF7FEFF 		bl	ILI9341_WriteData
 880              	.LVL83:
 881              	.L42:
 882              		.loc 1 237 17 is_stmt 0 view .LVU164
 883              	.LBE24:
 231:Lib/ili9341/ili9341.c ****             if((b << j) & 0x8000)  {
 884              		.loc 1 231 37 is_stmt 1 discriminator 2 view .LVU165
 885 004a 0134     		adds	r4, r4, #1
 886              	.LVL84:
 887              	.L40:
 231:Lib/ili9341/ili9341.c ****             if((b << j) & 0x8000)  {
 888              		.loc 1 231 22 discriminator 1 view .LVU166
 889 004c A542     		cmp	r5, r4
 890 004e 0FD9     		bls	.L46
 232:Lib/ili9341/ili9341.c ****                 uint8_t data[] = { color >> 8, color & 0xFF };
 891              		.loc 1 232 13 view .LVU167
 232:Lib/ili9341/ili9341.c ****                 uint8_t data[] = { color >> 8, color & 0xFF };
 892              		.loc 1 232 19 is_stmt 0 view .LVU168
 893 0050 06FA04F3 		lsl	r3, r6, r4
 232:Lib/ili9341/ili9341.c ****                 uint8_t data[] = { color >> 8, color & 0xFF };
 894              		.loc 1 232 15 view .LVU169
 895 0054 13F4004F 		tst	r3, #32768
 896 0058 EED0     		beq	.L41
 897              	.LBB25:
 233:Lib/ili9341/ili9341.c ****                 ILI9341_WriteData(data, sizeof(data));
 898              		.loc 1 233 17 is_stmt 1 view .LVU170
 233:Lib/ili9341/ili9341.c ****                 ILI9341_WriteData(data, sizeof(data));
ARM GAS  C:\Users\Alex\AppData\Local\Temp\ccKVEaZK.s 			page 21


 899              		.loc 1 233 25 is_stmt 0 view .LVU171
 900 005a 4FEA1823 		lsr	r3, r8, #8
 901 005e 8DF80430 		strb	r3, [sp, #4]
 902 0062 8DF80580 		strb	r8, [sp, #5]
 234:Lib/ili9341/ili9341.c ****             } else {
 903              		.loc 1 234 17 is_stmt 1 view .LVU172
 904 0066 0221     		movs	r1, #2
 905 0068 01A8     		add	r0, sp, #4
 906 006a FFF7FEFF 		bl	ILI9341_WriteData
 907              	.LVL85:
 908              	.LBE25:
 909 006e ECE7     		b	.L42
 910              	.L46:
 229:Lib/ili9341/ili9341.c ****         b = font.data[(ch - 32) * font.height + i];
 911              		.loc 1 229 34 discriminator 2 view .LVU173
 912 0070 09F10109 		add	r9, r9, #1
 913              	.LVL86:
 914              	.L39:
 229:Lib/ili9341/ili9341.c ****         b = font.data[(ch - 32) * font.height + i];
 915              		.loc 1 229 18 discriminator 1 view .LVU174
 916 0074 CA45     		cmp	r10, r9
 917 0076 08D9     		bls	.L47
 230:Lib/ili9341/ili9341.c ****         for(j = 0; j < font.width; j++) {
 918              		.loc 1 230 9 view .LVU175
 230:Lib/ili9341/ili9341.c ****         for(j = 0; j < font.width; j++) {
 919              		.loc 1 230 27 is_stmt 0 view .LVU176
 920 0078 ABF12003 		sub	r3, fp, #32
 230:Lib/ili9341/ili9341.c ****         for(j = 0; j < font.width; j++) {
 921              		.loc 1 230 47 view .LVU177
 922 007c 0AFB0393 		mla	r3, r10, r3, r9
 230:Lib/ili9341/ili9341.c ****         for(j = 0; j < font.width; j++) {
 923              		.loc 1 230 22 view .LVU178
 924 0080 0E9A     		ldr	r2, [sp, #56]
 925 0082 32F81360 		ldrh	r6, [r2, r3, lsl #1]
 926              	.LVL87:
 231:Lib/ili9341/ili9341.c ****             if((b << j) & 0x8000)  {
 927              		.loc 1 231 9 is_stmt 1 view .LVU179
 231:Lib/ili9341/ili9341.c ****             if((b << j) & 0x8000)  {
 928              		.loc 1 231 15 is_stmt 0 view .LVU180
 929 0086 0024     		movs	r4, #0
 231:Lib/ili9341/ili9341.c ****             if((b << j) & 0x8000)  {
 930              		.loc 1 231 9 view .LVU181
 931 0088 E0E7     		b	.L40
 932              	.LVL88:
 933              	.L47:
 238:Lib/ili9341/ili9341.c ****             }
 239:Lib/ili9341/ili9341.c ****         }
 240:Lib/ili9341/ili9341.c ****     }
 241:Lib/ili9341/ili9341.c **** }
 934              		.loc 1 241 1 view .LVU182
 935 008a 03B0     		add	sp, sp, #12
 936              	.LCFI21:
 937              		.cfi_def_cfa_offset 44
 938              		@ sp needed
 939 008c BDE8F04F 		pop	{r4, r5, r6, r7, r8, r9, r10, fp, lr}
 940              	.LCFI22:
 941              		.cfi_restore 14
ARM GAS  C:\Users\Alex\AppData\Local\Temp\ccKVEaZK.s 			page 22


 942              		.cfi_restore 11
 943              		.cfi_restore 10
 944              		.cfi_restore 9
 945              		.cfi_restore 8
 946              		.cfi_restore 7
 947              		.cfi_restore 6
 948              		.cfi_restore 5
 949              		.cfi_restore 4
 950              		.cfi_def_cfa_offset 8
 951              	.LVL89:
 952              		.loc 1 241 1 view .LVU183
 953 0090 02B0     		add	sp, sp, #8
 954              	.LCFI23:
 955              		.cfi_def_cfa_offset 0
 956 0092 7047     		bx	lr
 957              		.cfi_endproc
 958              	.LFE138:
 960              		.section	.text.ILI9341_WriteString,"ax",%progbits
 961              		.align	1
 962              		.global	ILI9341_WriteString
 963              		.syntax unified
 964              		.thumb
 965              		.thumb_func
 967              	ILI9341_WriteString:
 968              	.LVL90:
 969              	.LFB139:
 242:Lib/ili9341/ili9341.c **** 
 243:Lib/ili9341/ili9341.c **** void ILI9341_WriteString(uint16_t x, uint16_t y, const char* str, FontDef font, uint16_t color, uin
 970              		.loc 1 243 115 is_stmt 1 view -0
 971              		.cfi_startproc
 972              		@ args = 20, pretend = 8, frame = 0
 973              		@ frame_needed = 0, uses_anonymous_args = 0
 974              		.loc 1 243 115 is_stmt 0 view .LVU185
 975 0000 82B0     		sub	sp, sp, #8
 976              	.LCFI24:
 977              		.cfi_def_cfa_offset 8
 978 0002 2DE9F043 		push	{r4, r5, r6, r7, r8, r9, lr}
 979              	.LCFI25:
 980              		.cfi_def_cfa_offset 36
 981              		.cfi_offset 4, -36
 982              		.cfi_offset 5, -32
 983              		.cfi_offset 6, -28
 984              		.cfi_offset 7, -24
 985              		.cfi_offset 8, -20
 986              		.cfi_offset 9, -16
 987              		.cfi_offset 14, -12
 988 0006 85B0     		sub	sp, sp, #20
 989              	.LCFI26:
 990              		.cfi_def_cfa_offset 56
 991 0008 0646     		mov	r6, r0
 992 000a 0D46     		mov	r5, r1
 993 000c 1746     		mov	r7, r2
 994 000e 0D93     		str	r3, [sp, #52]
 995 0010 BDF83C90 		ldrh	r9, [sp, #60]
 996 0014 BDF84080 		ldrh	r8, [sp, #64]
 244:Lib/ili9341/ili9341.c ****     ILI9341_Select();
 997              		.loc 1 244 5 is_stmt 1 view .LVU186
ARM GAS  C:\Users\Alex\AppData\Local\Temp\ccKVEaZK.s 			page 23


 998 0018 FFF7FEFF 		bl	ILI9341_Select
 999              	.LVL91:
 245:Lib/ili9341/ili9341.c **** 
 246:Lib/ili9341/ili9341.c ****     while(*str) {
 1000              		.loc 1 246 5 view .LVU187
 1001              		.loc 1 246 10 is_stmt 0 view .LVU188
 1002 001c 10E0     		b	.L49
 1003              	.LVL92:
 1004              	.L56:
 247:Lib/ili9341/ili9341.c ****         if(x + font.width >= ILI9341_WIDTH) {
 248:Lib/ili9341/ili9341.c ****             x = 0;
 249:Lib/ili9341/ili9341.c ****             y += font.height;
 250:Lib/ili9341/ili9341.c ****             if(y + font.height >= ILI9341_HEIGHT) {
 251:Lib/ili9341/ili9341.c ****                 break;
 252:Lib/ili9341/ili9341.c ****             }
 253:Lib/ili9341/ili9341.c **** 
 254:Lib/ili9341/ili9341.c ****             if(*str == ' ') {
 255:Lib/ili9341/ili9341.c ****                 // skip spaces in the beginning of the new line
 256:Lib/ili9341/ili9341.c ****                 str++;
 1005              		.loc 1 256 17 is_stmt 1 discriminator 1 view .LVU189
 1006              		.loc 1 256 20 is_stmt 0 discriminator 1 view .LVU190
 1007 001e 0137     		adds	r7, r7, #1
 1008              	.LVL93:
 257:Lib/ili9341/ili9341.c ****                 continue;
 1009              		.loc 1 257 17 is_stmt 1 discriminator 1 view .LVU191
 248:Lib/ili9341/ili9341.c ****             y += font.height;
 1010              		.loc 1 248 15 is_stmt 0 discriminator 1 view .LVU192
 1011 0020 0026     		movs	r6, #0
 1012              		.loc 1 257 17 discriminator 1 view .LVU193
 1013 0022 0DE0     		b	.L49
 1014              	.LVL94:
 1015              	.L50:
 258:Lib/ili9341/ili9341.c ****             }
 259:Lib/ili9341/ili9341.c ****         }
 260:Lib/ili9341/ili9341.c **** 
 261:Lib/ili9341/ili9341.c ****         ILI9341_WriteChar(x, y, *str, font, color, bgcolor);
 1016              		.loc 1 261 9 is_stmt 1 view .LVU194
 1017 0024 CDF80880 		str	r8, [sp, #8]
 1018 0028 CDF80490 		str	r9, [sp, #4]
 1019 002c 0E9B     		ldr	r3, [sp, #56]
 1020 002e 0093     		str	r3, [sp]
 1021 0030 0D9B     		ldr	r3, [sp, #52]
 1022 0032 2946     		mov	r1, r5
 1023 0034 3046     		mov	r0, r6
 1024 0036 FFF7FEFF 		bl	ILI9341_WriteChar
 1025              	.LVL95:
 262:Lib/ili9341/ili9341.c ****         x += font.width;
 1026              		.loc 1 262 9 view .LVU195
 1027              		.loc 1 262 11 is_stmt 0 view .LVU196
 1028 003a 3444     		add	r4, r4, r6
 1029 003c A6B2     		uxth	r6, r4
 1030              	.LVL96:
 263:Lib/ili9341/ili9341.c ****         str++;
 1031              		.loc 1 263 9 is_stmt 1 view .LVU197
 1032              		.loc 1 263 12 is_stmt 0 view .LVU198
 1033 003e 0137     		adds	r7, r7, #1
 1034              	.LVL97:
ARM GAS  C:\Users\Alex\AppData\Local\Temp\ccKVEaZK.s 			page 24


 1035              	.L49:
 246:Lib/ili9341/ili9341.c ****         if(x + font.width >= ILI9341_WIDTH) {
 1036              		.loc 1 246 11 is_stmt 1 view .LVU199
 1037 0040 3A78     		ldrb	r2, [r7]	@ zero_extendqisi2
 1038 0042 82B1     		cbz	r2, .L51
 247:Lib/ili9341/ili9341.c ****             x = 0;
 1039              		.loc 1 247 9 view .LVU200
 247:Lib/ili9341/ili9341.c ****             x = 0;
 1040              		.loc 1 247 20 is_stmt 0 view .LVU201
 1041 0044 9DF83440 		ldrb	r4, [sp, #52]	@ zero_extendqisi2
 247:Lib/ili9341/ili9341.c ****             x = 0;
 1042              		.loc 1 247 14 view .LVU202
 1043 0048 3319     		adds	r3, r6, r4
 247:Lib/ili9341/ili9341.c ****             x = 0;
 1044              		.loc 1 247 11 view .LVU203
 1045 004a B3F5A07F 		cmp	r3, #320
 1046 004e E9DB     		blt	.L50
 248:Lib/ili9341/ili9341.c ****             y += font.height;
 1047              		.loc 1 248 13 is_stmt 1 view .LVU204
 1048              	.LVL98:
 249:Lib/ili9341/ili9341.c ****             if(y + font.height >= ILI9341_HEIGHT) {
 1049              		.loc 1 249 13 view .LVU205
 249:Lib/ili9341/ili9341.c ****             if(y + font.height >= ILI9341_HEIGHT) {
 1050              		.loc 1 249 22 is_stmt 0 view .LVU206
 1051 0050 9DF83530 		ldrb	r3, [sp, #53]	@ zero_extendqisi2
 249:Lib/ili9341/ili9341.c ****             if(y + font.height >= ILI9341_HEIGHT) {
 1052              		.loc 1 249 15 view .LVU207
 1053 0054 1D44     		add	r5, r5, r3
 1054              	.LVL99:
 249:Lib/ili9341/ili9341.c ****             if(y + font.height >= ILI9341_HEIGHT) {
 1055              		.loc 1 249 15 view .LVU208
 1056 0056 ADB2     		uxth	r5, r5
 1057              	.LVL100:
 250:Lib/ili9341/ili9341.c ****                 break;
 1058              		.loc 1 250 13 is_stmt 1 view .LVU209
 250:Lib/ili9341/ili9341.c ****                 break;
 1059              		.loc 1 250 18 is_stmt 0 view .LVU210
 1060 0058 2B44     		add	r3, r3, r5
 250:Lib/ili9341/ili9341.c ****                 break;
 1061              		.loc 1 250 15 view .LVU211
 1062 005a EF2B     		cmp	r3, #239
 1063 005c 03DC     		bgt	.L51
 254:Lib/ili9341/ili9341.c ****                 // skip spaces in the beginning of the new line
 1064              		.loc 1 254 13 is_stmt 1 view .LVU212
 254:Lib/ili9341/ili9341.c ****                 // skip spaces in the beginning of the new line
 1065              		.loc 1 254 15 is_stmt 0 view .LVU213
 1066 005e 202A     		cmp	r2, #32
 1067 0060 DDD0     		beq	.L56
 248:Lib/ili9341/ili9341.c ****             y += font.height;
 1068              		.loc 1 248 15 view .LVU214
 1069 0062 0026     		movs	r6, #0
 1070 0064 DEE7     		b	.L50
 1071              	.LVL101:
 1072              	.L51:
 264:Lib/ili9341/ili9341.c ****     }
 265:Lib/ili9341/ili9341.c **** 
 266:Lib/ili9341/ili9341.c ****     ILI9341_Unselect();
ARM GAS  C:\Users\Alex\AppData\Local\Temp\ccKVEaZK.s 			page 25


 1073              		.loc 1 266 5 is_stmt 1 view .LVU215
 1074 0066 FFF7FEFF 		bl	ILI9341_Unselect
 1075              	.LVL102:
 267:Lib/ili9341/ili9341.c **** }
 1076              		.loc 1 267 1 is_stmt 0 view .LVU216
 1077 006a 05B0     		add	sp, sp, #20
 1078              	.LCFI27:
 1079              		.cfi_def_cfa_offset 36
 1080              		@ sp needed
 1081 006c BDE8F043 		pop	{r4, r5, r6, r7, r8, r9, lr}
 1082              	.LCFI28:
 1083              		.cfi_restore 14
 1084              		.cfi_restore 9
 1085              		.cfi_restore 8
 1086              		.cfi_restore 7
 1087              		.cfi_restore 6
 1088              		.cfi_restore 5
 1089              		.cfi_restore 4
 1090              		.cfi_def_cfa_offset 8
 1091              	.LVL103:
 1092              		.loc 1 267 1 view .LVU217
 1093 0070 02B0     		add	sp, sp, #8
 1094              	.LCFI29:
 1095              		.cfi_def_cfa_offset 0
 1096 0072 7047     		bx	lr
 1097              		.cfi_endproc
 1098              	.LFE139:
 1100              		.section	.text.ILI9341_FillRectangle,"ax",%progbits
 1101              		.align	1
 1102              		.global	ILI9341_FillRectangle
 1103              		.syntax unified
 1104              		.thumb
 1105              		.thumb_func
 1107              	ILI9341_FillRectangle:
 1108              	.LVL104:
 1109              	.LFB140:
 268:Lib/ili9341/ili9341.c **** 
 269:Lib/ili9341/ili9341.c **** void ILI9341_FillRectangle(uint16_t x, uint16_t y, uint16_t w, uint16_t h, uint16_t color) {
 1110              		.loc 1 269 92 is_stmt 1 view -0
 1111              		.cfi_startproc
 1112              		@ args = 4, pretend = 0, frame = 8
 1113              		@ frame_needed = 0, uses_anonymous_args = 0
 1114              		.loc 1 269 92 is_stmt 0 view .LVU219
 1115 0000 2DE9F041 		push	{r4, r5, r6, r7, r8, lr}
 1116              	.LCFI30:
 1117              		.cfi_def_cfa_offset 24
 1118              		.cfi_offset 4, -24
 1119              		.cfi_offset 5, -20
 1120              		.cfi_offset 6, -16
 1121              		.cfi_offset 7, -12
 1122              		.cfi_offset 8, -8
 1123              		.cfi_offset 14, -4
 1124 0004 82B0     		sub	sp, sp, #8
 1125              	.LCFI31:
 1126              		.cfi_def_cfa_offset 32
 1127 0006 BDF82080 		ldrh	r8, [sp, #32]
 270:Lib/ili9341/ili9341.c ****     // clipping
ARM GAS  C:\Users\Alex\AppData\Local\Temp\ccKVEaZK.s 			page 26


 271:Lib/ili9341/ili9341.c ****     if((x >= ILI9341_WIDTH) || (y >= ILI9341_HEIGHT)) return;
 1128              		.loc 1 271 5 is_stmt 1 view .LVU220
 1129              		.loc 1 271 7 is_stmt 0 view .LVU221
 1130 000a B0F5A07F 		cmp	r0, #320
 1131 000e 3FD2     		bcs	.L57
 1132 0010 0446     		mov	r4, r0
 1133 0012 0F46     		mov	r7, r1
 1134 0014 1646     		mov	r6, r2
 1135 0016 1D46     		mov	r5, r3
 1136              		.loc 1 271 29 discriminator 2 view .LVU222
 1137 0018 EF29     		cmp	r1, #239
 1138 001a 39D8     		bhi	.L57
 272:Lib/ili9341/ili9341.c ****     if((x + w - 1) >= ILI9341_WIDTH) w = ILI9341_WIDTH - x;
 1139              		.loc 1 272 5 is_stmt 1 view .LVU223
 1140              		.loc 1 272 11 is_stmt 0 view .LVU224
 1141 001c 8318     		adds	r3, r0, r2
 1142              	.LVL105:
 1143              		.loc 1 272 7 view .LVU225
 1144 001e B3F5A07F 		cmp	r3, #320
 1145 0022 02DD     		ble	.L61
 1146              		.loc 1 272 38 is_stmt 1 discriminator 1 view .LVU226
 1147              		.loc 1 272 40 is_stmt 0 discriminator 1 view .LVU227
 1148 0024 C0F5A076 		rsb	r6, r0, #320
 1149 0028 B6B2     		uxth	r6, r6
 1150              	.LVL106:
 1151              	.L61:
 273:Lib/ili9341/ili9341.c ****     if((y + h - 1) >= ILI9341_HEIGHT) h = ILI9341_HEIGHT - y;
 1152              		.loc 1 273 5 is_stmt 1 view .LVU228
 1153              		.loc 1 273 11 is_stmt 0 view .LVU229
 1154 002a 7B19     		adds	r3, r7, r5
 1155              		.loc 1 273 7 view .LVU230
 1156 002c F02B     		cmp	r3, #240
 1157 002e 02DD     		ble	.L62
 1158              		.loc 1 273 39 is_stmt 1 discriminator 1 view .LVU231
 1159              		.loc 1 273 41 is_stmt 0 discriminator 1 view .LVU232
 1160 0030 C7F1F005 		rsb	r5, r7, #240
 1161 0034 ADB2     		uxth	r5, r5
 1162              	.LVL107:
 1163              	.L62:
 274:Lib/ili9341/ili9341.c **** 
 275:Lib/ili9341/ili9341.c ****     ILI9341_Select();
 1164              		.loc 1 275 5 is_stmt 1 view .LVU233
 1165 0036 FFF7FEFF 		bl	ILI9341_Select
 1166              	.LVL108:
 276:Lib/ili9341/ili9341.c ****     ILI9341_SetAddressWindow(x, y, x+w-1, y+h-1);
 1167              		.loc 1 276 5 view .LVU234
 1168              		.loc 1 276 37 is_stmt 0 view .LVU235
 1169 003a 3219     		adds	r2, r6, r4
 1170 003c 92B2     		uxth	r2, r2
 1171              		.loc 1 276 44 view .LVU236
 1172 003e EB19     		adds	r3, r5, r7
 1173 0040 9BB2     		uxth	r3, r3
 1174              		.loc 1 276 5 view .LVU237
 1175 0042 013B     		subs	r3, r3, #1
 1176 0044 013A     		subs	r2, r2, #1
 1177 0046 9BB2     		uxth	r3, r3
 1178 0048 92B2     		uxth	r2, r2
ARM GAS  C:\Users\Alex\AppData\Local\Temp\ccKVEaZK.s 			page 27


 1179 004a 3946     		mov	r1, r7
 1180 004c 2046     		mov	r0, r4
 1181 004e FFF7FEFF 		bl	ILI9341_SetAddressWindow
 1182              	.LVL109:
 277:Lib/ili9341/ili9341.c **** 
 278:Lib/ili9341/ili9341.c ****     uint8_t data[] = { color >> 8, color & 0xFF };
 1183              		.loc 1 278 5 is_stmt 1 view .LVU238
 1184              		.loc 1 278 13 is_stmt 0 view .LVU239
 1185 0052 4FEA1823 		lsr	r3, r8, #8
 1186 0056 8DF80430 		strb	r3, [sp, #4]
 1187 005a 8DF80580 		strb	r8, [sp, #5]
 279:Lib/ili9341/ili9341.c ****     HAL_GPIO_WritePin(ILI9341_DC_GPIO_Port, ILI9341_DC_Pin, GPIO_PIN_SET);
 1188              		.loc 1 279 5 is_stmt 1 view .LVU240
 1189 005e 0122     		movs	r2, #1
 1190 0060 4FF40061 		mov	r1, #2048
 1191 0064 0C48     		ldr	r0, .L69
 1192 0066 FFF7FEFF 		bl	HAL_GPIO_WritePin
 1193              	.LVL110:
 280:Lib/ili9341/ili9341.c ****     for(y = h; y > 0; y--) {
 1194              		.loc 1 280 5 view .LVU241
 1195              		.loc 1 280 5 is_stmt 0 view .LVU242
 1196 006a 0CE0     		b	.L63
 1197              	.LVL111:
 1198              	.L64:
 281:Lib/ili9341/ili9341.c ****         for(x = w; x > 0; x--) {
 282:Lib/ili9341/ili9341.c ****             HAL_SPI_Transmit(&ILI9341_SPI_PORT, data, sizeof(data), HAL_MAX_DELAY);
 1199              		.loc 1 282 13 is_stmt 1 discriminator 3 view .LVU243
 1200 006c 4FF0FF33 		mov	r3, #-1
 1201 0070 0222     		movs	r2, #2
 1202 0072 01A9     		add	r1, sp, #4
 1203 0074 0948     		ldr	r0, .L69+4
 1204 0076 FFF7FEFF 		bl	HAL_SPI_Transmit
 1205              	.LVL112:
 281:Lib/ili9341/ili9341.c ****         for(x = w; x > 0; x--) {
 1206              		.loc 1 281 28 discriminator 3 view .LVU244
 1207 007a 013C     		subs	r4, r4, #1
 1208              	.LVL113:
 281:Lib/ili9341/ili9341.c ****         for(x = w; x > 0; x--) {
 1209              		.loc 1 281 28 is_stmt 0 discriminator 3 view .LVU245
 1210 007c A4B2     		uxth	r4, r4
 1211              	.LVL114:
 1212              	.L65:
 281:Lib/ili9341/ili9341.c ****         for(x = w; x > 0; x--) {
 1213              		.loc 1 281 22 is_stmt 1 discriminator 1 view .LVU246
 1214 007e 002C     		cmp	r4, #0
 1215 0080 F4D1     		bne	.L64
 280:Lib/ili9341/ili9341.c ****     for(y = h; y > 0; y--) {
 1216              		.loc 1 280 24 discriminator 2 view .LVU247
 1217 0082 013D     		subs	r5, r5, #1
 1218              	.LVL115:
 280:Lib/ili9341/ili9341.c ****     for(y = h; y > 0; y--) {
 1219              		.loc 1 280 24 is_stmt 0 discriminator 2 view .LVU248
 1220 0084 ADB2     		uxth	r5, r5
 1221              	.LVL116:
 1222              	.L63:
 280:Lib/ili9341/ili9341.c ****     for(y = h; y > 0; y--) {
 1223              		.loc 1 280 18 is_stmt 1 discriminator 1 view .LVU249
ARM GAS  C:\Users\Alex\AppData\Local\Temp\ccKVEaZK.s 			page 28


 1224 0086 0DB1     		cbz	r5, .L68
 281:Lib/ili9341/ili9341.c ****         for(x = w; x > 0; x--) {
 1225              		.loc 1 281 15 is_stmt 0 view .LVU250
 1226 0088 3446     		mov	r4, r6
 1227 008a F8E7     		b	.L65
 1228              	.L68:
 283:Lib/ili9341/ili9341.c ****         }
 284:Lib/ili9341/ili9341.c ****     }
 285:Lib/ili9341/ili9341.c **** 
 286:Lib/ili9341/ili9341.c ****     ILI9341_Unselect();
 1229              		.loc 1 286 5 is_stmt 1 view .LVU251
 1230 008c FFF7FEFF 		bl	ILI9341_Unselect
 1231              	.LVL117:
 1232              	.L57:
 287:Lib/ili9341/ili9341.c **** }
 1233              		.loc 1 287 1 is_stmt 0 view .LVU252
 1234 0090 02B0     		add	sp, sp, #8
 1235              	.LCFI32:
 1236              		.cfi_def_cfa_offset 24
 1237              		@ sp needed
 1238 0092 BDE8F081 		pop	{r4, r5, r6, r7, r8, pc}
 1239              	.LVL118:
 1240              	.L70:
 1241              		.loc 1 287 1 view .LVU253
 1242 0096 00BF     		.align	2
 1243              	.L69:
 1244 0098 00000240 		.word	1073872896
 1245 009c 00000000 		.word	hspi1
 1246              		.cfi_endproc
 1247              	.LFE140:
 1249              		.section	.text.ILI9341_FillScreen,"ax",%progbits
 1250              		.align	1
 1251              		.global	ILI9341_FillScreen
 1252              		.syntax unified
 1253              		.thumb
 1254              		.thumb_func
 1256              	ILI9341_FillScreen:
 1257              	.LVL119:
 1258              	.LFB141:
 288:Lib/ili9341/ili9341.c **** 
 289:Lib/ili9341/ili9341.c **** void ILI9341_FillScreen(uint16_t color) {
 1259              		.loc 1 289 41 is_stmt 1 view -0
 1260              		.cfi_startproc
 1261              		@ args = 0, pretend = 0, frame = 0
 1262              		@ frame_needed = 0, uses_anonymous_args = 0
 1263              		.loc 1 289 41 is_stmt 0 view .LVU255
 1264 0000 00B5     		push	{lr}
 1265              	.LCFI33:
 1266              		.cfi_def_cfa_offset 4
 1267              		.cfi_offset 14, -4
 1268 0002 83B0     		sub	sp, sp, #12
 1269              	.LCFI34:
 1270              		.cfi_def_cfa_offset 16
 290:Lib/ili9341/ili9341.c ****     ILI9341_FillRectangle(0, 0, ILI9341_WIDTH, ILI9341_HEIGHT, color);
 1271              		.loc 1 290 5 is_stmt 1 view .LVU256
 1272 0004 0090     		str	r0, [sp]
 1273 0006 F023     		movs	r3, #240
ARM GAS  C:\Users\Alex\AppData\Local\Temp\ccKVEaZK.s 			page 29


 1274 0008 4FF4A072 		mov	r2, #320
 1275 000c 0021     		movs	r1, #0
 1276 000e 0846     		mov	r0, r1
 1277              	.LVL120:
 1278              		.loc 1 290 5 is_stmt 0 view .LVU257
 1279 0010 FFF7FEFF 		bl	ILI9341_FillRectangle
 1280              	.LVL121:
 291:Lib/ili9341/ili9341.c **** }
 1281              		.loc 1 291 1 view .LVU258
 1282 0014 03B0     		add	sp, sp, #12
 1283              	.LCFI35:
 1284              		.cfi_def_cfa_offset 4
 1285              		@ sp needed
 1286 0016 5DF804FB 		ldr	pc, [sp], #4
 1287              		.cfi_endproc
 1288              	.LFE141:
 1290              		.section	.text.ILI9341_DrawImage,"ax",%progbits
 1291              		.align	1
 1292              		.global	ILI9341_DrawImage
 1293              		.syntax unified
 1294              		.thumb
 1295              		.thumb_func
 1297              	ILI9341_DrawImage:
 1298              	.LVL122:
 1299              	.LFB142:
 292:Lib/ili9341/ili9341.c **** 
 293:Lib/ili9341/ili9341.c **** void ILI9341_DrawImage(uint16_t x, uint16_t y, uint16_t w, uint16_t h, const uint16_t* data) {
 1300              		.loc 1 293 94 is_stmt 1 view -0
 1301              		.cfi_startproc
 1302              		@ args = 4, pretend = 0, frame = 0
 1303              		@ frame_needed = 0, uses_anonymous_args = 0
 294:Lib/ili9341/ili9341.c ****     if((x >= ILI9341_WIDTH) || (y >= ILI9341_HEIGHT)) return;
 1304              		.loc 1 294 5 view .LVU260
 1305              		.loc 1 294 7 is_stmt 0 view .LVU261
 1306 0000 B0F5A07F 		cmp	r0, #320
 1307 0004 25D2     		bcs	.L76
 293:Lib/ili9341/ili9341.c ****     if((x >= ILI9341_WIDTH) || (y >= ILI9341_HEIGHT)) return;
 1308              		.loc 1 293 94 discriminator 2 view .LVU262
 1309 0006 F8B5     		push	{r3, r4, r5, r6, r7, lr}
 1310              	.LCFI36:
 1311              		.cfi_def_cfa_offset 24
 1312              		.cfi_offset 3, -24
 1313              		.cfi_offset 4, -20
 1314              		.cfi_offset 5, -16
 1315              		.cfi_offset 6, -12
 1316              		.cfi_offset 7, -8
 1317              		.cfi_offset 14, -4
 1318 0008 0446     		mov	r4, r0
 1319 000a 0D46     		mov	r5, r1
 1320 000c 1746     		mov	r7, r2
 1321 000e 1E46     		mov	r6, r3
 1322              		.loc 1 294 29 discriminator 2 view .LVU263
 1323 0010 EF29     		cmp	r1, #239
 1324 0012 06D8     		bhi	.L73
 295:Lib/ili9341/ili9341.c ****     if((x + w - 1) >= ILI9341_WIDTH) return;
 1325              		.loc 1 295 5 is_stmt 1 view .LVU264
 1326              		.loc 1 295 11 is_stmt 0 view .LVU265
ARM GAS  C:\Users\Alex\AppData\Local\Temp\ccKVEaZK.s 			page 30


 1327 0014 8318     		adds	r3, r0, r2
 1328              	.LVL123:
 1329              		.loc 1 295 7 view .LVU266
 1330 0016 B3F5A07F 		cmp	r3, #320
 1331 001a 02DC     		bgt	.L73
 296:Lib/ili9341/ili9341.c ****     if((y + h - 1) >= ILI9341_HEIGHT) return;
 1332              		.loc 1 296 5 is_stmt 1 view .LVU267
 1333              		.loc 1 296 11 is_stmt 0 view .LVU268
 1334 001c 8B19     		adds	r3, r1, r6
 1335              		.loc 1 296 7 view .LVU269
 1336 001e F02B     		cmp	r3, #240
 1337 0020 00DD     		ble	.L79
 1338              	.LVL124:
 1339              	.L73:
 297:Lib/ili9341/ili9341.c **** 
 298:Lib/ili9341/ili9341.c ****     ILI9341_Select();
 299:Lib/ili9341/ili9341.c ****     ILI9341_SetAddressWindow(x, y, x+w-1, y+h-1);
 300:Lib/ili9341/ili9341.c ****     ILI9341_WriteData((uint8_t*)data, sizeof(uint16_t)*w*h);
 301:Lib/ili9341/ili9341.c ****     ILI9341_Unselect();
 302:Lib/ili9341/ili9341.c **** }
 1340              		.loc 1 302 1 view .LVU270
 1341 0022 F8BD     		pop	{r3, r4, r5, r6, r7, pc}
 1342              	.LVL125:
 1343              	.L79:
 298:Lib/ili9341/ili9341.c ****     ILI9341_SetAddressWindow(x, y, x+w-1, y+h-1);
 1344              		.loc 1 298 5 is_stmt 1 view .LVU271
 1345 0024 FFF7FEFF 		bl	ILI9341_Select
 1346              	.LVL126:
 299:Lib/ili9341/ili9341.c ****     ILI9341_WriteData((uint8_t*)data, sizeof(uint16_t)*w*h);
 1347              		.loc 1 299 5 view .LVU272
 299:Lib/ili9341/ili9341.c ****     ILI9341_WriteData((uint8_t*)data, sizeof(uint16_t)*w*h);
 1348              		.loc 1 299 37 is_stmt 0 view .LVU273
 1349 0028 E219     		adds	r2, r4, r7
 1350 002a 92B2     		uxth	r2, r2
 299:Lib/ili9341/ili9341.c ****     ILI9341_WriteData((uint8_t*)data, sizeof(uint16_t)*w*h);
 1351              		.loc 1 299 44 view .LVU274
 1352 002c AB19     		adds	r3, r5, r6
 1353 002e 9BB2     		uxth	r3, r3
 299:Lib/ili9341/ili9341.c ****     ILI9341_WriteData((uint8_t*)data, sizeof(uint16_t)*w*h);
 1354              		.loc 1 299 5 view .LVU275
 1355 0030 013B     		subs	r3, r3, #1
 1356 0032 013A     		subs	r2, r2, #1
 1357 0034 9BB2     		uxth	r3, r3
 1358 0036 92B2     		uxth	r2, r2
 1359 0038 2946     		mov	r1, r5
 1360 003a 2046     		mov	r0, r4
 1361 003c FFF7FEFF 		bl	ILI9341_SetAddressWindow
 1362              	.LVL127:
 300:Lib/ili9341/ili9341.c ****     ILI9341_Unselect();
 1363              		.loc 1 300 5 is_stmt 1 view .LVU276
 300:Lib/ili9341/ili9341.c ****     ILI9341_Unselect();
 1364              		.loc 1 300 57 is_stmt 0 view .LVU277
 1365 0040 06FB07F1 		mul	r1, r6, r7
 300:Lib/ili9341/ili9341.c ****     ILI9341_Unselect();
 1366              		.loc 1 300 5 view .LVU278
 1367 0044 4900     		lsls	r1, r1, #1
 1368 0046 0698     		ldr	r0, [sp, #24]
ARM GAS  C:\Users\Alex\AppData\Local\Temp\ccKVEaZK.s 			page 31


 1369 0048 FFF7FEFF 		bl	ILI9341_WriteData
 1370              	.LVL128:
 301:Lib/ili9341/ili9341.c **** }
 1371              		.loc 1 301 5 is_stmt 1 view .LVU279
 1372 004c FFF7FEFF 		bl	ILI9341_Unselect
 1373              	.LVL129:
 1374 0050 E7E7     		b	.L73
 1375              	.LVL130:
 1376              	.L76:
 1377              	.LCFI37:
 1378              		.cfi_def_cfa_offset 0
 1379              		.cfi_restore 3
 1380              		.cfi_restore 4
 1381              		.cfi_restore 5
 1382              		.cfi_restore 6
 1383              		.cfi_restore 7
 1384              		.cfi_restore 14
 301:Lib/ili9341/ili9341.c **** }
 1385              		.loc 1 301 5 is_stmt 0 view .LVU280
 1386 0052 7047     		bx	lr
 1387              		.cfi_endproc
 1388              	.LFE142:
 1390              		.section	.text.ILI9341_InvertColors,"ax",%progbits
 1391              		.align	1
 1392              		.global	ILI9341_InvertColors
 1393              		.syntax unified
 1394              		.thumb
 1395              		.thumb_func
 1397              	ILI9341_InvertColors:
 1398              	.LVL131:
 1399              	.LFB143:
 303:Lib/ili9341/ili9341.c **** 
 304:Lib/ili9341/ili9341.c **** void ILI9341_InvertColors(bool invert) {
 1400              		.loc 1 304 40 is_stmt 1 view -0
 1401              		.cfi_startproc
 1402              		@ args = 0, pretend = 0, frame = 0
 1403              		@ frame_needed = 0, uses_anonymous_args = 0
 1404              		.loc 1 304 40 is_stmt 0 view .LVU282
 1405 0000 10B5     		push	{r4, lr}
 1406              	.LCFI38:
 1407              		.cfi_def_cfa_offset 8
 1408              		.cfi_offset 4, -8
 1409              		.cfi_offset 14, -4
 1410 0002 0446     		mov	r4, r0
 305:Lib/ili9341/ili9341.c ****     ILI9341_Select();
 1411              		.loc 1 305 5 is_stmt 1 view .LVU283
 1412 0004 FFF7FEFF 		bl	ILI9341_Select
 1413              	.LVL132:
 306:Lib/ili9341/ili9341.c ****     ILI9341_WriteCommand(invert ? 0x21 /* INVON */ : 0x20 /* INVOFF */);
 1414              		.loc 1 306 5 view .LVU284
 1415 0008 2CB1     		cbz	r4, .L82
 1416 000a 2120     		movs	r0, #33
 1417              	.L81:
 1418              		.loc 1 306 5 is_stmt 0 discriminator 4 view .LVU285
 1419 000c FFF7FEFF 		bl	ILI9341_WriteCommand
 1420              	.LVL133:
 307:Lib/ili9341/ili9341.c ****     ILI9341_Unselect();
ARM GAS  C:\Users\Alex\AppData\Local\Temp\ccKVEaZK.s 			page 32


 1421              		.loc 1 307 5 is_stmt 1 discriminator 4 view .LVU286
 1422 0010 FFF7FEFF 		bl	ILI9341_Unselect
 1423              	.LVL134:
 308:Lib/ili9341/ili9341.c **** }
 1424              		.loc 1 308 1 is_stmt 0 discriminator 4 view .LVU287
 1425 0014 10BD     		pop	{r4, pc}
 1426              	.L82:
 306:Lib/ili9341/ili9341.c ****     ILI9341_WriteCommand(invert ? 0x21 /* INVON */ : 0x20 /* INVOFF */);
 1427              		.loc 1 306 5 view .LVU288
 1428 0016 2020     		movs	r0, #32
 1429 0018 F8E7     		b	.L81
 1430              		.cfi_endproc
 1431              	.LFE143:
 1433              		.section	.rodata
 1434              		.align	2
 1435              		.set	.LANCHOR0,. + 0
 1436              	.LC0:
 1437 0000 392C0034 		.ascii	"9,\0004\002"
 1437      02
 1438 0005 000000   		.space	3
 1439              	.LC1:
 1440 0008 00C130   		.ascii	"\000\3010"
 1441 000b 00       		.space	1
 1442              	.LC2:
 1443 000c 850078   		.ascii	"\205\000x"
 1444 000f 00       		.space	1
 1445              	.LC5:
 1446 0010 000E1403 		.ascii	"\000\016\024\003\021\0071\301H\010\017\01416\017"
 1446      110731C1 
 1446      48080F0C 
 1446      31360F
 1447              		.text
 1448              	.Letext0:
 1449              		.file 2 "e:\\programms\\gnu_mcu_eclipse\\toolchain\\arm-gnu-toolchain-12.2.mpacbti-bet1-mingw-w64-
 1450              		.file 3 "e:\\programms\\gnu_mcu_eclipse\\toolchain\\arm-gnu-toolchain-12.2.mpacbti-bet1-mingw-w64-
 1451              		.file 4 "Drivers/CMSIS/Device/ST/STM32F4xx/Include/stm32f407xx.h"
 1452              		.file 5 "e:\\programms\\gnu_mcu_eclipse\\toolchain\\arm-gnu-toolchain-12.2.mpacbti-bet1-mingw-w64-
 1453              		.file 6 "Drivers/STM32F4xx_HAL_Driver/Inc/stm32f4xx_hal_def.h"
 1454              		.file 7 "Drivers/STM32F4xx_HAL_Driver/Inc/stm32f4xx_hal_gpio.h"
 1455              		.file 8 "Drivers/STM32F4xx_HAL_Driver/Inc/stm32f4xx_hal_dma.h"
 1456              		.file 9 "Drivers/STM32F4xx_HAL_Driver/Inc/stm32f4xx_hal_spi.h"
 1457              		.file 10 "Lib/ili9341/fonts.h"
 1458              		.file 11 "Drivers/STM32F4xx_HAL_Driver/Inc/stm32f4xx_hal.h"
 1459              		.file 12 "Lib/ili9341/ili9341.h"
ARM GAS  C:\Users\Alex\AppData\Local\Temp\ccKVEaZK.s 			page 33


DEFINED SYMBOLS
                            *ABS*:00000000 ili9341.c
C:\Users\Alex\AppData\Local\Temp\ccKVEaZK.s:21     .text.ILI9341_Select:00000000 $t
C:\Users\Alex\AppData\Local\Temp\ccKVEaZK.s:26     .text.ILI9341_Select:00000000 ILI9341_Select
C:\Users\Alex\AppData\Local\Temp\ccKVEaZK.s:48     .text.ILI9341_Select:00000010 $d
C:\Users\Alex\AppData\Local\Temp\ccKVEaZK.s:53     .text.ILI9341_Reset:00000000 $t
C:\Users\Alex\AppData\Local\Temp\ccKVEaZK.s:58     .text.ILI9341_Reset:00000000 ILI9341_Reset
C:\Users\Alex\AppData\Local\Temp\ccKVEaZK.s:91     .text.ILI9341_Reset:00000020 $d
C:\Users\Alex\AppData\Local\Temp\ccKVEaZK.s:96     .text.ILI9341_WriteCommand:00000000 $t
C:\Users\Alex\AppData\Local\Temp\ccKVEaZK.s:101    .text.ILI9341_WriteCommand:00000000 ILI9341_WriteCommand
C:\Users\Alex\AppData\Local\Temp\ccKVEaZK.s:141    .text.ILI9341_WriteCommand:0000002c $d
C:\Users\Alex\AppData\Local\Temp\ccKVEaZK.s:147    .text.ILI9341_WriteData:00000000 $t
C:\Users\Alex\AppData\Local\Temp\ccKVEaZK.s:152    .text.ILI9341_WriteData:00000000 ILI9341_WriteData
C:\Users\Alex\AppData\Local\Temp\ccKVEaZK.s:221    .text.ILI9341_WriteData:0000003c $d
C:\Users\Alex\AppData\Local\Temp\ccKVEaZK.s:227    .text.ILI9341_SetAddressWindow:00000000 $t
C:\Users\Alex\AppData\Local\Temp\ccKVEaZK.s:232    .text.ILI9341_SetAddressWindow:00000000 ILI9341_SetAddressWindow
C:\Users\Alex\AppData\Local\Temp\ccKVEaZK.s:309    .text.ILI9341_Unselect:00000000 $t
C:\Users\Alex\AppData\Local\Temp\ccKVEaZK.s:315    .text.ILI9341_Unselect:00000000 ILI9341_Unselect
C:\Users\Alex\AppData\Local\Temp\ccKVEaZK.s:337    .text.ILI9341_Unselect:00000010 $d
C:\Users\Alex\AppData\Local\Temp\ccKVEaZK.s:342    .rodata.ILI9341_Init.str1.4:00000000 $d
C:\Users\Alex\AppData\Local\Temp\ccKVEaZK.s:349    .text.ILI9341_Init:00000000 $t
C:\Users\Alex\AppData\Local\Temp\ccKVEaZK.s:355    .text.ILI9341_Init:00000000 ILI9341_Init
C:\Users\Alex\AppData\Local\Temp\ccKVEaZK.s:711    .text.ILI9341_Init:000001e8 $d
C:\Users\Alex\AppData\Local\Temp\ccKVEaZK.s:719    .text.ILI9341_DrawPixel:00000000 $t
C:\Users\Alex\AppData\Local\Temp\ccKVEaZK.s:725    .text.ILI9341_DrawPixel:00000000 ILI9341_DrawPixel
C:\Users\Alex\AppData\Local\Temp\ccKVEaZK.s:806    .text.ILI9341_WriteChar:00000000 $t
C:\Users\Alex\AppData\Local\Temp\ccKVEaZK.s:812    .text.ILI9341_WriteChar:00000000 ILI9341_WriteChar
C:\Users\Alex\AppData\Local\Temp\ccKVEaZK.s:961    .text.ILI9341_WriteString:00000000 $t
C:\Users\Alex\AppData\Local\Temp\ccKVEaZK.s:967    .text.ILI9341_WriteString:00000000 ILI9341_WriteString
C:\Users\Alex\AppData\Local\Temp\ccKVEaZK.s:1101   .text.ILI9341_FillRectangle:00000000 $t
C:\Users\Alex\AppData\Local\Temp\ccKVEaZK.s:1107   .text.ILI9341_FillRectangle:00000000 ILI9341_FillRectangle
C:\Users\Alex\AppData\Local\Temp\ccKVEaZK.s:1244   .text.ILI9341_FillRectangle:00000098 $d
C:\Users\Alex\AppData\Local\Temp\ccKVEaZK.s:1250   .text.ILI9341_FillScreen:00000000 $t
C:\Users\Alex\AppData\Local\Temp\ccKVEaZK.s:1256   .text.ILI9341_FillScreen:00000000 ILI9341_FillScreen
C:\Users\Alex\AppData\Local\Temp\ccKVEaZK.s:1291   .text.ILI9341_DrawImage:00000000 $t
C:\Users\Alex\AppData\Local\Temp\ccKVEaZK.s:1297   .text.ILI9341_DrawImage:00000000 ILI9341_DrawImage
C:\Users\Alex\AppData\Local\Temp\ccKVEaZK.s:1391   .text.ILI9341_InvertColors:00000000 $t
C:\Users\Alex\AppData\Local\Temp\ccKVEaZK.s:1397   .text.ILI9341_InvertColors:00000000 ILI9341_InvertColors
C:\Users\Alex\AppData\Local\Temp\ccKVEaZK.s:1434   .rodata:00000000 $d

UNDEFINED SYMBOLS
HAL_GPIO_WritePin
HAL_Delay
HAL_SPI_Transmit
hspi1
