ARM GAS  C:\Users\Alex\AppData\Local\Temp\cc8PfVFA.s 			page 1


   1              		.cpu cortex-m4
   2              		.arch armv7e-m
   3              		.fpu fpv4-sp-d16
   4              		.eabi_attribute 27, 1
   5              		.eabi_attribute 28, 1
   6              		.eabi_attribute 20, 1
   7              		.eabi_attribute 21, 1
   8              		.eabi_attribute 23, 3
   9              		.eabi_attribute 24, 1
  10              		.eabi_attribute 25, 1
  11              		.eabi_attribute 26, 1
  12              		.eabi_attribute 30, 1
  13              		.eabi_attribute 34, 1
  14              		.eabi_attribute 18, 4
  15              		.file	"lv_calendar_header_arrow.c"
  16              		.text
  17              	.Ltext0:
  18              		.cfi_sections	.debug_frame
  19              		.file 1 "Lib/lvgl/src/widgets/calendar/lv_calendar_header_arrow.c"
  20              		.section	.rodata.my_constructor.str1.4,"aMS",%progbits,1
  21              		.align	2
  22              	.LC0:
  23 0000 EF819300 		.ascii	"\357\201\223\000"
  24              		.align	2
  25              	.LC1:
  26 0004 EF819400 		.ascii	"\357\201\224\000"
  27              		.section	.text.my_constructor,"ax",%progbits
  28              		.align	1
  29              		.syntax unified
  30              		.thumb
  31              		.thumb_func
  33              	my_constructor:
  34              	.LVL0:
  35              	.LFB234:
   1:Lib/lvgl/src/widgets/calendar/lv_calendar_header_arrow.c **** /**
   2:Lib/lvgl/src/widgets/calendar/lv_calendar_header_arrow.c ****  * @file lv_calendar_header_arrow.c
   3:Lib/lvgl/src/widgets/calendar/lv_calendar_header_arrow.c ****  *
   4:Lib/lvgl/src/widgets/calendar/lv_calendar_header_arrow.c ****  */
   5:Lib/lvgl/src/widgets/calendar/lv_calendar_header_arrow.c **** 
   6:Lib/lvgl/src/widgets/calendar/lv_calendar_header_arrow.c **** /*********************
   7:Lib/lvgl/src/widgets/calendar/lv_calendar_header_arrow.c ****  *      INCLUDES
   8:Lib/lvgl/src/widgets/calendar/lv_calendar_header_arrow.c ****  *********************/
   9:Lib/lvgl/src/widgets/calendar/lv_calendar_header_arrow.c **** #include "lv_calendar_header_arrow.h"
  10:Lib/lvgl/src/widgets/calendar/lv_calendar_header_arrow.c **** #if LV_USE_CALENDAR && LV_USE_CALENDAR_HEADER_ARROW
  11:Lib/lvgl/src/widgets/calendar/lv_calendar_header_arrow.c **** 
  12:Lib/lvgl/src/widgets/calendar/lv_calendar_header_arrow.c **** #include "lv_calendar.h"
  13:Lib/lvgl/src/widgets/calendar/lv_calendar_header_arrow.c **** #include "../button/lv_button.h"
  14:Lib/lvgl/src/widgets/calendar/lv_calendar_header_arrow.c **** #include "../label/lv_label.h"
  15:Lib/lvgl/src/widgets/calendar/lv_calendar_header_arrow.c **** #include "../../layouts/flex/lv_flex.h"
  16:Lib/lvgl/src/widgets/calendar/lv_calendar_header_arrow.c **** 
  17:Lib/lvgl/src/widgets/calendar/lv_calendar_header_arrow.c **** /*********************
  18:Lib/lvgl/src/widgets/calendar/lv_calendar_header_arrow.c ****  *      DEFINES
  19:Lib/lvgl/src/widgets/calendar/lv_calendar_header_arrow.c ****  *********************/
  20:Lib/lvgl/src/widgets/calendar/lv_calendar_header_arrow.c **** 
  21:Lib/lvgl/src/widgets/calendar/lv_calendar_header_arrow.c **** /**********************
  22:Lib/lvgl/src/widgets/calendar/lv_calendar_header_arrow.c ****  *      TYPEDEFS
  23:Lib/lvgl/src/widgets/calendar/lv_calendar_header_arrow.c ****  **********************/
ARM GAS  C:\Users\Alex\AppData\Local\Temp\cc8PfVFA.s 			page 2


  24:Lib/lvgl/src/widgets/calendar/lv_calendar_header_arrow.c **** 
  25:Lib/lvgl/src/widgets/calendar/lv_calendar_header_arrow.c **** /**********************
  26:Lib/lvgl/src/widgets/calendar/lv_calendar_header_arrow.c ****  *  STATIC PROTOTYPES
  27:Lib/lvgl/src/widgets/calendar/lv_calendar_header_arrow.c ****  **********************/
  28:Lib/lvgl/src/widgets/calendar/lv_calendar_header_arrow.c **** static void my_constructor(const lv_obj_class_t * class_p, lv_obj_t * obj);
  29:Lib/lvgl/src/widgets/calendar/lv_calendar_header_arrow.c **** static void month_event_cb(lv_event_t * e);
  30:Lib/lvgl/src/widgets/calendar/lv_calendar_header_arrow.c **** static void value_changed_event_cb(lv_event_t * e);
  31:Lib/lvgl/src/widgets/calendar/lv_calendar_header_arrow.c **** 
  32:Lib/lvgl/src/widgets/calendar/lv_calendar_header_arrow.c **** /**********************
  33:Lib/lvgl/src/widgets/calendar/lv_calendar_header_arrow.c ****  *  STATIC VARIABLES
  34:Lib/lvgl/src/widgets/calendar/lv_calendar_header_arrow.c ****  **********************/
  35:Lib/lvgl/src/widgets/calendar/lv_calendar_header_arrow.c **** 
  36:Lib/lvgl/src/widgets/calendar/lv_calendar_header_arrow.c **** const lv_obj_class_t lv_calendar_header_arrow_class = {
  37:Lib/lvgl/src/widgets/calendar/lv_calendar_header_arrow.c ****     .base_class = &lv_obj_class,
  38:Lib/lvgl/src/widgets/calendar/lv_calendar_header_arrow.c ****     .constructor_cb = my_constructor,
  39:Lib/lvgl/src/widgets/calendar/lv_calendar_header_arrow.c ****     .width_def = LV_PCT(100),
  40:Lib/lvgl/src/widgets/calendar/lv_calendar_header_arrow.c ****     .height_def = LV_DPI_DEF / 3,
  41:Lib/lvgl/src/widgets/calendar/lv_calendar_header_arrow.c ****     .name = "calendar-header-arrow",
  42:Lib/lvgl/src/widgets/calendar/lv_calendar_header_arrow.c **** };
  43:Lib/lvgl/src/widgets/calendar/lv_calendar_header_arrow.c **** 
  44:Lib/lvgl/src/widgets/calendar/lv_calendar_header_arrow.c **** static const char * month_names_def[12] = LV_CALENDAR_DEFAULT_MONTH_NAMES;
  45:Lib/lvgl/src/widgets/calendar/lv_calendar_header_arrow.c **** 
  46:Lib/lvgl/src/widgets/calendar/lv_calendar_header_arrow.c **** /**********************
  47:Lib/lvgl/src/widgets/calendar/lv_calendar_header_arrow.c ****  *      MACROS
  48:Lib/lvgl/src/widgets/calendar/lv_calendar_header_arrow.c ****  **********************/
  49:Lib/lvgl/src/widgets/calendar/lv_calendar_header_arrow.c **** 
  50:Lib/lvgl/src/widgets/calendar/lv_calendar_header_arrow.c **** /**********************
  51:Lib/lvgl/src/widgets/calendar/lv_calendar_header_arrow.c ****  *   GLOBAL FUNCTIONS
  52:Lib/lvgl/src/widgets/calendar/lv_calendar_header_arrow.c ****  **********************/
  53:Lib/lvgl/src/widgets/calendar/lv_calendar_header_arrow.c **** 
  54:Lib/lvgl/src/widgets/calendar/lv_calendar_header_arrow.c **** lv_obj_t * lv_calendar_header_arrow_create(lv_obj_t * parent)
  55:Lib/lvgl/src/widgets/calendar/lv_calendar_header_arrow.c **** {
  56:Lib/lvgl/src/widgets/calendar/lv_calendar_header_arrow.c ****     lv_obj_t * obj = lv_obj_class_create_obj(&lv_calendar_header_arrow_class, parent);
  57:Lib/lvgl/src/widgets/calendar/lv_calendar_header_arrow.c ****     lv_obj_class_init_obj(obj);
  58:Lib/lvgl/src/widgets/calendar/lv_calendar_header_arrow.c ****     return obj;
  59:Lib/lvgl/src/widgets/calendar/lv_calendar_header_arrow.c **** }
  60:Lib/lvgl/src/widgets/calendar/lv_calendar_header_arrow.c **** 
  61:Lib/lvgl/src/widgets/calendar/lv_calendar_header_arrow.c **** /**********************
  62:Lib/lvgl/src/widgets/calendar/lv_calendar_header_arrow.c ****  *  STATIC FUNCTIONS
  63:Lib/lvgl/src/widgets/calendar/lv_calendar_header_arrow.c ****  **********************/
  64:Lib/lvgl/src/widgets/calendar/lv_calendar_header_arrow.c **** 
  65:Lib/lvgl/src/widgets/calendar/lv_calendar_header_arrow.c **** static void my_constructor(const lv_obj_class_t * class_p, lv_obj_t * obj)
  66:Lib/lvgl/src/widgets/calendar/lv_calendar_header_arrow.c **** {
  36              		.loc 1 66 1 view -0
  37              		.cfi_startproc
  38              		@ args = 0, pretend = 0, frame = 0
  39              		@ frame_needed = 0, uses_anonymous_args = 0
  40              		.loc 1 66 1 is_stmt 0 view .LVU1
  41 0000 F8B5     		push	{r3, r4, r5, r6, r7, lr}
  42              	.LCFI0:
  43              		.cfi_def_cfa_offset 24
  44              		.cfi_offset 3, -24
  45              		.cfi_offset 4, -20
  46              		.cfi_offset 5, -16
  47              		.cfi_offset 6, -12
  48              		.cfi_offset 7, -8
  49              		.cfi_offset 14, -4
ARM GAS  C:\Users\Alex\AppData\Local\Temp\cc8PfVFA.s 			page 3


  50 0002 0C46     		mov	r4, r1
  67:Lib/lvgl/src/widgets/calendar/lv_calendar_header_arrow.c ****     LV_TRACE_OBJ_CREATE("begin");
  51              		.loc 1 67 33 is_stmt 1 view .LVU2
  68:Lib/lvgl/src/widgets/calendar/lv_calendar_header_arrow.c **** 
  69:Lib/lvgl/src/widgets/calendar/lv_calendar_header_arrow.c ****     LV_UNUSED(class_p);
  52              		.loc 1 69 5 view .LVU3
  70:Lib/lvgl/src/widgets/calendar/lv_calendar_header_arrow.c **** 
  71:Lib/lvgl/src/widgets/calendar/lv_calendar_header_arrow.c ****     lv_obj_move_to_index(obj, 0);
  53              		.loc 1 71 5 view .LVU4
  54 0004 0021     		movs	r1, #0
  55              	.LVL1:
  56              		.loc 1 71 5 is_stmt 0 view .LVU5
  57 0006 2046     		mov	r0, r4
  58              	.LVL2:
  59              		.loc 1 71 5 view .LVU6
  60 0008 FFF7FEFF 		bl	lv_obj_move_to_index
  61              	.LVL3:
  72:Lib/lvgl/src/widgets/calendar/lv_calendar_header_arrow.c **** 
  73:Lib/lvgl/src/widgets/calendar/lv_calendar_header_arrow.c ****     lv_obj_set_flex_flow(obj, LV_FLEX_FLOW_ROW);
  62              		.loc 1 73 5 is_stmt 1 view .LVU7
  63 000c 0021     		movs	r1, #0
  64 000e 2046     		mov	r0, r4
  65 0010 FFF7FEFF 		bl	lv_obj_set_flex_flow
  66              	.LVL4:
  74:Lib/lvgl/src/widgets/calendar/lv_calendar_header_arrow.c ****     lv_obj_set_flex_align(obj, LV_FLEX_ALIGN_START, LV_FLEX_ALIGN_CENTER, LV_FLEX_ALIGN_START);
  67              		.loc 1 74 5 view .LVU8
  68 0014 0023     		movs	r3, #0
  69 0016 0222     		movs	r2, #2
  70 0018 1946     		mov	r1, r3
  71 001a 2046     		mov	r0, r4
  72 001c FFF7FEFF 		bl	lv_obj_set_flex_align
  73              	.LVL5:
  75:Lib/lvgl/src/widgets/calendar/lv_calendar_header_arrow.c **** 
  76:Lib/lvgl/src/widgets/calendar/lv_calendar_header_arrow.c ****     lv_obj_t * mo_prev = lv_button_create(obj);
  74              		.loc 1 76 5 view .LVU9
  75              		.loc 1 76 26 is_stmt 0 view .LVU10
  76 0020 2046     		mov	r0, r4
  77 0022 FFF7FEFF 		bl	lv_button_create
  78              	.LVL6:
  79 0026 0546     		mov	r5, r0
  80              	.LVL7:
  77:Lib/lvgl/src/widgets/calendar/lv_calendar_header_arrow.c ****     lv_obj_set_style_bg_image_src(mo_prev, LV_SYMBOL_LEFT, 0);
  81              		.loc 1 77 5 is_stmt 1 view .LVU11
  82 0028 0022     		movs	r2, #0
  83 002a 2849     		ldr	r1, .L3
  84 002c FFF7FEFF 		bl	lv_obj_set_style_bg_image_src
  85              	.LVL8:
  78:Lib/lvgl/src/widgets/calendar/lv_calendar_header_arrow.c ****     lv_obj_set_height(mo_prev, lv_pct(100));
  86              		.loc 1 78 5 view .LVU12
  87 0030 2749     		ldr	r1, .L3+4
  88 0032 2846     		mov	r0, r5
  89 0034 FFF7FEFF 		bl	lv_obj_set_height
  90              	.LVL9:
  79:Lib/lvgl/src/widgets/calendar/lv_calendar_header_arrow.c ****     lv_obj_update_layout(mo_prev);
  91              		.loc 1 79 5 view .LVU13
  92 0038 2846     		mov	r0, r5
  93 003a FFF7FEFF 		bl	lv_obj_update_layout
ARM GAS  C:\Users\Alex\AppData\Local\Temp\cc8PfVFA.s 			page 4


  94              	.LVL10:
  80:Lib/lvgl/src/widgets/calendar/lv_calendar_header_arrow.c ****     int32_t btn_size = lv_obj_get_height(mo_prev);
  95              		.loc 1 80 5 view .LVU14
  96              		.loc 1 80 24 is_stmt 0 view .LVU15
  97 003e 2846     		mov	r0, r5
  98 0040 FFF7FEFF 		bl	lv_obj_get_height
  99              	.LVL11:
 100 0044 0646     		mov	r6, r0
 101              	.LVL12:
  81:Lib/lvgl/src/widgets/calendar/lv_calendar_header_arrow.c ****     lv_obj_set_width(mo_prev, btn_size);
 102              		.loc 1 81 5 is_stmt 1 view .LVU16
 103 0046 0146     		mov	r1, r0
 104 0048 2846     		mov	r0, r5
 105              	.LVL13:
 106              		.loc 1 81 5 is_stmt 0 view .LVU17
 107 004a FFF7FEFF 		bl	lv_obj_set_width
 108              	.LVL14:
  82:Lib/lvgl/src/widgets/calendar/lv_calendar_header_arrow.c **** 
  83:Lib/lvgl/src/widgets/calendar/lv_calendar_header_arrow.c ****     lv_obj_add_event_cb(mo_prev, month_event_cb, LV_EVENT_CLICKED, NULL);
 109              		.loc 1 83 5 is_stmt 1 view .LVU18
 110 004e 214F     		ldr	r7, .L3+8
 111 0050 0023     		movs	r3, #0
 112 0052 0722     		movs	r2, #7
 113 0054 3946     		mov	r1, r7
 114 0056 2846     		mov	r0, r5
 115 0058 FFF7FEFF 		bl	lv_obj_add_event_cb
 116              	.LVL15:
  84:Lib/lvgl/src/widgets/calendar/lv_calendar_header_arrow.c ****     lv_obj_remove_flag(mo_prev, LV_OBJ_FLAG_CLICK_FOCUSABLE);
 117              		.loc 1 84 5 view .LVU19
 118 005c 0421     		movs	r1, #4
 119 005e 2846     		mov	r0, r5
 120 0060 FFF7FEFF 		bl	lv_obj_remove_flag
 121              	.LVL16:
  85:Lib/lvgl/src/widgets/calendar/lv_calendar_header_arrow.c **** 
  86:Lib/lvgl/src/widgets/calendar/lv_calendar_header_arrow.c ****     lv_obj_t * label = lv_label_create(obj);
 122              		.loc 1 86 5 view .LVU20
 123              		.loc 1 86 24 is_stmt 0 view .LVU21
 124 0064 2046     		mov	r0, r4
 125 0066 FFF7FEFF 		bl	lv_label_create
 126              	.LVL17:
 127 006a 0546     		mov	r5, r0
 128              	.LVL18:
  87:Lib/lvgl/src/widgets/calendar/lv_calendar_header_arrow.c ****     lv_label_set_long_mode(label, LV_LABEL_LONG_SCROLL_CIRCULAR);
 129              		.loc 1 87 5 is_stmt 1 view .LVU22
 130 006c 0321     		movs	r1, #3
 131 006e FFF7FEFF 		bl	lv_label_set_long_mode
 132              	.LVL19:
  88:Lib/lvgl/src/widgets/calendar/lv_calendar_header_arrow.c ****     lv_obj_set_style_text_align(label, LV_TEXT_ALIGN_CENTER, 0);
 133              		.loc 1 88 5 view .LVU23
 134 0072 0022     		movs	r2, #0
 135 0074 0221     		movs	r1, #2
 136 0076 2846     		mov	r0, r5
 137 0078 FFF7FEFF 		bl	lv_obj_set_style_text_align
 138              	.LVL20:
  89:Lib/lvgl/src/widgets/calendar/lv_calendar_header_arrow.c ****     lv_obj_set_flex_grow(label, 1);
 139              		.loc 1 89 5 view .LVU24
 140 007c 0121     		movs	r1, #1
ARM GAS  C:\Users\Alex\AppData\Local\Temp\cc8PfVFA.s 			page 5


 141 007e 2846     		mov	r0, r5
 142 0080 FFF7FEFF 		bl	lv_obj_set_flex_grow
 143              	.LVL21:
  90:Lib/lvgl/src/widgets/calendar/lv_calendar_header_arrow.c **** 
  91:Lib/lvgl/src/widgets/calendar/lv_calendar_header_arrow.c ****     lv_obj_t * mo_next = lv_button_create(obj);
 144              		.loc 1 91 5 view .LVU25
 145              		.loc 1 91 26 is_stmt 0 view .LVU26
 146 0084 2046     		mov	r0, r4
 147 0086 FFF7FEFF 		bl	lv_button_create
 148              	.LVL22:
 149 008a 0546     		mov	r5, r0
 150              	.LVL23:
  92:Lib/lvgl/src/widgets/calendar/lv_calendar_header_arrow.c ****     lv_obj_set_style_bg_image_src(mo_next, LV_SYMBOL_RIGHT, 0);
 151              		.loc 1 92 5 is_stmt 1 view .LVU27
 152 008c 0022     		movs	r2, #0
 153 008e 1249     		ldr	r1, .L3+12
 154 0090 FFF7FEFF 		bl	lv_obj_set_style_bg_image_src
 155              	.LVL24:
  93:Lib/lvgl/src/widgets/calendar/lv_calendar_header_arrow.c ****     lv_obj_set_size(mo_next, btn_size, btn_size);
 156              		.loc 1 93 5 view .LVU28
 157 0094 3246     		mov	r2, r6
 158 0096 3146     		mov	r1, r6
 159 0098 2846     		mov	r0, r5
 160 009a FFF7FEFF 		bl	lv_obj_set_size
 161              	.LVL25:
  94:Lib/lvgl/src/widgets/calendar/lv_calendar_header_arrow.c **** 
  95:Lib/lvgl/src/widgets/calendar/lv_calendar_header_arrow.c ****     lv_obj_add_event_cb(mo_next, month_event_cb, LV_EVENT_CLICKED, NULL);
 162              		.loc 1 95 5 view .LVU29
 163 009e 0023     		movs	r3, #0
 164 00a0 0722     		movs	r2, #7
 165 00a2 3946     		mov	r1, r7
 166 00a4 2846     		mov	r0, r5
 167 00a6 FFF7FEFF 		bl	lv_obj_add_event_cb
 168              	.LVL26:
  96:Lib/lvgl/src/widgets/calendar/lv_calendar_header_arrow.c ****     lv_obj_remove_flag(mo_next, LV_OBJ_FLAG_CLICK_FOCUSABLE);
 169              		.loc 1 96 5 view .LVU30
 170 00aa 0421     		movs	r1, #4
 171 00ac 2846     		mov	r0, r5
 172 00ae FFF7FEFF 		bl	lv_obj_remove_flag
 173              	.LVL27:
  97:Lib/lvgl/src/widgets/calendar/lv_calendar_header_arrow.c **** 
  98:Lib/lvgl/src/widgets/calendar/lv_calendar_header_arrow.c ****     lv_obj_add_event_cb(obj, value_changed_event_cb, LV_EVENT_VALUE_CHANGED, NULL);
 174              		.loc 1 98 5 view .LVU31
 175 00b2 0023     		movs	r3, #0
 176 00b4 1D22     		movs	r2, #29
 177 00b6 0949     		ldr	r1, .L3+16
 178 00b8 2046     		mov	r0, r4
 179 00ba FFF7FEFF 		bl	lv_obj_add_event_cb
 180              	.LVL28:
  99:Lib/lvgl/src/widgets/calendar/lv_calendar_header_arrow.c ****     /*Refresh the drop downs*/
 100:Lib/lvgl/src/widgets/calendar/lv_calendar_header_arrow.c ****     lv_obj_send_event(obj, LV_EVENT_VALUE_CHANGED, NULL);
 181              		.loc 1 100 5 view .LVU32
 182 00be 0022     		movs	r2, #0
 183 00c0 1D21     		movs	r1, #29
 184 00c2 2046     		mov	r0, r4
 185 00c4 FFF7FEFF 		bl	lv_obj_send_event
 186              	.LVL29:
ARM GAS  C:\Users\Alex\AppData\Local\Temp\cc8PfVFA.s 			page 6


 101:Lib/lvgl/src/widgets/calendar/lv_calendar_header_arrow.c **** }
 187              		.loc 1 101 1 is_stmt 0 view .LVU33
 188 00c8 F8BD     		pop	{r3, r4, r5, r6, r7, pc}
 189              	.LVL30:
 190              	.L4:
 191              		.loc 1 101 1 view .LVU34
 192 00ca 00BF     		.align	2
 193              	.L3:
 194 00cc 00000000 		.word	.LC0
 195 00d0 64000020 		.word	536871012
 196 00d4 00000000 		.word	month_event_cb
 197 00d8 04000000 		.word	.LC1
 198 00dc 00000000 		.word	value_changed_event_cb
 199              		.cfi_endproc
 200              	.LFE234:
 202              		.section	.rodata.value_changed_event_cb.str1.4,"aMS",%progbits,1
 203              		.align	2
 204              	.LC2:
 205 0000 25642025 		.ascii	"%d %s\000"
 205      7300
 206              		.section	.text.value_changed_event_cb,"ax",%progbits
 207              		.align	1
 208              		.syntax unified
 209              		.thumb
 210              		.thumb_func
 212              	value_changed_event_cb:
 213              	.LVL31:
 214              	.LFB236:
 102:Lib/lvgl/src/widgets/calendar/lv_calendar_header_arrow.c **** 
 103:Lib/lvgl/src/widgets/calendar/lv_calendar_header_arrow.c **** static void month_event_cb(lv_event_t * e)
 104:Lib/lvgl/src/widgets/calendar/lv_calendar_header_arrow.c **** {
 105:Lib/lvgl/src/widgets/calendar/lv_calendar_header_arrow.c ****     lv_obj_t * btn = lv_event_get_current_target(e);
 106:Lib/lvgl/src/widgets/calendar/lv_calendar_header_arrow.c **** 
 107:Lib/lvgl/src/widgets/calendar/lv_calendar_header_arrow.c ****     lv_obj_t * header = lv_obj_get_parent(btn);
 108:Lib/lvgl/src/widgets/calendar/lv_calendar_header_arrow.c ****     lv_obj_t * calendar = lv_obj_get_parent(header);
 109:Lib/lvgl/src/widgets/calendar/lv_calendar_header_arrow.c **** 
 110:Lib/lvgl/src/widgets/calendar/lv_calendar_header_arrow.c ****     const lv_calendar_date_t * d;
 111:Lib/lvgl/src/widgets/calendar/lv_calendar_header_arrow.c ****     d = lv_calendar_get_showed_date(calendar);
 112:Lib/lvgl/src/widgets/calendar/lv_calendar_header_arrow.c ****     lv_calendar_date_t newd = *d;
 113:Lib/lvgl/src/widgets/calendar/lv_calendar_header_arrow.c **** 
 114:Lib/lvgl/src/widgets/calendar/lv_calendar_header_arrow.c ****     /*The last child is the right button*/
 115:Lib/lvgl/src/widgets/calendar/lv_calendar_header_arrow.c ****     if(lv_obj_get_child(header, 0) == btn) {
 116:Lib/lvgl/src/widgets/calendar/lv_calendar_header_arrow.c ****         if(newd.month == 1) {
 117:Lib/lvgl/src/widgets/calendar/lv_calendar_header_arrow.c ****             newd.month = 12;
 118:Lib/lvgl/src/widgets/calendar/lv_calendar_header_arrow.c ****             newd.year --;
 119:Lib/lvgl/src/widgets/calendar/lv_calendar_header_arrow.c ****         }
 120:Lib/lvgl/src/widgets/calendar/lv_calendar_header_arrow.c ****         else {
 121:Lib/lvgl/src/widgets/calendar/lv_calendar_header_arrow.c ****             newd.month --;
 122:Lib/lvgl/src/widgets/calendar/lv_calendar_header_arrow.c ****         }
 123:Lib/lvgl/src/widgets/calendar/lv_calendar_header_arrow.c ****     }
 124:Lib/lvgl/src/widgets/calendar/lv_calendar_header_arrow.c ****     else {
 125:Lib/lvgl/src/widgets/calendar/lv_calendar_header_arrow.c ****         if(newd.month == 12) {
 126:Lib/lvgl/src/widgets/calendar/lv_calendar_header_arrow.c ****             newd.month = 1;
 127:Lib/lvgl/src/widgets/calendar/lv_calendar_header_arrow.c ****             newd.year ++;
 128:Lib/lvgl/src/widgets/calendar/lv_calendar_header_arrow.c ****         }
 129:Lib/lvgl/src/widgets/calendar/lv_calendar_header_arrow.c ****         else {
 130:Lib/lvgl/src/widgets/calendar/lv_calendar_header_arrow.c ****             newd.month ++;
ARM GAS  C:\Users\Alex\AppData\Local\Temp\cc8PfVFA.s 			page 7


 131:Lib/lvgl/src/widgets/calendar/lv_calendar_header_arrow.c ****         }
 132:Lib/lvgl/src/widgets/calendar/lv_calendar_header_arrow.c ****     }
 133:Lib/lvgl/src/widgets/calendar/lv_calendar_header_arrow.c **** 
 134:Lib/lvgl/src/widgets/calendar/lv_calendar_header_arrow.c ****     lv_calendar_set_showed_date(calendar, newd.year, newd.month);
 135:Lib/lvgl/src/widgets/calendar/lv_calendar_header_arrow.c **** 
 136:Lib/lvgl/src/widgets/calendar/lv_calendar_header_arrow.c ****     lv_obj_t * label = lv_obj_get_child(header, 1);
 137:Lib/lvgl/src/widgets/calendar/lv_calendar_header_arrow.c ****     lv_label_set_text_fmt(label, "%d %s", newd.year, month_names_def[newd.month - 1]);
 138:Lib/lvgl/src/widgets/calendar/lv_calendar_header_arrow.c **** }
 139:Lib/lvgl/src/widgets/calendar/lv_calendar_header_arrow.c **** 
 140:Lib/lvgl/src/widgets/calendar/lv_calendar_header_arrow.c **** static void value_changed_event_cb(lv_event_t * e)
 141:Lib/lvgl/src/widgets/calendar/lv_calendar_header_arrow.c **** {
 215              		.loc 1 141 1 is_stmt 1 view -0
 216              		.cfi_startproc
 217              		@ args = 0, pretend = 0, frame = 0
 218              		@ frame_needed = 0, uses_anonymous_args = 0
 219              		.loc 1 141 1 is_stmt 0 view .LVU36
 220 0000 38B5     		push	{r3, r4, r5, lr}
 221              	.LCFI1:
 222              		.cfi_def_cfa_offset 16
 223              		.cfi_offset 3, -16
 224              		.cfi_offset 4, -12
 225              		.cfi_offset 5, -8
 226              		.cfi_offset 14, -4
 142:Lib/lvgl/src/widgets/calendar/lv_calendar_header_arrow.c ****     lv_obj_t * header = lv_event_get_current_target(e);
 227              		.loc 1 142 5 is_stmt 1 view .LVU37
 228              		.loc 1 142 25 is_stmt 0 view .LVU38
 229 0002 FFF7FEFF 		bl	lv_event_get_current_target
 230              	.LVL32:
 231              		.loc 1 142 25 view .LVU39
 232 0006 0546     		mov	r5, r0
 233              	.LVL33:
 143:Lib/lvgl/src/widgets/calendar/lv_calendar_header_arrow.c ****     lv_obj_t * calendar = lv_obj_get_parent(header);
 234              		.loc 1 143 5 is_stmt 1 view .LVU40
 235              		.loc 1 143 27 is_stmt 0 view .LVU41
 236 0008 FFF7FEFF 		bl	lv_obj_get_parent
 237              	.LVL34:
 144:Lib/lvgl/src/widgets/calendar/lv_calendar_header_arrow.c **** 
 145:Lib/lvgl/src/widgets/calendar/lv_calendar_header_arrow.c ****     const lv_calendar_date_t * cur_date = lv_calendar_get_showed_date(calendar);
 238              		.loc 1 145 5 is_stmt 1 view .LVU42
 239              		.loc 1 145 43 is_stmt 0 view .LVU43
 240 000c FFF7FEFF 		bl	lv_calendar_get_showed_date
 241              	.LVL35:
 242              		.loc 1 145 43 view .LVU44
 243 0010 0446     		mov	r4, r0
 244              	.LVL36:
 146:Lib/lvgl/src/widgets/calendar/lv_calendar_header_arrow.c ****     lv_obj_t * label = lv_obj_get_child(header, 1);
 245              		.loc 1 146 5 is_stmt 1 view .LVU45
 246              		.loc 1 146 24 is_stmt 0 view .LVU46
 247 0012 0121     		movs	r1, #1
 248 0014 2846     		mov	r0, r5
 249              	.LVL37:
 250              		.loc 1 146 24 view .LVU47
 251 0016 FFF7FEFF 		bl	lv_obj_get_child
 252              	.LVL38:
 147:Lib/lvgl/src/widgets/calendar/lv_calendar_header_arrow.c ****     lv_label_set_text_fmt(label, "%d %s", cur_date->year, month_names_def[cur_date->month - 1]);
 253              		.loc 1 147 5 is_stmt 1 view .LVU48
 254              		.loc 1 147 83 is_stmt 0 view .LVU49
ARM GAS  C:\Users\Alex\AppData\Local\Temp\cc8PfVFA.s 			page 8


 255 001a 94F90230 		ldrsb	r3, [r4, #2]
 256              		.loc 1 147 91 view .LVU50
 257 001e 013B     		subs	r3, r3, #1
 258              		.loc 1 147 5 view .LVU51
 259 0020 034A     		ldr	r2, .L7
 260 0022 52F82330 		ldr	r3, [r2, r3, lsl #2]
 261 0026 2288     		ldrh	r2, [r4]
 262 0028 0249     		ldr	r1, .L7+4
 263 002a FFF7FEFF 		bl	lv_label_set_text_fmt
 264              	.LVL39:
 148:Lib/lvgl/src/widgets/calendar/lv_calendar_header_arrow.c **** }
 265              		.loc 1 148 1 view .LVU52
 266 002e 38BD     		pop	{r3, r4, r5, pc}
 267              	.LVL40:
 268              	.L8:
 269              		.loc 1 148 1 view .LVU53
 270              		.align	2
 271              	.L7:
 272 0030 00000000 		.word	month_names_def
 273 0034 00000000 		.word	.LC2
 274              		.cfi_endproc
 275              	.LFE236:
 277              		.section	.text.month_event_cb,"ax",%progbits
 278              		.align	1
 279              		.syntax unified
 280              		.thumb
 281              		.thumb_func
 283              	month_event_cb:
 284              	.LVL41:
 285              	.LFB235:
 104:Lib/lvgl/src/widgets/calendar/lv_calendar_header_arrow.c ****     lv_obj_t * btn = lv_event_get_current_target(e);
 286              		.loc 1 104 1 is_stmt 1 view -0
 287              		.cfi_startproc
 288              		@ args = 0, pretend = 0, frame = 8
 289              		@ frame_needed = 0, uses_anonymous_args = 0
 104:Lib/lvgl/src/widgets/calendar/lv_calendar_header_arrow.c ****     lv_obj_t * btn = lv_event_get_current_target(e);
 290              		.loc 1 104 1 is_stmt 0 view .LVU55
 291 0000 F0B5     		push	{r4, r5, r6, r7, lr}
 292              	.LCFI2:
 293              		.cfi_def_cfa_offset 20
 294              		.cfi_offset 4, -20
 295              		.cfi_offset 5, -16
 296              		.cfi_offset 6, -12
 297              		.cfi_offset 7, -8
 298              		.cfi_offset 14, -4
 299 0002 83B0     		sub	sp, sp, #12
 300              	.LCFI3:
 301              		.cfi_def_cfa_offset 32
 105:Lib/lvgl/src/widgets/calendar/lv_calendar_header_arrow.c **** 
 302              		.loc 1 105 5 is_stmt 1 view .LVU56
 105:Lib/lvgl/src/widgets/calendar/lv_calendar_header_arrow.c **** 
 303              		.loc 1 105 22 is_stmt 0 view .LVU57
 304 0004 FFF7FEFF 		bl	lv_event_get_current_target
 305              	.LVL42:
 105:Lib/lvgl/src/widgets/calendar/lv_calendar_header_arrow.c **** 
 306              		.loc 1 105 22 view .LVU58
 307 0008 0446     		mov	r4, r0
ARM GAS  C:\Users\Alex\AppData\Local\Temp\cc8PfVFA.s 			page 9


 308              	.LVL43:
 107:Lib/lvgl/src/widgets/calendar/lv_calendar_header_arrow.c ****     lv_obj_t * calendar = lv_obj_get_parent(header);
 309              		.loc 1 107 5 is_stmt 1 view .LVU59
 107:Lib/lvgl/src/widgets/calendar/lv_calendar_header_arrow.c ****     lv_obj_t * calendar = lv_obj_get_parent(header);
 310              		.loc 1 107 25 is_stmt 0 view .LVU60
 311 000a FFF7FEFF 		bl	lv_obj_get_parent
 312              	.LVL44:
 107:Lib/lvgl/src/widgets/calendar/lv_calendar_header_arrow.c ****     lv_obj_t * calendar = lv_obj_get_parent(header);
 313              		.loc 1 107 25 view .LVU61
 314 000e 0546     		mov	r5, r0
 315              	.LVL45:
 108:Lib/lvgl/src/widgets/calendar/lv_calendar_header_arrow.c **** 
 316              		.loc 1 108 5 is_stmt 1 view .LVU62
 108:Lib/lvgl/src/widgets/calendar/lv_calendar_header_arrow.c **** 
 317              		.loc 1 108 27 is_stmt 0 view .LVU63
 318 0010 FFF7FEFF 		bl	lv_obj_get_parent
 319              	.LVL46:
 108:Lib/lvgl/src/widgets/calendar/lv_calendar_header_arrow.c **** 
 320              		.loc 1 108 27 view .LVU64
 321 0014 0646     		mov	r6, r0
 322              	.LVL47:
 110:Lib/lvgl/src/widgets/calendar/lv_calendar_header_arrow.c ****     d = lv_calendar_get_showed_date(calendar);
 323              		.loc 1 110 5 is_stmt 1 view .LVU65
 111:Lib/lvgl/src/widgets/calendar/lv_calendar_header_arrow.c ****     lv_calendar_date_t newd = *d;
 324              		.loc 1 111 5 view .LVU66
 111:Lib/lvgl/src/widgets/calendar/lv_calendar_header_arrow.c ****     lv_calendar_date_t newd = *d;
 325              		.loc 1 111 9 is_stmt 0 view .LVU67
 326 0016 FFF7FEFF 		bl	lv_calendar_get_showed_date
 327              	.LVL48:
 112:Lib/lvgl/src/widgets/calendar/lv_calendar_header_arrow.c **** 
 328              		.loc 1 112 5 is_stmt 1 view .LVU68
 112:Lib/lvgl/src/widgets/calendar/lv_calendar_header_arrow.c **** 
 329              		.loc 1 112 24 is_stmt 0 view .LVU69
 330 001a 0068     		ldr	r0, [r0]	@ unaligned
 331              	.LVL49:
 112:Lib/lvgl/src/widgets/calendar/lv_calendar_header_arrow.c **** 
 332              		.loc 1 112 24 view .LVU70
 333 001c 0190     		str	r0, [sp, #4]
 115:Lib/lvgl/src/widgets/calendar/lv_calendar_header_arrow.c ****         if(newd.month == 1) {
 334              		.loc 1 115 5 is_stmt 1 view .LVU71
 115:Lib/lvgl/src/widgets/calendar/lv_calendar_header_arrow.c ****         if(newd.month == 1) {
 335              		.loc 1 115 8 is_stmt 0 view .LVU72
 336 001e 0021     		movs	r1, #0
 337 0020 2846     		mov	r0, r5
 338 0022 FFF7FEFF 		bl	lv_obj_get_child
 339              	.LVL50:
 115:Lib/lvgl/src/widgets/calendar/lv_calendar_header_arrow.c ****         if(newd.month == 1) {
 340              		.loc 1 115 7 view .LVU73
 341 0026 8442     		cmp	r4, r0
 342 0028 1DD0     		beq	.L15
 125:Lib/lvgl/src/widgets/calendar/lv_calendar_header_arrow.c ****             newd.month = 1;
 343              		.loc 1 125 9 is_stmt 1 view .LVU74
 125:Lib/lvgl/src/widgets/calendar/lv_calendar_header_arrow.c ****             newd.month = 1;
 344              		.loc 1 125 16 is_stmt 0 view .LVU75
 345 002a 9DF90630 		ldrsb	r3, [sp, #6]
 125:Lib/lvgl/src/widgets/calendar/lv_calendar_header_arrow.c ****             newd.month = 1;
 346              		.loc 1 125 11 view .LVU76
ARM GAS  C:\Users\Alex\AppData\Local\Temp\cc8PfVFA.s 			page 10


 347 002e 0C2B     		cmp	r3, #12
 348 0030 2AD0     		beq	.L16
 130:Lib/lvgl/src/widgets/calendar/lv_calendar_header_arrow.c ****         }
 349              		.loc 1 130 13 is_stmt 1 view .LVU77
 130:Lib/lvgl/src/widgets/calendar/lv_calendar_header_arrow.c ****         }
 350              		.loc 1 130 24 is_stmt 0 view .LVU78
 351 0032 0133     		adds	r3, r3, #1
 352 0034 8DF80630 		strb	r3, [sp, #6]
 353              	.L12:
 134:Lib/lvgl/src/widgets/calendar/lv_calendar_header_arrow.c **** 
 354              		.loc 1 134 5 is_stmt 1 view .LVU79
 134:Lib/lvgl/src/widgets/calendar/lv_calendar_header_arrow.c **** 
 355              		.loc 1 134 47 is_stmt 0 view .LVU80
 356 0038 BDF80470 		ldrh	r7, [sp, #4]
 134:Lib/lvgl/src/widgets/calendar/lv_calendar_header_arrow.c **** 
 357              		.loc 1 134 58 view .LVU81
 358 003c 9DF90640 		ldrsb	r4, [sp, #6]
 359              	.LVL51:
 134:Lib/lvgl/src/widgets/calendar/lv_calendar_header_arrow.c **** 
 360              		.loc 1 134 5 view .LVU82
 361 0040 2246     		mov	r2, r4
 362 0042 3946     		mov	r1, r7
 363 0044 3046     		mov	r0, r6
 364 0046 FFF7FEFF 		bl	lv_calendar_set_showed_date
 365              	.LVL52:
 136:Lib/lvgl/src/widgets/calendar/lv_calendar_header_arrow.c ****     lv_label_set_text_fmt(label, "%d %s", newd.year, month_names_def[newd.month - 1]);
 366              		.loc 1 136 5 is_stmt 1 view .LVU83
 136:Lib/lvgl/src/widgets/calendar/lv_calendar_header_arrow.c ****     lv_label_set_text_fmt(label, "%d %s", newd.year, month_names_def[newd.month - 1]);
 367              		.loc 1 136 24 is_stmt 0 view .LVU84
 368 004a 0121     		movs	r1, #1
 369 004c 2846     		mov	r0, r5
 370 004e FFF7FEFF 		bl	lv_obj_get_child
 371              	.LVL53:
 137:Lib/lvgl/src/widgets/calendar/lv_calendar_header_arrow.c **** }
 372              		.loc 1 137 5 is_stmt 1 view .LVU85
 137:Lib/lvgl/src/widgets/calendar/lv_calendar_header_arrow.c **** }
 373              		.loc 1 137 81 is_stmt 0 view .LVU86
 374 0052 013C     		subs	r4, r4, #1
 137:Lib/lvgl/src/widgets/calendar/lv_calendar_header_arrow.c **** }
 375              		.loc 1 137 5 view .LVU87
 376 0054 114B     		ldr	r3, .L18
 377 0056 53F82430 		ldr	r3, [r3, r4, lsl #2]
 378 005a 3A46     		mov	r2, r7
 379 005c 1049     		ldr	r1, .L18+4
 380 005e FFF7FEFF 		bl	lv_label_set_text_fmt
 381              	.LVL54:
 138:Lib/lvgl/src/widgets/calendar/lv_calendar_header_arrow.c **** 
 382              		.loc 1 138 1 view .LVU88
 383 0062 03B0     		add	sp, sp, #12
 384              	.LCFI4:
 385              		.cfi_remember_state
 386              		.cfi_def_cfa_offset 20
 387              		@ sp needed
 388 0064 F0BD     		pop	{r4, r5, r6, r7, pc}
 389              	.LVL55:
 390              	.L15:
 391              	.LCFI5:
ARM GAS  C:\Users\Alex\AppData\Local\Temp\cc8PfVFA.s 			page 11


 392              		.cfi_restore_state
 116:Lib/lvgl/src/widgets/calendar/lv_calendar_header_arrow.c ****             newd.month = 12;
 393              		.loc 1 116 9 is_stmt 1 view .LVU89
 116:Lib/lvgl/src/widgets/calendar/lv_calendar_header_arrow.c ****             newd.month = 12;
 394              		.loc 1 116 16 is_stmt 0 view .LVU90
 395 0066 9DF90630 		ldrsb	r3, [sp, #6]
 116:Lib/lvgl/src/widgets/calendar/lv_calendar_header_arrow.c ****             newd.month = 12;
 396              		.loc 1 116 11 view .LVU91
 397 006a 012B     		cmp	r3, #1
 398 006c 03D0     		beq	.L17
 121:Lib/lvgl/src/widgets/calendar/lv_calendar_header_arrow.c ****         }
 399              		.loc 1 121 13 is_stmt 1 view .LVU92
 121:Lib/lvgl/src/widgets/calendar/lv_calendar_header_arrow.c ****         }
 400              		.loc 1 121 24 is_stmt 0 view .LVU93
 401 006e 013B     		subs	r3, r3, #1
 402 0070 8DF80630 		strb	r3, [sp, #6]
 403 0074 E0E7     		b	.L12
 404              	.L17:
 117:Lib/lvgl/src/widgets/calendar/lv_calendar_header_arrow.c ****             newd.year --;
 405              		.loc 1 117 13 is_stmt 1 view .LVU94
 117:Lib/lvgl/src/widgets/calendar/lv_calendar_header_arrow.c ****             newd.year --;
 406              		.loc 1 117 24 is_stmt 0 view .LVU95
 407 0076 0C23     		movs	r3, #12
 408 0078 8DF80630 		strb	r3, [sp, #6]
 118:Lib/lvgl/src/widgets/calendar/lv_calendar_header_arrow.c ****         }
 409              		.loc 1 118 13 is_stmt 1 view .LVU96
 118:Lib/lvgl/src/widgets/calendar/lv_calendar_header_arrow.c ****         }
 410              		.loc 1 118 17 is_stmt 0 view .LVU97
 411 007c BDF80430 		ldrh	r3, [sp, #4]
 118:Lib/lvgl/src/widgets/calendar/lv_calendar_header_arrow.c ****         }
 412              		.loc 1 118 23 view .LVU98
 413 0080 013B     		subs	r3, r3, #1
 414 0082 ADF80430 		strh	r3, [sp, #4]	@ movhi
 415 0086 D7E7     		b	.L12
 416              	.L16:
 126:Lib/lvgl/src/widgets/calendar/lv_calendar_header_arrow.c ****             newd.year ++;
 417              		.loc 1 126 13 is_stmt 1 view .LVU99
 126:Lib/lvgl/src/widgets/calendar/lv_calendar_header_arrow.c ****             newd.year ++;
 418              		.loc 1 126 24 is_stmt 0 view .LVU100
 419 0088 0123     		movs	r3, #1
 420 008a 8DF80630 		strb	r3, [sp, #6]
 127:Lib/lvgl/src/widgets/calendar/lv_calendar_header_arrow.c ****         }
 421              		.loc 1 127 13 is_stmt 1 view .LVU101
 127:Lib/lvgl/src/widgets/calendar/lv_calendar_header_arrow.c ****         }
 422              		.loc 1 127 17 is_stmt 0 view .LVU102
 423 008e BDF80430 		ldrh	r3, [sp, #4]
 127:Lib/lvgl/src/widgets/calendar/lv_calendar_header_arrow.c ****         }
 424              		.loc 1 127 23 view .LVU103
 425 0092 0133     		adds	r3, r3, #1
 426 0094 ADF80430 		strh	r3, [sp, #4]	@ movhi
 427 0098 CEE7     		b	.L12
 428              	.L19:
 429 009a 00BF     		.align	2
 430              	.L18:
 431 009c 00000000 		.word	month_names_def
 432 00a0 00000000 		.word	.LC2
 433              		.cfi_endproc
ARM GAS  C:\Users\Alex\AppData\Local\Temp\cc8PfVFA.s 			page 12


 434              	.LFE235:
 436              		.section	.text.lv_calendar_header_arrow_create,"ax",%progbits
 437              		.align	1
 438              		.global	lv_calendar_header_arrow_create
 439              		.syntax unified
 440              		.thumb
 441              		.thumb_func
 443              	lv_calendar_header_arrow_create:
 444              	.LVL56:
 445              	.LFB233:
  55:Lib/lvgl/src/widgets/calendar/lv_calendar_header_arrow.c ****     lv_obj_t * obj = lv_obj_class_create_obj(&lv_calendar_header_arrow_class, parent);
 446              		.loc 1 55 1 is_stmt 1 view -0
 447              		.cfi_startproc
 448              		@ args = 0, pretend = 0, frame = 0
 449              		@ frame_needed = 0, uses_anonymous_args = 0
  55:Lib/lvgl/src/widgets/calendar/lv_calendar_header_arrow.c ****     lv_obj_t * obj = lv_obj_class_create_obj(&lv_calendar_header_arrow_class, parent);
 450              		.loc 1 55 1 is_stmt 0 view .LVU105
 451 0000 10B5     		push	{r4, lr}
 452              	.LCFI6:
 453              		.cfi_def_cfa_offset 8
 454              		.cfi_offset 4, -8
 455              		.cfi_offset 14, -4
 456 0002 0146     		mov	r1, r0
  56:Lib/lvgl/src/widgets/calendar/lv_calendar_header_arrow.c ****     lv_obj_class_init_obj(obj);
 457              		.loc 1 56 5 is_stmt 1 view .LVU106
  56:Lib/lvgl/src/widgets/calendar/lv_calendar_header_arrow.c ****     lv_obj_class_init_obj(obj);
 458              		.loc 1 56 22 is_stmt 0 view .LVU107
 459 0004 0348     		ldr	r0, .L22
 460              	.LVL57:
  56:Lib/lvgl/src/widgets/calendar/lv_calendar_header_arrow.c ****     lv_obj_class_init_obj(obj);
 461              		.loc 1 56 22 view .LVU108
 462 0006 FFF7FEFF 		bl	lv_obj_class_create_obj
 463              	.LVL58:
  56:Lib/lvgl/src/widgets/calendar/lv_calendar_header_arrow.c ****     lv_obj_class_init_obj(obj);
 464              		.loc 1 56 22 view .LVU109
 465 000a 0446     		mov	r4, r0
 466              	.LVL59:
  57:Lib/lvgl/src/widgets/calendar/lv_calendar_header_arrow.c ****     return obj;
 467              		.loc 1 57 5 is_stmt 1 view .LVU110
 468 000c FFF7FEFF 		bl	lv_obj_class_init_obj
 469              	.LVL60:
  58:Lib/lvgl/src/widgets/calendar/lv_calendar_header_arrow.c **** }
 470              		.loc 1 58 5 view .LVU111
  59:Lib/lvgl/src/widgets/calendar/lv_calendar_header_arrow.c **** 
 471              		.loc 1 59 1 is_stmt 0 view .LVU112
 472 0010 2046     		mov	r0, r4
 473 0012 10BD     		pop	{r4, pc}
 474              	.LVL61:
 475              	.L23:
  59:Lib/lvgl/src/widgets/calendar/lv_calendar_header_arrow.c **** 
 476              		.loc 1 59 1 view .LVU113
 477              		.align	2
 478              	.L22:
 479 0014 00000000 		.word	lv_calendar_header_arrow_class
 480              		.cfi_endproc
 481              	.LFE233:
 483              		.section	.rodata.str1.4,"aMS",%progbits,1
ARM GAS  C:\Users\Alex\AppData\Local\Temp\cc8PfVFA.s 			page 13


 484              		.align	2
 485              	.LC3:
 486 0000 4A616E75 		.ascii	"January\000"
 486      61727900 
 487              		.align	2
 488              	.LC4:
 489 0008 46656272 		.ascii	"February\000"
 489      75617279 
 489      00
 490 0011 000000   		.align	2
 491              	.LC5:
 492 0014 4D617263 		.ascii	"March\000"
 492      6800
 493 001a 0000     		.align	2
 494              	.LC6:
 495 001c 41707269 		.ascii	"April\000"
 495      6C00
 496 0022 0000     		.align	2
 497              	.LC7:
 498 0024 4D617900 		.ascii	"May\000"
 499              		.align	2
 500              	.LC8:
 501 0028 4A756E65 		.ascii	"June\000"
 501      00
 502 002d 000000   		.align	2
 503              	.LC9:
 504 0030 4A756C79 		.ascii	"July\000"
 504      00
 505 0035 000000   		.align	2
 506              	.LC10:
 507 0038 41756775 		.ascii	"August\000"
 507      737400
 508 003f 00       		.align	2
 509              	.LC11:
 510 0040 53657074 		.ascii	"September\000"
 510      656D6265 
 510      7200
 511 004a 0000     		.align	2
 512              	.LC12:
 513 004c 4F63746F 		.ascii	"October\000"
 513      62657200 
 514              		.align	2
 515              	.LC13:
 516 0054 4E6F7665 		.ascii	"November\000"
 516      6D626572 
 516      00
 517 005d 000000   		.align	2
 518              	.LC14:
 519 0060 44656365 		.ascii	"December\000"
 519      6D626572 
 519      00
 520              		.section	.rodata.month_names_def,"a"
 521              		.align	2
 524              	month_names_def:
 525 0000 00000000 		.word	.LC3
 526 0004 08000000 		.word	.LC4
 527 0008 14000000 		.word	.LC5
ARM GAS  C:\Users\Alex\AppData\Local\Temp\cc8PfVFA.s 			page 14


 528 000c 1C000000 		.word	.LC6
 529 0010 24000000 		.word	.LC7
 530 0014 28000000 		.word	.LC8
 531 0018 30000000 		.word	.LC9
 532 001c 38000000 		.word	.LC10
 533 0020 40000000 		.word	.LC11
 534 0024 4C000000 		.word	.LC12
 535 0028 54000000 		.word	.LC13
 536 002c 60000000 		.word	.LC14
 537              		.global	lv_calendar_header_arrow_class
 538              		.section	.rodata.str1.4
 539 0069 000000   		.align	2
 540              	.LC15:
 541 006c 63616C65 		.ascii	"calendar-header-arrow\000"
 541      6E646172 
 541      2D686561 
 541      6465722D 
 541      6172726F 
 542              		.section	.rodata.lv_calendar_header_arrow_class,"a"
 543              		.align	2
 546              	lv_calendar_header_arrow_class:
 547 0000 00000000 		.word	lv_obj_class
 548 0004 00000000 		.word	my_constructor
 549 0008 00000000 		.space	12
 549      00000000 
 549      00000000 
 550 0014 6C000000 		.word	.LC15
 551 0018 64000020 		.word	536871012
 552 001c 2B000000 		.word	43
 553 0020 00000000 		.space	4
 554              		.text
 555              	.Letext0:
 556              		.file 2 "e:\\programms\\gnu_mcu_eclipse\\toolchain\\arm-gnu-toolchain-12.2.mpacbti-bet1-mingw-w64-
 557              		.file 3 "e:\\programms\\gnu_mcu_eclipse\\toolchain\\arm-gnu-toolchain-12.2.mpacbti-bet1-mingw-w64-
 558              		.file 4 "Lib/lvgl/src/widgets/calendar/../../core/../misc/lv_types.h"
 559              		.file 5 "Lib/lvgl/src/widgets/calendar/../../core/lv_obj.h"
 560              		.file 6 "Lib/lvgl/src/widgets/calendar/../../core/lv_obj_class.h"
 561              		.file 7 "Lib/lvgl/src/widgets/calendar/../../core/../indev/../core/lv_group.h"
 562              		.file 8 "Lib/lvgl/src/widgets/calendar/../../core/../display/../misc/lv_event.h"
 563              		.file 9 "c:\\users\\alex\\eclipse-workspace\\lvgs_test\\lib\\lvgl\\src\\misc\\lv_area.h"
 564              		.file 10 "Lib/lvgl/src/widgets/calendar/../../core/../misc/lv_ll.h"
 565              		.file 11 "Lib/lvgl/src/widgets/calendar/../../core/../misc/lv_text.h"
 566              		.file 12 "Lib/lvgl/src/widgets/calendar/../../core/../misc/../layouts/flex/lv_flex.h"
 567              		.file 13 "Lib/lvgl/src/widgets/calendar/../../core/../misc/lv_style.h"
 568              		.file 14 "Lib/lvgl/src/widgets/calendar/../../core/../display/../misc/lv_array.h"
 569              		.file 15 "Lib/lvgl/src/widgets/calendar/../../core/lv_obj_style.h"
 570              		.file 16 "Lib/lvgl/src/widgets/calendar/lv_calendar_header_arrow.h"
 571              		.file 17 "Lib/lvgl/src/widgets/calendar/lv_calendar.h"
 572              		.file 18 "Lib/lvgl/src/widgets/calendar/../label/lv_label.h"
 573              		.file 19 "Lib/lvgl/src/widgets/calendar/../../core/lv_obj_tree.h"
 574              		.file 20 "Lib/lvgl/src/widgets/calendar/../../core/lv_obj_event.h"
 575              		.file 21 "Lib/lvgl/src/widgets/calendar/../../core/lv_obj_pos.h"
 576              		.file 22 "Lib/lvgl/src/widgets/calendar/../../core/lv_obj_style_gen.h"
 577              		.file 23 "Lib/lvgl/src/widgets/calendar/../button/lv_button.h"
ARM GAS  C:\Users\Alex\AppData\Local\Temp\cc8PfVFA.s 			page 15


DEFINED SYMBOLS
                            *ABS*:00000000 lv_calendar_header_arrow.c
C:\Users\Alex\AppData\Local\Temp\cc8PfVFA.s:21     .rodata.my_constructor.str1.4:00000000 $d
C:\Users\Alex\AppData\Local\Temp\cc8PfVFA.s:28     .text.my_constructor:00000000 $t
C:\Users\Alex\AppData\Local\Temp\cc8PfVFA.s:33     .text.my_constructor:00000000 my_constructor
C:\Users\Alex\AppData\Local\Temp\cc8PfVFA.s:194    .text.my_constructor:000000cc $d
C:\Users\Alex\AppData\Local\Temp\cc8PfVFA.s:283    .text.month_event_cb:00000000 month_event_cb
C:\Users\Alex\AppData\Local\Temp\cc8PfVFA.s:212    .text.value_changed_event_cb:00000000 value_changed_event_cb
C:\Users\Alex\AppData\Local\Temp\cc8PfVFA.s:203    .rodata.value_changed_event_cb.str1.4:00000000 $d
C:\Users\Alex\AppData\Local\Temp\cc8PfVFA.s:207    .text.value_changed_event_cb:00000000 $t
C:\Users\Alex\AppData\Local\Temp\cc8PfVFA.s:272    .text.value_changed_event_cb:00000030 $d
C:\Users\Alex\AppData\Local\Temp\cc8PfVFA.s:524    .rodata.month_names_def:00000000 month_names_def
C:\Users\Alex\AppData\Local\Temp\cc8PfVFA.s:278    .text.month_event_cb:00000000 $t
C:\Users\Alex\AppData\Local\Temp\cc8PfVFA.s:431    .text.month_event_cb:0000009c $d
C:\Users\Alex\AppData\Local\Temp\cc8PfVFA.s:437    .text.lv_calendar_header_arrow_create:00000000 $t
C:\Users\Alex\AppData\Local\Temp\cc8PfVFA.s:443    .text.lv_calendar_header_arrow_create:00000000 lv_calendar_header_arrow_create
C:\Users\Alex\AppData\Local\Temp\cc8PfVFA.s:479    .text.lv_calendar_header_arrow_create:00000014 $d
C:\Users\Alex\AppData\Local\Temp\cc8PfVFA.s:546    .rodata.lv_calendar_header_arrow_class:00000000 lv_calendar_header_arrow_class
C:\Users\Alex\AppData\Local\Temp\cc8PfVFA.s:484    .rodata.str1.4:00000000 $d
C:\Users\Alex\AppData\Local\Temp\cc8PfVFA.s:521    .rodata.month_names_def:00000000 $d
C:\Users\Alex\AppData\Local\Temp\cc8PfVFA.s:543    .rodata.lv_calendar_header_arrow_class:00000000 $d

UNDEFINED SYMBOLS
lv_obj_move_to_index
lv_obj_set_flex_flow
lv_obj_set_flex_align
lv_button_create
lv_obj_set_style_bg_image_src
lv_obj_set_height
lv_obj_update_layout
lv_obj_get_height
lv_obj_set_width
lv_obj_add_event_cb
lv_obj_remove_flag
lv_label_create
lv_label_set_long_mode
lv_obj_set_style_text_align
lv_obj_set_flex_grow
lv_obj_set_size
lv_obj_send_event
lv_event_get_current_target
lv_obj_get_parent
lv_calendar_get_showed_date
lv_obj_get_child
lv_label_set_text_fmt
lv_calendar_set_showed_date
lv_obj_class_create_obj
lv_obj_class_init_obj
lv_obj_class
