ARM GAS  C:\Users\Alex\AppData\Local\Temp\ccHONxyT.s 			page 1


   1              		.cpu cortex-m4
   2              		.arch armv7e-m
   3              		.fpu fpv4-sp-d16
   4              		.eabi_attribute 27, 1
   5              		.eabi_attribute 28, 1
   6              		.eabi_attribute 20, 1
   7              		.eabi_attribute 21, 1
   8              		.eabi_attribute 23, 3
   9              		.eabi_attribute 24, 1
  10              		.eabi_attribute 25, 1
  11              		.eabi_attribute 26, 1
  12              		.eabi_attribute 30, 1
  13              		.eabi_attribute 34, 1
  14              		.eabi_attribute 18, 4
  15              		.file	"lv_cache_entry.c"
  16              		.text
  17              	.Ltext0:
  18              		.cfi_sections	.debug_frame
  19              		.file 1 "Lib/lvgl/src/misc/cache/lv_cache_entry.c"
  20              		.section	.text.lv_cache_entry_reset_ref,"ax",%progbits
  21              		.align	1
  22              		.global	lv_cache_entry_reset_ref
  23              		.syntax unified
  24              		.thumb
  25              		.thumb_func
  27              	lv_cache_entry_reset_ref:
  28              	.LVL0:
  29              	.LFB0:
   1:Lib/lvgl/src/misc/cache/lv_cache_entry.c **** /**
   2:Lib/lvgl/src/misc/cache/lv_cache_entry.c **** * @file lv_cache_entry.c
   3:Lib/lvgl/src/misc/cache/lv_cache_entry.c **** *
   4:Lib/lvgl/src/misc/cache/lv_cache_entry.c ****  */
   5:Lib/lvgl/src/misc/cache/lv_cache_entry.c **** 
   6:Lib/lvgl/src/misc/cache/lv_cache_entry.c **** /*********************
   7:Lib/lvgl/src/misc/cache/lv_cache_entry.c ****  *      INCLUDES
   8:Lib/lvgl/src/misc/cache/lv_cache_entry.c ****  *********************/
   9:Lib/lvgl/src/misc/cache/lv_cache_entry.c **** #include "lv_cache_entry.h"
  10:Lib/lvgl/src/misc/cache/lv_cache_entry.c **** #include "../../stdlib/lv_sprintf.h"
  11:Lib/lvgl/src/misc/cache/lv_cache_entry.c **** #include "../lv_assert.h"
  12:Lib/lvgl/src/misc/cache/lv_cache_entry.c **** #include "lv_cache.h"
  13:Lib/lvgl/src/misc/cache/lv_cache_entry.c **** #include "lv_cache_entry_private.h"
  14:Lib/lvgl/src/misc/cache/lv_cache_entry.c **** #include "lv_cache_private.h"
  15:Lib/lvgl/src/misc/cache/lv_cache_entry.c **** /*********************
  16:Lib/lvgl/src/misc/cache/lv_cache_entry.c ****  *      DEFINES
  17:Lib/lvgl/src/misc/cache/lv_cache_entry.c ****  *********************/
  18:Lib/lvgl/src/misc/cache/lv_cache_entry.c **** 
  19:Lib/lvgl/src/misc/cache/lv_cache_entry.c **** /**********************
  20:Lib/lvgl/src/misc/cache/lv_cache_entry.c ****  *      TYPEDEFS
  21:Lib/lvgl/src/misc/cache/lv_cache_entry.c ****  **********************/
  22:Lib/lvgl/src/misc/cache/lv_cache_entry.c **** struct _lv_cache_entry_t {
  23:Lib/lvgl/src/misc/cache/lv_cache_entry.c ****     const lv_cache_t * cache;
  24:Lib/lvgl/src/misc/cache/lv_cache_entry.c ****     int32_t ref_cnt;
  25:Lib/lvgl/src/misc/cache/lv_cache_entry.c ****     uint32_t node_size;
  26:Lib/lvgl/src/misc/cache/lv_cache_entry.c **** 
  27:Lib/lvgl/src/misc/cache/lv_cache_entry.c ****     bool is_invalid;
  28:Lib/lvgl/src/misc/cache/lv_cache_entry.c **** };
  29:Lib/lvgl/src/misc/cache/lv_cache_entry.c **** /**********************
ARM GAS  C:\Users\Alex\AppData\Local\Temp\ccHONxyT.s 			page 2


  30:Lib/lvgl/src/misc/cache/lv_cache_entry.c ****  *  STATIC PROTOTYPES
  31:Lib/lvgl/src/misc/cache/lv_cache_entry.c ****  **********************/
  32:Lib/lvgl/src/misc/cache/lv_cache_entry.c **** 
  33:Lib/lvgl/src/misc/cache/lv_cache_entry.c **** /**********************
  34:Lib/lvgl/src/misc/cache/lv_cache_entry.c ****  *  GLOBAL VARIABLES
  35:Lib/lvgl/src/misc/cache/lv_cache_entry.c ****  **********************/
  36:Lib/lvgl/src/misc/cache/lv_cache_entry.c **** 
  37:Lib/lvgl/src/misc/cache/lv_cache_entry.c **** /**********************
  38:Lib/lvgl/src/misc/cache/lv_cache_entry.c ****  *  STATIC VARIABLES
  39:Lib/lvgl/src/misc/cache/lv_cache_entry.c ****  **********************/
  40:Lib/lvgl/src/misc/cache/lv_cache_entry.c **** 
  41:Lib/lvgl/src/misc/cache/lv_cache_entry.c **** /**********************
  42:Lib/lvgl/src/misc/cache/lv_cache_entry.c ****  *      MACROS
  43:Lib/lvgl/src/misc/cache/lv_cache_entry.c ****  **********************/
  44:Lib/lvgl/src/misc/cache/lv_cache_entry.c **** 
  45:Lib/lvgl/src/misc/cache/lv_cache_entry.c **** /**********************
  46:Lib/lvgl/src/misc/cache/lv_cache_entry.c ****  *   GLOBAL FUNCTIONS
  47:Lib/lvgl/src/misc/cache/lv_cache_entry.c ****  **********************/
  48:Lib/lvgl/src/misc/cache/lv_cache_entry.c **** 
  49:Lib/lvgl/src/misc/cache/lv_cache_entry.c **** void lv_cache_entry_reset_ref(lv_cache_entry_t * entry)
  50:Lib/lvgl/src/misc/cache/lv_cache_entry.c **** {
  30              		.loc 1 50 1 view -0
  31              		.cfi_startproc
  32              		@ args = 0, pretend = 0, frame = 0
  33              		@ frame_needed = 0, uses_anonymous_args = 0
  34              		@ link register save eliminated.
  51:Lib/lvgl/src/misc/cache/lv_cache_entry.c ****     LV_ASSERT_NULL(entry);
  35              		.loc 1 51 5 view .LVU1
  36              		.loc 1 51 5 view .LVU2
  37 0000 10B1     		cbz	r0, .L3
  38              		.loc 1 51 5 discriminator 2 view .LVU3
  39              		.loc 1 51 26 discriminator 2 view .LVU4
  52:Lib/lvgl/src/misc/cache/lv_cache_entry.c ****     entry->ref_cnt = 0;
  40              		.loc 1 52 5 discriminator 2 view .LVU5
  41              		.loc 1 52 20 is_stmt 0 discriminator 2 view .LVU6
  42 0002 0022     		movs	r2, #0
  43 0004 4260     		str	r2, [r0, #4]
  53:Lib/lvgl/src/misc/cache/lv_cache_entry.c **** }
  44              		.loc 1 53 1 discriminator 2 view .LVU7
  45 0006 7047     		bx	lr
  46              	.L3:
  51:Lib/lvgl/src/misc/cache/lv_cache_entry.c ****     LV_ASSERT_NULL(entry);
  47              		.loc 1 51 5 is_stmt 1 discriminator 1 view .LVU8
  51:Lib/lvgl/src/misc/cache/lv_cache_entry.c ****     LV_ASSERT_NULL(entry);
  48              		.loc 1 51 5 discriminator 1 view .LVU9
  51:Lib/lvgl/src/misc/cache/lv_cache_entry.c ****     LV_ASSERT_NULL(entry);
  49              		.loc 1 51 5 discriminator 1 view .LVU10
  51:Lib/lvgl/src/misc/cache/lv_cache_entry.c ****     LV_ASSERT_NULL(entry);
  50              		.loc 1 51 5 discriminator 1 view .LVU11
  51:Lib/lvgl/src/misc/cache/lv_cache_entry.c ****     LV_ASSERT_NULL(entry);
  51              		.loc 1 51 5 discriminator 1 view .LVU12
  52 0008 FEE7     		b	.L3
  53              		.cfi_endproc
  54              	.LFE0:
  56              		.section	.text.lv_cache_entry_inc_ref,"ax",%progbits
  57              		.align	1
  58              		.global	lv_cache_entry_inc_ref
ARM GAS  C:\Users\Alex\AppData\Local\Temp\ccHONxyT.s 			page 3


  59              		.syntax unified
  60              		.thumb
  61              		.thumb_func
  63              	lv_cache_entry_inc_ref:
  64              	.LVL1:
  65              	.LFB1:
  54:Lib/lvgl/src/misc/cache/lv_cache_entry.c **** void lv_cache_entry_inc_ref(lv_cache_entry_t * entry)
  55:Lib/lvgl/src/misc/cache/lv_cache_entry.c **** {
  66              		.loc 1 55 1 view -0
  67              		.cfi_startproc
  68              		@ args = 0, pretend = 0, frame = 0
  69              		@ frame_needed = 0, uses_anonymous_args = 0
  70              		@ link register save eliminated.
  56:Lib/lvgl/src/misc/cache/lv_cache_entry.c ****     LV_ASSERT_NULL(entry);
  71              		.loc 1 56 5 view .LVU14
  72              		.loc 1 56 5 view .LVU15
  73 0000 18B1     		cbz	r0, .L6
  74              		.loc 1 56 5 discriminator 2 view .LVU16
  75              		.loc 1 56 26 discriminator 2 view .LVU17
  57:Lib/lvgl/src/misc/cache/lv_cache_entry.c ****     entry->ref_cnt++;
  76              		.loc 1 57 5 discriminator 2 view .LVU18
  77              		.loc 1 57 10 is_stmt 0 discriminator 2 view .LVU19
  78 0002 4368     		ldr	r3, [r0, #4]
  79              		.loc 1 57 19 discriminator 2 view .LVU20
  80 0004 0133     		adds	r3, r3, #1
  81 0006 4360     		str	r3, [r0, #4]
  58:Lib/lvgl/src/misc/cache/lv_cache_entry.c **** }
  82              		.loc 1 58 1 discriminator 2 view .LVU21
  83 0008 7047     		bx	lr
  84              	.L6:
  56:Lib/lvgl/src/misc/cache/lv_cache_entry.c ****     LV_ASSERT_NULL(entry);
  85              		.loc 1 56 5 is_stmt 1 discriminator 1 view .LVU22
  56:Lib/lvgl/src/misc/cache/lv_cache_entry.c ****     LV_ASSERT_NULL(entry);
  86              		.loc 1 56 5 discriminator 1 view .LVU23
  56:Lib/lvgl/src/misc/cache/lv_cache_entry.c ****     LV_ASSERT_NULL(entry);
  87              		.loc 1 56 5 discriminator 1 view .LVU24
  56:Lib/lvgl/src/misc/cache/lv_cache_entry.c ****     LV_ASSERT_NULL(entry);
  88              		.loc 1 56 5 discriminator 1 view .LVU25
  56:Lib/lvgl/src/misc/cache/lv_cache_entry.c ****     LV_ASSERT_NULL(entry);
  89              		.loc 1 56 5 discriminator 1 view .LVU26
  90 000a FEE7     		b	.L6
  91              		.cfi_endproc
  92              	.LFE1:
  94              		.section	.text.lv_cache_entry_dec_ref,"ax",%progbits
  95              		.align	1
  96              		.global	lv_cache_entry_dec_ref
  97              		.syntax unified
  98              		.thumb
  99              		.thumb_func
 101              	lv_cache_entry_dec_ref:
 102              	.LVL2:
 103              	.LFB2:
  59:Lib/lvgl/src/misc/cache/lv_cache_entry.c **** void lv_cache_entry_dec_ref(lv_cache_entry_t * entry)
  60:Lib/lvgl/src/misc/cache/lv_cache_entry.c **** {
 104              		.loc 1 60 1 view -0
 105              		.cfi_startproc
 106              		@ args = 0, pretend = 0, frame = 0
ARM GAS  C:\Users\Alex\AppData\Local\Temp\ccHONxyT.s 			page 4


 107              		@ frame_needed = 0, uses_anonymous_args = 0
 108              		@ link register save eliminated.
  61:Lib/lvgl/src/misc/cache/lv_cache_entry.c ****     LV_ASSERT_NULL(entry);
 109              		.loc 1 61 5 view .LVU28
 110              		.loc 1 61 5 view .LVU29
 111 0000 28B1     		cbz	r0, .L9
 112              		.loc 1 61 5 discriminator 2 view .LVU30
 113              		.loc 1 61 26 discriminator 2 view .LVU31
  62:Lib/lvgl/src/misc/cache/lv_cache_entry.c ****     entry->ref_cnt--;
 114              		.loc 1 62 5 discriminator 2 view .LVU32
 115              		.loc 1 62 10 is_stmt 0 discriminator 2 view .LVU33
 116 0002 4368     		ldr	r3, [r0, #4]
 117              		.loc 1 62 19 discriminator 2 view .LVU34
 118 0004 013B     		subs	r3, r3, #1
 119 0006 4360     		str	r3, [r0, #4]
  63:Lib/lvgl/src/misc/cache/lv_cache_entry.c ****     if(entry->ref_cnt < 0) {
 120              		.loc 1 63 5 is_stmt 1 discriminator 2 view .LVU35
 121              		.loc 1 63 7 is_stmt 0 discriminator 2 view .LVU36
 122 0008 002B     		cmp	r3, #0
 123 000a 01DB     		blt	.L11
 124              	.L7:
  64:Lib/lvgl/src/misc/cache/lv_cache_entry.c ****         LV_LOG_WARN("ref_cnt(%" LV_PRIu32 ") < 0", entry->ref_cnt);
  65:Lib/lvgl/src/misc/cache/lv_cache_entry.c ****         entry->ref_cnt = 0;
  66:Lib/lvgl/src/misc/cache/lv_cache_entry.c ****     }
  67:Lib/lvgl/src/misc/cache/lv_cache_entry.c **** }
 125              		.loc 1 67 1 view .LVU37
 126 000c 7047     		bx	lr
 127              	.L9:
  61:Lib/lvgl/src/misc/cache/lv_cache_entry.c ****     entry->ref_cnt--;
 128              		.loc 1 61 5 is_stmt 1 discriminator 1 view .LVU38
  61:Lib/lvgl/src/misc/cache/lv_cache_entry.c ****     entry->ref_cnt--;
 129              		.loc 1 61 5 discriminator 1 view .LVU39
  61:Lib/lvgl/src/misc/cache/lv_cache_entry.c ****     entry->ref_cnt--;
 130              		.loc 1 61 5 discriminator 1 view .LVU40
  61:Lib/lvgl/src/misc/cache/lv_cache_entry.c ****     entry->ref_cnt--;
 131              		.loc 1 61 5 discriminator 1 view .LVU41
  61:Lib/lvgl/src/misc/cache/lv_cache_entry.c ****     entry->ref_cnt--;
 132              		.loc 1 61 5 discriminator 1 view .LVU42
 133 000e FEE7     		b	.L9
 134              	.L11:
  64:Lib/lvgl/src/misc/cache/lv_cache_entry.c ****         LV_LOG_WARN("ref_cnt(%" LV_PRIu32 ") < 0", entry->ref_cnt);
 135              		.loc 1 64 9 view .LVU43
  64:Lib/lvgl/src/misc/cache/lv_cache_entry.c ****         LV_LOG_WARN("ref_cnt(%" LV_PRIu32 ") < 0", entry->ref_cnt);
 136              		.loc 1 64 9 view .LVU44
  64:Lib/lvgl/src/misc/cache/lv_cache_entry.c ****         LV_LOG_WARN("ref_cnt(%" LV_PRIu32 ") < 0", entry->ref_cnt);
 137              		.loc 1 64 9 view .LVU45
  65:Lib/lvgl/src/misc/cache/lv_cache_entry.c ****     }
 138              		.loc 1 65 9 view .LVU46
  65:Lib/lvgl/src/misc/cache/lv_cache_entry.c ****     }
 139              		.loc 1 65 24 is_stmt 0 view .LVU47
 140 0010 0023     		movs	r3, #0
 141 0012 4360     		str	r3, [r0, #4]
 142              		.loc 1 67 1 view .LVU48
 143 0014 FAE7     		b	.L7
 144              		.cfi_endproc
 145              	.LFE2:
 147              		.section	.text.lv_cache_entry_get_ref,"ax",%progbits
ARM GAS  C:\Users\Alex\AppData\Local\Temp\ccHONxyT.s 			page 5


 148              		.align	1
 149              		.global	lv_cache_entry_get_ref
 150              		.syntax unified
 151              		.thumb
 152              		.thumb_func
 154              	lv_cache_entry_get_ref:
 155              	.LVL3:
 156              	.LFB3:
  68:Lib/lvgl/src/misc/cache/lv_cache_entry.c **** int32_t lv_cache_entry_get_ref(lv_cache_entry_t * entry)
  69:Lib/lvgl/src/misc/cache/lv_cache_entry.c **** {
 157              		.loc 1 69 1 is_stmt 1 view -0
 158              		.cfi_startproc
 159              		@ args = 0, pretend = 0, frame = 0
 160              		@ frame_needed = 0, uses_anonymous_args = 0
 161              		@ link register save eliminated.
  70:Lib/lvgl/src/misc/cache/lv_cache_entry.c ****     LV_ASSERT_NULL(entry);
 162              		.loc 1 70 5 view .LVU50
 163              		.loc 1 70 5 view .LVU51
 164 0000 08B1     		cbz	r0, .L14
 165              		.loc 1 70 5 discriminator 2 view .LVU52
 166              		.loc 1 70 26 discriminator 2 view .LVU53
  71:Lib/lvgl/src/misc/cache/lv_cache_entry.c ****     return entry->ref_cnt;
 167              		.loc 1 71 5 discriminator 2 view .LVU54
  72:Lib/lvgl/src/misc/cache/lv_cache_entry.c **** }
 168              		.loc 1 72 1 is_stmt 0 discriminator 2 view .LVU55
 169 0002 4068     		ldr	r0, [r0, #4]
 170              	.LVL4:
 171              		.loc 1 72 1 discriminator 2 view .LVU56
 172 0004 7047     		bx	lr
 173              	.LVL5:
 174              	.L14:
  70:Lib/lvgl/src/misc/cache/lv_cache_entry.c ****     LV_ASSERT_NULL(entry);
 175              		.loc 1 70 5 is_stmt 1 discriminator 1 view .LVU57
  70:Lib/lvgl/src/misc/cache/lv_cache_entry.c ****     LV_ASSERT_NULL(entry);
 176              		.loc 1 70 5 discriminator 1 view .LVU58
  70:Lib/lvgl/src/misc/cache/lv_cache_entry.c ****     LV_ASSERT_NULL(entry);
 177              		.loc 1 70 5 discriminator 1 view .LVU59
  70:Lib/lvgl/src/misc/cache/lv_cache_entry.c ****     LV_ASSERT_NULL(entry);
 178              		.loc 1 70 5 discriminator 1 view .LVU60
  70:Lib/lvgl/src/misc/cache/lv_cache_entry.c ****     LV_ASSERT_NULL(entry);
 179              		.loc 1 70 5 discriminator 1 view .LVU61
 180 0006 FEE7     		b	.L14
 181              		.cfi_endproc
 182              	.LFE3:
 184              		.section	.text.lv_cache_entry_get_node_size,"ax",%progbits
 185              		.align	1
 186              		.global	lv_cache_entry_get_node_size
 187              		.syntax unified
 188              		.thumb
 189              		.thumb_func
 191              	lv_cache_entry_get_node_size:
 192              	.LVL6:
 193              	.LFB4:
  73:Lib/lvgl/src/misc/cache/lv_cache_entry.c **** uint32_t lv_cache_entry_get_node_size(lv_cache_entry_t * entry)
  74:Lib/lvgl/src/misc/cache/lv_cache_entry.c **** {
 194              		.loc 1 74 1 view -0
 195              		.cfi_startproc
ARM GAS  C:\Users\Alex\AppData\Local\Temp\ccHONxyT.s 			page 6


 196              		@ args = 0, pretend = 0, frame = 0
 197              		@ frame_needed = 0, uses_anonymous_args = 0
 198              		@ link register save eliminated.
  75:Lib/lvgl/src/misc/cache/lv_cache_entry.c ****     return entry->node_size;
 199              		.loc 1 75 5 view .LVU63
  76:Lib/lvgl/src/misc/cache/lv_cache_entry.c **** }
 200              		.loc 1 76 1 is_stmt 0 view .LVU64
 201 0000 8068     		ldr	r0, [r0, #8]
 202              	.LVL7:
 203              		.loc 1 76 1 view .LVU65
 204 0002 7047     		bx	lr
 205              		.cfi_endproc
 206              	.LFE4:
 208              		.section	.text.lv_cache_entry_set_node_size,"ax",%progbits
 209              		.align	1
 210              		.global	lv_cache_entry_set_node_size
 211              		.syntax unified
 212              		.thumb
 213              		.thumb_func
 215              	lv_cache_entry_set_node_size:
 216              	.LVL8:
 217              	.LFB5:
  77:Lib/lvgl/src/misc/cache/lv_cache_entry.c **** void lv_cache_entry_set_node_size(lv_cache_entry_t * entry, uint32_t node_size)
  78:Lib/lvgl/src/misc/cache/lv_cache_entry.c **** {
 218              		.loc 1 78 1 is_stmt 1 view -0
 219              		.cfi_startproc
 220              		@ args = 0, pretend = 0, frame = 0
 221              		@ frame_needed = 0, uses_anonymous_args = 0
 222              		@ link register save eliminated.
  79:Lib/lvgl/src/misc/cache/lv_cache_entry.c ****     LV_ASSERT_NULL(entry);
 223              		.loc 1 79 5 view .LVU67
 224              		.loc 1 79 5 view .LVU68
 225 0000 08B1     		cbz	r0, .L18
 226              		.loc 1 79 5 discriminator 2 view .LVU69
 227              		.loc 1 79 26 discriminator 2 view .LVU70
  80:Lib/lvgl/src/misc/cache/lv_cache_entry.c ****     entry->node_size = node_size;
 228              		.loc 1 80 5 discriminator 2 view .LVU71
 229              		.loc 1 80 22 is_stmt 0 discriminator 2 view .LVU72
 230 0002 8160     		str	r1, [r0, #8]
  81:Lib/lvgl/src/misc/cache/lv_cache_entry.c **** }
 231              		.loc 1 81 1 discriminator 2 view .LVU73
 232 0004 7047     		bx	lr
 233              	.L18:
  79:Lib/lvgl/src/misc/cache/lv_cache_entry.c ****     LV_ASSERT_NULL(entry);
 234              		.loc 1 79 5 is_stmt 1 discriminator 1 view .LVU74
  79:Lib/lvgl/src/misc/cache/lv_cache_entry.c ****     LV_ASSERT_NULL(entry);
 235              		.loc 1 79 5 discriminator 1 view .LVU75
  79:Lib/lvgl/src/misc/cache/lv_cache_entry.c ****     LV_ASSERT_NULL(entry);
 236              		.loc 1 79 5 discriminator 1 view .LVU76
  79:Lib/lvgl/src/misc/cache/lv_cache_entry.c ****     LV_ASSERT_NULL(entry);
 237              		.loc 1 79 5 discriminator 1 view .LVU77
  79:Lib/lvgl/src/misc/cache/lv_cache_entry.c ****     LV_ASSERT_NULL(entry);
 238              		.loc 1 79 5 discriminator 1 view .LVU78
 239 0006 FEE7     		b	.L18
 240              		.cfi_endproc
 241              	.LFE5:
 243              		.section	.text.lv_cache_entry_set_invalid,"ax",%progbits
ARM GAS  C:\Users\Alex\AppData\Local\Temp\ccHONxyT.s 			page 7


 244              		.align	1
 245              		.global	lv_cache_entry_set_invalid
 246              		.syntax unified
 247              		.thumb
 248              		.thumb_func
 250              	lv_cache_entry_set_invalid:
 251              	.LVL9:
 252              	.LFB6:
  82:Lib/lvgl/src/misc/cache/lv_cache_entry.c **** void lv_cache_entry_set_invalid(lv_cache_entry_t * entry, bool is_invalid)
  83:Lib/lvgl/src/misc/cache/lv_cache_entry.c **** {
 253              		.loc 1 83 1 view -0
 254              		.cfi_startproc
 255              		@ args = 0, pretend = 0, frame = 0
 256              		@ frame_needed = 0, uses_anonymous_args = 0
 257              		@ link register save eliminated.
  84:Lib/lvgl/src/misc/cache/lv_cache_entry.c ****     LV_ASSERT_NULL(entry);
 258              		.loc 1 84 5 view .LVU80
 259              		.loc 1 84 5 view .LVU81
 260 0000 08B1     		cbz	r0, .L21
 261              		.loc 1 84 5 discriminator 2 view .LVU82
 262              		.loc 1 84 26 discriminator 2 view .LVU83
  85:Lib/lvgl/src/misc/cache/lv_cache_entry.c ****     entry->is_invalid = is_invalid;
 263              		.loc 1 85 5 discriminator 2 view .LVU84
 264              		.loc 1 85 23 is_stmt 0 discriminator 2 view .LVU85
 265 0002 0173     		strb	r1, [r0, #12]
  86:Lib/lvgl/src/misc/cache/lv_cache_entry.c **** }
 266              		.loc 1 86 1 discriminator 2 view .LVU86
 267 0004 7047     		bx	lr
 268              	.L21:
  84:Lib/lvgl/src/misc/cache/lv_cache_entry.c ****     LV_ASSERT_NULL(entry);
 269              		.loc 1 84 5 is_stmt 1 discriminator 1 view .LVU87
  84:Lib/lvgl/src/misc/cache/lv_cache_entry.c ****     LV_ASSERT_NULL(entry);
 270              		.loc 1 84 5 discriminator 1 view .LVU88
  84:Lib/lvgl/src/misc/cache/lv_cache_entry.c ****     LV_ASSERT_NULL(entry);
 271              		.loc 1 84 5 discriminator 1 view .LVU89
  84:Lib/lvgl/src/misc/cache/lv_cache_entry.c ****     LV_ASSERT_NULL(entry);
 272              		.loc 1 84 5 discriminator 1 view .LVU90
  84:Lib/lvgl/src/misc/cache/lv_cache_entry.c ****     LV_ASSERT_NULL(entry);
 273              		.loc 1 84 5 discriminator 1 view .LVU91
 274 0006 FEE7     		b	.L21
 275              		.cfi_endproc
 276              	.LFE6:
 278              		.section	.text.lv_cache_entry_is_invalid,"ax",%progbits
 279              		.align	1
 280              		.global	lv_cache_entry_is_invalid
 281              		.syntax unified
 282              		.thumb
 283              		.thumb_func
 285              	lv_cache_entry_is_invalid:
 286              	.LVL10:
 287              	.LFB7:
  87:Lib/lvgl/src/misc/cache/lv_cache_entry.c **** bool lv_cache_entry_is_invalid(lv_cache_entry_t * entry)
  88:Lib/lvgl/src/misc/cache/lv_cache_entry.c **** {
 288              		.loc 1 88 1 view -0
 289              		.cfi_startproc
 290              		@ args = 0, pretend = 0, frame = 0
 291              		@ frame_needed = 0, uses_anonymous_args = 0
ARM GAS  C:\Users\Alex\AppData\Local\Temp\ccHONxyT.s 			page 8


 292              		@ link register save eliminated.
  89:Lib/lvgl/src/misc/cache/lv_cache_entry.c ****     LV_ASSERT_NULL(entry);
 293              		.loc 1 89 5 view .LVU93
 294              		.loc 1 89 5 view .LVU94
 295 0000 08B1     		cbz	r0, .L24
 296              		.loc 1 89 5 discriminator 2 view .LVU95
 297              		.loc 1 89 26 discriminator 2 view .LVU96
  90:Lib/lvgl/src/misc/cache/lv_cache_entry.c ****     return entry->is_invalid;
 298              		.loc 1 90 5 discriminator 2 view .LVU97
  91:Lib/lvgl/src/misc/cache/lv_cache_entry.c **** }
 299              		.loc 1 91 1 is_stmt 0 discriminator 2 view .LVU98
 300 0002 007B     		ldrb	r0, [r0, #12]	@ zero_extendqisi2
 301              	.LVL11:
 302              		.loc 1 91 1 discriminator 2 view .LVU99
 303 0004 7047     		bx	lr
 304              	.LVL12:
 305              	.L24:
  89:Lib/lvgl/src/misc/cache/lv_cache_entry.c ****     LV_ASSERT_NULL(entry);
 306              		.loc 1 89 5 is_stmt 1 discriminator 1 view .LVU100
  89:Lib/lvgl/src/misc/cache/lv_cache_entry.c ****     LV_ASSERT_NULL(entry);
 307              		.loc 1 89 5 discriminator 1 view .LVU101
  89:Lib/lvgl/src/misc/cache/lv_cache_entry.c ****     LV_ASSERT_NULL(entry);
 308              		.loc 1 89 5 discriminator 1 view .LVU102
  89:Lib/lvgl/src/misc/cache/lv_cache_entry.c ****     LV_ASSERT_NULL(entry);
 309              		.loc 1 89 5 discriminator 1 view .LVU103
  89:Lib/lvgl/src/misc/cache/lv_cache_entry.c ****     LV_ASSERT_NULL(entry);
 310              		.loc 1 89 5 discriminator 1 view .LVU104
 311 0006 FEE7     		b	.L24
 312              		.cfi_endproc
 313              	.LFE7:
 315              		.section	.text.lv_cache_entry_get_data,"ax",%progbits
 316              		.align	1
 317              		.global	lv_cache_entry_get_data
 318              		.syntax unified
 319              		.thumb
 320              		.thumb_func
 322              	lv_cache_entry_get_data:
 323              	.LVL13:
 324              	.LFB8:
  92:Lib/lvgl/src/misc/cache/lv_cache_entry.c **** void * lv_cache_entry_get_data(lv_cache_entry_t * entry)
  93:Lib/lvgl/src/misc/cache/lv_cache_entry.c **** {
 325              		.loc 1 93 1 view -0
 326              		.cfi_startproc
 327              		@ args = 0, pretend = 0, frame = 0
 328              		@ frame_needed = 0, uses_anonymous_args = 0
 329              		@ link register save eliminated.
  94:Lib/lvgl/src/misc/cache/lv_cache_entry.c ****     LV_ASSERT_NULL(entry);
 330              		.loc 1 94 5 view .LVU106
 331              		.loc 1 94 5 view .LVU107
 332 0000 0346     		mov	r3, r0
 333 0002 10B1     		cbz	r0, .L27
 334              		.loc 1 94 5 discriminator 2 view .LVU108
 335              		.loc 1 94 26 discriminator 2 view .LVU109
  95:Lib/lvgl/src/misc/cache/lv_cache_entry.c ****     return (uint8_t *)entry - entry->node_size;
 336              		.loc 1 95 5 discriminator 2 view .LVU110
 337              		.loc 1 95 36 is_stmt 0 discriminator 2 view .LVU111
 338 0004 8068     		ldr	r0, [r0, #8]
ARM GAS  C:\Users\Alex\AppData\Local\Temp\ccHONxyT.s 			page 9


 339              	.LVL14:
  96:Lib/lvgl/src/misc/cache/lv_cache_entry.c **** }
 340              		.loc 1 96 1 discriminator 2 view .LVU112
 341 0006 181A     		subs	r0, r3, r0
 342 0008 7047     		bx	lr
 343              	.LVL15:
 344              	.L27:
  94:Lib/lvgl/src/misc/cache/lv_cache_entry.c ****     LV_ASSERT_NULL(entry);
 345              		.loc 1 94 5 is_stmt 1 discriminator 1 view .LVU113
  94:Lib/lvgl/src/misc/cache/lv_cache_entry.c ****     LV_ASSERT_NULL(entry);
 346              		.loc 1 94 5 discriminator 1 view .LVU114
  94:Lib/lvgl/src/misc/cache/lv_cache_entry.c ****     LV_ASSERT_NULL(entry);
 347              		.loc 1 94 5 discriminator 1 view .LVU115
  94:Lib/lvgl/src/misc/cache/lv_cache_entry.c ****     LV_ASSERT_NULL(entry);
 348              		.loc 1 94 5 discriminator 1 view .LVU116
  94:Lib/lvgl/src/misc/cache/lv_cache_entry.c ****     LV_ASSERT_NULL(entry);
 349              		.loc 1 94 5 discriminator 1 view .LVU117
 350 000a FEE7     		b	.L27
 351              		.cfi_endproc
 352              	.LFE8:
 354              		.section	.text.lv_cache_entry_acquire_data,"ax",%progbits
 355              		.align	1
 356              		.global	lv_cache_entry_acquire_data
 357              		.syntax unified
 358              		.thumb
 359              		.thumb_func
 361              	lv_cache_entry_acquire_data:
 362              	.LVL16:
 363              	.LFB9:
  97:Lib/lvgl/src/misc/cache/lv_cache_entry.c **** void * lv_cache_entry_acquire_data(lv_cache_entry_t * entry)
  98:Lib/lvgl/src/misc/cache/lv_cache_entry.c **** {
 364              		.loc 1 98 1 view -0
 365              		.cfi_startproc
 366              		@ args = 0, pretend = 0, frame = 0
 367              		@ frame_needed = 0, uses_anonymous_args = 0
  99:Lib/lvgl/src/misc/cache/lv_cache_entry.c ****     LV_ASSERT_NULL(entry);
 368              		.loc 1 99 5 view .LVU119
 369              		.loc 1 99 5 view .LVU120
 370 0000 38B1     		cbz	r0, .L30
  98:Lib/lvgl/src/misc/cache/lv_cache_entry.c ****     LV_ASSERT_NULL(entry);
 371              		.loc 1 98 1 is_stmt 0 discriminator 2 view .LVU121
 372 0002 10B5     		push	{r4, lr}
 373              	.LCFI0:
 374              		.cfi_def_cfa_offset 8
 375              		.cfi_offset 4, -8
 376              		.cfi_offset 14, -4
 377 0004 0446     		mov	r4, r0
 378              		.loc 1 99 5 is_stmt 1 discriminator 2 view .LVU122
 379              		.loc 1 99 26 discriminator 2 view .LVU123
 100:Lib/lvgl/src/misc/cache/lv_cache_entry.c **** 
 101:Lib/lvgl/src/misc/cache/lv_cache_entry.c ****     lv_cache_entry_inc_ref(entry);
 380              		.loc 1 101 5 discriminator 2 view .LVU124
 381 0006 FFF7FEFF 		bl	lv_cache_entry_inc_ref
 382              	.LVL17:
 102:Lib/lvgl/src/misc/cache/lv_cache_entry.c ****     return lv_cache_entry_get_data(entry);
 383              		.loc 1 102 5 discriminator 2 view .LVU125
 384              		.loc 1 102 12 is_stmt 0 discriminator 2 view .LVU126
ARM GAS  C:\Users\Alex\AppData\Local\Temp\ccHONxyT.s 			page 10


 385 000a 2046     		mov	r0, r4
 386 000c FFF7FEFF 		bl	lv_cache_entry_get_data
 387              	.LVL18:
 103:Lib/lvgl/src/misc/cache/lv_cache_entry.c **** }
 388              		.loc 1 103 1 discriminator 2 view .LVU127
 389 0010 10BD     		pop	{r4, pc}
 390              	.LVL19:
 391              	.L30:
 392              	.LCFI1:
 393              		.cfi_def_cfa_offset 0
 394              		.cfi_restore 4
 395              		.cfi_restore 14
  99:Lib/lvgl/src/misc/cache/lv_cache_entry.c **** 
 396              		.loc 1 99 5 is_stmt 1 discriminator 1 view .LVU128
  99:Lib/lvgl/src/misc/cache/lv_cache_entry.c **** 
 397              		.loc 1 99 5 discriminator 1 view .LVU129
  99:Lib/lvgl/src/misc/cache/lv_cache_entry.c **** 
 398              		.loc 1 99 5 discriminator 1 view .LVU130
  99:Lib/lvgl/src/misc/cache/lv_cache_entry.c **** 
 399              		.loc 1 99 5 discriminator 1 view .LVU131
  99:Lib/lvgl/src/misc/cache/lv_cache_entry.c **** 
 400              		.loc 1 99 5 discriminator 1 view .LVU132
 401 0012 FEE7     		b	.L30
 402              		.cfi_endproc
 403              	.LFE9:
 405              		.section	.text.lv_cache_entry_release_data,"ax",%progbits
 406              		.align	1
 407              		.global	lv_cache_entry_release_data
 408              		.syntax unified
 409              		.thumb
 410              		.thumb_func
 412              	lv_cache_entry_release_data:
 413              	.LVL20:
 414              	.LFB10:
 104:Lib/lvgl/src/misc/cache/lv_cache_entry.c **** void lv_cache_entry_release_data(lv_cache_entry_t * entry, void * user_data)
 105:Lib/lvgl/src/misc/cache/lv_cache_entry.c **** {
 415              		.loc 1 105 1 view -0
 416              		.cfi_startproc
 417              		@ args = 0, pretend = 0, frame = 0
 418              		@ frame_needed = 0, uses_anonymous_args = 0
 106:Lib/lvgl/src/misc/cache/lv_cache_entry.c ****     LV_UNUSED(user_data);
 419              		.loc 1 106 5 view .LVU134
 107:Lib/lvgl/src/misc/cache/lv_cache_entry.c **** 
 108:Lib/lvgl/src/misc/cache/lv_cache_entry.c ****     LV_ASSERT_NULL(entry);
 420              		.loc 1 108 5 view .LVU135
 421              		.loc 1 108 5 view .LVU136
 422 0000 28B1     		cbz	r0, .L35
 105:Lib/lvgl/src/misc/cache/lv_cache_entry.c ****     LV_UNUSED(user_data);
 423              		.loc 1 105 1 is_stmt 0 discriminator 2 view .LVU137
 424 0002 10B5     		push	{r4, lr}
 425              	.LCFI2:
 426              		.cfi_def_cfa_offset 8
 427              		.cfi_offset 4, -8
 428              		.cfi_offset 14, -4
 429 0004 0446     		mov	r4, r0
 430              		.loc 1 108 5 is_stmt 1 discriminator 2 view .LVU138
 431              		.loc 1 108 26 discriminator 2 view .LVU139
ARM GAS  C:\Users\Alex\AppData\Local\Temp\ccHONxyT.s 			page 11


 109:Lib/lvgl/src/misc/cache/lv_cache_entry.c ****     if(lv_cache_entry_get_ref(entry) == 0) {
 432              		.loc 1 109 5 discriminator 2 view .LVU140
 433              		.loc 1 109 8 is_stmt 0 discriminator 2 view .LVU141
 434 0006 FFF7FEFF 		bl	lv_cache_entry_get_ref
 435              	.LVL21:
 436              		.loc 1 109 7 discriminator 2 view .LVU142
 437 000a 08B9     		cbnz	r0, .L39
 438              	.L33:
 110:Lib/lvgl/src/misc/cache/lv_cache_entry.c ****         LV_LOG_ERROR("ref_cnt(%" LV_PRIu32 ") == 0", entry->ref_cnt);
 111:Lib/lvgl/src/misc/cache/lv_cache_entry.c ****         return;
 112:Lib/lvgl/src/misc/cache/lv_cache_entry.c ****     }
 113:Lib/lvgl/src/misc/cache/lv_cache_entry.c **** 
 114:Lib/lvgl/src/misc/cache/lv_cache_entry.c ****     lv_cache_entry_dec_ref(entry);
 115:Lib/lvgl/src/misc/cache/lv_cache_entry.c **** }
 439              		.loc 1 115 1 view .LVU143
 440 000c 10BD     		pop	{r4, pc}
 441              	.LVL22:
 442              	.L35:
 443              	.LCFI3:
 444              		.cfi_def_cfa_offset 0
 445              		.cfi_restore 4
 446              		.cfi_restore 14
 108:Lib/lvgl/src/misc/cache/lv_cache_entry.c ****     if(lv_cache_entry_get_ref(entry) == 0) {
 447              		.loc 1 108 5 is_stmt 1 discriminator 1 view .LVU144
 108:Lib/lvgl/src/misc/cache/lv_cache_entry.c ****     if(lv_cache_entry_get_ref(entry) == 0) {
 448              		.loc 1 108 5 discriminator 1 view .LVU145
 108:Lib/lvgl/src/misc/cache/lv_cache_entry.c ****     if(lv_cache_entry_get_ref(entry) == 0) {
 449              		.loc 1 108 5 discriminator 1 view .LVU146
 108:Lib/lvgl/src/misc/cache/lv_cache_entry.c ****     if(lv_cache_entry_get_ref(entry) == 0) {
 450              		.loc 1 108 5 discriminator 1 view .LVU147
 108:Lib/lvgl/src/misc/cache/lv_cache_entry.c ****     if(lv_cache_entry_get_ref(entry) == 0) {
 451              		.loc 1 108 5 discriminator 1 view .LVU148
 452 000e FEE7     		b	.L35
 453              	.LVL23:
 454              	.L39:
 455              	.LCFI4:
 456              		.cfi_def_cfa_offset 8
 457              		.cfi_offset 4, -8
 458              		.cfi_offset 14, -4
 114:Lib/lvgl/src/misc/cache/lv_cache_entry.c **** }
 459              		.loc 1 114 5 view .LVU149
 460 0010 2046     		mov	r0, r4
 461 0012 FFF7FEFF 		bl	lv_cache_entry_dec_ref
 462              	.LVL24:
 463 0016 F9E7     		b	.L33
 464              		.cfi_endproc
 465              	.LFE10:
 467              		.section	.text.lv_cache_entry_get_entry,"ax",%progbits
 468              		.align	1
 469              		.global	lv_cache_entry_get_entry
 470              		.syntax unified
 471              		.thumb
 472              		.thumb_func
 474              	lv_cache_entry_get_entry:
 475              	.LVL25:
 476              	.LFB11:
 116:Lib/lvgl/src/misc/cache/lv_cache_entry.c **** lv_cache_entry_t * lv_cache_entry_get_entry(void * data, const uint32_t node_size)
ARM GAS  C:\Users\Alex\AppData\Local\Temp\ccHONxyT.s 			page 12


 117:Lib/lvgl/src/misc/cache/lv_cache_entry.c **** {
 477              		.loc 1 117 1 view -0
 478              		.cfi_startproc
 479              		@ args = 0, pretend = 0, frame = 0
 480              		@ frame_needed = 0, uses_anonymous_args = 0
 481              		@ link register save eliminated.
 118:Lib/lvgl/src/misc/cache/lv_cache_entry.c ****     LV_ASSERT_NULL(data);
 482              		.loc 1 118 5 view .LVU151
 483              		.loc 1 118 5 view .LVU152
 484 0000 08B1     		cbz	r0, .L42
 485              		.loc 1 118 5 discriminator 2 view .LVU153
 486              		.loc 1 118 25 discriminator 2 view .LVU154
 119:Lib/lvgl/src/misc/cache/lv_cache_entry.c ****     return (lv_cache_entry_t *)((uint8_t *)data + node_size);
 487              		.loc 1 119 5 discriminator 2 view .LVU155
 120:Lib/lvgl/src/misc/cache/lv_cache_entry.c **** }
 488              		.loc 1 120 1 is_stmt 0 discriminator 2 view .LVU156
 489 0002 0844     		add	r0, r0, r1
 490              	.LVL26:
 491              		.loc 1 120 1 discriminator 2 view .LVU157
 492 0004 7047     		bx	lr
 493              	.LVL27:
 494              	.L42:
 118:Lib/lvgl/src/misc/cache/lv_cache_entry.c ****     LV_ASSERT_NULL(data);
 495              		.loc 1 118 5 is_stmt 1 discriminator 1 view .LVU158
 118:Lib/lvgl/src/misc/cache/lv_cache_entry.c ****     LV_ASSERT_NULL(data);
 496              		.loc 1 118 5 discriminator 1 view .LVU159
 118:Lib/lvgl/src/misc/cache/lv_cache_entry.c ****     LV_ASSERT_NULL(data);
 497              		.loc 1 118 5 discriminator 1 view .LVU160
 118:Lib/lvgl/src/misc/cache/lv_cache_entry.c ****     LV_ASSERT_NULL(data);
 498              		.loc 1 118 5 discriminator 1 view .LVU161
 118:Lib/lvgl/src/misc/cache/lv_cache_entry.c ****     LV_ASSERT_NULL(data);
 499              		.loc 1 118 5 discriminator 1 view .LVU162
 500 0006 FEE7     		b	.L42
 501              		.cfi_endproc
 502              	.LFE11:
 504              		.section	.text.lv_cache_entry_set_cache,"ax",%progbits
 505              		.align	1
 506              		.global	lv_cache_entry_set_cache
 507              		.syntax unified
 508              		.thumb
 509              		.thumb_func
 511              	lv_cache_entry_set_cache:
 512              	.LVL28:
 513              	.LFB12:
 121:Lib/lvgl/src/misc/cache/lv_cache_entry.c **** void lv_cache_entry_set_cache(lv_cache_entry_t * entry, const lv_cache_t * cache)
 122:Lib/lvgl/src/misc/cache/lv_cache_entry.c **** {
 514              		.loc 1 122 1 view -0
 515              		.cfi_startproc
 516              		@ args = 0, pretend = 0, frame = 0
 517              		@ frame_needed = 0, uses_anonymous_args = 0
 518              		@ link register save eliminated.
 123:Lib/lvgl/src/misc/cache/lv_cache_entry.c ****     LV_ASSERT_NULL(entry);
 519              		.loc 1 123 5 view .LVU164
 520              		.loc 1 123 5 view .LVU165
 521 0000 08B1     		cbz	r0, .L45
 522              		.loc 1 123 5 discriminator 2 view .LVU166
 523              		.loc 1 123 26 discriminator 2 view .LVU167
ARM GAS  C:\Users\Alex\AppData\Local\Temp\ccHONxyT.s 			page 13


 124:Lib/lvgl/src/misc/cache/lv_cache_entry.c ****     entry->cache = cache;
 524              		.loc 1 124 5 discriminator 2 view .LVU168
 525              		.loc 1 124 18 is_stmt 0 discriminator 2 view .LVU169
 526 0002 0160     		str	r1, [r0]
 125:Lib/lvgl/src/misc/cache/lv_cache_entry.c **** }
 527              		.loc 1 125 1 discriminator 2 view .LVU170
 528 0004 7047     		bx	lr
 529              	.L45:
 123:Lib/lvgl/src/misc/cache/lv_cache_entry.c ****     LV_ASSERT_NULL(entry);
 530              		.loc 1 123 5 is_stmt 1 discriminator 1 view .LVU171
 123:Lib/lvgl/src/misc/cache/lv_cache_entry.c ****     LV_ASSERT_NULL(entry);
 531              		.loc 1 123 5 discriminator 1 view .LVU172
 123:Lib/lvgl/src/misc/cache/lv_cache_entry.c ****     LV_ASSERT_NULL(entry);
 532              		.loc 1 123 5 discriminator 1 view .LVU173
 123:Lib/lvgl/src/misc/cache/lv_cache_entry.c ****     LV_ASSERT_NULL(entry);
 533              		.loc 1 123 5 discriminator 1 view .LVU174
 123:Lib/lvgl/src/misc/cache/lv_cache_entry.c ****     LV_ASSERT_NULL(entry);
 534              		.loc 1 123 5 discriminator 1 view .LVU175
 535 0006 FEE7     		b	.L45
 536              		.cfi_endproc
 537              	.LFE12:
 539              		.section	.text.lv_cache_entry_get_cache,"ax",%progbits
 540              		.align	1
 541              		.global	lv_cache_entry_get_cache
 542              		.syntax unified
 543              		.thumb
 544              		.thumb_func
 546              	lv_cache_entry_get_cache:
 547              	.LVL29:
 548              	.LFB13:
 126:Lib/lvgl/src/misc/cache/lv_cache_entry.c **** const lv_cache_t * lv_cache_entry_get_cache(const lv_cache_entry_t * entry)
 127:Lib/lvgl/src/misc/cache/lv_cache_entry.c **** {
 549              		.loc 1 127 1 view -0
 550              		.cfi_startproc
 551              		@ args = 0, pretend = 0, frame = 0
 552              		@ frame_needed = 0, uses_anonymous_args = 0
 553              		@ link register save eliminated.
 128:Lib/lvgl/src/misc/cache/lv_cache_entry.c ****     LV_ASSERT_NULL(entry);
 554              		.loc 1 128 5 view .LVU177
 555              		.loc 1 128 5 view .LVU178
 556 0000 08B1     		cbz	r0, .L48
 557              		.loc 1 128 5 discriminator 2 view .LVU179
 558              		.loc 1 128 26 discriminator 2 view .LVU180
 129:Lib/lvgl/src/misc/cache/lv_cache_entry.c ****     return entry->cache;
 559              		.loc 1 129 5 discriminator 2 view .LVU181
 130:Lib/lvgl/src/misc/cache/lv_cache_entry.c **** }
 560              		.loc 1 130 1 is_stmt 0 discriminator 2 view .LVU182
 561 0002 0068     		ldr	r0, [r0]
 562              	.LVL30:
 563              		.loc 1 130 1 discriminator 2 view .LVU183
 564 0004 7047     		bx	lr
 565              	.LVL31:
 566              	.L48:
 128:Lib/lvgl/src/misc/cache/lv_cache_entry.c ****     LV_ASSERT_NULL(entry);
 567              		.loc 1 128 5 is_stmt 1 discriminator 1 view .LVU184
 128:Lib/lvgl/src/misc/cache/lv_cache_entry.c ****     LV_ASSERT_NULL(entry);
 568              		.loc 1 128 5 discriminator 1 view .LVU185
ARM GAS  C:\Users\Alex\AppData\Local\Temp\ccHONxyT.s 			page 14


 128:Lib/lvgl/src/misc/cache/lv_cache_entry.c ****     LV_ASSERT_NULL(entry);
 569              		.loc 1 128 5 discriminator 1 view .LVU186
 128:Lib/lvgl/src/misc/cache/lv_cache_entry.c ****     LV_ASSERT_NULL(entry);
 570              		.loc 1 128 5 discriminator 1 view .LVU187
 128:Lib/lvgl/src/misc/cache/lv_cache_entry.c ****     LV_ASSERT_NULL(entry);
 571              		.loc 1 128 5 discriminator 1 view .LVU188
 572 0006 FEE7     		b	.L48
 573              		.cfi_endproc
 574              	.LFE13:
 576              		.section	.text.lv_cache_entry_get_size,"ax",%progbits
 577              		.align	1
 578              		.global	lv_cache_entry_get_size
 579              		.syntax unified
 580              		.thumb
 581              		.thumb_func
 583              	lv_cache_entry_get_size:
 584              	.LVL32:
 585              	.LFB14:
 131:Lib/lvgl/src/misc/cache/lv_cache_entry.c **** 
 132:Lib/lvgl/src/misc/cache/lv_cache_entry.c **** uint32_t lv_cache_entry_get_size(const uint32_t node_size)
 133:Lib/lvgl/src/misc/cache/lv_cache_entry.c **** {
 586              		.loc 1 133 1 view -0
 587              		.cfi_startproc
 588              		@ args = 0, pretend = 0, frame = 0
 589              		@ frame_needed = 0, uses_anonymous_args = 0
 590              		@ link register save eliminated.
 134:Lib/lvgl/src/misc/cache/lv_cache_entry.c ****     return node_size + sizeof(lv_cache_entry_t);
 591              		.loc 1 134 5 view .LVU190
 135:Lib/lvgl/src/misc/cache/lv_cache_entry.c **** }
 592              		.loc 1 135 1 is_stmt 0 view .LVU191
 593 0000 1030     		adds	r0, r0, #16
 594              	.LVL33:
 595              		.loc 1 135 1 view .LVU192
 596 0002 7047     		bx	lr
 597              		.cfi_endproc
 598              	.LFE14:
 600              		.section	.text.lv_cache_entry_init,"ax",%progbits
 601              		.align	1
 602              		.global	lv_cache_entry_init
 603              		.syntax unified
 604              		.thumb
 605              		.thumb_func
 607              	lv_cache_entry_init:
 608              	.LVL34:
 609              	.LFB16:
 136:Lib/lvgl/src/misc/cache/lv_cache_entry.c **** lv_cache_entry_t * lv_cache_entry_alloc(const uint32_t node_size, const lv_cache_t * cache)
 137:Lib/lvgl/src/misc/cache/lv_cache_entry.c **** {
 138:Lib/lvgl/src/misc/cache/lv_cache_entry.c ****     void * res = lv_malloc_zeroed(lv_cache_entry_get_size(node_size));
 139:Lib/lvgl/src/misc/cache/lv_cache_entry.c ****     LV_ASSERT_MALLOC(res)
 140:Lib/lvgl/src/misc/cache/lv_cache_entry.c ****     if(res == NULL) {
 141:Lib/lvgl/src/misc/cache/lv_cache_entry.c ****         LV_LOG_ERROR("malloc failed");
 142:Lib/lvgl/src/misc/cache/lv_cache_entry.c ****         return NULL;
 143:Lib/lvgl/src/misc/cache/lv_cache_entry.c ****     }
 144:Lib/lvgl/src/misc/cache/lv_cache_entry.c ****     lv_cache_entry_t * entry = (lv_cache_entry_t *)res;
 145:Lib/lvgl/src/misc/cache/lv_cache_entry.c ****     lv_cache_entry_init(entry, cache, node_size);
 146:Lib/lvgl/src/misc/cache/lv_cache_entry.c ****     return (lv_cache_entry_t *)((uint8_t *)entry + node_size);
 147:Lib/lvgl/src/misc/cache/lv_cache_entry.c **** }
ARM GAS  C:\Users\Alex\AppData\Local\Temp\ccHONxyT.s 			page 15


 148:Lib/lvgl/src/misc/cache/lv_cache_entry.c **** void lv_cache_entry_init(lv_cache_entry_t * entry, const lv_cache_t * cache, const uint32_t node_si
 149:Lib/lvgl/src/misc/cache/lv_cache_entry.c **** {
 610              		.loc 1 149 1 is_stmt 1 view -0
 611              		.cfi_startproc
 612              		@ args = 0, pretend = 0, frame = 0
 613              		@ frame_needed = 0, uses_anonymous_args = 0
 614              		@ link register save eliminated.
 150:Lib/lvgl/src/misc/cache/lv_cache_entry.c ****     LV_ASSERT_NULL(entry);
 615              		.loc 1 150 5 view .LVU194
 616              		.loc 1 150 5 view .LVU195
 617 0000 30B1     		cbz	r0, .L52
 618              		.loc 1 150 5 discriminator 2 view .LVU196
 619              		.loc 1 150 26 discriminator 2 view .LVU197
 151:Lib/lvgl/src/misc/cache/lv_cache_entry.c ****     LV_ASSERT_NULL(cache);
 620              		.loc 1 151 5 discriminator 2 view .LVU198
 621              		.loc 1 151 5 discriminator 2 view .LVU199
 622 0002 31B1     		cbz	r1, .L54
 623              		.loc 1 151 5 discriminator 2 view .LVU200
 624              		.loc 1 151 26 discriminator 2 view .LVU201
 152:Lib/lvgl/src/misc/cache/lv_cache_entry.c **** 
 153:Lib/lvgl/src/misc/cache/lv_cache_entry.c ****     entry->cache = cache;
 625              		.loc 1 153 5 discriminator 2 view .LVU202
 626              		.loc 1 153 18 is_stmt 0 discriminator 2 view .LVU203
 627 0004 0160     		str	r1, [r0]
 154:Lib/lvgl/src/misc/cache/lv_cache_entry.c ****     entry->node_size = node_size;
 628              		.loc 1 154 5 is_stmt 1 discriminator 2 view .LVU204
 629              		.loc 1 154 22 is_stmt 0 discriminator 2 view .LVU205
 630 0006 8260     		str	r2, [r0, #8]
 155:Lib/lvgl/src/misc/cache/lv_cache_entry.c ****     entry->ref_cnt = 0;
 631              		.loc 1 155 5 is_stmt 1 discriminator 2 view .LVU206
 632              		.loc 1 155 20 is_stmt 0 discriminator 2 view .LVU207
 633 0008 0022     		movs	r2, #0
 634              	.LVL35:
 635              		.loc 1 155 20 discriminator 2 view .LVU208
 636 000a 4260     		str	r2, [r0, #4]
 156:Lib/lvgl/src/misc/cache/lv_cache_entry.c ****     entry->is_invalid = false;
 637              		.loc 1 156 5 is_stmt 1 discriminator 2 view .LVU209
 638              		.loc 1 156 23 is_stmt 0 discriminator 2 view .LVU210
 639 000c 0273     		strb	r2, [r0, #12]
 157:Lib/lvgl/src/misc/cache/lv_cache_entry.c **** }
 640              		.loc 1 157 1 discriminator 2 view .LVU211
 641 000e 7047     		bx	lr
 642              	.LVL36:
 643              	.L52:
 150:Lib/lvgl/src/misc/cache/lv_cache_entry.c ****     LV_ASSERT_NULL(cache);
 644              		.loc 1 150 5 is_stmt 1 discriminator 1 view .LVU212
 150:Lib/lvgl/src/misc/cache/lv_cache_entry.c ****     LV_ASSERT_NULL(cache);
 645              		.loc 1 150 5 discriminator 1 view .LVU213
 150:Lib/lvgl/src/misc/cache/lv_cache_entry.c ****     LV_ASSERT_NULL(cache);
 646              		.loc 1 150 5 discriminator 1 view .LVU214
 150:Lib/lvgl/src/misc/cache/lv_cache_entry.c ****     LV_ASSERT_NULL(cache);
 647              		.loc 1 150 5 discriminator 1 view .LVU215
 150:Lib/lvgl/src/misc/cache/lv_cache_entry.c ****     LV_ASSERT_NULL(cache);
 648              		.loc 1 150 5 discriminator 1 view .LVU216
 649 0010 FEE7     		b	.L52
 650              	.L54:
 151:Lib/lvgl/src/misc/cache/lv_cache_entry.c **** 
ARM GAS  C:\Users\Alex\AppData\Local\Temp\ccHONxyT.s 			page 16


 651              		.loc 1 151 5 discriminator 2 view .LVU217
 151:Lib/lvgl/src/misc/cache/lv_cache_entry.c **** 
 652              		.loc 1 151 5 discriminator 2 view .LVU218
 151:Lib/lvgl/src/misc/cache/lv_cache_entry.c **** 
 653              		.loc 1 151 5 discriminator 2 view .LVU219
 151:Lib/lvgl/src/misc/cache/lv_cache_entry.c **** 
 654              		.loc 1 151 5 discriminator 2 view .LVU220
 151:Lib/lvgl/src/misc/cache/lv_cache_entry.c **** 
 655              		.loc 1 151 5 discriminator 2 view .LVU221
 656 0012 FEE7     		b	.L54
 657              		.cfi_endproc
 658              	.LFE16:
 660              		.section	.text.lv_cache_entry_alloc,"ax",%progbits
 661              		.align	1
 662              		.global	lv_cache_entry_alloc
 663              		.syntax unified
 664              		.thumb
 665              		.thumb_func
 667              	lv_cache_entry_alloc:
 668              	.LVL37:
 669              	.LFB15:
 137:Lib/lvgl/src/misc/cache/lv_cache_entry.c ****     void * res = lv_malloc_zeroed(lv_cache_entry_get_size(node_size));
 670              		.loc 1 137 1 view -0
 671              		.cfi_startproc
 672              		@ args = 0, pretend = 0, frame = 0
 673              		@ frame_needed = 0, uses_anonymous_args = 0
 137:Lib/lvgl/src/misc/cache/lv_cache_entry.c ****     void * res = lv_malloc_zeroed(lv_cache_entry_get_size(node_size));
 674              		.loc 1 137 1 is_stmt 0 view .LVU223
 675 0000 70B5     		push	{r4, r5, r6, lr}
 676              	.LCFI5:
 677              		.cfi_def_cfa_offset 16
 678              		.cfi_offset 4, -16
 679              		.cfi_offset 5, -12
 680              		.cfi_offset 6, -8
 681              		.cfi_offset 14, -4
 682 0002 0446     		mov	r4, r0
 683 0004 0D46     		mov	r5, r1
 138:Lib/lvgl/src/misc/cache/lv_cache_entry.c ****     LV_ASSERT_MALLOC(res)
 684              		.loc 1 138 5 is_stmt 1 view .LVU224
 138:Lib/lvgl/src/misc/cache/lv_cache_entry.c ****     LV_ASSERT_MALLOC(res)
 685              		.loc 1 138 35 is_stmt 0 view .LVU225
 686 0006 FFF7FEFF 		bl	lv_cache_entry_get_size
 687              	.LVL38:
 138:Lib/lvgl/src/misc/cache/lv_cache_entry.c ****     LV_ASSERT_MALLOC(res)
 688              		.loc 1 138 18 view .LVU226
 689 000a FFF7FEFF 		bl	lv_malloc_zeroed
 690              	.LVL39:
 139:Lib/lvgl/src/misc/cache/lv_cache_entry.c ****     if(res == NULL) {
 691              		.loc 1 139 5 is_stmt 1 view .LVU227
 139:Lib/lvgl/src/misc/cache/lv_cache_entry.c ****     if(res == NULL) {
 692              		.loc 1 139 5 view .LVU228
 693 000e 30B1     		cbz	r0, .L57
 694 0010 0646     		mov	r6, r0
 139:Lib/lvgl/src/misc/cache/lv_cache_entry.c ****     if(res == NULL) {
 695              		.loc 1 139 5 view .LVU229
 140:Lib/lvgl/src/misc/cache/lv_cache_entry.c ****         LV_LOG_ERROR("malloc failed");
 696              		.loc 1 140 5 view .LVU230
ARM GAS  C:\Users\Alex\AppData\Local\Temp\ccHONxyT.s 			page 17


 144:Lib/lvgl/src/misc/cache/lv_cache_entry.c ****     lv_cache_entry_init(entry, cache, node_size);
 697              		.loc 1 144 5 view .LVU231
 698              	.LVL40:
 145:Lib/lvgl/src/misc/cache/lv_cache_entry.c ****     return (lv_cache_entry_t *)((uint8_t *)entry + node_size);
 699              		.loc 1 145 5 view .LVU232
 700 0012 2246     		mov	r2, r4
 701 0014 2946     		mov	r1, r5
 702 0016 FFF7FEFF 		bl	lv_cache_entry_init
 703              	.LVL41:
 146:Lib/lvgl/src/misc/cache/lv_cache_entry.c **** }
 704              		.loc 1 146 5 view .LVU233
 147:Lib/lvgl/src/misc/cache/lv_cache_entry.c **** void lv_cache_entry_init(lv_cache_entry_t * entry, const lv_cache_t * cache, const uint32_t node_si
 705              		.loc 1 147 1 is_stmt 0 view .LVU234
 706 001a 3019     		adds	r0, r6, r4
 707 001c 70BD     		pop	{r4, r5, r6, pc}
 708              	.LVL42:
 709              	.L57:
 139:Lib/lvgl/src/misc/cache/lv_cache_entry.c ****     if(res == NULL) {
 710              		.loc 1 139 5 is_stmt 1 discriminator 1 view .LVU235
 139:Lib/lvgl/src/misc/cache/lv_cache_entry.c ****     if(res == NULL) {
 711              		.loc 1 139 5 discriminator 1 view .LVU236
 139:Lib/lvgl/src/misc/cache/lv_cache_entry.c ****     if(res == NULL) {
 712              		.loc 1 139 5 discriminator 1 view .LVU237
 139:Lib/lvgl/src/misc/cache/lv_cache_entry.c ****     if(res == NULL) {
 713              		.loc 1 139 5 discriminator 1 view .LVU238
 139:Lib/lvgl/src/misc/cache/lv_cache_entry.c ****     if(res == NULL) {
 714              		.loc 1 139 5 discriminator 1 view .LVU239
 715 001e FEE7     		b	.L57
 716              		.cfi_endproc
 717              	.LFE15:
 719              		.section	.text.lv_cache_entry_delete,"ax",%progbits
 720              		.align	1
 721              		.global	lv_cache_entry_delete
 722              		.syntax unified
 723              		.thumb
 724              		.thumb_func
 726              	lv_cache_entry_delete:
 727              	.LVL43:
 728              	.LFB17:
 158:Lib/lvgl/src/misc/cache/lv_cache_entry.c **** void lv_cache_entry_delete(lv_cache_entry_t * entry)
 159:Lib/lvgl/src/misc/cache/lv_cache_entry.c **** {
 729              		.loc 1 159 1 view -0
 730              		.cfi_startproc
 731              		@ args = 0, pretend = 0, frame = 0
 732              		@ frame_needed = 0, uses_anonymous_args = 0
 160:Lib/lvgl/src/misc/cache/lv_cache_entry.c ****     LV_ASSERT_NULL(entry);
 733              		.loc 1 160 5 view .LVU241
 734              		.loc 1 160 5 view .LVU242
 735 0000 28B1     		cbz	r0, .L61
 159:Lib/lvgl/src/misc/cache/lv_cache_entry.c ****     LV_ASSERT_NULL(entry);
 736              		.loc 1 159 1 is_stmt 0 discriminator 2 view .LVU243
 737 0002 08B5     		push	{r3, lr}
 738              	.LCFI6:
 739              		.cfi_def_cfa_offset 8
 740              		.cfi_offset 3, -8
 741              		.cfi_offset 14, -4
 742              		.loc 1 160 5 is_stmt 1 discriminator 2 view .LVU244
ARM GAS  C:\Users\Alex\AppData\Local\Temp\ccHONxyT.s 			page 18


 743              		.loc 1 160 26 discriminator 2 view .LVU245
 161:Lib/lvgl/src/misc/cache/lv_cache_entry.c **** 
 162:Lib/lvgl/src/misc/cache/lv_cache_entry.c ****     void * data = lv_cache_entry_get_data(entry);
 744              		.loc 1 162 5 discriminator 2 view .LVU246
 745              		.loc 1 162 19 is_stmt 0 discriminator 2 view .LVU247
 746 0004 FFF7FEFF 		bl	lv_cache_entry_get_data
 747              	.LVL44:
 163:Lib/lvgl/src/misc/cache/lv_cache_entry.c ****     lv_free(data);
 748              		.loc 1 163 5 is_stmt 1 discriminator 2 view .LVU248
 749 0008 FFF7FEFF 		bl	lv_free
 750              	.LVL45:
 164:Lib/lvgl/src/misc/cache/lv_cache_entry.c **** }
 751              		.loc 1 164 1 is_stmt 0 discriminator 2 view .LVU249
 752 000c 08BD     		pop	{r3, pc}
 753              	.LVL46:
 754              	.L61:
 755              	.LCFI7:
 756              		.cfi_def_cfa_offset 0
 757              		.cfi_restore 3
 758              		.cfi_restore 14
 160:Lib/lvgl/src/misc/cache/lv_cache_entry.c **** 
 759              		.loc 1 160 5 is_stmt 1 discriminator 1 view .LVU250
 160:Lib/lvgl/src/misc/cache/lv_cache_entry.c **** 
 760              		.loc 1 160 5 discriminator 1 view .LVU251
 160:Lib/lvgl/src/misc/cache/lv_cache_entry.c **** 
 761              		.loc 1 160 5 discriminator 1 view .LVU252
 160:Lib/lvgl/src/misc/cache/lv_cache_entry.c **** 
 762              		.loc 1 160 5 discriminator 1 view .LVU253
 160:Lib/lvgl/src/misc/cache/lv_cache_entry.c **** 
 763              		.loc 1 160 5 discriminator 1 view .LVU254
 764 000e FEE7     		b	.L61
 765              		.cfi_endproc
 766              	.LFE17:
 768              		.text
 769              	.Letext0:
 770              		.file 2 "e:\\programms\\gnu_mcu_eclipse\\toolchain\\arm-gnu-toolchain-12.2.mpacbti-bet1-mingw-w64-
 771              		.file 3 "e:\\programms\\gnu_mcu_eclipse\\toolchain\\arm-gnu-toolchain-12.2.mpacbti-bet1-mingw-w64-
 772              		.file 4 "e:\\programms\\gnu_mcu_eclipse\\toolchain\\arm-gnu-toolchain-12.2.mpacbti-bet1-mingw-w64-
 773              		.file 5 "Lib/lvgl/src/misc/cache/../../osal/lv_os_none.h"
 774              		.file 6 "Lib/lvgl/src/misc/cache/lv_cache_private.h"
 775              		.file 7 "Lib/lvgl/src/misc/cache/../../stdlib/lv_mem.h"
ARM GAS  C:\Users\Alex\AppData\Local\Temp\ccHONxyT.s 			page 19


DEFINED SYMBOLS
                            *ABS*:00000000 lv_cache_entry.c
C:\Users\Alex\AppData\Local\Temp\ccHONxyT.s:21     .text.lv_cache_entry_reset_ref:00000000 $t
C:\Users\Alex\AppData\Local\Temp\ccHONxyT.s:27     .text.lv_cache_entry_reset_ref:00000000 lv_cache_entry_reset_ref
C:\Users\Alex\AppData\Local\Temp\ccHONxyT.s:57     .text.lv_cache_entry_inc_ref:00000000 $t
C:\Users\Alex\AppData\Local\Temp\ccHONxyT.s:63     .text.lv_cache_entry_inc_ref:00000000 lv_cache_entry_inc_ref
C:\Users\Alex\AppData\Local\Temp\ccHONxyT.s:95     .text.lv_cache_entry_dec_ref:00000000 $t
C:\Users\Alex\AppData\Local\Temp\ccHONxyT.s:101    .text.lv_cache_entry_dec_ref:00000000 lv_cache_entry_dec_ref
C:\Users\Alex\AppData\Local\Temp\ccHONxyT.s:148    .text.lv_cache_entry_get_ref:00000000 $t
C:\Users\Alex\AppData\Local\Temp\ccHONxyT.s:154    .text.lv_cache_entry_get_ref:00000000 lv_cache_entry_get_ref
C:\Users\Alex\AppData\Local\Temp\ccHONxyT.s:185    .text.lv_cache_entry_get_node_size:00000000 $t
C:\Users\Alex\AppData\Local\Temp\ccHONxyT.s:191    .text.lv_cache_entry_get_node_size:00000000 lv_cache_entry_get_node_size
C:\Users\Alex\AppData\Local\Temp\ccHONxyT.s:209    .text.lv_cache_entry_set_node_size:00000000 $t
C:\Users\Alex\AppData\Local\Temp\ccHONxyT.s:215    .text.lv_cache_entry_set_node_size:00000000 lv_cache_entry_set_node_size
C:\Users\Alex\AppData\Local\Temp\ccHONxyT.s:244    .text.lv_cache_entry_set_invalid:00000000 $t
C:\Users\Alex\AppData\Local\Temp\ccHONxyT.s:250    .text.lv_cache_entry_set_invalid:00000000 lv_cache_entry_set_invalid
C:\Users\Alex\AppData\Local\Temp\ccHONxyT.s:279    .text.lv_cache_entry_is_invalid:00000000 $t
C:\Users\Alex\AppData\Local\Temp\ccHONxyT.s:285    .text.lv_cache_entry_is_invalid:00000000 lv_cache_entry_is_invalid
C:\Users\Alex\AppData\Local\Temp\ccHONxyT.s:316    .text.lv_cache_entry_get_data:00000000 $t
C:\Users\Alex\AppData\Local\Temp\ccHONxyT.s:322    .text.lv_cache_entry_get_data:00000000 lv_cache_entry_get_data
C:\Users\Alex\AppData\Local\Temp\ccHONxyT.s:355    .text.lv_cache_entry_acquire_data:00000000 $t
C:\Users\Alex\AppData\Local\Temp\ccHONxyT.s:361    .text.lv_cache_entry_acquire_data:00000000 lv_cache_entry_acquire_data
C:\Users\Alex\AppData\Local\Temp\ccHONxyT.s:406    .text.lv_cache_entry_release_data:00000000 $t
C:\Users\Alex\AppData\Local\Temp\ccHONxyT.s:412    .text.lv_cache_entry_release_data:00000000 lv_cache_entry_release_data
C:\Users\Alex\AppData\Local\Temp\ccHONxyT.s:468    .text.lv_cache_entry_get_entry:00000000 $t
C:\Users\Alex\AppData\Local\Temp\ccHONxyT.s:474    .text.lv_cache_entry_get_entry:00000000 lv_cache_entry_get_entry
C:\Users\Alex\AppData\Local\Temp\ccHONxyT.s:505    .text.lv_cache_entry_set_cache:00000000 $t
C:\Users\Alex\AppData\Local\Temp\ccHONxyT.s:511    .text.lv_cache_entry_set_cache:00000000 lv_cache_entry_set_cache
C:\Users\Alex\AppData\Local\Temp\ccHONxyT.s:540    .text.lv_cache_entry_get_cache:00000000 $t
C:\Users\Alex\AppData\Local\Temp\ccHONxyT.s:546    .text.lv_cache_entry_get_cache:00000000 lv_cache_entry_get_cache
C:\Users\Alex\AppData\Local\Temp\ccHONxyT.s:577    .text.lv_cache_entry_get_size:00000000 $t
C:\Users\Alex\AppData\Local\Temp\ccHONxyT.s:583    .text.lv_cache_entry_get_size:00000000 lv_cache_entry_get_size
C:\Users\Alex\AppData\Local\Temp\ccHONxyT.s:601    .text.lv_cache_entry_init:00000000 $t
C:\Users\Alex\AppData\Local\Temp\ccHONxyT.s:607    .text.lv_cache_entry_init:00000000 lv_cache_entry_init
C:\Users\Alex\AppData\Local\Temp\ccHONxyT.s:661    .text.lv_cache_entry_alloc:00000000 $t
C:\Users\Alex\AppData\Local\Temp\ccHONxyT.s:667    .text.lv_cache_entry_alloc:00000000 lv_cache_entry_alloc
C:\Users\Alex\AppData\Local\Temp\ccHONxyT.s:720    .text.lv_cache_entry_delete:00000000 $t
C:\Users\Alex\AppData\Local\Temp\ccHONxyT.s:726    .text.lv_cache_entry_delete:00000000 lv_cache_entry_delete

UNDEFINED SYMBOLS
lv_malloc_zeroed
lv_free
