ARM GAS  C:\Users\Alex\AppData\Local\Temp\cchlSS8X.s 			page 1


   1              		.cpu cortex-m4
   2              		.arch armv7e-m
   3              		.fpu fpv4-sp-d16
   4              		.eabi_attribute 27, 1
   5              		.eabi_attribute 28, 1
   6              		.eabi_attribute 20, 1
   7              		.eabi_attribute 21, 1
   8              		.eabi_attribute 23, 3
   9              		.eabi_attribute 24, 1
  10              		.eabi_attribute 25, 1
  11              		.eabi_attribute 26, 1
  12              		.eabi_attribute 30, 1
  13              		.eabi_attribute 34, 1
  14              		.eabi_attribute 18, 4
  15              		.file	"lv_draw_sw_mask_rect.c"
  16              		.text
  17              	.Ltext0:
  18              		.cfi_sections	.debug_frame
  19              		.file 1 "Lib/lvgl/src/draw/sw/lv_draw_sw_mask_rect.c"
  20              		.section	.text.lv_draw_sw_mask_rect,"ax",%progbits
  21              		.align	1
  22              		.global	lv_draw_sw_mask_rect
  23              		.syntax unified
  24              		.thumb
  25              		.thumb_func
  27              	lv_draw_sw_mask_rect:
  28              	.LVL0:
  29              	.LFB95:
   1:Lib/lvgl/src/draw/sw/lv_draw_sw_mask_rect.c **** /**
   2:Lib/lvgl/src/draw/sw/lv_draw_sw_mask_rect.c ****  * @file lv_draw_sw_mask_rect.c
   3:Lib/lvgl/src/draw/sw/lv_draw_sw_mask_rect.c ****  *
   4:Lib/lvgl/src/draw/sw/lv_draw_sw_mask_rect.c ****  */
   5:Lib/lvgl/src/draw/sw/lv_draw_sw_mask_rect.c **** 
   6:Lib/lvgl/src/draw/sw/lv_draw_sw_mask_rect.c **** /*********************
   7:Lib/lvgl/src/draw/sw/lv_draw_sw_mask_rect.c ****  *      INCLUDES
   8:Lib/lvgl/src/draw/sw/lv_draw_sw_mask_rect.c ****  *********************/
   9:Lib/lvgl/src/draw/sw/lv_draw_sw_mask_rect.c **** #include "../lv_draw.h"
  10:Lib/lvgl/src/draw/sw/lv_draw_sw_mask_rect.c **** #if LV_USE_DRAW_SW
  11:Lib/lvgl/src/draw/sw/lv_draw_sw_mask_rect.c **** #if LV_DRAW_SW_COMPLEX
  12:Lib/lvgl/src/draw/sw/lv_draw_sw_mask_rect.c **** 
  13:Lib/lvgl/src/draw/sw/lv_draw_sw_mask_rect.c **** #include "../../misc/lv_math.h"
  14:Lib/lvgl/src/draw/sw/lv_draw_sw_mask_rect.c **** #include "../../misc/lv_log.h"
  15:Lib/lvgl/src/draw/sw/lv_draw_sw_mask_rect.c **** #include "../../stdlib/lv_mem.h"
  16:Lib/lvgl/src/draw/sw/lv_draw_sw_mask_rect.c **** #include "../../stdlib/lv_string.h"
  17:Lib/lvgl/src/draw/sw/lv_draw_sw_mask_rect.c **** #include "lv_draw_sw.h"
  18:Lib/lvgl/src/draw/sw/lv_draw_sw_mask_rect.c **** #include "lv_draw_sw_mask.h"
  19:Lib/lvgl/src/draw/sw/lv_draw_sw_mask_rect.c **** 
  20:Lib/lvgl/src/draw/sw/lv_draw_sw_mask_rect.c **** /*********************
  21:Lib/lvgl/src/draw/sw/lv_draw_sw_mask_rect.c ****  *      DEFINES
  22:Lib/lvgl/src/draw/sw/lv_draw_sw_mask_rect.c ****  *********************/
  23:Lib/lvgl/src/draw/sw/lv_draw_sw_mask_rect.c **** 
  24:Lib/lvgl/src/draw/sw/lv_draw_sw_mask_rect.c **** /**********************
  25:Lib/lvgl/src/draw/sw/lv_draw_sw_mask_rect.c ****  *      TYPEDEFS
  26:Lib/lvgl/src/draw/sw/lv_draw_sw_mask_rect.c ****  **********************/
  27:Lib/lvgl/src/draw/sw/lv_draw_sw_mask_rect.c **** 
  28:Lib/lvgl/src/draw/sw/lv_draw_sw_mask_rect.c **** /**********************
  29:Lib/lvgl/src/draw/sw/lv_draw_sw_mask_rect.c ****  *  STATIC PROTOTYPES
ARM GAS  C:\Users\Alex\AppData\Local\Temp\cchlSS8X.s 			page 2


  30:Lib/lvgl/src/draw/sw/lv_draw_sw_mask_rect.c ****  **********************/
  31:Lib/lvgl/src/draw/sw/lv_draw_sw_mask_rect.c **** 
  32:Lib/lvgl/src/draw/sw/lv_draw_sw_mask_rect.c **** /**********************
  33:Lib/lvgl/src/draw/sw/lv_draw_sw_mask_rect.c ****  *  STATIC VARIABLES
  34:Lib/lvgl/src/draw/sw/lv_draw_sw_mask_rect.c ****  **********************/
  35:Lib/lvgl/src/draw/sw/lv_draw_sw_mask_rect.c **** 
  36:Lib/lvgl/src/draw/sw/lv_draw_sw_mask_rect.c **** /**********************
  37:Lib/lvgl/src/draw/sw/lv_draw_sw_mask_rect.c ****  *      MACROS
  38:Lib/lvgl/src/draw/sw/lv_draw_sw_mask_rect.c ****  **********************/
  39:Lib/lvgl/src/draw/sw/lv_draw_sw_mask_rect.c **** 
  40:Lib/lvgl/src/draw/sw/lv_draw_sw_mask_rect.c **** /**********************
  41:Lib/lvgl/src/draw/sw/lv_draw_sw_mask_rect.c ****  *   GLOBAL FUNCTIONS
  42:Lib/lvgl/src/draw/sw/lv_draw_sw_mask_rect.c ****  **********************/
  43:Lib/lvgl/src/draw/sw/lv_draw_sw_mask_rect.c **** 
  44:Lib/lvgl/src/draw/sw/lv_draw_sw_mask_rect.c **** void lv_draw_sw_mask_rect(lv_draw_unit_t * draw_unit, const lv_draw_mask_rect_dsc_t * dsc, const lv
  45:Lib/lvgl/src/draw/sw/lv_draw_sw_mask_rect.c **** {
  30              		.loc 1 45 1 view -0
  31              		.cfi_startproc
  32              		@ args = 0, pretend = 0, frame = 80
  33              		@ frame_needed = 0, uses_anonymous_args = 0
  34              		.loc 1 45 1 is_stmt 0 view .LVU1
  35 0000 2DE9F041 		push	{r4, r5, r6, r7, r8, lr}
  36              	.LCFI0:
  37              		.cfi_def_cfa_offset 24
  38              		.cfi_offset 4, -24
  39              		.cfi_offset 5, -20
  40              		.cfi_offset 6, -16
  41              		.cfi_offset 7, -12
  42              		.cfi_offset 8, -8
  43              		.cfi_offset 14, -4
  44 0004 96B0     		sub	sp, sp, #88
  45              	.LCFI1:
  46              		.cfi_def_cfa_offset 112
  47 0006 8046     		mov	r8, r0
  48 0008 0C46     		mov	r4, r1
  46:Lib/lvgl/src/draw/sw/lv_draw_sw_mask_rect.c ****     LV_UNUSED(coords);
  49              		.loc 1 46 5 is_stmt 1 view .LVU2
  47:Lib/lvgl/src/draw/sw/lv_draw_sw_mask_rect.c **** 
  48:Lib/lvgl/src/draw/sw/lv_draw_sw_mask_rect.c ****     lv_area_t draw_area;
  50              		.loc 1 48 5 view .LVU3
  49:Lib/lvgl/src/draw/sw/lv_draw_sw_mask_rect.c ****     if(!_lv_area_intersect(&draw_area, &dsc->area, draw_unit->clip_area)) {
  51              		.loc 1 49 5 view .LVU4
  52              		.loc 1 49 9 is_stmt 0 view .LVU5
  53 000a 01F11C05 		add	r5, r1, #28
  54 000e 8268     		ldr	r2, [r0, #8]
  55              	.LVL1:
  56              		.loc 1 49 9 view .LVU6
  57 0010 2946     		mov	r1, r5
  58              	.LVL2:
  59              		.loc 1 49 9 view .LVU7
  60 0012 12A8     		add	r0, sp, #72
  61              	.LVL3:
  62              		.loc 1 49 9 view .LVU8
  63 0014 FFF7FEFF 		bl	_lv_area_intersect
  64              	.LVL4:
  65              		.loc 1 49 7 view .LVU9
  66 0018 10B9     		cbnz	r0, .L14
ARM GAS  C:\Users\Alex\AppData\Local\Temp\cchlSS8X.s 			page 3


  67              	.LVL5:
  68              	.L1:
  50:Lib/lvgl/src/draw/sw/lv_draw_sw_mask_rect.c ****         return;
  51:Lib/lvgl/src/draw/sw/lv_draw_sw_mask_rect.c ****     }
  52:Lib/lvgl/src/draw/sw/lv_draw_sw_mask_rect.c **** 
  53:Lib/lvgl/src/draw/sw/lv_draw_sw_mask_rect.c ****     lv_layer_t * target_layer = draw_unit->target_layer;
  54:Lib/lvgl/src/draw/sw/lv_draw_sw_mask_rect.c ****     lv_area_t * buf_area = &target_layer->buf_area;
  55:Lib/lvgl/src/draw/sw/lv_draw_sw_mask_rect.c ****     lv_area_t clear_area;
  56:Lib/lvgl/src/draw/sw/lv_draw_sw_mask_rect.c **** 
  57:Lib/lvgl/src/draw/sw/lv_draw_sw_mask_rect.c ****     void * draw_buf = target_layer->draw_buf;
  58:Lib/lvgl/src/draw/sw/lv_draw_sw_mask_rect.c **** 
  59:Lib/lvgl/src/draw/sw/lv_draw_sw_mask_rect.c ****     /*Clear the top part*/
  60:Lib/lvgl/src/draw/sw/lv_draw_sw_mask_rect.c ****     lv_area_set(&clear_area, draw_unit->clip_area->x1, draw_unit->clip_area->y1, draw_unit->clip_ar
  61:Lib/lvgl/src/draw/sw/lv_draw_sw_mask_rect.c ****                 dsc->area.y1 - 1);
  62:Lib/lvgl/src/draw/sw/lv_draw_sw_mask_rect.c ****     lv_area_move(&clear_area, -buf_area->x1, -buf_area->y1);
  63:Lib/lvgl/src/draw/sw/lv_draw_sw_mask_rect.c ****     lv_draw_buf_clear(draw_buf, &clear_area);
  64:Lib/lvgl/src/draw/sw/lv_draw_sw_mask_rect.c **** 
  65:Lib/lvgl/src/draw/sw/lv_draw_sw_mask_rect.c ****     /*Clear the bottom part*/
  66:Lib/lvgl/src/draw/sw/lv_draw_sw_mask_rect.c ****     lv_area_set(&clear_area, draw_unit->clip_area->x1, dsc->area.y2 + 1, draw_unit->clip_area->x2,
  67:Lib/lvgl/src/draw/sw/lv_draw_sw_mask_rect.c ****                 draw_unit->clip_area->y2);
  68:Lib/lvgl/src/draw/sw/lv_draw_sw_mask_rect.c ****     lv_area_move(&clear_area, -buf_area->x1, -buf_area->y1);
  69:Lib/lvgl/src/draw/sw/lv_draw_sw_mask_rect.c ****     lv_draw_buf_clear(draw_buf, &clear_area);
  70:Lib/lvgl/src/draw/sw/lv_draw_sw_mask_rect.c **** 
  71:Lib/lvgl/src/draw/sw/lv_draw_sw_mask_rect.c ****     /*Clear the left part*/
  72:Lib/lvgl/src/draw/sw/lv_draw_sw_mask_rect.c ****     lv_area_set(&clear_area, draw_unit->clip_area->x1, dsc->area.y1, dsc->area.x1 - 1, dsc->area.y2
  73:Lib/lvgl/src/draw/sw/lv_draw_sw_mask_rect.c ****     lv_area_move(&clear_area, -buf_area->x1, -buf_area->y1);
  74:Lib/lvgl/src/draw/sw/lv_draw_sw_mask_rect.c ****     lv_draw_buf_clear(draw_buf, &clear_area);
  75:Lib/lvgl/src/draw/sw/lv_draw_sw_mask_rect.c **** 
  76:Lib/lvgl/src/draw/sw/lv_draw_sw_mask_rect.c ****     /*Clear the right part*/
  77:Lib/lvgl/src/draw/sw/lv_draw_sw_mask_rect.c ****     lv_area_set(&clear_area, dsc->area.x2 + 1, dsc->area.y1, draw_unit->clip_area->x2, dsc->area.y2
  78:Lib/lvgl/src/draw/sw/lv_draw_sw_mask_rect.c ****     lv_area_move(&clear_area, -buf_area->x1, -buf_area->y1);
  79:Lib/lvgl/src/draw/sw/lv_draw_sw_mask_rect.c ****     lv_draw_buf_clear(draw_buf, &clear_area);
  80:Lib/lvgl/src/draw/sw/lv_draw_sw_mask_rect.c **** 
  81:Lib/lvgl/src/draw/sw/lv_draw_sw_mask_rect.c ****     lv_draw_sw_mask_radius_param_t param;
  82:Lib/lvgl/src/draw/sw/lv_draw_sw_mask_rect.c ****     lv_draw_sw_mask_radius_init(&param, &dsc->area, dsc->radius, false);
  83:Lib/lvgl/src/draw/sw/lv_draw_sw_mask_rect.c **** 
  84:Lib/lvgl/src/draw/sw/lv_draw_sw_mask_rect.c ****     void * masks[2] = {0};
  85:Lib/lvgl/src/draw/sw/lv_draw_sw_mask_rect.c ****     masks[0] = &param;
  86:Lib/lvgl/src/draw/sw/lv_draw_sw_mask_rect.c **** 
  87:Lib/lvgl/src/draw/sw/lv_draw_sw_mask_rect.c ****     uint32_t area_w = lv_area_get_width(&draw_area);
  88:Lib/lvgl/src/draw/sw/lv_draw_sw_mask_rect.c ****     lv_opa_t * mask_buf = lv_malloc(area_w);
  89:Lib/lvgl/src/draw/sw/lv_draw_sw_mask_rect.c **** 
  90:Lib/lvgl/src/draw/sw/lv_draw_sw_mask_rect.c ****     int32_t y;
  91:Lib/lvgl/src/draw/sw/lv_draw_sw_mask_rect.c ****     for(y = draw_area.y1; y <= draw_area.y2; y++) {
  92:Lib/lvgl/src/draw/sw/lv_draw_sw_mask_rect.c ****         lv_memset(mask_buf, 0xff, area_w);
  93:Lib/lvgl/src/draw/sw/lv_draw_sw_mask_rect.c ****         lv_draw_sw_mask_res_t res = lv_draw_sw_mask_apply(masks, mask_buf, draw_area.x1, y, area_w)
  94:Lib/lvgl/src/draw/sw/lv_draw_sw_mask_rect.c ****         if(res == LV_DRAW_SW_MASK_RES_FULL_COVER) continue;
  95:Lib/lvgl/src/draw/sw/lv_draw_sw_mask_rect.c **** 
  96:Lib/lvgl/src/draw/sw/lv_draw_sw_mask_rect.c ****         lv_color32_t * c32_buf = lv_draw_layer_go_to_xy(target_layer, draw_area.x1 - buf_area->x1,
  97:Lib/lvgl/src/draw/sw/lv_draw_sw_mask_rect.c ****                                                         y - buf_area->y1);
  98:Lib/lvgl/src/draw/sw/lv_draw_sw_mask_rect.c **** 
  99:Lib/lvgl/src/draw/sw/lv_draw_sw_mask_rect.c ****         if(res == LV_DRAW_SW_MASK_RES_TRANSP) {
 100:Lib/lvgl/src/draw/sw/lv_draw_sw_mask_rect.c ****             uint32_t i;
 101:Lib/lvgl/src/draw/sw/lv_draw_sw_mask_rect.c ****             for(i = 0; i < area_w; i++) {
 102:Lib/lvgl/src/draw/sw/lv_draw_sw_mask_rect.c ****                 c32_buf[i].alpha = 0x00;
 103:Lib/lvgl/src/draw/sw/lv_draw_sw_mask_rect.c ****             }
 104:Lib/lvgl/src/draw/sw/lv_draw_sw_mask_rect.c ****         }
ARM GAS  C:\Users\Alex\AppData\Local\Temp\cchlSS8X.s 			page 4


 105:Lib/lvgl/src/draw/sw/lv_draw_sw_mask_rect.c ****         else {
 106:Lib/lvgl/src/draw/sw/lv_draw_sw_mask_rect.c ****             uint32_t i;
 107:Lib/lvgl/src/draw/sw/lv_draw_sw_mask_rect.c ****             for(i = 0; i < area_w; i++) {
 108:Lib/lvgl/src/draw/sw/lv_draw_sw_mask_rect.c ****                 if(mask_buf[i] != LV_OPA_COVER) {
 109:Lib/lvgl/src/draw/sw/lv_draw_sw_mask_rect.c ****                     c32_buf[i].alpha = LV_OPA_MIX2(c32_buf[i].alpha, mask_buf[i]);
 110:Lib/lvgl/src/draw/sw/lv_draw_sw_mask_rect.c ****                 }
 111:Lib/lvgl/src/draw/sw/lv_draw_sw_mask_rect.c ****             }
 112:Lib/lvgl/src/draw/sw/lv_draw_sw_mask_rect.c ****         }
 113:Lib/lvgl/src/draw/sw/lv_draw_sw_mask_rect.c ****     }
 114:Lib/lvgl/src/draw/sw/lv_draw_sw_mask_rect.c **** 
 115:Lib/lvgl/src/draw/sw/lv_draw_sw_mask_rect.c ****     lv_free(mask_buf);
 116:Lib/lvgl/src/draw/sw/lv_draw_sw_mask_rect.c ****     lv_draw_sw_mask_free_param(&param);
 117:Lib/lvgl/src/draw/sw/lv_draw_sw_mask_rect.c **** }
  69              		.loc 1 117 1 view .LVU10
  70 001a 16B0     		add	sp, sp, #88
  71              	.LCFI2:
  72              		.cfi_remember_state
  73              		.cfi_def_cfa_offset 24
  74              		@ sp needed
  75 001c BDE8F081 		pop	{r4, r5, r6, r7, r8, pc}
  76              	.LVL6:
  77              	.L14:
  78              	.LCFI3:
  79              		.cfi_restore_state
  53:Lib/lvgl/src/draw/sw/lv_draw_sw_mask_rect.c ****     lv_area_t * buf_area = &target_layer->buf_area;
  80              		.loc 1 53 5 is_stmt 1 view .LVU11
  53:Lib/lvgl/src/draw/sw/lv_draw_sw_mask_rect.c ****     lv_area_t * buf_area = &target_layer->buf_area;
  81              		.loc 1 53 18 is_stmt 0 view .LVU12
  82 0020 D8F80470 		ldr	r7, [r8, #4]
  83              	.LVL7:
  54:Lib/lvgl/src/draw/sw/lv_draw_sw_mask_rect.c ****     lv_area_t clear_area;
  84              		.loc 1 54 5 is_stmt 1 view .LVU13
  55:Lib/lvgl/src/draw/sw/lv_draw_sw_mask_rect.c **** 
  85              		.loc 1 55 5 view .LVU14
  57:Lib/lvgl/src/draw/sw/lv_draw_sw_mask_rect.c **** 
  86              		.loc 1 57 5 view .LVU15
  57:Lib/lvgl/src/draw/sw/lv_draw_sw_mask_rect.c **** 
  87              		.loc 1 57 12 is_stmt 0 view .LVU16
  88 0024 3E68     		ldr	r6, [r7]
  89              	.LVL8:
  60:Lib/lvgl/src/draw/sw/lv_draw_sw_mask_rect.c ****                 dsc->area.y1 - 1);
  90              		.loc 1 60 5 is_stmt 1 view .LVU17
  60:Lib/lvgl/src/draw/sw/lv_draw_sw_mask_rect.c ****                 dsc->area.y1 - 1);
  91              		.loc 1 60 39 is_stmt 0 view .LVU18
  92 0026 D8F80830 		ldr	r3, [r8, #8]
  60:Lib/lvgl/src/draw/sw/lv_draw_sw_mask_rect.c ****                 dsc->area.y1 - 1);
  93              		.loc 1 60 50 view .LVU19
  94 002a 1968     		ldr	r1, [r3]
  60:Lib/lvgl/src/draw/sw/lv_draw_sw_mask_rect.c ****                 dsc->area.y1 - 1);
  95              		.loc 1 60 76 view .LVU20
  96 002c 5A68     		ldr	r2, [r3, #4]
  60:Lib/lvgl/src/draw/sw/lv_draw_sw_mask_rect.c ****                 dsc->area.y1 - 1);
  97              		.loc 1 60 102 view .LVU21
  98 002e 9B68     		ldr	r3, [r3, #8]
  61:Lib/lvgl/src/draw/sw/lv_draw_sw_mask_rect.c ****     lv_area_move(&clear_area, -buf_area->x1, -buf_area->y1);
  99              		.loc 1 61 26 view .LVU22
 100 0030 206A     		ldr	r0, [r4, #32]
ARM GAS  C:\Users\Alex\AppData\Local\Temp\cchlSS8X.s 			page 5


  60:Lib/lvgl/src/draw/sw/lv_draw_sw_mask_rect.c ****                 dsc->area.y1 - 1);
 101              		.loc 1 60 5 view .LVU23
 102 0032 0138     		subs	r0, r0, #1
 103 0034 0090     		str	r0, [sp]
 104 0036 0EA8     		add	r0, sp, #56
 105 0038 FFF7FEFF 		bl	lv_area_set
 106              	.LVL9:
  62:Lib/lvgl/src/draw/sw/lv_draw_sw_mask_rect.c ****     lv_draw_buf_clear(draw_buf, &clear_area);
 107              		.loc 1 62 5 is_stmt 1 view .LVU24
  62:Lib/lvgl/src/draw/sw/lv_draw_sw_mask_rect.c ****     lv_draw_buf_clear(draw_buf, &clear_area);
 108              		.loc 1 62 40 is_stmt 0 view .LVU25
 109 003c 7968     		ldr	r1, [r7, #4]
  62:Lib/lvgl/src/draw/sw/lv_draw_sw_mask_rect.c ****     lv_draw_buf_clear(draw_buf, &clear_area);
 110              		.loc 1 62 55 view .LVU26
 111 003e BA68     		ldr	r2, [r7, #8]
  62:Lib/lvgl/src/draw/sw/lv_draw_sw_mask_rect.c ****     lv_draw_buf_clear(draw_buf, &clear_area);
 112              		.loc 1 62 5 view .LVU27
 113 0040 5242     		rsbs	r2, r2, #0
 114 0042 4942     		rsbs	r1, r1, #0
 115 0044 0EA8     		add	r0, sp, #56
 116 0046 FFF7FEFF 		bl	lv_area_move
 117              	.LVL10:
  63:Lib/lvgl/src/draw/sw/lv_draw_sw_mask_rect.c **** 
 118              		.loc 1 63 5 is_stmt 1 view .LVU28
 119 004a 0EA9     		add	r1, sp, #56
 120 004c 3046     		mov	r0, r6
 121 004e FFF7FEFF 		bl	lv_draw_buf_clear
 122              	.LVL11:
  66:Lib/lvgl/src/draw/sw/lv_draw_sw_mask_rect.c ****                 draw_unit->clip_area->y2);
 123              		.loc 1 66 5 view .LVU29
  66:Lib/lvgl/src/draw/sw/lv_draw_sw_mask_rect.c ****                 draw_unit->clip_area->y2);
 124              		.loc 1 66 39 is_stmt 0 view .LVU30
 125 0052 D8F80800 		ldr	r0, [r8, #8]
  66:Lib/lvgl/src/draw/sw/lv_draw_sw_mask_rect.c ****                 draw_unit->clip_area->y2);
 126              		.loc 1 66 50 view .LVU31
 127 0056 0168     		ldr	r1, [r0]
  66:Lib/lvgl/src/draw/sw/lv_draw_sw_mask_rect.c ****                 draw_unit->clip_area->y2);
 128              		.loc 1 66 65 view .LVU32
 129 0058 A26A     		ldr	r2, [r4, #40]
  66:Lib/lvgl/src/draw/sw/lv_draw_sw_mask_rect.c ****                 draw_unit->clip_area->y2);
 130              		.loc 1 66 94 view .LVU33
 131 005a 8368     		ldr	r3, [r0, #8]
  67:Lib/lvgl/src/draw/sw/lv_draw_sw_mask_rect.c ****     lv_area_move(&clear_area, -buf_area->x1, -buf_area->y1);
 132              		.loc 1 67 37 view .LVU34
 133 005c C068     		ldr	r0, [r0, #12]
  66:Lib/lvgl/src/draw/sw/lv_draw_sw_mask_rect.c ****                 draw_unit->clip_area->y2);
 134              		.loc 1 66 5 view .LVU35
 135 005e 0090     		str	r0, [sp]
 136 0060 0132     		adds	r2, r2, #1
 137 0062 0EA8     		add	r0, sp, #56
 138 0064 FFF7FEFF 		bl	lv_area_set
 139              	.LVL12:
  68:Lib/lvgl/src/draw/sw/lv_draw_sw_mask_rect.c ****     lv_draw_buf_clear(draw_buf, &clear_area);
 140              		.loc 1 68 5 is_stmt 1 view .LVU36
  68:Lib/lvgl/src/draw/sw/lv_draw_sw_mask_rect.c ****     lv_draw_buf_clear(draw_buf, &clear_area);
 141              		.loc 1 68 40 is_stmt 0 view .LVU37
 142 0068 7968     		ldr	r1, [r7, #4]
ARM GAS  C:\Users\Alex\AppData\Local\Temp\cchlSS8X.s 			page 6


  68:Lib/lvgl/src/draw/sw/lv_draw_sw_mask_rect.c ****     lv_draw_buf_clear(draw_buf, &clear_area);
 143              		.loc 1 68 55 view .LVU38
 144 006a BA68     		ldr	r2, [r7, #8]
  68:Lib/lvgl/src/draw/sw/lv_draw_sw_mask_rect.c ****     lv_draw_buf_clear(draw_buf, &clear_area);
 145              		.loc 1 68 5 view .LVU39
 146 006c 5242     		rsbs	r2, r2, #0
 147 006e 4942     		rsbs	r1, r1, #0
 148 0070 0EA8     		add	r0, sp, #56
 149 0072 FFF7FEFF 		bl	lv_area_move
 150              	.LVL13:
  69:Lib/lvgl/src/draw/sw/lv_draw_sw_mask_rect.c **** 
 151              		.loc 1 69 5 is_stmt 1 view .LVU40
 152 0076 0EA9     		add	r1, sp, #56
 153 0078 3046     		mov	r0, r6
 154 007a FFF7FEFF 		bl	lv_draw_buf_clear
 155              	.LVL14:
  72:Lib/lvgl/src/draw/sw/lv_draw_sw_mask_rect.c ****     lv_area_move(&clear_area, -buf_area->x1, -buf_area->y1);
 156              		.loc 1 72 5 view .LVU41
  72:Lib/lvgl/src/draw/sw/lv_draw_sw_mask_rect.c ****     lv_area_move(&clear_area, -buf_area->x1, -buf_area->y1);
 157              		.loc 1 72 39 is_stmt 0 view .LVU42
 158 007e D8F80830 		ldr	r3, [r8, #8]
  72:Lib/lvgl/src/draw/sw/lv_draw_sw_mask_rect.c ****     lv_area_move(&clear_area, -buf_area->x1, -buf_area->y1);
 159              		.loc 1 72 50 view .LVU43
 160 0082 1968     		ldr	r1, [r3]
  72:Lib/lvgl/src/draw/sw/lv_draw_sw_mask_rect.c ****     lv_area_move(&clear_area, -buf_area->x1, -buf_area->y1);
 161              		.loc 1 72 79 view .LVU44
 162 0084 E369     		ldr	r3, [r4, #28]
  72:Lib/lvgl/src/draw/sw/lv_draw_sw_mask_rect.c ****     lv_area_move(&clear_area, -buf_area->x1, -buf_area->y1);
 163              		.loc 1 72 97 view .LVU45
 164 0086 A26A     		ldr	r2, [r4, #40]
  72:Lib/lvgl/src/draw/sw/lv_draw_sw_mask_rect.c ****     lv_area_move(&clear_area, -buf_area->x1, -buf_area->y1);
 165              		.loc 1 72 5 view .LVU46
 166 0088 0092     		str	r2, [sp]
 167 008a 013B     		subs	r3, r3, #1
 168 008c 226A     		ldr	r2, [r4, #32]
 169 008e 0EA8     		add	r0, sp, #56
 170 0090 FFF7FEFF 		bl	lv_area_set
 171              	.LVL15:
  73:Lib/lvgl/src/draw/sw/lv_draw_sw_mask_rect.c ****     lv_draw_buf_clear(draw_buf, &clear_area);
 172              		.loc 1 73 5 is_stmt 1 view .LVU47
  73:Lib/lvgl/src/draw/sw/lv_draw_sw_mask_rect.c ****     lv_draw_buf_clear(draw_buf, &clear_area);
 173              		.loc 1 73 40 is_stmt 0 view .LVU48
 174 0094 7968     		ldr	r1, [r7, #4]
  73:Lib/lvgl/src/draw/sw/lv_draw_sw_mask_rect.c ****     lv_draw_buf_clear(draw_buf, &clear_area);
 175              		.loc 1 73 55 view .LVU49
 176 0096 BA68     		ldr	r2, [r7, #8]
  73:Lib/lvgl/src/draw/sw/lv_draw_sw_mask_rect.c ****     lv_draw_buf_clear(draw_buf, &clear_area);
 177              		.loc 1 73 5 view .LVU50
 178 0098 5242     		rsbs	r2, r2, #0
 179 009a 4942     		rsbs	r1, r1, #0
 180 009c 0EA8     		add	r0, sp, #56
 181 009e FFF7FEFF 		bl	lv_area_move
 182              	.LVL16:
  74:Lib/lvgl/src/draw/sw/lv_draw_sw_mask_rect.c **** 
 183              		.loc 1 74 5 is_stmt 1 view .LVU51
 184 00a2 0EA9     		add	r1, sp, #56
 185 00a4 3046     		mov	r0, r6
ARM GAS  C:\Users\Alex\AppData\Local\Temp\cchlSS8X.s 			page 7


 186 00a6 FFF7FEFF 		bl	lv_draw_buf_clear
 187              	.LVL17:
  77:Lib/lvgl/src/draw/sw/lv_draw_sw_mask_rect.c ****     lv_area_move(&clear_area, -buf_area->x1, -buf_area->y1);
 188              		.loc 1 77 5 view .LVU52
  77:Lib/lvgl/src/draw/sw/lv_draw_sw_mask_rect.c ****     lv_area_move(&clear_area, -buf_area->x1, -buf_area->y1);
 189              		.loc 1 77 39 is_stmt 0 view .LVU53
 190 00aa 616A     		ldr	r1, [r4, #36]
  77:Lib/lvgl/src/draw/sw/lv_draw_sw_mask_rect.c ****     lv_area_move(&clear_area, -buf_area->x1, -buf_area->y1);
 191              		.loc 1 77 71 view .LVU54
 192 00ac D8F80830 		ldr	r3, [r8, #8]
  77:Lib/lvgl/src/draw/sw/lv_draw_sw_mask_rect.c ****     lv_area_move(&clear_area, -buf_area->x1, -buf_area->y1);
 193              		.loc 1 77 82 view .LVU55
 194 00b0 9B68     		ldr	r3, [r3, #8]
  77:Lib/lvgl/src/draw/sw/lv_draw_sw_mask_rect.c ****     lv_area_move(&clear_area, -buf_area->x1, -buf_area->y1);
 195              		.loc 1 77 97 view .LVU56
 196 00b2 A26A     		ldr	r2, [r4, #40]
  77:Lib/lvgl/src/draw/sw/lv_draw_sw_mask_rect.c ****     lv_area_move(&clear_area, -buf_area->x1, -buf_area->y1);
 197              		.loc 1 77 5 view .LVU57
 198 00b4 0092     		str	r2, [sp]
 199 00b6 226A     		ldr	r2, [r4, #32]
 200 00b8 0131     		adds	r1, r1, #1
 201 00ba 0EA8     		add	r0, sp, #56
 202 00bc FFF7FEFF 		bl	lv_area_set
 203              	.LVL18:
  78:Lib/lvgl/src/draw/sw/lv_draw_sw_mask_rect.c ****     lv_draw_buf_clear(draw_buf, &clear_area);
 204              		.loc 1 78 5 is_stmt 1 view .LVU58
  78:Lib/lvgl/src/draw/sw/lv_draw_sw_mask_rect.c ****     lv_draw_buf_clear(draw_buf, &clear_area);
 205              		.loc 1 78 40 is_stmt 0 view .LVU59
 206 00c0 7968     		ldr	r1, [r7, #4]
  78:Lib/lvgl/src/draw/sw/lv_draw_sw_mask_rect.c ****     lv_draw_buf_clear(draw_buf, &clear_area);
 207              		.loc 1 78 55 view .LVU60
 208 00c2 BA68     		ldr	r2, [r7, #8]
  78:Lib/lvgl/src/draw/sw/lv_draw_sw_mask_rect.c ****     lv_draw_buf_clear(draw_buf, &clear_area);
 209              		.loc 1 78 5 view .LVU61
 210 00c4 5242     		rsbs	r2, r2, #0
 211 00c6 4942     		rsbs	r1, r1, #0
 212 00c8 0EA8     		add	r0, sp, #56
 213 00ca FFF7FEFF 		bl	lv_area_move
 214              	.LVL19:
  79:Lib/lvgl/src/draw/sw/lv_draw_sw_mask_rect.c **** 
 215              		.loc 1 79 5 is_stmt 1 view .LVU62
 216 00ce 0EA9     		add	r1, sp, #56
 217 00d0 3046     		mov	r0, r6
 218 00d2 FFF7FEFF 		bl	lv_draw_buf_clear
 219              	.LVL20:
  81:Lib/lvgl/src/draw/sw/lv_draw_sw_mask_rect.c ****     lv_draw_sw_mask_radius_init(&param, &dsc->area, dsc->radius, false);
 220              		.loc 1 81 5 view .LVU63
  82:Lib/lvgl/src/draw/sw/lv_draw_sw_mask_rect.c **** 
 221              		.loc 1 82 5 view .LVU64
 222 00d6 05AE     		add	r6, sp, #20
 223              	.LVL21:
  82:Lib/lvgl/src/draw/sw/lv_draw_sw_mask_rect.c **** 
 224              		.loc 1 82 5 is_stmt 0 view .LVU65
 225 00d8 0023     		movs	r3, #0
 226 00da E26A     		ldr	r2, [r4, #44]
 227 00dc 2946     		mov	r1, r5
 228 00de 3046     		mov	r0, r6
ARM GAS  C:\Users\Alex\AppData\Local\Temp\cchlSS8X.s 			page 8


 229 00e0 FFF7FEFF 		bl	lv_draw_sw_mask_radius_init
 230              	.LVL22:
  84:Lib/lvgl/src/draw/sw/lv_draw_sw_mask_rect.c ****     masks[0] = &param;
 231              		.loc 1 84 5 is_stmt 1 view .LVU66
  84:Lib/lvgl/src/draw/sw/lv_draw_sw_mask_rect.c ****     masks[0] = &param;
 232              		.loc 1 84 12 is_stmt 0 view .LVU67
 233 00e4 0023     		movs	r3, #0
 234 00e6 0393     		str	r3, [sp, #12]
 235 00e8 0493     		str	r3, [sp, #16]
  85:Lib/lvgl/src/draw/sw/lv_draw_sw_mask_rect.c **** 
 236              		.loc 1 85 5 is_stmt 1 view .LVU68
  85:Lib/lvgl/src/draw/sw/lv_draw_sw_mask_rect.c **** 
 237              		.loc 1 85 14 is_stmt 0 view .LVU69
 238 00ea 0396     		str	r6, [sp, #12]
  87:Lib/lvgl/src/draw/sw/lv_draw_sw_mask_rect.c ****     lv_opa_t * mask_buf = lv_malloc(area_w);
 239              		.loc 1 87 5 is_stmt 1 view .LVU70
 240              	.LVL23:
 241              	.LBB7:
 242              	.LBI7:
 243              		.file 2 "Lib/lvgl/src/draw/sw/../../misc/../font/../draw/../misc/lv_area.h"
   1:Lib/lvgl/src/draw/sw/../../misc/../font/../draw/../misc/lv_area.h **** /**
   2:Lib/lvgl/src/draw/sw/../../misc/../font/../draw/../misc/lv_area.h ****  * @file lv_area.h
   3:Lib/lvgl/src/draw/sw/../../misc/../font/../draw/../misc/lv_area.h ****  *
   4:Lib/lvgl/src/draw/sw/../../misc/../font/../draw/../misc/lv_area.h ****  */
   5:Lib/lvgl/src/draw/sw/../../misc/../font/../draw/../misc/lv_area.h **** 
   6:Lib/lvgl/src/draw/sw/../../misc/../font/../draw/../misc/lv_area.h **** #ifndef LV_AREA_H
   7:Lib/lvgl/src/draw/sw/../../misc/../font/../draw/../misc/lv_area.h **** #define LV_AREA_H
   8:Lib/lvgl/src/draw/sw/../../misc/../font/../draw/../misc/lv_area.h **** 
   9:Lib/lvgl/src/draw/sw/../../misc/../font/../draw/../misc/lv_area.h **** #ifdef __cplusplus
  10:Lib/lvgl/src/draw/sw/../../misc/../font/../draw/../misc/lv_area.h **** extern "C" {
  11:Lib/lvgl/src/draw/sw/../../misc/../font/../draw/../misc/lv_area.h **** #endif
  12:Lib/lvgl/src/draw/sw/../../misc/../font/../draw/../misc/lv_area.h **** 
  13:Lib/lvgl/src/draw/sw/../../misc/../font/../draw/../misc/lv_area.h **** /*********************
  14:Lib/lvgl/src/draw/sw/../../misc/../font/../draw/../misc/lv_area.h ****  *      INCLUDES
  15:Lib/lvgl/src/draw/sw/../../misc/../font/../draw/../misc/lv_area.h ****  *********************/
  16:Lib/lvgl/src/draw/sw/../../misc/../font/../draw/../misc/lv_area.h **** #include "../lv_conf_internal.h"
  17:Lib/lvgl/src/draw/sw/../../misc/../font/../draw/../misc/lv_area.h **** #include "lv_types.h"
  18:Lib/lvgl/src/draw/sw/../../misc/../font/../draw/../misc/lv_area.h **** #include <stdbool.h>
  19:Lib/lvgl/src/draw/sw/../../misc/../font/../draw/../misc/lv_area.h **** #include <stdint.h>
  20:Lib/lvgl/src/draw/sw/../../misc/../font/../draw/../misc/lv_area.h **** 
  21:Lib/lvgl/src/draw/sw/../../misc/../font/../draw/../misc/lv_area.h **** /*********************
  22:Lib/lvgl/src/draw/sw/../../misc/../font/../draw/../misc/lv_area.h ****  *      DEFINES
  23:Lib/lvgl/src/draw/sw/../../misc/../font/../draw/../misc/lv_area.h ****  *********************/
  24:Lib/lvgl/src/draw/sw/../../misc/../font/../draw/../misc/lv_area.h **** 
  25:Lib/lvgl/src/draw/sw/../../misc/../font/../draw/../misc/lv_area.h **** /**********************
  26:Lib/lvgl/src/draw/sw/../../misc/../font/../draw/../misc/lv_area.h ****  *      TYPEDEFS
  27:Lib/lvgl/src/draw/sw/../../misc/../font/../draw/../misc/lv_area.h ****  **********************/
  28:Lib/lvgl/src/draw/sw/../../misc/../font/../draw/../misc/lv_area.h **** 
  29:Lib/lvgl/src/draw/sw/../../misc/../font/../draw/../misc/lv_area.h **** /**
  30:Lib/lvgl/src/draw/sw/../../misc/../font/../draw/../misc/lv_area.h ****  * Represents a point on the screen.
  31:Lib/lvgl/src/draw/sw/../../misc/../font/../draw/../misc/lv_area.h ****  */
  32:Lib/lvgl/src/draw/sw/../../misc/../font/../draw/../misc/lv_area.h **** typedef struct {
  33:Lib/lvgl/src/draw/sw/../../misc/../font/../draw/../misc/lv_area.h ****     int32_t x;
  34:Lib/lvgl/src/draw/sw/../../misc/../font/../draw/../misc/lv_area.h ****     int32_t y;
  35:Lib/lvgl/src/draw/sw/../../misc/../font/../draw/../misc/lv_area.h **** } lv_point_t;
  36:Lib/lvgl/src/draw/sw/../../misc/../font/../draw/../misc/lv_area.h **** 
  37:Lib/lvgl/src/draw/sw/../../misc/../font/../draw/../misc/lv_area.h **** typedef struct {
ARM GAS  C:\Users\Alex\AppData\Local\Temp\cchlSS8X.s 			page 9


  38:Lib/lvgl/src/draw/sw/../../misc/../font/../draw/../misc/lv_area.h ****     lv_value_precise_t x;
  39:Lib/lvgl/src/draw/sw/../../misc/../font/../draw/../misc/lv_area.h ****     lv_value_precise_t y;
  40:Lib/lvgl/src/draw/sw/../../misc/../font/../draw/../misc/lv_area.h **** } lv_point_precise_t;
  41:Lib/lvgl/src/draw/sw/../../misc/../font/../draw/../misc/lv_area.h **** 
  42:Lib/lvgl/src/draw/sw/../../misc/../font/../draw/../misc/lv_area.h **** /** Represents an area of the screen.*/
  43:Lib/lvgl/src/draw/sw/../../misc/../font/../draw/../misc/lv_area.h **** typedef struct {
  44:Lib/lvgl/src/draw/sw/../../misc/../font/../draw/../misc/lv_area.h ****     int32_t x1;
  45:Lib/lvgl/src/draw/sw/../../misc/../font/../draw/../misc/lv_area.h ****     int32_t y1;
  46:Lib/lvgl/src/draw/sw/../../misc/../font/../draw/../misc/lv_area.h ****     int32_t x2;
  47:Lib/lvgl/src/draw/sw/../../misc/../font/../draw/../misc/lv_area.h ****     int32_t y2;
  48:Lib/lvgl/src/draw/sw/../../misc/../font/../draw/../misc/lv_area.h **** } lv_area_t;
  49:Lib/lvgl/src/draw/sw/../../misc/../font/../draw/../misc/lv_area.h **** 
  50:Lib/lvgl/src/draw/sw/../../misc/../font/../draw/../misc/lv_area.h **** /** Alignments*/
  51:Lib/lvgl/src/draw/sw/../../misc/../font/../draw/../misc/lv_area.h **** 
  52:Lib/lvgl/src/draw/sw/../../misc/../font/../draw/../misc/lv_area.h **** enum _lv_align_t {
  53:Lib/lvgl/src/draw/sw/../../misc/../font/../draw/../misc/lv_area.h ****     LV_ALIGN_DEFAULT = 0,
  54:Lib/lvgl/src/draw/sw/../../misc/../font/../draw/../misc/lv_area.h ****     LV_ALIGN_TOP_LEFT,
  55:Lib/lvgl/src/draw/sw/../../misc/../font/../draw/../misc/lv_area.h ****     LV_ALIGN_TOP_MID,
  56:Lib/lvgl/src/draw/sw/../../misc/../font/../draw/../misc/lv_area.h ****     LV_ALIGN_TOP_RIGHT,
  57:Lib/lvgl/src/draw/sw/../../misc/../font/../draw/../misc/lv_area.h ****     LV_ALIGN_BOTTOM_LEFT,
  58:Lib/lvgl/src/draw/sw/../../misc/../font/../draw/../misc/lv_area.h ****     LV_ALIGN_BOTTOM_MID,
  59:Lib/lvgl/src/draw/sw/../../misc/../font/../draw/../misc/lv_area.h ****     LV_ALIGN_BOTTOM_RIGHT,
  60:Lib/lvgl/src/draw/sw/../../misc/../font/../draw/../misc/lv_area.h ****     LV_ALIGN_LEFT_MID,
  61:Lib/lvgl/src/draw/sw/../../misc/../font/../draw/../misc/lv_area.h ****     LV_ALIGN_RIGHT_MID,
  62:Lib/lvgl/src/draw/sw/../../misc/../font/../draw/../misc/lv_area.h ****     LV_ALIGN_CENTER,
  63:Lib/lvgl/src/draw/sw/../../misc/../font/../draw/../misc/lv_area.h **** 
  64:Lib/lvgl/src/draw/sw/../../misc/../font/../draw/../misc/lv_area.h ****     LV_ALIGN_OUT_TOP_LEFT,
  65:Lib/lvgl/src/draw/sw/../../misc/../font/../draw/../misc/lv_area.h ****     LV_ALIGN_OUT_TOP_MID,
  66:Lib/lvgl/src/draw/sw/../../misc/../font/../draw/../misc/lv_area.h ****     LV_ALIGN_OUT_TOP_RIGHT,
  67:Lib/lvgl/src/draw/sw/../../misc/../font/../draw/../misc/lv_area.h ****     LV_ALIGN_OUT_BOTTOM_LEFT,
  68:Lib/lvgl/src/draw/sw/../../misc/../font/../draw/../misc/lv_area.h ****     LV_ALIGN_OUT_BOTTOM_MID,
  69:Lib/lvgl/src/draw/sw/../../misc/../font/../draw/../misc/lv_area.h ****     LV_ALIGN_OUT_BOTTOM_RIGHT,
  70:Lib/lvgl/src/draw/sw/../../misc/../font/../draw/../misc/lv_area.h ****     LV_ALIGN_OUT_LEFT_TOP,
  71:Lib/lvgl/src/draw/sw/../../misc/../font/../draw/../misc/lv_area.h ****     LV_ALIGN_OUT_LEFT_MID,
  72:Lib/lvgl/src/draw/sw/../../misc/../font/../draw/../misc/lv_area.h ****     LV_ALIGN_OUT_LEFT_BOTTOM,
  73:Lib/lvgl/src/draw/sw/../../misc/../font/../draw/../misc/lv_area.h ****     LV_ALIGN_OUT_RIGHT_TOP,
  74:Lib/lvgl/src/draw/sw/../../misc/../font/../draw/../misc/lv_area.h ****     LV_ALIGN_OUT_RIGHT_MID,
  75:Lib/lvgl/src/draw/sw/../../misc/../font/../draw/../misc/lv_area.h ****     LV_ALIGN_OUT_RIGHT_BOTTOM,
  76:Lib/lvgl/src/draw/sw/../../misc/../font/../draw/../misc/lv_area.h **** };
  77:Lib/lvgl/src/draw/sw/../../misc/../font/../draw/../misc/lv_area.h **** 
  78:Lib/lvgl/src/draw/sw/../../misc/../font/../draw/../misc/lv_area.h **** #ifdef DOXYGEN
  79:Lib/lvgl/src/draw/sw/../../misc/../font/../draw/../misc/lv_area.h **** typedef _lv_align_t lv_align_t;
  80:Lib/lvgl/src/draw/sw/../../misc/../font/../draw/../misc/lv_area.h **** #else
  81:Lib/lvgl/src/draw/sw/../../misc/../font/../draw/../misc/lv_area.h **** typedef uint8_t lv_align_t;
  82:Lib/lvgl/src/draw/sw/../../misc/../font/../draw/../misc/lv_area.h **** #endif /*DOXYGEN*/
  83:Lib/lvgl/src/draw/sw/../../misc/../font/../draw/../misc/lv_area.h **** 
  84:Lib/lvgl/src/draw/sw/../../misc/../font/../draw/../misc/lv_area.h **** enum _lv_dir_t {
  85:Lib/lvgl/src/draw/sw/../../misc/../font/../draw/../misc/lv_area.h ****     LV_DIR_NONE     = 0x00,
  86:Lib/lvgl/src/draw/sw/../../misc/../font/../draw/../misc/lv_area.h ****     LV_DIR_LEFT     = (1 << 0),
  87:Lib/lvgl/src/draw/sw/../../misc/../font/../draw/../misc/lv_area.h ****     LV_DIR_RIGHT    = (1 << 1),
  88:Lib/lvgl/src/draw/sw/../../misc/../font/../draw/../misc/lv_area.h ****     LV_DIR_TOP      = (1 << 2),
  89:Lib/lvgl/src/draw/sw/../../misc/../font/../draw/../misc/lv_area.h ****     LV_DIR_BOTTOM   = (1 << 3),
  90:Lib/lvgl/src/draw/sw/../../misc/../font/../draw/../misc/lv_area.h ****     LV_DIR_HOR      = LV_DIR_LEFT | LV_DIR_RIGHT,
  91:Lib/lvgl/src/draw/sw/../../misc/../font/../draw/../misc/lv_area.h ****     LV_DIR_VER      = LV_DIR_TOP | LV_DIR_BOTTOM,
  92:Lib/lvgl/src/draw/sw/../../misc/../font/../draw/../misc/lv_area.h ****     LV_DIR_ALL      = LV_DIR_HOR | LV_DIR_VER,
  93:Lib/lvgl/src/draw/sw/../../misc/../font/../draw/../misc/lv_area.h **** };
  94:Lib/lvgl/src/draw/sw/../../misc/../font/../draw/../misc/lv_area.h **** 
ARM GAS  C:\Users\Alex\AppData\Local\Temp\cchlSS8X.s 			page 10


  95:Lib/lvgl/src/draw/sw/../../misc/../font/../draw/../misc/lv_area.h **** #ifdef DOXYGEN
  96:Lib/lvgl/src/draw/sw/../../misc/../font/../draw/../misc/lv_area.h **** typedef _lv_dir_t lv_dir_t;
  97:Lib/lvgl/src/draw/sw/../../misc/../font/../draw/../misc/lv_area.h **** #else
  98:Lib/lvgl/src/draw/sw/../../misc/../font/../draw/../misc/lv_area.h **** typedef uint8_t lv_dir_t;
  99:Lib/lvgl/src/draw/sw/../../misc/../font/../draw/../misc/lv_area.h **** #endif /*DOXYGEN*/
 100:Lib/lvgl/src/draw/sw/../../misc/../font/../draw/../misc/lv_area.h **** 
 101:Lib/lvgl/src/draw/sw/../../misc/../font/../draw/../misc/lv_area.h **** typedef struct  {
 102:Lib/lvgl/src/draw/sw/../../misc/../font/../draw/../misc/lv_area.h ****     int32_t angle_prev;
 103:Lib/lvgl/src/draw/sw/../../misc/../font/../draw/../misc/lv_area.h ****     int32_t sinma;
 104:Lib/lvgl/src/draw/sw/../../misc/../font/../draw/../misc/lv_area.h ****     int32_t cosma;
 105:Lib/lvgl/src/draw/sw/../../misc/../font/../draw/../misc/lv_area.h **** } lv_area_transform_cache_t;
 106:Lib/lvgl/src/draw/sw/../../misc/../font/../draw/../misc/lv_area.h **** 
 107:Lib/lvgl/src/draw/sw/../../misc/../font/../draw/../misc/lv_area.h **** /**********************
 108:Lib/lvgl/src/draw/sw/../../misc/../font/../draw/../misc/lv_area.h ****  * GLOBAL PROTOTYPES
 109:Lib/lvgl/src/draw/sw/../../misc/../font/../draw/../misc/lv_area.h ****  **********************/
 110:Lib/lvgl/src/draw/sw/../../misc/../font/../draw/../misc/lv_area.h **** 
 111:Lib/lvgl/src/draw/sw/../../misc/../font/../draw/../misc/lv_area.h **** /**
 112:Lib/lvgl/src/draw/sw/../../misc/../font/../draw/../misc/lv_area.h ****  * Initialize an area
 113:Lib/lvgl/src/draw/sw/../../misc/../font/../draw/../misc/lv_area.h ****  * @param area_p pointer to an area
 114:Lib/lvgl/src/draw/sw/../../misc/../font/../draw/../misc/lv_area.h ****  * @param x1 left coordinate of the area
 115:Lib/lvgl/src/draw/sw/../../misc/../font/../draw/../misc/lv_area.h ****  * @param y1 top coordinate of the area
 116:Lib/lvgl/src/draw/sw/../../misc/../font/../draw/../misc/lv_area.h ****  * @param x2 right coordinate of the area
 117:Lib/lvgl/src/draw/sw/../../misc/../font/../draw/../misc/lv_area.h ****  * @param y2 bottom coordinate of the area
 118:Lib/lvgl/src/draw/sw/../../misc/../font/../draw/../misc/lv_area.h ****  */
 119:Lib/lvgl/src/draw/sw/../../misc/../font/../draw/../misc/lv_area.h **** void lv_area_set(lv_area_t * area_p, int32_t x1, int32_t y1, int32_t x2, int32_t y2);
 120:Lib/lvgl/src/draw/sw/../../misc/../font/../draw/../misc/lv_area.h **** 
 121:Lib/lvgl/src/draw/sw/../../misc/../font/../draw/../misc/lv_area.h **** /**
 122:Lib/lvgl/src/draw/sw/../../misc/../font/../draw/../misc/lv_area.h ****  * Copy an area
 123:Lib/lvgl/src/draw/sw/../../misc/../font/../draw/../misc/lv_area.h ****  * @param dest pointer to the destination area
 124:Lib/lvgl/src/draw/sw/../../misc/../font/../draw/../misc/lv_area.h ****  * @param src pointer to the source area
 125:Lib/lvgl/src/draw/sw/../../misc/../font/../draw/../misc/lv_area.h ****  */
 126:Lib/lvgl/src/draw/sw/../../misc/../font/../draw/../misc/lv_area.h **** inline static void lv_area_copy(lv_area_t * dest, const lv_area_t * src)
 127:Lib/lvgl/src/draw/sw/../../misc/../font/../draw/../misc/lv_area.h **** {
 128:Lib/lvgl/src/draw/sw/../../misc/../font/../draw/../misc/lv_area.h ****     dest->x1 = src->x1;
 129:Lib/lvgl/src/draw/sw/../../misc/../font/../draw/../misc/lv_area.h ****     dest->y1 = src->y1;
 130:Lib/lvgl/src/draw/sw/../../misc/../font/../draw/../misc/lv_area.h ****     dest->x2 = src->x2;
 131:Lib/lvgl/src/draw/sw/../../misc/../font/../draw/../misc/lv_area.h ****     dest->y2 = src->y2;
 132:Lib/lvgl/src/draw/sw/../../misc/../font/../draw/../misc/lv_area.h **** }
 133:Lib/lvgl/src/draw/sw/../../misc/../font/../draw/../misc/lv_area.h **** 
 134:Lib/lvgl/src/draw/sw/../../misc/../font/../draw/../misc/lv_area.h **** /**
 135:Lib/lvgl/src/draw/sw/../../misc/../font/../draw/../misc/lv_area.h ****  * Get the width of an area
 136:Lib/lvgl/src/draw/sw/../../misc/../font/../draw/../misc/lv_area.h ****  * @param area_p pointer to an area
 137:Lib/lvgl/src/draw/sw/../../misc/../font/../draw/../misc/lv_area.h ****  * @return the width of the area (if x1 == x2 -> width = 1)
 138:Lib/lvgl/src/draw/sw/../../misc/../font/../draw/../misc/lv_area.h ****  */
 139:Lib/lvgl/src/draw/sw/../../misc/../font/../draw/../misc/lv_area.h **** static inline int32_t lv_area_get_width(const lv_area_t * area_p)
 244              		.loc 2 139 23 view .LVU71
 245              	.LBB8:
 140:Lib/lvgl/src/draw/sw/../../misc/../font/../draw/../misc/lv_area.h **** {
 141:Lib/lvgl/src/draw/sw/../../misc/../font/../draw/../misc/lv_area.h ****     return (int32_t)(area_p->x2 - area_p->x1 + 1);
 246              		.loc 2 141 5 view .LVU72
 247              		.loc 2 141 33 is_stmt 0 view .LVU73
 248 00ec 149C     		ldr	r4, [sp, #80]
 249              	.LVL24:
 250              		.loc 2 141 33 view .LVU74
 251 00ee 129B     		ldr	r3, [sp, #72]
 252 00f0 E41A     		subs	r4, r4, r3
 253              		.loc 2 141 12 view .LVU75
ARM GAS  C:\Users\Alex\AppData\Local\Temp\cchlSS8X.s 			page 11


 254 00f2 0134     		adds	r4, r4, #1
 255              	.LVL25:
 256              		.loc 2 141 12 view .LVU76
 257              	.LBE8:
 258              	.LBE7:
  88:Lib/lvgl/src/draw/sw/lv_draw_sw_mask_rect.c **** 
 259              		.loc 1 88 5 is_stmt 1 view .LVU77
  88:Lib/lvgl/src/draw/sw/lv_draw_sw_mask_rect.c **** 
 260              		.loc 1 88 27 is_stmt 0 view .LVU78
 261 00f4 2046     		mov	r0, r4
 262 00f6 FFF7FEFF 		bl	lv_malloc
 263              	.LVL26:
 264 00fa 0546     		mov	r5, r0
 265              	.LVL27:
  90:Lib/lvgl/src/draw/sw/lv_draw_sw_mask_rect.c ****     for(y = draw_area.y1; y <= draw_area.y2; y++) {
 266              		.loc 1 90 5 is_stmt 1 view .LVU79
  91:Lib/lvgl/src/draw/sw/lv_draw_sw_mask_rect.c ****         lv_memset(mask_buf, 0xff, area_w);
 267              		.loc 1 91 5 view .LVU80
  91:Lib/lvgl/src/draw/sw/lv_draw_sw_mask_rect.c ****         lv_memset(mask_buf, 0xff, area_w);
 268              		.loc 1 91 11 is_stmt 0 view .LVU81
 269 00fc 139E     		ldr	r6, [sp, #76]
 270              	.LVL28:
  91:Lib/lvgl/src/draw/sw/lv_draw_sw_mask_rect.c ****         lv_memset(mask_buf, 0xff, area_w);
 271              		.loc 1 91 5 view .LVU82
 272 00fe 07E0     		b	.L4
 273              	.LVL29:
 274              	.L8:
 275              	.LBB9:
 276              	.LBB10:
 102:Lib/lvgl/src/draw/sw/lv_draw_sw_mask_rect.c ****             }
 277              		.loc 1 102 17 is_stmt 1 discriminator 3 view .LVU83
 102:Lib/lvgl/src/draw/sw/lv_draw_sw_mask_rect.c ****             }
 278              		.loc 1 102 24 is_stmt 0 discriminator 3 view .LVU84
 279 0100 0CEB8302 		add	r2, ip, r3, lsl #2
 102:Lib/lvgl/src/draw/sw/lv_draw_sw_mask_rect.c ****             }
 280              		.loc 1 102 34 discriminator 3 view .LVU85
 281 0104 0021     		movs	r1, #0
 282 0106 D170     		strb	r1, [r2, #3]
 101:Lib/lvgl/src/draw/sw/lv_draw_sw_mask_rect.c ****                 c32_buf[i].alpha = 0x00;
 283              		.loc 1 101 37 is_stmt 1 discriminator 3 view .LVU86
 284 0108 0133     		adds	r3, r3, #1
 285              	.LVL30:
 286              	.L6:
 101:Lib/lvgl/src/draw/sw/lv_draw_sw_mask_rect.c ****                 c32_buf[i].alpha = 0x00;
 287              		.loc 1 101 26 discriminator 1 view .LVU87
 288 010a A342     		cmp	r3, r4
 289 010c F8D3     		bcc	.L8
 290              	.LVL31:
 291              	.L5:
 101:Lib/lvgl/src/draw/sw/lv_draw_sw_mask_rect.c ****                 c32_buf[i].alpha = 0x00;
 292              		.loc 1 101 26 is_stmt 0 discriminator 1 view .LVU88
 293              	.LBE10:
 294              	.LBE9:
  91:Lib/lvgl/src/draw/sw/lv_draw_sw_mask_rect.c ****         lv_memset(mask_buf, 0xff, area_w);
 295              		.loc 1 91 47 is_stmt 1 discriminator 2 view .LVU89
 296 010e 0136     		adds	r6, r6, #1
 297              	.LVL32:
ARM GAS  C:\Users\Alex\AppData\Local\Temp\cchlSS8X.s 			page 12


 298              	.L4:
  91:Lib/lvgl/src/draw/sw/lv_draw_sw_mask_rect.c ****         lv_memset(mask_buf, 0xff, area_w);
 299              		.loc 1 91 29 discriminator 1 view .LVU90
  91:Lib/lvgl/src/draw/sw/lv_draw_sw_mask_rect.c ****         lv_memset(mask_buf, 0xff, area_w);
 300              		.loc 1 91 41 is_stmt 0 discriminator 1 view .LVU91
 301 0110 159B     		ldr	r3, [sp, #84]
  91:Lib/lvgl/src/draw/sw/lv_draw_sw_mask_rect.c ****         lv_memset(mask_buf, 0xff, area_w);
 302              		.loc 1 91 29 discriminator 1 view .LVU92
 303 0112 B342     		cmp	r3, r6
 304 0114 2CDB     		blt	.L15
 305              	.LBB14:
  92:Lib/lvgl/src/draw/sw/lv_draw_sw_mask_rect.c ****         lv_draw_sw_mask_res_t res = lv_draw_sw_mask_apply(masks, mask_buf, draw_area.x1, y, area_w)
 306              		.loc 1 92 9 is_stmt 1 view .LVU93
 307 0116 2246     		mov	r2, r4
 308 0118 FF21     		movs	r1, #255
 309 011a 2846     		mov	r0, r5
 310 011c FFF7FEFF 		bl	lv_memset
 311              	.LVL33:
  93:Lib/lvgl/src/draw/sw/lv_draw_sw_mask_rect.c ****         if(res == LV_DRAW_SW_MASK_RES_FULL_COVER) continue;
 312              		.loc 1 93 9 view .LVU94
  93:Lib/lvgl/src/draw/sw/lv_draw_sw_mask_rect.c ****         if(res == LV_DRAW_SW_MASK_RES_FULL_COVER) continue;
 313              		.loc 1 93 37 is_stmt 0 view .LVU95
 314 0120 0094     		str	r4, [sp]
 315 0122 3346     		mov	r3, r6
 316 0124 129A     		ldr	r2, [sp, #72]
 317 0126 2946     		mov	r1, r5
 318 0128 03A8     		add	r0, sp, #12
 319 012a FFF7FEFF 		bl	lv_draw_sw_mask_apply
 320              	.LVL34:
 321 012e 8046     		mov	r8, r0
 322              	.LVL35:
  94:Lib/lvgl/src/draw/sw/lv_draw_sw_mask_rect.c **** 
 323              		.loc 1 94 9 is_stmt 1 view .LVU96
  94:Lib/lvgl/src/draw/sw/lv_draw_sw_mask_rect.c **** 
 324              		.loc 1 94 11 is_stmt 0 view .LVU97
 325 0130 0128     		cmp	r0, #1
 326 0132 ECD0     		beq	.L5
  96:Lib/lvgl/src/draw/sw/lv_draw_sw_mask_rect.c ****                                                         y - buf_area->y1);
 327              		.loc 1 96 9 is_stmt 1 view .LVU98
  96:Lib/lvgl/src/draw/sw/lv_draw_sw_mask_rect.c ****                                                         y - buf_area->y1);
 328              		.loc 1 96 94 is_stmt 0 view .LVU99
 329 0134 7B68     		ldr	r3, [r7, #4]
  97:Lib/lvgl/src/draw/sw/lv_draw_sw_mask_rect.c **** 
 330              		.loc 1 97 69 view .LVU100
 331 0136 BA68     		ldr	r2, [r7, #8]
  96:Lib/lvgl/src/draw/sw/lv_draw_sw_mask_rect.c ****                                                         y - buf_area->y1);
 332              		.loc 1 96 34 view .LVU101
 333 0138 B21A     		subs	r2, r6, r2
 334 013a 1299     		ldr	r1, [sp, #72]
 335 013c C91A     		subs	r1, r1, r3
 336 013e 3846     		mov	r0, r7
 337              	.LVL36:
  96:Lib/lvgl/src/draw/sw/lv_draw_sw_mask_rect.c ****                                                         y - buf_area->y1);
 338              		.loc 1 96 34 view .LVU102
 339 0140 FFF7FEFF 		bl	lv_draw_layer_go_to_xy
 340              	.LVL37:
 341 0144 8446     		mov	ip, r0
ARM GAS  C:\Users\Alex\AppData\Local\Temp\cchlSS8X.s 			page 13


 342              	.LVL38:
  99:Lib/lvgl/src/draw/sw/lv_draw_sw_mask_rect.c ****             uint32_t i;
 343              		.loc 1 99 9 is_stmt 1 view .LVU103
  99:Lib/lvgl/src/draw/sw/lv_draw_sw_mask_rect.c ****             uint32_t i;
 344              		.loc 1 99 11 is_stmt 0 view .LVU104
 345 0146 B8F1000F 		cmp	r8, #0
 346 014a 01D0     		beq	.L12
 347              	.LBB11:
 107:Lib/lvgl/src/draw/sw/lv_draw_sw_mask_rect.c ****                 if(mask_buf[i] != LV_OPA_COVER) {
 348              		.loc 1 107 19 view .LVU105
 349 014c 0023     		movs	r3, #0
 350 014e 09E0     		b	.L7
 351              	.L12:
 352              	.LBE11:
 353              	.LBB12:
 101:Lib/lvgl/src/draw/sw/lv_draw_sw_mask_rect.c ****                 c32_buf[i].alpha = 0x00;
 354              		.loc 1 101 19 view .LVU106
 355 0150 0023     		movs	r3, #0
 356 0152 DAE7     		b	.L6
 357              	.LVL39:
 358              	.L16:
 101:Lib/lvgl/src/draw/sw/lv_draw_sw_mask_rect.c ****                 c32_buf[i].alpha = 0x00;
 359              		.loc 1 101 19 view .LVU107
 360              	.LBE12:
 361              	.LBB13:
 109:Lib/lvgl/src/draw/sw/lv_draw_sw_mask_rect.c ****                 }
 362              		.loc 1 109 21 is_stmt 1 view .LVU108
 109:Lib/lvgl/src/draw/sw/lv_draw_sw_mask_rect.c ****                 }
 363              		.loc 1 109 40 is_stmt 0 view .LVU109
 364 0154 0CEB8300 		add	r0, ip, r3, lsl #2
 365 0158 C278     		ldrb	r2, [r0, #3]	@ zero_extendqisi2
 366 015a 01FB02F2 		mul	r2, r1, r2
 367 015e 1212     		asrs	r2, r2, #8
 109:Lib/lvgl/src/draw/sw/lv_draw_sw_mask_rect.c ****                 }
 368              		.loc 1 109 38 view .LVU110
 369 0160 C270     		strb	r2, [r0, #3]
 370              	.L9:
 107:Lib/lvgl/src/draw/sw/lv_draw_sw_mask_rect.c ****                 if(mask_buf[i] != LV_OPA_COVER) {
 371              		.loc 1 107 37 is_stmt 1 discriminator 2 view .LVU111
 372 0162 0133     		adds	r3, r3, #1
 373              	.LVL40:
 374              	.L7:
 107:Lib/lvgl/src/draw/sw/lv_draw_sw_mask_rect.c ****                 if(mask_buf[i] != LV_OPA_COVER) {
 375              		.loc 1 107 26 discriminator 1 view .LVU112
 376 0164 A342     		cmp	r3, r4
 377 0166 D2D2     		bcs	.L5
 108:Lib/lvgl/src/draw/sw/lv_draw_sw_mask_rect.c ****                     c32_buf[i].alpha = LV_OPA_MIX2(c32_buf[i].alpha, mask_buf[i]);
 378              		.loc 1 108 17 view .LVU113
 108:Lib/lvgl/src/draw/sw/lv_draw_sw_mask_rect.c ****                     c32_buf[i].alpha = LV_OPA_MIX2(c32_buf[i].alpha, mask_buf[i]);
 379              		.loc 1 108 28 is_stmt 0 view .LVU114
 380 0168 E95C     		ldrb	r1, [r5, r3]	@ zero_extendqisi2
 108:Lib/lvgl/src/draw/sw/lv_draw_sw_mask_rect.c ****                     c32_buf[i].alpha = LV_OPA_MIX2(c32_buf[i].alpha, mask_buf[i]);
 381              		.loc 1 108 19 view .LVU115
 382 016a FF29     		cmp	r1, #255
 383 016c F2D1     		bne	.L16
 384 016e F8E7     		b	.L9
 385              	.LVL41:
ARM GAS  C:\Users\Alex\AppData\Local\Temp\cchlSS8X.s 			page 14


 386              	.L15:
 108:Lib/lvgl/src/draw/sw/lv_draw_sw_mask_rect.c ****                     c32_buf[i].alpha = LV_OPA_MIX2(c32_buf[i].alpha, mask_buf[i]);
 387              		.loc 1 108 19 view .LVU116
 388              	.LBE13:
 389              	.LBE14:
 115:Lib/lvgl/src/draw/sw/lv_draw_sw_mask_rect.c ****     lv_draw_sw_mask_free_param(&param);
 390              		.loc 1 115 5 is_stmt 1 view .LVU117
 391 0170 2846     		mov	r0, r5
 392 0172 FFF7FEFF 		bl	lv_free
 393              	.LVL42:
 116:Lib/lvgl/src/draw/sw/lv_draw_sw_mask_rect.c **** }
 394              		.loc 1 116 5 view .LVU118
 395 0176 05A8     		add	r0, sp, #20
 396 0178 FFF7FEFF 		bl	lv_draw_sw_mask_free_param
 397              	.LVL43:
 398 017c 4DE7     		b	.L1
 399              		.cfi_endproc
 400              	.LFE95:
 402              		.text
 403              	.Letext0:
 404              		.file 3 "e:\\programms\\gnu_mcu_eclipse\\toolchain\\arm-gnu-toolchain-12.2.mpacbti-bet1-mingw-w64-
 405              		.file 4 "e:\\programms\\gnu_mcu_eclipse\\toolchain\\arm-gnu-toolchain-12.2.mpacbti-bet1-mingw-w64-
 406              		.file 5 "Lib/lvgl/src/draw/sw/../../misc/lv_types.h"
 407              		.file 6 "Lib/lvgl/src/draw/sw/../lv_draw.h"
 408              		.file 7 "e:\\programms\\gnu_mcu_eclipse\\toolchain\\arm-gnu-toolchain-12.2.mpacbti-bet1-mingw-w64-
 409              		.file 8 "Lib/lvgl/src/draw/sw/../../misc/../font/../draw/../misc/lv_color.h"
 410              		.file 9 "Lib/lvgl/src/draw/sw/../../misc/../font/../draw/lv_image_buf.h"
 411              		.file 10 "Lib/lvgl/src/draw/sw/../../misc/../font/../draw/lv_draw_buf.h"
 412              		.file 11 "Lib/lvgl/src/draw/sw/../lv_draw_mask.h"
 413              		.file 12 "Lib/lvgl/src/draw/sw/blend/../lv_draw_sw_mask.h"
 414              		.file 13 "c:\\users\\alex\\eclipse-workspace\\lvgs_test\\lib\\lvgl\\src\\stdlib\\lv_mem.h"
 415              		.file 14 "Lib/lvgl/src/draw/sw/../../misc/../font/../draw/../stdlib/lv_string.h"
ARM GAS  C:\Users\Alex\AppData\Local\Temp\cchlSS8X.s 			page 15


DEFINED SYMBOLS
                            *ABS*:00000000 lv_draw_sw_mask_rect.c
C:\Users\Alex\AppData\Local\Temp\cchlSS8X.s:21     .text.lv_draw_sw_mask_rect:00000000 $t
C:\Users\Alex\AppData\Local\Temp\cchlSS8X.s:27     .text.lv_draw_sw_mask_rect:00000000 lv_draw_sw_mask_rect

UNDEFINED SYMBOLS
_lv_area_intersect
lv_area_set
lv_area_move
lv_draw_buf_clear
lv_draw_sw_mask_radius_init
lv_malloc
lv_memset
lv_draw_sw_mask_apply
lv_draw_layer_go_to_xy
lv_free
lv_draw_sw_mask_free_param
