ARM GAS  C:\Users\Alex\AppData\Local\Temp\cckAXitw.s 			page 1


   1              		.cpu cortex-m4
   2              		.arch armv7e-m
   3              		.fpu fpv4-sp-d16
   4              		.eabi_attribute 27, 1
   5              		.eabi_attribute 28, 1
   6              		.eabi_attribute 20, 1
   7              		.eabi_attribute 21, 1
   8              		.eabi_attribute 23, 3
   9              		.eabi_attribute 24, 1
  10              		.eabi_attribute 25, 1
  11              		.eabi_attribute 26, 1
  12              		.eabi_attribute 30, 1
  13              		.eabi_attribute 34, 1
  14              		.eabi_attribute 18, 4
  15              		.file	"lv_font.c"
  16              		.text
  17              	.Ltext0:
  18              		.cfi_sections	.debug_frame
  19              		.file 1 "Lib/lvgl/src/font/lv_font.c"
  20              		.section	.text._lv_text_is_marker,"ax",%progbits
  21              		.align	1
  22              		.syntax unified
  23              		.thumb
  24              		.thumb_func
  26              	_lv_text_is_marker:
  27              	.LVL0:
  28              	.LFB39:
  29              		.file 2 "Lib/lvgl/src/font/../misc/lv_text.h"
   1:Lib/lvgl/src/font/../misc/lv_text.h **** /**
   2:Lib/lvgl/src/font/../misc/lv_text.h ****  * @file lv_text.h
   3:Lib/lvgl/src/font/../misc/lv_text.h ****  *
   4:Lib/lvgl/src/font/../misc/lv_text.h ****  */
   5:Lib/lvgl/src/font/../misc/lv_text.h **** 
   6:Lib/lvgl/src/font/../misc/lv_text.h **** #ifndef LV_TEXT_H
   7:Lib/lvgl/src/font/../misc/lv_text.h **** #define LV_TEXT_H
   8:Lib/lvgl/src/font/../misc/lv_text.h **** 
   9:Lib/lvgl/src/font/../misc/lv_text.h **** #ifdef __cplusplus
  10:Lib/lvgl/src/font/../misc/lv_text.h **** extern "C" {
  11:Lib/lvgl/src/font/../misc/lv_text.h **** #endif
  12:Lib/lvgl/src/font/../misc/lv_text.h **** 
  13:Lib/lvgl/src/font/../misc/lv_text.h **** /*********************
  14:Lib/lvgl/src/font/../misc/lv_text.h ****  *      INCLUDES
  15:Lib/lvgl/src/font/../misc/lv_text.h ****  *********************/
  16:Lib/lvgl/src/font/../misc/lv_text.h **** #include "../lv_conf_internal.h"
  17:Lib/lvgl/src/font/../misc/lv_text.h **** 
  18:Lib/lvgl/src/font/../misc/lv_text.h **** #include <stdbool.h>
  19:Lib/lvgl/src/font/../misc/lv_text.h **** #include <stdarg.h>
  20:Lib/lvgl/src/font/../misc/lv_text.h **** #include "lv_area.h"
  21:Lib/lvgl/src/font/../misc/lv_text.h **** #include "../font/lv_font.h"
  22:Lib/lvgl/src/font/../misc/lv_text.h **** #include "../stdlib/lv_sprintf.h"
  23:Lib/lvgl/src/font/../misc/lv_text.h **** #include "lv_types.h"
  24:Lib/lvgl/src/font/../misc/lv_text.h **** 
  25:Lib/lvgl/src/font/../misc/lv_text.h **** /*********************
  26:Lib/lvgl/src/font/../misc/lv_text.h ****  *      DEFINES
  27:Lib/lvgl/src/font/../misc/lv_text.h ****  *********************/
  28:Lib/lvgl/src/font/../misc/lv_text.h **** 
  29:Lib/lvgl/src/font/../misc/lv_text.h **** #define LV_TXT_ENC_UTF8 1
ARM GAS  C:\Users\Alex\AppData\Local\Temp\cckAXitw.s 			page 2


  30:Lib/lvgl/src/font/../misc/lv_text.h **** #define LV_TXT_ENC_ASCII 2
  31:Lib/lvgl/src/font/../misc/lv_text.h **** 
  32:Lib/lvgl/src/font/../misc/lv_text.h **** /**********************
  33:Lib/lvgl/src/font/../misc/lv_text.h ****  *      TYPEDEFS
  34:Lib/lvgl/src/font/../misc/lv_text.h ****  **********************/
  35:Lib/lvgl/src/font/../misc/lv_text.h **** 
  36:Lib/lvgl/src/font/../misc/lv_text.h **** /**
  37:Lib/lvgl/src/font/../misc/lv_text.h ****  * Options for text rendering.
  38:Lib/lvgl/src/font/../misc/lv_text.h ****  */
  39:Lib/lvgl/src/font/../misc/lv_text.h **** 
  40:Lib/lvgl/src/font/../misc/lv_text.h **** enum _lv_text_flag_t {
  41:Lib/lvgl/src/font/../misc/lv_text.h ****     LV_TEXT_FLAG_NONE    = 0x00,
  42:Lib/lvgl/src/font/../misc/lv_text.h ****     LV_TEXT_FLAG_EXPAND  = 0x01, /**< Ignore max-width to avoid automatic word wrapping*/
  43:Lib/lvgl/src/font/../misc/lv_text.h ****     LV_TEXT_FLAG_FIT     = 0x02, /**< Max-width is already equal to the longest line. (Used to skip
  44:Lib/lvgl/src/font/../misc/lv_text.h **** };
  45:Lib/lvgl/src/font/../misc/lv_text.h **** 
  46:Lib/lvgl/src/font/../misc/lv_text.h **** #ifdef DOXYGEN
  47:Lib/lvgl/src/font/../misc/lv_text.h **** typedef _lv_text_flag_t lv_text_flag_t;
  48:Lib/lvgl/src/font/../misc/lv_text.h **** #else
  49:Lib/lvgl/src/font/../misc/lv_text.h **** typedef uint8_t lv_text_flag_t;
  50:Lib/lvgl/src/font/../misc/lv_text.h **** #endif /*DOXYGEN*/
  51:Lib/lvgl/src/font/../misc/lv_text.h **** 
  52:Lib/lvgl/src/font/../misc/lv_text.h **** /** Label align policy*/
  53:Lib/lvgl/src/font/../misc/lv_text.h **** enum _lv_text_align_t {
  54:Lib/lvgl/src/font/../misc/lv_text.h ****     LV_TEXT_ALIGN_AUTO, /**< Align text auto*/
  55:Lib/lvgl/src/font/../misc/lv_text.h ****     LV_TEXT_ALIGN_LEFT, /**< Align text to left*/
  56:Lib/lvgl/src/font/../misc/lv_text.h ****     LV_TEXT_ALIGN_CENTER, /**< Align text to center*/
  57:Lib/lvgl/src/font/../misc/lv_text.h ****     LV_TEXT_ALIGN_RIGHT, /**< Align text to right*/
  58:Lib/lvgl/src/font/../misc/lv_text.h **** };
  59:Lib/lvgl/src/font/../misc/lv_text.h **** 
  60:Lib/lvgl/src/font/../misc/lv_text.h **** #ifdef DOXYGEN
  61:Lib/lvgl/src/font/../misc/lv_text.h **** typedef _lv_text_align_t lv_text_align_t;
  62:Lib/lvgl/src/font/../misc/lv_text.h **** #else
  63:Lib/lvgl/src/font/../misc/lv_text.h **** typedef uint8_t lv_text_align_t;
  64:Lib/lvgl/src/font/../misc/lv_text.h **** #endif /*DOXYGEN*/
  65:Lib/lvgl/src/font/../misc/lv_text.h **** 
  66:Lib/lvgl/src/font/../misc/lv_text.h **** /**********************
  67:Lib/lvgl/src/font/../misc/lv_text.h ****  * GLOBAL PROTOTYPES
  68:Lib/lvgl/src/font/../misc/lv_text.h ****  **********************/
  69:Lib/lvgl/src/font/../misc/lv_text.h **** 
  70:Lib/lvgl/src/font/../misc/lv_text.h **** /**
  71:Lib/lvgl/src/font/../misc/lv_text.h ****  * Get size of a text
  72:Lib/lvgl/src/font/../misc/lv_text.h ****  * @param size_res pointer to a 'point_t' variable to store the result
  73:Lib/lvgl/src/font/../misc/lv_text.h ****  * @param text pointer to a text
  74:Lib/lvgl/src/font/../misc/lv_text.h ****  * @param font pointer to font of the text
  75:Lib/lvgl/src/font/../misc/lv_text.h ****  * @param letter_space letter space of the text
  76:Lib/lvgl/src/font/../misc/lv_text.h ****  * @param line_space line space of the text
  77:Lib/lvgl/src/font/../misc/lv_text.h ****  * @param max_width max width of the text (break the lines to fit this size). Set COORD_MAX to avoi
  78:Lib/lvgl/src/font/../misc/lv_text.h ****  * @param flag settings for the text from ::lv_text_flag_t
  79:Lib/lvgl/src/font/../misc/lv_text.h **** 
  80:Lib/lvgl/src/font/../misc/lv_text.h ****  * line breaks
  81:Lib/lvgl/src/font/../misc/lv_text.h ****  */
  82:Lib/lvgl/src/font/../misc/lv_text.h **** void lv_text_get_size(lv_point_t * size_res, const char * text, const lv_font_t * font, int32_t let
  83:Lib/lvgl/src/font/../misc/lv_text.h ****                       int32_t line_space, int32_t max_width, lv_text_flag_t flag);
  84:Lib/lvgl/src/font/../misc/lv_text.h **** 
  85:Lib/lvgl/src/font/../misc/lv_text.h **** /**
  86:Lib/lvgl/src/font/../misc/lv_text.h ****  * Get the next line of text. Check line length and break chars too.
ARM GAS  C:\Users\Alex\AppData\Local\Temp\cckAXitw.s 			page 3


  87:Lib/lvgl/src/font/../misc/lv_text.h ****  * @param txt a '\0' terminated string
  88:Lib/lvgl/src/font/../misc/lv_text.h ****  * @param font pointer to a font
  89:Lib/lvgl/src/font/../misc/lv_text.h ****  * @param letter_space letter space
  90:Lib/lvgl/src/font/../misc/lv_text.h ****  * @param max_width max width of the text (break the lines to fit this size). Set COORD_MAX to avoi
  91:Lib/lvgl/src/font/../misc/lv_text.h ****  * line breaks
  92:Lib/lvgl/src/font/../misc/lv_text.h ****  * @param used_width When used_width != NULL, save the width of this line if
  93:Lib/lvgl/src/font/../misc/lv_text.h ****  * flag == LV_TEXT_FLAG_NONE, otherwise save -1.
  94:Lib/lvgl/src/font/../misc/lv_text.h ****  * @param flag settings for the text from 'txt_flag_type' enum
  95:Lib/lvgl/src/font/../misc/lv_text.h ****  * @return the index of the first char of the new line (in byte index not letter index. With UTF-8
  96:Lib/lvgl/src/font/../misc/lv_text.h ****  * they are different)
  97:Lib/lvgl/src/font/../misc/lv_text.h ****  */
  98:Lib/lvgl/src/font/../misc/lv_text.h **** uint32_t _lv_text_get_next_line(const char * txt, const lv_font_t * font, int32_t letter_space,
  99:Lib/lvgl/src/font/../misc/lv_text.h ****                                 int32_t max_width, int32_t * used_width, lv_text_flag_t flag);
 100:Lib/lvgl/src/font/../misc/lv_text.h **** 
 101:Lib/lvgl/src/font/../misc/lv_text.h **** /**
 102:Lib/lvgl/src/font/../misc/lv_text.h ****  * Give the length of a text with a given font
 103:Lib/lvgl/src/font/../misc/lv_text.h ****  * @param txt a '\0' terminate string
 104:Lib/lvgl/src/font/../misc/lv_text.h ****  * @param length length of 'txt' in byte count and not characters (Ã is 1 character but 2 bytes in
 105:Lib/lvgl/src/font/../misc/lv_text.h ****  * UTF-8)
 106:Lib/lvgl/src/font/../misc/lv_text.h ****  * @param font pointer to a font
 107:Lib/lvgl/src/font/../misc/lv_text.h ****  * @param letter_space letter space
 108:Lib/lvgl/src/font/../misc/lv_text.h ****  * @return length of a char_num long text
 109:Lib/lvgl/src/font/../misc/lv_text.h ****  */
 110:Lib/lvgl/src/font/../misc/lv_text.h **** int32_t lv_text_get_width(const char * txt, uint32_t length, const lv_font_t * font, int32_t letter
 111:Lib/lvgl/src/font/../misc/lv_text.h **** 
 112:Lib/lvgl/src/font/../misc/lv_text.h **** /**
 113:Lib/lvgl/src/font/../misc/lv_text.h ****  * Insert a string into an other
 114:Lib/lvgl/src/font/../misc/lv_text.h ****  * @param txt_buf the original text (must be big enough for the result text and NULL terminated)
 115:Lib/lvgl/src/font/../misc/lv_text.h ****  * @param pos position to insert (0: before the original text, 1: after the first char etc.)
 116:Lib/lvgl/src/font/../misc/lv_text.h ****  * @param ins_txt text to insert, must be '\0' terminated
 117:Lib/lvgl/src/font/../misc/lv_text.h ****  */
 118:Lib/lvgl/src/font/../misc/lv_text.h **** void _lv_text_ins(char * txt_buf, uint32_t pos, const char * ins_txt);
 119:Lib/lvgl/src/font/../misc/lv_text.h **** 
 120:Lib/lvgl/src/font/../misc/lv_text.h **** /**
 121:Lib/lvgl/src/font/../misc/lv_text.h ****  * Delete a part of a string
 122:Lib/lvgl/src/font/../misc/lv_text.h ****  * @param txt string to modify, must be '\0' terminated and should point to a heap or stack frame, 
 123:Lib/lvgl/src/font/../misc/lv_text.h ****  * @param pos position where to start the deleting (0: before the first char, 1: after the first
 124:Lib/lvgl/src/font/../misc/lv_text.h ****  * char etc.)
 125:Lib/lvgl/src/font/../misc/lv_text.h ****  * @param len number of characters to delete
 126:Lib/lvgl/src/font/../misc/lv_text.h ****  */
 127:Lib/lvgl/src/font/../misc/lv_text.h **** void _lv_text_cut(char * txt, uint32_t pos, uint32_t len);
 128:Lib/lvgl/src/font/../misc/lv_text.h **** 
 129:Lib/lvgl/src/font/../misc/lv_text.h **** /**
 130:Lib/lvgl/src/font/../misc/lv_text.h ****  * return a new formatted text. Memory will be allocated to store the text.
 131:Lib/lvgl/src/font/../misc/lv_text.h ****  * @param fmt `printf`-like format
 132:Lib/lvgl/src/font/../misc/lv_text.h ****  * @param ap items to print
 133:Lib/lvgl/src/font/../misc/lv_text.h **** 
 134:Lib/lvgl/src/font/../misc/lv_text.h ****  * @return pointer to the allocated text string.
 135:Lib/lvgl/src/font/../misc/lv_text.h ****  */
 136:Lib/lvgl/src/font/../misc/lv_text.h **** char * _lv_text_set_text_vfmt(const char * fmt, va_list ap) LV_FORMAT_ATTRIBUTE(1, 0);
 137:Lib/lvgl/src/font/../misc/lv_text.h **** 
 138:Lib/lvgl/src/font/../misc/lv_text.h **** /**
 139:Lib/lvgl/src/font/../misc/lv_text.h ****  * Decode two encoded character from a string.
 140:Lib/lvgl/src/font/../misc/lv_text.h ****  * @param txt pointer to '\0' terminated string
 141:Lib/lvgl/src/font/../misc/lv_text.h ****  * @param letter the first decoded Unicode character or 0 on invalid data code
 142:Lib/lvgl/src/font/../misc/lv_text.h ****  * @param letter_next the second decoded Unicode character or 0 on invalid data code
 143:Lib/lvgl/src/font/../misc/lv_text.h ****  * @param ofs start index in 'txt' where to start.
ARM GAS  C:\Users\Alex\AppData\Local\Temp\cckAXitw.s 			page 4


 144:Lib/lvgl/src/font/../misc/lv_text.h ****  *                After the call it will point to the next encoded char in 'txt'.
 145:Lib/lvgl/src/font/../misc/lv_text.h ****  *                NULL to use txt[0] as index
 146:Lib/lvgl/src/font/../misc/lv_text.h ****  */
 147:Lib/lvgl/src/font/../misc/lv_text.h **** void _lv_text_encoded_letter_next_2(const char * txt, uint32_t * letter, uint32_t * letter_next, ui
 148:Lib/lvgl/src/font/../misc/lv_text.h **** 
 149:Lib/lvgl/src/font/../misc/lv_text.h **** /**
 150:Lib/lvgl/src/font/../misc/lv_text.h ****  * Test if char is break char or not (a text can broken here or not)
 151:Lib/lvgl/src/font/../misc/lv_text.h ****  * @param letter a letter
 152:Lib/lvgl/src/font/../misc/lv_text.h ****  * @return false: 'letter' is not break char
 153:Lib/lvgl/src/font/../misc/lv_text.h ****  */
 154:Lib/lvgl/src/font/../misc/lv_text.h **** static inline bool _lv_text_is_break_char(uint32_t letter)
 155:Lib/lvgl/src/font/../misc/lv_text.h **** {
 156:Lib/lvgl/src/font/../misc/lv_text.h ****     uint8_t i;
 157:Lib/lvgl/src/font/../misc/lv_text.h ****     bool ret = false;
 158:Lib/lvgl/src/font/../misc/lv_text.h **** 
 159:Lib/lvgl/src/font/../misc/lv_text.h ****     /*Compare the letter to TXT_BREAK_CHARS*/
 160:Lib/lvgl/src/font/../misc/lv_text.h ****     for(i = 0; LV_TXT_BREAK_CHARS[i] != '\0'; i++) {
 161:Lib/lvgl/src/font/../misc/lv_text.h ****         if(letter == (uint32_t)LV_TXT_BREAK_CHARS[i]) {
 162:Lib/lvgl/src/font/../misc/lv_text.h ****             ret = true; /*If match then it is break char*/
 163:Lib/lvgl/src/font/../misc/lv_text.h ****             break;
 164:Lib/lvgl/src/font/../misc/lv_text.h ****         }
 165:Lib/lvgl/src/font/../misc/lv_text.h ****     }
 166:Lib/lvgl/src/font/../misc/lv_text.h **** 
 167:Lib/lvgl/src/font/../misc/lv_text.h ****     return ret;
 168:Lib/lvgl/src/font/../misc/lv_text.h **** }
 169:Lib/lvgl/src/font/../misc/lv_text.h **** 
 170:Lib/lvgl/src/font/../misc/lv_text.h **** /**
 171:Lib/lvgl/src/font/../misc/lv_text.h ****  * Test if char is break char or not (a text can broken here or not)
 172:Lib/lvgl/src/font/../misc/lv_text.h ****  * @param letter a letter
 173:Lib/lvgl/src/font/../misc/lv_text.h ****  * @return false: 'letter' is not break char
 174:Lib/lvgl/src/font/../misc/lv_text.h ****  */
 175:Lib/lvgl/src/font/../misc/lv_text.h **** static inline bool _lv_text_is_a_word(uint32_t letter)
 176:Lib/lvgl/src/font/../misc/lv_text.h **** {
 177:Lib/lvgl/src/font/../misc/lv_text.h ****     /*Cheap check on invalid letter*/
 178:Lib/lvgl/src/font/../misc/lv_text.h ****     if(letter == 0) return false;
 179:Lib/lvgl/src/font/../misc/lv_text.h **** 
 180:Lib/lvgl/src/font/../misc/lv_text.h ****     /*CJK Unified Ideographs*/
 181:Lib/lvgl/src/font/../misc/lv_text.h ****     if(letter >= 0x4E00 && letter <= 0x9FFF) {
 182:Lib/lvgl/src/font/../misc/lv_text.h ****         return true;
 183:Lib/lvgl/src/font/../misc/lv_text.h ****     }
 184:Lib/lvgl/src/font/../misc/lv_text.h **** 
 185:Lib/lvgl/src/font/../misc/lv_text.h ****     /*Fullwidth ASCII variants*/
 186:Lib/lvgl/src/font/../misc/lv_text.h ****     if(letter >= 0xFF01 && letter <= 0xFF5E) {
 187:Lib/lvgl/src/font/../misc/lv_text.h ****         return true;
 188:Lib/lvgl/src/font/../misc/lv_text.h ****     }
 189:Lib/lvgl/src/font/../misc/lv_text.h **** 
 190:Lib/lvgl/src/font/../misc/lv_text.h ****     /*CJK symbols and punctuation*/
 191:Lib/lvgl/src/font/../misc/lv_text.h ****     if(letter >= 0x3000 && letter <= 0x303F) {
 192:Lib/lvgl/src/font/../misc/lv_text.h ****         return true;
 193:Lib/lvgl/src/font/../misc/lv_text.h ****     }
 194:Lib/lvgl/src/font/../misc/lv_text.h **** 
 195:Lib/lvgl/src/font/../misc/lv_text.h ****     /*CJK Radicals Supplement*/
 196:Lib/lvgl/src/font/../misc/lv_text.h ****     if(letter >= 0x2E80 && letter <= 0x2EFF) {
 197:Lib/lvgl/src/font/../misc/lv_text.h ****         return true;
 198:Lib/lvgl/src/font/../misc/lv_text.h ****     }
 199:Lib/lvgl/src/font/../misc/lv_text.h **** 
 200:Lib/lvgl/src/font/../misc/lv_text.h ****     /*CJK Strokes*/
ARM GAS  C:\Users\Alex\AppData\Local\Temp\cckAXitw.s 			page 5


 201:Lib/lvgl/src/font/../misc/lv_text.h ****     if(letter >= 0x31C0 && letter <= 0x31EF) {
 202:Lib/lvgl/src/font/../misc/lv_text.h ****         return true;
 203:Lib/lvgl/src/font/../misc/lv_text.h ****     }
 204:Lib/lvgl/src/font/../misc/lv_text.h **** 
 205:Lib/lvgl/src/font/../misc/lv_text.h ****     /*Hiragana and Katakana*/
 206:Lib/lvgl/src/font/../misc/lv_text.h ****     if(letter >= 0x3040 && letter <= 0x30FF) {
 207:Lib/lvgl/src/font/../misc/lv_text.h ****         return true;
 208:Lib/lvgl/src/font/../misc/lv_text.h ****     }
 209:Lib/lvgl/src/font/../misc/lv_text.h **** 
 210:Lib/lvgl/src/font/../misc/lv_text.h ****     /*Chinese Vertical Forms*/
 211:Lib/lvgl/src/font/../misc/lv_text.h ****     if(letter >= 0xFE10 && letter <= 0xFE1F) {
 212:Lib/lvgl/src/font/../misc/lv_text.h ****         return true;
 213:Lib/lvgl/src/font/../misc/lv_text.h ****     }
 214:Lib/lvgl/src/font/../misc/lv_text.h **** 
 215:Lib/lvgl/src/font/../misc/lv_text.h ****     /*CJK Compatibility Forms*/
 216:Lib/lvgl/src/font/../misc/lv_text.h ****     if(letter >= 0xFE30 && letter <= 0xFE4F) {
 217:Lib/lvgl/src/font/../misc/lv_text.h ****         return true;
 218:Lib/lvgl/src/font/../misc/lv_text.h ****     }
 219:Lib/lvgl/src/font/../misc/lv_text.h **** 
 220:Lib/lvgl/src/font/../misc/lv_text.h ****     return false;
 221:Lib/lvgl/src/font/../misc/lv_text.h **** }
 222:Lib/lvgl/src/font/../misc/lv_text.h **** 
 223:Lib/lvgl/src/font/../misc/lv_text.h **** /**
 224:Lib/lvgl/src/font/../misc/lv_text.h ****  * Test if character can be treated as marker, and don't need to be rendered.
 225:Lib/lvgl/src/font/../misc/lv_text.h ****  * Note, this is not a full list. Add your findings to the list.
 226:Lib/lvgl/src/font/../misc/lv_text.h ****  *
 227:Lib/lvgl/src/font/../misc/lv_text.h ****  * @param letter a letter
 228:Lib/lvgl/src/font/../misc/lv_text.h ****  * @return true if so
 229:Lib/lvgl/src/font/../misc/lv_text.h ****  */
 230:Lib/lvgl/src/font/../misc/lv_text.h **** static inline bool _lv_text_is_marker(uint32_t letter)
 231:Lib/lvgl/src/font/../misc/lv_text.h **** {
  30              		.loc 2 231 1 view -0
  31              		.cfi_startproc
  32              		@ args = 0, pretend = 0, frame = 0
  33              		@ frame_needed = 0, uses_anonymous_args = 0
  34              		@ link register save eliminated.
 232:Lib/lvgl/src/font/../misc/lv_text.h ****     if(letter < 0x20) return true;
  35              		.loc 2 232 5 view .LVU1
  36              		.loc 2 232 7 is_stmt 0 view .LVU2
  37 0000 1F28     		cmp	r0, #31
  38 0002 28D9     		bls	.L3
 233:Lib/lvgl/src/font/../misc/lv_text.h **** 
 234:Lib/lvgl/src/font/../misc/lv_text.h ****     /*U+061C ARABIC LETTER MARK, see https://www.compart.com/en/unicode/block/U+0600*/
 235:Lib/lvgl/src/font/../misc/lv_text.h ****     if(letter == 0x061C) return true;
  39              		.loc 2 235 5 is_stmt 1 view .LVU3
  40              		.loc 2 235 7 is_stmt 0 view .LVU4
  41 0004 40F21C63 		movw	r3, #1564
  42 0008 9842     		cmp	r0, r3
  43 000a 26D0     		beq	.L4
 236:Lib/lvgl/src/font/../misc/lv_text.h **** 
 237:Lib/lvgl/src/font/../misc/lv_text.h ****     /*U+115F HANGUL CHOSEONG FILLER, See https://www.compart.com/en/unicode/block/U+1100*/
 238:Lib/lvgl/src/font/../misc/lv_text.h ****     if(letter == 0x115F) return true;
  44              		.loc 2 238 5 is_stmt 1 view .LVU5
  45              		.loc 2 238 7 is_stmt 0 view .LVU6
  46 000c 41F25F13 		movw	r3, #4447
  47 0010 9842     		cmp	r0, r3
  48 0012 24D0     		beq	.L5
ARM GAS  C:\Users\Alex\AppData\Local\Temp\cckAXitw.s 			page 6


 239:Lib/lvgl/src/font/../misc/lv_text.h ****     /*U+1160 HANGUL JUNGSEONG FILLER*/
 240:Lib/lvgl/src/font/../misc/lv_text.h ****     if(letter == 0x1160) return true;
  49              		.loc 2 240 5 is_stmt 1 view .LVU7
  50              		.loc 2 240 7 is_stmt 0 view .LVU8
  51 0014 B0F58B5F 		cmp	r0, #4448
  52 0018 23D0     		beq	.L6
 241:Lib/lvgl/src/font/../misc/lv_text.h **** 
 242:Lib/lvgl/src/font/../misc/lv_text.h ****     /*See https://www.compart.com/en/unicode/block/U+1800*/
 243:Lib/lvgl/src/font/../misc/lv_text.h ****     if(letter >= 0x180B && letter <= 0x180E) return true;
  53              		.loc 2 243 5 is_stmt 1 view .LVU9
  54              		.loc 2 243 25 is_stmt 0 view .LVU10
  55 001a A0F5C053 		sub	r3, r0, #6144
  56 001e 0B3B     		subs	r3, r3, #11
  57              		.loc 2 243 7 view .LVU11
  58 0020 032B     		cmp	r3, #3
  59 0022 20D9     		bls	.L7
 244:Lib/lvgl/src/font/../misc/lv_text.h **** 
 245:Lib/lvgl/src/font/../misc/lv_text.h ****     /*See https://www.compart.com/en/unicode/block/U+2000*/
 246:Lib/lvgl/src/font/../misc/lv_text.h ****     if(letter >= 0x200B && letter <= 0x200F) return true;
  60              		.loc 2 246 5 is_stmt 1 view .LVU12
  61              		.loc 2 246 25 is_stmt 0 view .LVU13
  62 0024 A0F50053 		sub	r3, r0, #8192
  63 0028 0B3B     		subs	r3, r3, #11
  64              		.loc 2 246 7 view .LVU14
  65 002a 042B     		cmp	r3, #4
  66 002c 1DD9     		bls	.L8
 247:Lib/lvgl/src/font/../misc/lv_text.h ****     if(letter >= 0x2028 && letter <= 0x202F) return true;
  67              		.loc 2 247 5 is_stmt 1 view .LVU15
  68              		.loc 2 247 25 is_stmt 0 view .LVU16
  69 002e A0F50053 		sub	r3, r0, #8192
  70 0032 283B     		subs	r3, r3, #40
  71              		.loc 2 247 7 view .LVU17
  72 0034 072B     		cmp	r3, #7
  73 0036 1AD9     		bls	.L9
 248:Lib/lvgl/src/font/../misc/lv_text.h ****     if(letter >= 0x205F && letter <= 0x206F) return true;
  74              		.loc 2 248 5 is_stmt 1 view .LVU18
  75              		.loc 2 248 25 is_stmt 0 view .LVU19
  76 0038 A0F50153 		sub	r3, r0, #8256
  77 003c 1F3B     		subs	r3, r3, #31
  78              		.loc 2 248 7 view .LVU20
  79 003e 102B     		cmp	r3, #16
  80 0040 17D9     		bls	.L10
 249:Lib/lvgl/src/font/../misc/lv_text.h **** 
 250:Lib/lvgl/src/font/../misc/lv_text.h ****     /*U+FEFF ZERO WIDTH NO-BREAK SPACE, see https://www.compart.com/en/unicode/block/U+FE70*/
 251:Lib/lvgl/src/font/../misc/lv_text.h ****     if(letter == 0xFEFF) return true;
  81              		.loc 2 251 5 is_stmt 1 view .LVU21
  82              		.loc 2 251 7 is_stmt 0 view .LVU22
  83 0042 4FF6FF63 		movw	r3, #65279
  84 0046 9842     		cmp	r0, r3
  85 0048 15D0     		beq	.L11
 252:Lib/lvgl/src/font/../misc/lv_text.h **** 
 253:Lib/lvgl/src/font/../misc/lv_text.h ****     if(letter == 0xF8FF) return true; /*LV_SYMBOL_DUMMY*/
  86              		.loc 2 253 5 is_stmt 1 view .LVU23
  87              		.loc 2 253 7 is_stmt 0 view .LVU24
  88 004a 4FF6FF03 		movw	r3, #63743
  89 004e 9842     		cmp	r0, r3
  90 0050 13D0     		beq	.L12
ARM GAS  C:\Users\Alex\AppData\Local\Temp\cckAXitw.s 			page 7


 254:Lib/lvgl/src/font/../misc/lv_text.h **** 
 255:Lib/lvgl/src/font/../misc/lv_text.h ****     return false;
  91              		.loc 2 255 12 view .LVU25
  92 0052 0020     		movs	r0, #0
  93              	.LVL1:
  94              		.loc 2 255 12 view .LVU26
  95 0054 7047     		bx	lr
  96              	.LVL2:
  97              	.L3:
 232:Lib/lvgl/src/font/../misc/lv_text.h **** 
  98              		.loc 2 232 30 view .LVU27
  99 0056 0120     		movs	r0, #1
 100              	.LVL3:
 232:Lib/lvgl/src/font/../misc/lv_text.h **** 
 101              		.loc 2 232 30 view .LVU28
 102 0058 7047     		bx	lr
 103              	.LVL4:
 104              	.L4:
 235:Lib/lvgl/src/font/../misc/lv_text.h **** 
 105              		.loc 2 235 33 view .LVU29
 106 005a 0120     		movs	r0, #1
 107              	.LVL5:
 235:Lib/lvgl/src/font/../misc/lv_text.h **** 
 108              		.loc 2 235 33 view .LVU30
 109 005c 7047     		bx	lr
 110              	.LVL6:
 111              	.L5:
 238:Lib/lvgl/src/font/../misc/lv_text.h ****     /*U+1160 HANGUL JUNGSEONG FILLER*/
 112              		.loc 2 238 33 view .LVU31
 113 005e 0120     		movs	r0, #1
 114              	.LVL7:
 238:Lib/lvgl/src/font/../misc/lv_text.h ****     /*U+1160 HANGUL JUNGSEONG FILLER*/
 115              		.loc 2 238 33 view .LVU32
 116 0060 7047     		bx	lr
 117              	.LVL8:
 118              	.L6:
 240:Lib/lvgl/src/font/../misc/lv_text.h **** 
 119              		.loc 2 240 33 view .LVU33
 120 0062 0120     		movs	r0, #1
 121              	.LVL9:
 240:Lib/lvgl/src/font/../misc/lv_text.h **** 
 122              		.loc 2 240 33 view .LVU34
 123 0064 7047     		bx	lr
 124              	.LVL10:
 125              	.L7:
 243:Lib/lvgl/src/font/../misc/lv_text.h **** 
 126              		.loc 2 243 53 view .LVU35
 127 0066 0120     		movs	r0, #1
 128              	.LVL11:
 243:Lib/lvgl/src/font/../misc/lv_text.h **** 
 129              		.loc 2 243 53 view .LVU36
 130 0068 7047     		bx	lr
 131              	.LVL12:
 132              	.L8:
 246:Lib/lvgl/src/font/../misc/lv_text.h ****     if(letter >= 0x2028 && letter <= 0x202F) return true;
 133              		.loc 2 246 53 view .LVU37
 134 006a 0120     		movs	r0, #1
ARM GAS  C:\Users\Alex\AppData\Local\Temp\cckAXitw.s 			page 8


 135              	.LVL13:
 246:Lib/lvgl/src/font/../misc/lv_text.h ****     if(letter >= 0x2028 && letter <= 0x202F) return true;
 136              		.loc 2 246 53 view .LVU38
 137 006c 7047     		bx	lr
 138              	.LVL14:
 139              	.L9:
 247:Lib/lvgl/src/font/../misc/lv_text.h ****     if(letter >= 0x205F && letter <= 0x206F) return true;
 140              		.loc 2 247 53 view .LVU39
 141 006e 0120     		movs	r0, #1
 142              	.LVL15:
 247:Lib/lvgl/src/font/../misc/lv_text.h ****     if(letter >= 0x205F && letter <= 0x206F) return true;
 143              		.loc 2 247 53 view .LVU40
 144 0070 7047     		bx	lr
 145              	.LVL16:
 146              	.L10:
 248:Lib/lvgl/src/font/../misc/lv_text.h **** 
 147              		.loc 2 248 53 view .LVU41
 148 0072 0120     		movs	r0, #1
 149              	.LVL17:
 248:Lib/lvgl/src/font/../misc/lv_text.h **** 
 150              		.loc 2 248 53 view .LVU42
 151 0074 7047     		bx	lr
 152              	.LVL18:
 153              	.L11:
 251:Lib/lvgl/src/font/../misc/lv_text.h **** 
 154              		.loc 2 251 33 view .LVU43
 155 0076 0120     		movs	r0, #1
 156              	.LVL19:
 251:Lib/lvgl/src/font/../misc/lv_text.h **** 
 157              		.loc 2 251 33 view .LVU44
 158 0078 7047     		bx	lr
 159              	.LVL20:
 160              	.L12:
 253:Lib/lvgl/src/font/../misc/lv_text.h **** 
 161              		.loc 2 253 33 view .LVU45
 162 007a 0120     		movs	r0, #1
 163              	.LVL21:
 256:Lib/lvgl/src/font/../misc/lv_text.h **** }
 164              		.loc 2 256 1 view .LVU46
 165 007c 7047     		bx	lr
 166              		.cfi_endproc
 167              	.LFE39:
 169              		.section	.text.lv_font_get_glyph_bitmap,"ax",%progbits
 170              		.align	1
 171              		.global	lv_font_get_glyph_bitmap
 172              		.syntax unified
 173              		.thumb
 174              		.thumb_func
 176              	lv_font_get_glyph_bitmap:
 177              	.LVL22:
 178              	.LFB40:
   1:Lib/lvgl/src/font/lv_font.c **** /**
   2:Lib/lvgl/src/font/lv_font.c ****  * @file lv_font.c
   3:Lib/lvgl/src/font/lv_font.c ****  *
   4:Lib/lvgl/src/font/lv_font.c ****  */
   5:Lib/lvgl/src/font/lv_font.c **** 
   6:Lib/lvgl/src/font/lv_font.c **** /*********************
ARM GAS  C:\Users\Alex\AppData\Local\Temp\cckAXitw.s 			page 9


   7:Lib/lvgl/src/font/lv_font.c ****  *      INCLUDES
   8:Lib/lvgl/src/font/lv_font.c ****  *********************/
   9:Lib/lvgl/src/font/lv_font.c **** 
  10:Lib/lvgl/src/font/lv_font.c **** #include "lv_font.h"
  11:Lib/lvgl/src/font/lv_font.c **** #include "../misc/lv_text.h"
  12:Lib/lvgl/src/font/lv_font.c **** #include "../misc/lv_utils.h"
  13:Lib/lvgl/src/font/lv_font.c **** #include "../misc/lv_log.h"
  14:Lib/lvgl/src/font/lv_font.c **** #include "../misc/lv_assert.h"
  15:Lib/lvgl/src/font/lv_font.c **** #include "../stdlib/lv_string.h"
  16:Lib/lvgl/src/font/lv_font.c **** 
  17:Lib/lvgl/src/font/lv_font.c **** /*********************
  18:Lib/lvgl/src/font/lv_font.c ****  *      DEFINES
  19:Lib/lvgl/src/font/lv_font.c ****  *********************/
  20:Lib/lvgl/src/font/lv_font.c **** 
  21:Lib/lvgl/src/font/lv_font.c **** /**********************
  22:Lib/lvgl/src/font/lv_font.c ****  *      TYPEDEFS
  23:Lib/lvgl/src/font/lv_font.c ****  **********************/
  24:Lib/lvgl/src/font/lv_font.c **** 
  25:Lib/lvgl/src/font/lv_font.c **** /**********************
  26:Lib/lvgl/src/font/lv_font.c ****  *  STATIC PROTOTYPES
  27:Lib/lvgl/src/font/lv_font.c ****  **********************/
  28:Lib/lvgl/src/font/lv_font.c **** 
  29:Lib/lvgl/src/font/lv_font.c **** /**********************
  30:Lib/lvgl/src/font/lv_font.c ****  *  STATIC VARIABLES
  31:Lib/lvgl/src/font/lv_font.c ****  **********************/
  32:Lib/lvgl/src/font/lv_font.c **** 
  33:Lib/lvgl/src/font/lv_font.c **** /**********************
  34:Lib/lvgl/src/font/lv_font.c ****  * GLOBAL PROTOTYPES
  35:Lib/lvgl/src/font/lv_font.c ****  **********************/
  36:Lib/lvgl/src/font/lv_font.c **** 
  37:Lib/lvgl/src/font/lv_font.c **** /**********************
  38:Lib/lvgl/src/font/lv_font.c ****  *      MACROS
  39:Lib/lvgl/src/font/lv_font.c ****  **********************/
  40:Lib/lvgl/src/font/lv_font.c **** 
  41:Lib/lvgl/src/font/lv_font.c **** /**********************
  42:Lib/lvgl/src/font/lv_font.c ****  *   GLOBAL FUNCTIONS
  43:Lib/lvgl/src/font/lv_font.c ****  **********************/
  44:Lib/lvgl/src/font/lv_font.c **** 
  45:Lib/lvgl/src/font/lv_font.c **** const void * lv_font_get_glyph_bitmap(lv_font_glyph_dsc_t * g_dsc, uint32_t letter,
  46:Lib/lvgl/src/font/lv_font.c ****                                       lv_draw_buf_t * draw_buf)
  47:Lib/lvgl/src/font/lv_font.c **** {
 179              		.loc 1 47 1 is_stmt 1 view -0
 180              		.cfi_startproc
 181              		@ args = 0, pretend = 0, frame = 0
 182              		@ frame_needed = 0, uses_anonymous_args = 0
 183              		.loc 1 47 1 is_stmt 0 view .LVU48
 184 0000 08B5     		push	{r3, lr}
 185              	.LCFI0:
 186              		.cfi_def_cfa_offset 8
 187              		.cfi_offset 3, -8
 188              		.cfi_offset 14, -4
  48:Lib/lvgl/src/font/lv_font.c ****     const lv_font_t * font_p = g_dsc->resolved_font;
 189              		.loc 1 48 5 is_stmt 1 view .LVU49
 190              		.loc 1 48 23 is_stmt 0 view .LVU50
 191 0002 0368     		ldr	r3, [r0]
 192              	.LVL23:
  49:Lib/lvgl/src/font/lv_font.c ****     LV_ASSERT_NULL(font_p);
ARM GAS  C:\Users\Alex\AppData\Local\Temp\cckAXitw.s 			page 10


 193              		.loc 1 49 5 is_stmt 1 view .LVU51
 194              		.loc 1 49 5 view .LVU52
 195 0004 13B1     		cbz	r3, .L15
 196              		.loc 1 49 5 discriminator 2 view .LVU53
 197              		.loc 1 49 27 discriminator 2 view .LVU54
  50:Lib/lvgl/src/font/lv_font.c ****     return font_p->get_glyph_bitmap(g_dsc, letter, draw_buf);
 198              		.loc 1 50 5 discriminator 2 view .LVU55
 199              		.loc 1 50 18 is_stmt 0 discriminator 2 view .LVU56
 200 0006 5B68     		ldr	r3, [r3, #4]
 201              	.LVL24:
 202              		.loc 1 50 12 discriminator 2 view .LVU57
 203 0008 9847     		blx	r3
 204              	.LVL25:
  51:Lib/lvgl/src/font/lv_font.c **** }
 205              		.loc 1 51 1 discriminator 2 view .LVU58
 206 000a 08BD     		pop	{r3, pc}
 207              	.LVL26:
 208              	.L15:
  49:Lib/lvgl/src/font/lv_font.c ****     LV_ASSERT_NULL(font_p);
 209              		.loc 1 49 5 is_stmt 1 discriminator 1 view .LVU59
  49:Lib/lvgl/src/font/lv_font.c ****     LV_ASSERT_NULL(font_p);
 210              		.loc 1 49 5 discriminator 1 view .LVU60
  49:Lib/lvgl/src/font/lv_font.c ****     LV_ASSERT_NULL(font_p);
 211              		.loc 1 49 5 discriminator 1 view .LVU61
  49:Lib/lvgl/src/font/lv_font.c ****     LV_ASSERT_NULL(font_p);
 212              		.loc 1 49 5 discriminator 1 view .LVU62
  49:Lib/lvgl/src/font/lv_font.c ****     LV_ASSERT_NULL(font_p);
 213              		.loc 1 49 5 discriminator 1 view .LVU63
 214 000c FEE7     		b	.L15
 215              		.cfi_endproc
 216              	.LFE40:
 218              		.section	.text.lv_font_get_glyph_dsc,"ax",%progbits
 219              		.align	1
 220              		.global	lv_font_get_glyph_dsc
 221              		.syntax unified
 222              		.thumb
 223              		.thumb_func
 225              	lv_font_get_glyph_dsc:
 226              	.LVL27:
 227              	.LFB41:
  52:Lib/lvgl/src/font/lv_font.c **** 
  53:Lib/lvgl/src/font/lv_font.c **** bool lv_font_get_glyph_dsc(const lv_font_t * font_p, lv_font_glyph_dsc_t * dsc_out, uint32_t letter
  54:Lib/lvgl/src/font/lv_font.c ****                            uint32_t letter_next)
  55:Lib/lvgl/src/font/lv_font.c **** {
 228              		.loc 1 55 1 view -0
 229              		.cfi_startproc
 230              		@ args = 0, pretend = 0, frame = 0
 231              		@ frame_needed = 0, uses_anonymous_args = 0
  56:Lib/lvgl/src/font/lv_font.c **** 
  57:Lib/lvgl/src/font/lv_font.c ****     LV_ASSERT_NULL(font_p);
 232              		.loc 1 57 5 view .LVU65
 233              		.loc 1 57 5 view .LVU66
 234 0000 58B1     		cbz	r0, .L19
  55:Lib/lvgl/src/font/lv_font.c **** 
 235              		.loc 1 55 1 is_stmt 0 discriminator 2 view .LVU67
 236 0002 2DE9F047 		push	{r4, r5, r6, r7, r8, r9, r10, lr}
 237              	.LCFI1:
ARM GAS  C:\Users\Alex\AppData\Local\Temp\cckAXitw.s 			page 11


 238              		.cfi_def_cfa_offset 32
 239              		.cfi_offset 4, -32
 240              		.cfi_offset 5, -28
 241              		.cfi_offset 6, -24
 242              		.cfi_offset 7, -20
 243              		.cfi_offset 8, -16
 244              		.cfi_offset 9, -12
 245              		.cfi_offset 10, -8
 246              		.cfi_offset 14, -4
 247 0006 0D46     		mov	r5, r1
 248 0008 1746     		mov	r7, r2
 249 000a 9946     		mov	r9, r3
 250 000c 8246     		mov	r10, r0
 251              		.loc 1 57 5 is_stmt 1 discriminator 2 view .LVU68
 252              		.loc 1 57 27 discriminator 2 view .LVU69
  58:Lib/lvgl/src/font/lv_font.c ****     LV_ASSERT_NULL(dsc_out);
 253              		.loc 1 58 5 discriminator 2 view .LVU70
 254              		.loc 1 58 5 discriminator 2 view .LVU71
 255 000e 29B1     		cbz	r1, .L21
 256              		.loc 1 58 5 discriminator 2 view .LVU72
 257              		.loc 1 58 28 discriminator 2 view .LVU73
  59:Lib/lvgl/src/font/lv_font.c **** 
  60:Lib/lvgl/src/font/lv_font.c **** #if LV_USE_FONT_PLACEHOLDER
  61:Lib/lvgl/src/font/lv_font.c ****     const lv_font_t * placeholder_font = NULL;
 258              		.loc 1 61 5 discriminator 2 view .LVU74
 259              	.LVL28:
  62:Lib/lvgl/src/font/lv_font.c **** #endif
  63:Lib/lvgl/src/font/lv_font.c **** 
  64:Lib/lvgl/src/font/lv_font.c ****     const lv_font_t * f = font_p;
 260              		.loc 1 64 5 discriminator 2 view .LVU75
  65:Lib/lvgl/src/font/lv_font.c **** 
  66:Lib/lvgl/src/font/lv_font.c ****     dsc_out->resolved_font = NULL;
 261              		.loc 1 66 5 discriminator 2 view .LVU76
 262              		.loc 1 66 28 is_stmt 0 discriminator 2 view .LVU77
 263 0010 0023     		movs	r3, #0
 264              	.LVL29:
 265              		.loc 1 66 28 discriminator 2 view .LVU78
 266 0012 0B60     		str	r3, [r1]
  67:Lib/lvgl/src/font/lv_font.c **** 
  68:Lib/lvgl/src/font/lv_font.c ****     while(f) {
 267              		.loc 1 68 5 is_stmt 1 discriminator 2 view .LVU79
  64:Lib/lvgl/src/font/lv_font.c **** 
 268              		.loc 1 64 23 is_stmt 0 discriminator 2 view .LVU80
 269 0014 0446     		mov	r4, r0
  61:Lib/lvgl/src/font/lv_font.c **** #endif
 270              		.loc 1 61 23 discriminator 2 view .LVU81
 271 0016 9846     		mov	r8, r3
 272              		.loc 1 68 10 discriminator 2 view .LVU82
 273 0018 06E0     		b	.L22
 274              	.LVL30:
 275              	.L19:
 276              	.LCFI2:
 277              		.cfi_def_cfa_offset 0
 278              		.cfi_restore 4
 279              		.cfi_restore 5
 280              		.cfi_restore 6
 281              		.cfi_restore 7
ARM GAS  C:\Users\Alex\AppData\Local\Temp\cckAXitw.s 			page 12


 282              		.cfi_restore 8
 283              		.cfi_restore 9
 284              		.cfi_restore 10
 285              		.cfi_restore 14
  57:Lib/lvgl/src/font/lv_font.c ****     LV_ASSERT_NULL(dsc_out);
 286              		.loc 1 57 5 is_stmt 1 discriminator 1 view .LVU83
  57:Lib/lvgl/src/font/lv_font.c ****     LV_ASSERT_NULL(dsc_out);
 287              		.loc 1 57 5 discriminator 1 view .LVU84
  57:Lib/lvgl/src/font/lv_font.c ****     LV_ASSERT_NULL(dsc_out);
 288              		.loc 1 57 5 discriminator 1 view .LVU85
  57:Lib/lvgl/src/font/lv_font.c ****     LV_ASSERT_NULL(dsc_out);
 289              		.loc 1 57 5 discriminator 1 view .LVU86
  57:Lib/lvgl/src/font/lv_font.c ****     LV_ASSERT_NULL(dsc_out);
 290              		.loc 1 57 5 discriminator 1 view .LVU87
 291 001a FEE7     		b	.L19
 292              	.L21:
 293              	.LCFI3:
 294              		.cfi_def_cfa_offset 32
 295              		.cfi_offset 4, -32
 296              		.cfi_offset 5, -28
 297              		.cfi_offset 6, -24
 298              		.cfi_offset 7, -20
 299              		.cfi_offset 8, -16
 300              		.cfi_offset 9, -12
 301              		.cfi_offset 10, -8
 302              		.cfi_offset 14, -4
  58:Lib/lvgl/src/font/lv_font.c **** 
 303              		.loc 1 58 5 discriminator 2 view .LVU88
  58:Lib/lvgl/src/font/lv_font.c **** 
 304              		.loc 1 58 5 discriminator 2 view .LVU89
  58:Lib/lvgl/src/font/lv_font.c **** 
 305              		.loc 1 58 5 discriminator 2 view .LVU90
  58:Lib/lvgl/src/font/lv_font.c **** 
 306              		.loc 1 58 5 discriminator 2 view .LVU91
  58:Lib/lvgl/src/font/lv_font.c **** 
 307              		.loc 1 58 5 discriminator 2 view .LVU92
 308 001c FEE7     		b	.L21
 309              	.LVL31:
 310              	.L30:
 311              	.LBB2:
  69:Lib/lvgl/src/font/lv_font.c ****         bool found = f->get_glyph_dsc(f, dsc_out, letter, f->kerning == LV_FONT_KERNING_NONE ? 0 : 
 312              		.loc 1 69 22 is_stmt 0 view .LVU93
 313 001e 0023     		movs	r3, #0
 314 0020 09E0     		b	.L23
 315              	.LVL32:
 316              	.L36:
  70:Lib/lvgl/src/font/lv_font.c ****         if(found) {
  71:Lib/lvgl/src/font/lv_font.c ****             if(!dsc_out->is_placeholder) {
  72:Lib/lvgl/src/font/lv_font.c ****                 dsc_out->resolved_font = f;
 317              		.loc 1 72 17 is_stmt 1 view .LVU94
 318              		.loc 1 72 40 is_stmt 0 view .LVU95
 319 0022 2C60     		str	r4, [r5]
  73:Lib/lvgl/src/font/lv_font.c ****                 return true;
 320              		.loc 1 73 17 is_stmt 1 view .LVU96
 321              		.loc 1 73 24 is_stmt 0 view .LVU97
 322 0024 2BE0     		b	.L26
 323              	.LVL33:
ARM GAS  C:\Users\Alex\AppData\Local\Temp\cckAXitw.s 			page 13


 324              	.L24:
  74:Lib/lvgl/src/font/lv_font.c ****             }
  75:Lib/lvgl/src/font/lv_font.c **** #if LV_USE_FONT_PLACEHOLDER
  76:Lib/lvgl/src/font/lv_font.c ****             else if(placeholder_font == NULL) {
  77:Lib/lvgl/src/font/lv_font.c ****                 placeholder_font = f;
  78:Lib/lvgl/src/font/lv_font.c ****             }
  79:Lib/lvgl/src/font/lv_font.c **** #endif
  80:Lib/lvgl/src/font/lv_font.c ****         }
  81:Lib/lvgl/src/font/lv_font.c ****         f = f->fallback;
 325              		.loc 1 81 9 is_stmt 1 view .LVU98
 326              		.loc 1 81 11 is_stmt 0 view .LVU99
 327 0026 E469     		ldr	r4, [r4, #28]
 328              	.LVL34:
 329              	.L22:
 330              		.loc 1 81 11 view .LVU100
 331              	.LBE2:
  68:Lib/lvgl/src/font/lv_font.c ****         bool found = f->get_glyph_dsc(f, dsc_out, letter, f->kerning == LV_FONT_KERNING_NONE ? 0 : 
 332              		.loc 1 68 11 is_stmt 1 view .LVU101
 333 0028 ACB1     		cbz	r4, .L35
 334              	.LBB3:
  69:Lib/lvgl/src/font/lv_font.c ****         if(found) {
 335              		.loc 1 69 9 view .LVU102
  69:Lib/lvgl/src/font/lv_font.c ****         if(found) {
 336              		.loc 1 69 23 is_stmt 0 view .LVU103
 337 002a 2668     		ldr	r6, [r4]
  69:Lib/lvgl/src/font/lv_font.c ****         if(found) {
 338              		.loc 1 69 70 view .LVU104
 339 002c 237D     		ldrb	r3, [r4, #20]	@ zero_extendqisi2
  69:Lib/lvgl/src/font/lv_font.c ****         if(found) {
 340              		.loc 1 69 22 view .LVU105
 341 002e 13F0040F 		tst	r3, #4
 342 0032 F4D1     		bne	.L30
 343 0034 4B46     		mov	r3, r9
 344              	.L23:
  69:Lib/lvgl/src/font/lv_font.c ****         if(found) {
 345              		.loc 1 69 22 discriminator 4 view .LVU106
 346 0036 3A46     		mov	r2, r7
 347 0038 2946     		mov	r1, r5
 348 003a 2046     		mov	r0, r4
 349 003c B047     		blx	r6
 350              	.LVL35:
  70:Lib/lvgl/src/font/lv_font.c ****             if(!dsc_out->is_placeholder) {
 351              		.loc 1 70 9 is_stmt 1 discriminator 4 view .LVU107
  70:Lib/lvgl/src/font/lv_font.c ****             if(!dsc_out->is_placeholder) {
 352              		.loc 1 70 11 is_stmt 0 discriminator 4 view .LVU108
 353 003e 0346     		mov	r3, r0
 354 0040 0028     		cmp	r0, #0
 355 0042 F0D0     		beq	.L24
  71:Lib/lvgl/src/font/lv_font.c ****                 dsc_out->resolved_font = f;
 356              		.loc 1 71 13 is_stmt 1 view .LVU109
  71:Lib/lvgl/src/font/lv_font.c ****                 dsc_out->resolved_font = f;
 357              		.loc 1 71 16 is_stmt 0 view .LVU110
 358 0044 AA7B     		ldrb	r2, [r5, #14]	@ zero_extendqisi2
  71:Lib/lvgl/src/font/lv_font.c ****                 dsc_out->resolved_font = f;
 359              		.loc 1 71 15 view .LVU111
 360 0046 12F0100F 		tst	r2, #16
 361 004a EAD0     		beq	.L36
ARM GAS  C:\Users\Alex\AppData\Local\Temp\cckAXitw.s 			page 14


  76:Lib/lvgl/src/font/lv_font.c ****                 placeholder_font = f;
 362              		.loc 1 76 18 is_stmt 1 view .LVU112
  76:Lib/lvgl/src/font/lv_font.c ****                 placeholder_font = f;
 363              		.loc 1 76 20 is_stmt 0 view .LVU113
 364 004c B8F1000F 		cmp	r8, #0
 365 0050 E9D1     		bne	.L24
  77:Lib/lvgl/src/font/lv_font.c ****             }
 366              		.loc 1 77 34 view .LVU114
 367 0052 A046     		mov	r8, r4
 368              	.LVL36:
  77:Lib/lvgl/src/font/lv_font.c ****             }
 369              		.loc 1 77 34 view .LVU115
 370 0054 E7E7     		b	.L24
 371              	.LVL37:
 372              	.L35:
  77:Lib/lvgl/src/font/lv_font.c ****             }
 373              		.loc 1 77 34 view .LVU116
 374              	.LBE3:
  82:Lib/lvgl/src/font/lv_font.c ****     }
  83:Lib/lvgl/src/font/lv_font.c **** 
  84:Lib/lvgl/src/font/lv_font.c **** #if LV_USE_FONT_PLACEHOLDER
  85:Lib/lvgl/src/font/lv_font.c ****     if(placeholder_font != NULL) {
 375              		.loc 1 85 5 is_stmt 1 view .LVU117
 376              		.loc 1 85 7 is_stmt 0 view .LVU118
 377 0056 B8F1000F 		cmp	r8, #0
 378 005a 13D0     		beq	.L28
  86:Lib/lvgl/src/font/lv_font.c ****         placeholder_font->get_glyph_dsc(placeholder_font, dsc_out, letter,
 379              		.loc 1 86 9 is_stmt 1 view .LVU119
 380              		.loc 1 86 25 is_stmt 0 view .LVU120
 381 005c D8F80040 		ldr	r4, [r8]
 382              	.LVL38:
  87:Lib/lvgl/src/font/lv_font.c ****                                         placeholder_font->kerning == LV_FONT_KERNING_NONE ? 0 : let
 383              		.loc 1 87 67 view .LVU121
 384 0060 98F81430 		ldrb	r3, [r8, #20]	@ zero_extendqisi2
  86:Lib/lvgl/src/font/lv_font.c ****         placeholder_font->get_glyph_dsc(placeholder_font, dsc_out, letter,
 385              		.loc 1 86 9 view .LVU122
 386 0064 13F0040F 		tst	r3, #4
 387 0068 01D0     		beq	.L29
 388 006a 4FF00009 		mov	r9, #0
 389              	.LVL39:
 390              	.L29:
  86:Lib/lvgl/src/font/lv_font.c ****         placeholder_font->get_glyph_dsc(placeholder_font, dsc_out, letter,
 391              		.loc 1 86 9 discriminator 4 view .LVU123
 392 006e 4B46     		mov	r3, r9
 393 0070 3A46     		mov	r2, r7
 394 0072 2946     		mov	r1, r5
 395 0074 4046     		mov	r0, r8
 396 0076 A047     		blx	r4
 397              	.LVL40:
  88:Lib/lvgl/src/font/lv_font.c ****         dsc_out->resolved_font = placeholder_font;
 398              		.loc 1 88 9 is_stmt 1 discriminator 4 view .LVU124
 399              		.loc 1 88 32 is_stmt 0 discriminator 4 view .LVU125
 400 0078 C5F80080 		str	r8, [r5]
  89:Lib/lvgl/src/font/lv_font.c ****         return true;
 401              		.loc 1 89 9 is_stmt 1 discriminator 4 view .LVU126
 402              		.loc 1 89 16 is_stmt 0 discriminator 4 view .LVU127
 403 007c 0123     		movs	r3, #1
ARM GAS  C:\Users\Alex\AppData\Local\Temp\cckAXitw.s 			page 15


 404              	.L26:
  90:Lib/lvgl/src/font/lv_font.c ****     }
  91:Lib/lvgl/src/font/lv_font.c **** #endif
  92:Lib/lvgl/src/font/lv_font.c **** 
  93:Lib/lvgl/src/font/lv_font.c **** #if LV_USE_FONT_PLACEHOLDER
  94:Lib/lvgl/src/font/lv_font.c ****     dsc_out->box_w = font_p->line_height / 2;
  95:Lib/lvgl/src/font/lv_font.c ****     dsc_out->adv_w = dsc_out->box_w + 2;
  96:Lib/lvgl/src/font/lv_font.c **** #else
  97:Lib/lvgl/src/font/lv_font.c ****     dsc_out->box_w = 0;
  98:Lib/lvgl/src/font/lv_font.c ****     dsc_out->adv_w = 0;
  99:Lib/lvgl/src/font/lv_font.c **** #endif
 100:Lib/lvgl/src/font/lv_font.c **** 
 101:Lib/lvgl/src/font/lv_font.c ****     dsc_out->resolved_font = NULL;
 102:Lib/lvgl/src/font/lv_font.c ****     dsc_out->box_h = font_p->line_height;
 103:Lib/lvgl/src/font/lv_font.c ****     dsc_out->ofs_x = 0;
 104:Lib/lvgl/src/font/lv_font.c ****     dsc_out->ofs_y = 0;
 105:Lib/lvgl/src/font/lv_font.c ****     dsc_out->bpp   = 1;
 106:Lib/lvgl/src/font/lv_font.c ****     dsc_out->is_placeholder = true;
 107:Lib/lvgl/src/font/lv_font.c **** 
 108:Lib/lvgl/src/font/lv_font.c ****     return false;
 109:Lib/lvgl/src/font/lv_font.c **** }
 405              		.loc 1 109 1 view .LVU128
 406 007e 1846     		mov	r0, r3
 407 0080 BDE8F087 		pop	{r4, r5, r6, r7, r8, r9, r10, pc}
 408              	.LVL41:
 409              	.L28:
  94:Lib/lvgl/src/font/lv_font.c ****     dsc_out->adv_w = dsc_out->box_w + 2;
 410              		.loc 1 94 5 is_stmt 1 view .LVU129
  94:Lib/lvgl/src/font/lv_font.c ****     dsc_out->adv_w = dsc_out->box_w + 2;
 411              		.loc 1 94 28 is_stmt 0 view .LVU130
 412 0084 DAF80C30 		ldr	r3, [r10, #12]
  94:Lib/lvgl/src/font/lv_font.c ****     dsc_out->adv_w = dsc_out->box_w + 2;
 413              		.loc 1 94 42 view .LVU131
 414 0088 03EBD373 		add	r3, r3, r3, lsr #31
  94:Lib/lvgl/src/font/lv_font.c ****     dsc_out->adv_w = dsc_out->box_w + 2;
 415              		.loc 1 94 20 view .LVU132
 416 008c C3F34F03 		ubfx	r3, r3, #1, #16
 417 0090 EB80     		strh	r3, [r5, #6]	@ movhi
  95:Lib/lvgl/src/font/lv_font.c **** #else
 418              		.loc 1 95 5 is_stmt 1 view .LVU133
  95:Lib/lvgl/src/font/lv_font.c **** #else
 419              		.loc 1 95 37 is_stmt 0 view .LVU134
 420 0092 0233     		adds	r3, r3, #2
  95:Lib/lvgl/src/font/lv_font.c **** #else
 421              		.loc 1 95 20 view .LVU135
 422 0094 AB80     		strh	r3, [r5, #4]	@ movhi
 101:Lib/lvgl/src/font/lv_font.c ****     dsc_out->box_h = font_p->line_height;
 423              		.loc 1 101 5 is_stmt 1 view .LVU136
 101:Lib/lvgl/src/font/lv_font.c ****     dsc_out->box_h = font_p->line_height;
 424              		.loc 1 101 28 is_stmt 0 view .LVU137
 425 0096 0023     		movs	r3, #0
 426 0098 2B60     		str	r3, [r5]
 102:Lib/lvgl/src/font/lv_font.c ****     dsc_out->ofs_x = 0;
 427              		.loc 1 102 5 is_stmt 1 view .LVU138
 102:Lib/lvgl/src/font/lv_font.c ****     dsc_out->ofs_x = 0;
 428              		.loc 1 102 28 is_stmt 0 view .LVU139
 429 009a DAF80C20 		ldr	r2, [r10, #12]
ARM GAS  C:\Users\Alex\AppData\Local\Temp\cckAXitw.s 			page 16


 102:Lib/lvgl/src/font/lv_font.c ****     dsc_out->ofs_x = 0;
 430              		.loc 1 102 20 view .LVU140
 431 009e 2A81     		strh	r2, [r5, #8]	@ movhi
 103:Lib/lvgl/src/font/lv_font.c ****     dsc_out->ofs_y = 0;
 432              		.loc 1 103 5 is_stmt 1 view .LVU141
 103:Lib/lvgl/src/font/lv_font.c ****     dsc_out->ofs_y = 0;
 433              		.loc 1 103 20 is_stmt 0 view .LVU142
 434 00a0 6B81     		strh	r3, [r5, #10]	@ movhi
 104:Lib/lvgl/src/font/lv_font.c ****     dsc_out->bpp   = 1;
 435              		.loc 1 104 5 is_stmt 1 view .LVU143
 104:Lib/lvgl/src/font/lv_font.c ****     dsc_out->bpp   = 1;
 436              		.loc 1 104 20 is_stmt 0 view .LVU144
 437 00a2 AB81     		strh	r3, [r5, #12]	@ movhi
 105:Lib/lvgl/src/font/lv_font.c ****     dsc_out->is_placeholder = true;
 438              		.loc 1 105 5 is_stmt 1 view .LVU145
 105:Lib/lvgl/src/font/lv_font.c ****     dsc_out->is_placeholder = true;
 439              		.loc 1 105 20 is_stmt 0 view .LVU146
 440 00a4 AA7B     		ldrb	r2, [r5, #14]	@ zero_extendqisi2
 441 00a6 0121     		movs	r1, #1
 442 00a8 61F30302 		bfi	r2, r1, #0, #4
 443 00ac AA73     		strb	r2, [r5, #14]
 106:Lib/lvgl/src/font/lv_font.c **** 
 444              		.loc 1 106 5 is_stmt 1 view .LVU147
 106:Lib/lvgl/src/font/lv_font.c **** 
 445              		.loc 1 106 29 is_stmt 0 view .LVU148
 446 00ae D2B2     		uxtb	r2, r2
 447 00b0 42F01002 		orr	r2, r2, #16
 448 00b4 AA73     		strb	r2, [r5, #14]
 108:Lib/lvgl/src/font/lv_font.c **** }
 449              		.loc 1 108 5 is_stmt 1 view .LVU149
 108:Lib/lvgl/src/font/lv_font.c **** }
 450              		.loc 1 108 12 is_stmt 0 view .LVU150
 451 00b6 E2E7     		b	.L26
 452              		.cfi_endproc
 453              	.LFE41:
 455              		.section	.text.lv_font_get_glyph_width,"ax",%progbits
 456              		.align	1
 457              		.global	lv_font_get_glyph_width
 458              		.syntax unified
 459              		.thumb
 460              		.thumb_func
 462              	lv_font_get_glyph_width:
 463              	.LVL42:
 464              	.LFB42:
 110:Lib/lvgl/src/font/lv_font.c **** 
 111:Lib/lvgl/src/font/lv_font.c **** uint16_t lv_font_get_glyph_width(const lv_font_t * font, uint32_t letter, uint32_t letter_next)
 112:Lib/lvgl/src/font/lv_font.c **** {
 465              		.loc 1 112 1 is_stmt 1 view -0
 466              		.cfi_startproc
 467              		@ args = 0, pretend = 0, frame = 24
 468              		@ frame_needed = 0, uses_anonymous_args = 0
 113:Lib/lvgl/src/font/lv_font.c ****     LV_ASSERT_NULL(font);
 469              		.loc 1 113 5 view .LVU152
 470              		.loc 1 113 5 view .LVU153
 471 0000 58B1     		cbz	r0, .L39
 112:Lib/lvgl/src/font/lv_font.c ****     LV_ASSERT_NULL(font);
 472              		.loc 1 112 1 is_stmt 0 discriminator 2 view .LVU154
ARM GAS  C:\Users\Alex\AppData\Local\Temp\cckAXitw.s 			page 17


 473 0002 70B5     		push	{r4, r5, r6, lr}
 474              	.LCFI4:
 475              		.cfi_def_cfa_offset 16
 476              		.cfi_offset 4, -16
 477              		.cfi_offset 5, -12
 478              		.cfi_offset 6, -8
 479              		.cfi_offset 14, -4
 480 0004 86B0     		sub	sp, sp, #24
 481              	.LCFI5:
 482              		.cfi_def_cfa_offset 40
 483 0006 0C46     		mov	r4, r1
 484 0008 1546     		mov	r5, r2
 485 000a 0646     		mov	r6, r0
 486              		.loc 1 113 5 is_stmt 1 discriminator 2 view .LVU155
 487              		.loc 1 113 25 discriminator 2 view .LVU156
 114:Lib/lvgl/src/font/lv_font.c ****     lv_font_glyph_dsc_t g;
 488              		.loc 1 114 5 discriminator 2 view .LVU157
 115:Lib/lvgl/src/font/lv_font.c **** 
 116:Lib/lvgl/src/font/lv_font.c ****     /*Return zero if letter is marker*/
 117:Lib/lvgl/src/font/lv_font.c ****     if(_lv_text_is_marker(letter)) return 0;
 489              		.loc 1 117 5 discriminator 2 view .LVU158
 490              		.loc 1 117 8 is_stmt 0 discriminator 2 view .LVU159
 491 000c 0846     		mov	r0, r1
 492              	.LVL43:
 493              		.loc 1 117 8 discriminator 2 view .LVU160
 494 000e FFF7FEFF 		bl	_lv_text_is_marker
 495              	.LVL44:
 496              		.loc 1 117 7 discriminator 2 view .LVU161
 497 0012 18B1     		cbz	r0, .L44
 498              		.loc 1 117 43 view .LVU162
 499 0014 0020     		movs	r0, #0
 500              	.L40:
 118:Lib/lvgl/src/font/lv_font.c **** 
 119:Lib/lvgl/src/font/lv_font.c ****     lv_font_get_glyph_dsc(font, &g, letter, letter_next);
 120:Lib/lvgl/src/font/lv_font.c ****     return g.adv_w;
 121:Lib/lvgl/src/font/lv_font.c **** }
 501              		.loc 1 121 1 view .LVU163
 502 0016 06B0     		add	sp, sp, #24
 503              	.LCFI6:
 504              		.cfi_def_cfa_offset 16
 505              		@ sp needed
 506 0018 70BD     		pop	{r4, r5, r6, pc}
 507              	.LVL45:
 508              	.L39:
 509              	.LCFI7:
 510              		.cfi_def_cfa_offset 0
 511              		.cfi_restore 4
 512              		.cfi_restore 5
 513              		.cfi_restore 6
 514              		.cfi_restore 14
 113:Lib/lvgl/src/font/lv_font.c ****     lv_font_glyph_dsc_t g;
 515              		.loc 1 113 5 is_stmt 1 discriminator 1 view .LVU164
 113:Lib/lvgl/src/font/lv_font.c ****     lv_font_glyph_dsc_t g;
 516              		.loc 1 113 5 discriminator 1 view .LVU165
 113:Lib/lvgl/src/font/lv_font.c ****     lv_font_glyph_dsc_t g;
 517              		.loc 1 113 5 discriminator 1 view .LVU166
 113:Lib/lvgl/src/font/lv_font.c ****     lv_font_glyph_dsc_t g;
ARM GAS  C:\Users\Alex\AppData\Local\Temp\cckAXitw.s 			page 18


 518              		.loc 1 113 5 discriminator 1 view .LVU167
 113:Lib/lvgl/src/font/lv_font.c ****     lv_font_glyph_dsc_t g;
 519              		.loc 1 113 5 discriminator 1 view .LVU168
 520 001a FEE7     		b	.L39
 521              	.LVL46:
 522              	.L44:
 523              	.LCFI8:
 524              		.cfi_def_cfa_offset 40
 525              		.cfi_offset 4, -16
 526              		.cfi_offset 5, -12
 527              		.cfi_offset 6, -8
 528              		.cfi_offset 14, -4
 119:Lib/lvgl/src/font/lv_font.c ****     return g.adv_w;
 529              		.loc 1 119 5 view .LVU169
 530 001c 2B46     		mov	r3, r5
 531 001e 2246     		mov	r2, r4
 532 0020 6946     		mov	r1, sp
 533 0022 3046     		mov	r0, r6
 534 0024 FFF7FEFF 		bl	lv_font_get_glyph_dsc
 535              	.LVL47:
 120:Lib/lvgl/src/font/lv_font.c **** }
 536              		.loc 1 120 5 view .LVU170
 120:Lib/lvgl/src/font/lv_font.c **** }
 537              		.loc 1 120 13 is_stmt 0 view .LVU171
 538 0028 BDF80400 		ldrh	r0, [sp, #4]
 539 002c F3E7     		b	.L40
 540              		.cfi_endproc
 541              	.LFE42:
 543              		.section	.text.lv_font_set_kerning,"ax",%progbits
 544              		.align	1
 545              		.global	lv_font_set_kerning
 546              		.syntax unified
 547              		.thumb
 548              		.thumb_func
 550              	lv_font_set_kerning:
 551              	.LVL48:
 552              	.LFB43:
 122:Lib/lvgl/src/font/lv_font.c **** 
 123:Lib/lvgl/src/font/lv_font.c **** void lv_font_set_kerning(lv_font_t * font, lv_font_kerning_t kerning)
 124:Lib/lvgl/src/font/lv_font.c **** {
 553              		.loc 1 124 1 is_stmt 1 view -0
 554              		.cfi_startproc
 555              		@ args = 0, pretend = 0, frame = 0
 556              		@ frame_needed = 0, uses_anonymous_args = 0
 557              		@ link register save eliminated.
 125:Lib/lvgl/src/font/lv_font.c ****     LV_ASSERT_NULL(font);
 558              		.loc 1 125 5 view .LVU173
 559              		.loc 1 125 5 view .LVU174
 560 0000 20B1     		cbz	r0, .L47
 561              		.loc 1 125 5 discriminator 2 view .LVU175
 562              		.loc 1 125 25 discriminator 2 view .LVU176
 126:Lib/lvgl/src/font/lv_font.c ****     font->kerning = kerning;
 563              		.loc 1 126 5 discriminator 2 view .LVU177
 564              		.loc 1 126 19 is_stmt 0 discriminator 2 view .LVU178
 565 0002 027D     		ldrb	r2, [r0, #20]	@ zero_extendqisi2
 566 0004 61F38202 		bfi	r2, r1, #2, #1
 567 0008 0275     		strb	r2, [r0, #20]
ARM GAS  C:\Users\Alex\AppData\Local\Temp\cckAXitw.s 			page 19


 127:Lib/lvgl/src/font/lv_font.c **** }
 568              		.loc 1 127 1 discriminator 2 view .LVU179
 569 000a 7047     		bx	lr
 570              	.L47:
 125:Lib/lvgl/src/font/lv_font.c ****     LV_ASSERT_NULL(font);
 571              		.loc 1 125 5 is_stmt 1 discriminator 1 view .LVU180
 125:Lib/lvgl/src/font/lv_font.c ****     LV_ASSERT_NULL(font);
 572              		.loc 1 125 5 discriminator 1 view .LVU181
 125:Lib/lvgl/src/font/lv_font.c ****     LV_ASSERT_NULL(font);
 573              		.loc 1 125 5 discriminator 1 view .LVU182
 125:Lib/lvgl/src/font/lv_font.c ****     LV_ASSERT_NULL(font);
 574              		.loc 1 125 5 discriminator 1 view .LVU183
 125:Lib/lvgl/src/font/lv_font.c ****     LV_ASSERT_NULL(font);
 575              		.loc 1 125 5 discriminator 1 view .LVU184
 576 000c FEE7     		b	.L47
 577              		.cfi_endproc
 578              	.LFE43:
 580              		.text
 581              	.Letext0:
 582              		.file 3 "e:\\programms\\gnu_mcu_eclipse\\toolchain\\arm-gnu-toolchain-12.2.mpacbti-bet1-mingw-w64-
 583              		.file 4 "e:\\programms\\gnu_mcu_eclipse\\toolchain\\arm-gnu-toolchain-12.2.mpacbti-bet1-mingw-w64-
 584              		.file 5 "Lib/lvgl/src/font/../draw/../misc/lv_types.h"
 585              		.file 6 "Lib/lvgl/src/font/lv_font.h"
 586              		.file 7 "Lib/lvgl/src/font/../draw/lv_image_buf.h"
 587              		.file 8 "Lib/lvgl/src/font/../draw/lv_draw_buf.h"
 588              		.file 9 "Lib/lvgl/src/font/../misc/cache/lv_cache_private.h"
ARM GAS  C:\Users\Alex\AppData\Local\Temp\cckAXitw.s 			page 20


DEFINED SYMBOLS
                            *ABS*:00000000 lv_font.c
C:\Users\Alex\AppData\Local\Temp\cckAXitw.s:21     .text._lv_text_is_marker:00000000 $t
C:\Users\Alex\AppData\Local\Temp\cckAXitw.s:26     .text._lv_text_is_marker:00000000 _lv_text_is_marker
C:\Users\Alex\AppData\Local\Temp\cckAXitw.s:170    .text.lv_font_get_glyph_bitmap:00000000 $t
C:\Users\Alex\AppData\Local\Temp\cckAXitw.s:176    .text.lv_font_get_glyph_bitmap:00000000 lv_font_get_glyph_bitmap
C:\Users\Alex\AppData\Local\Temp\cckAXitw.s:219    .text.lv_font_get_glyph_dsc:00000000 $t
C:\Users\Alex\AppData\Local\Temp\cckAXitw.s:225    .text.lv_font_get_glyph_dsc:00000000 lv_font_get_glyph_dsc
C:\Users\Alex\AppData\Local\Temp\cckAXitw.s:456    .text.lv_font_get_glyph_width:00000000 $t
C:\Users\Alex\AppData\Local\Temp\cckAXitw.s:462    .text.lv_font_get_glyph_width:00000000 lv_font_get_glyph_width
C:\Users\Alex\AppData\Local\Temp\cckAXitw.s:544    .text.lv_font_set_kerning:00000000 $t
C:\Users\Alex\AppData\Local\Temp\cckAXitw.s:550    .text.lv_font_set_kerning:00000000 lv_font_set_kerning

NO UNDEFINED SYMBOLS
