ARM GAS  C:\Users\Alex\AppData\Local\Temp\ccaMLKLQ.s 			page 1


   1              		.cpu cortex-m4
   2              		.arch armv7e-m
   3              		.fpu fpv4-sp-d16
   4              		.eabi_attribute 27, 1
   5              		.eabi_attribute 28, 1
   6              		.eabi_attribute 20, 1
   7              		.eabi_attribute 21, 1
   8              		.eabi_attribute 23, 3
   9              		.eabi_attribute 24, 1
  10              		.eabi_attribute 25, 1
  11              		.eabi_attribute 26, 1
  12              		.eabi_attribute 30, 1
  13              		.eabi_attribute 34, 1
  14              		.eabi_attribute 18, 4
  15              		.file	"lv_spinner.c"
  16              		.text
  17              	.Ltext0:
  18              		.cfi_sections	.debug_frame
  19              		.file 1 "Lib/lvgl/src/widgets/spinner/lv_spinner.c"
  20              		.section	.text.arc_anim_start_angle,"ax",%progbits
  21              		.align	1
  22              		.syntax unified
  23              		.thumb
  24              		.thumb_func
  26              	arc_anim_start_angle:
  27              	.LVL0:
  28              	.LFB259:
   1:Lib/lvgl/src/widgets/spinner/lv_spinner.c **** /**
   2:Lib/lvgl/src/widgets/spinner/lv_spinner.c ****  * @file lv_spinner.c
   3:Lib/lvgl/src/widgets/spinner/lv_spinner.c ****  *
   4:Lib/lvgl/src/widgets/spinner/lv_spinner.c ****  */
   5:Lib/lvgl/src/widgets/spinner/lv_spinner.c **** 
   6:Lib/lvgl/src/widgets/spinner/lv_spinner.c **** /*********************
   7:Lib/lvgl/src/widgets/spinner/lv_spinner.c ****  *      INCLUDES
   8:Lib/lvgl/src/widgets/spinner/lv_spinner.c ****  *********************/
   9:Lib/lvgl/src/widgets/spinner/lv_spinner.c **** #include "lv_spinner.h"
  10:Lib/lvgl/src/widgets/spinner/lv_spinner.c **** #if LV_USE_SPINNER
  11:Lib/lvgl/src/widgets/spinner/lv_spinner.c **** 
  12:Lib/lvgl/src/widgets/spinner/lv_spinner.c **** /*********************
  13:Lib/lvgl/src/widgets/spinner/lv_spinner.c ****  *      DEFINES
  14:Lib/lvgl/src/widgets/spinner/lv_spinner.c ****  *********************/
  15:Lib/lvgl/src/widgets/spinner/lv_spinner.c **** #define DEF_ARC_ANGLE   200
  16:Lib/lvgl/src/widgets/spinner/lv_spinner.c **** #define DEF_TIME        1000
  17:Lib/lvgl/src/widgets/spinner/lv_spinner.c **** 
  18:Lib/lvgl/src/widgets/spinner/lv_spinner.c **** /**********************
  19:Lib/lvgl/src/widgets/spinner/lv_spinner.c ****  *      TYPEDEFS
  20:Lib/lvgl/src/widgets/spinner/lv_spinner.c ****  **********************/
  21:Lib/lvgl/src/widgets/spinner/lv_spinner.c **** 
  22:Lib/lvgl/src/widgets/spinner/lv_spinner.c **** /**********************
  23:Lib/lvgl/src/widgets/spinner/lv_spinner.c ****  *  STATIC PROTOTYPES
  24:Lib/lvgl/src/widgets/spinner/lv_spinner.c ****  **********************/
  25:Lib/lvgl/src/widgets/spinner/lv_spinner.c **** static void lv_spinner_constructor(const lv_obj_class_t * class_p, lv_obj_t * obj);
  26:Lib/lvgl/src/widgets/spinner/lv_spinner.c **** static void arc_anim_start_angle(void * obj, int32_t v);
  27:Lib/lvgl/src/widgets/spinner/lv_spinner.c **** static void arc_anim_end_angle(void * obj, int32_t v);
  28:Lib/lvgl/src/widgets/spinner/lv_spinner.c **** 
  29:Lib/lvgl/src/widgets/spinner/lv_spinner.c **** /**********************
  30:Lib/lvgl/src/widgets/spinner/lv_spinner.c ****  *  STATIC VARIABLES
ARM GAS  C:\Users\Alex\AppData\Local\Temp\ccaMLKLQ.s 			page 2


  31:Lib/lvgl/src/widgets/spinner/lv_spinner.c ****  **********************/
  32:Lib/lvgl/src/widgets/spinner/lv_spinner.c **** const lv_obj_class_t lv_spinner_class = {
  33:Lib/lvgl/src/widgets/spinner/lv_spinner.c ****     .base_class = &lv_arc_class,
  34:Lib/lvgl/src/widgets/spinner/lv_spinner.c ****     .constructor_cb = lv_spinner_constructor,
  35:Lib/lvgl/src/widgets/spinner/lv_spinner.c ****     .name = "spinner",
  36:Lib/lvgl/src/widgets/spinner/lv_spinner.c **** };
  37:Lib/lvgl/src/widgets/spinner/lv_spinner.c **** 
  38:Lib/lvgl/src/widgets/spinner/lv_spinner.c **** /**********************
  39:Lib/lvgl/src/widgets/spinner/lv_spinner.c ****  *      MACROS
  40:Lib/lvgl/src/widgets/spinner/lv_spinner.c ****  **********************/
  41:Lib/lvgl/src/widgets/spinner/lv_spinner.c **** 
  42:Lib/lvgl/src/widgets/spinner/lv_spinner.c **** /**********************
  43:Lib/lvgl/src/widgets/spinner/lv_spinner.c ****  *   GLOBAL FUNCTIONS
  44:Lib/lvgl/src/widgets/spinner/lv_spinner.c ****  **********************/
  45:Lib/lvgl/src/widgets/spinner/lv_spinner.c **** 
  46:Lib/lvgl/src/widgets/spinner/lv_spinner.c **** lv_obj_t * lv_spinner_create(lv_obj_t * parent)
  47:Lib/lvgl/src/widgets/spinner/lv_spinner.c **** {
  48:Lib/lvgl/src/widgets/spinner/lv_spinner.c **** 
  49:Lib/lvgl/src/widgets/spinner/lv_spinner.c ****     lv_obj_t * obj = lv_obj_class_create_obj(&lv_spinner_class, parent);
  50:Lib/lvgl/src/widgets/spinner/lv_spinner.c ****     lv_obj_class_init_obj(obj);
  51:Lib/lvgl/src/widgets/spinner/lv_spinner.c ****     return obj;
  52:Lib/lvgl/src/widgets/spinner/lv_spinner.c **** }
  53:Lib/lvgl/src/widgets/spinner/lv_spinner.c **** 
  54:Lib/lvgl/src/widgets/spinner/lv_spinner.c **** void lv_spinner_set_anim_params(lv_obj_t * obj, uint32_t t, uint32_t angle)
  55:Lib/lvgl/src/widgets/spinner/lv_spinner.c **** {
  56:Lib/lvgl/src/widgets/spinner/lv_spinner.c ****     /*Delete the current animation*/
  57:Lib/lvgl/src/widgets/spinner/lv_spinner.c ****     lv_anim_delete(obj, NULL);
  58:Lib/lvgl/src/widgets/spinner/lv_spinner.c **** 
  59:Lib/lvgl/src/widgets/spinner/lv_spinner.c ****     lv_anim_t a;
  60:Lib/lvgl/src/widgets/spinner/lv_spinner.c ****     lv_anim_init(&a);
  61:Lib/lvgl/src/widgets/spinner/lv_spinner.c ****     lv_anim_set_var(&a, obj);
  62:Lib/lvgl/src/widgets/spinner/lv_spinner.c ****     lv_anim_set_exec_cb(&a, arc_anim_end_angle);
  63:Lib/lvgl/src/widgets/spinner/lv_spinner.c ****     lv_anim_set_repeat_count(&a, LV_ANIM_REPEAT_INFINITE);
  64:Lib/lvgl/src/widgets/spinner/lv_spinner.c ****     lv_anim_set_duration(&a, t);
  65:Lib/lvgl/src/widgets/spinner/lv_spinner.c ****     lv_anim_set_values(&a, angle, 360 + angle);
  66:Lib/lvgl/src/widgets/spinner/lv_spinner.c ****     lv_anim_start(&a);
  67:Lib/lvgl/src/widgets/spinner/lv_spinner.c **** 
  68:Lib/lvgl/src/widgets/spinner/lv_spinner.c ****     lv_anim_set_path_cb(&a, lv_anim_path_custom_bezier3);
  69:Lib/lvgl/src/widgets/spinner/lv_spinner.c ****     lv_anim_set_bezier3_param(&a, LV_BEZIER_VAL_FLOAT(0.42), LV_BEZIER_VAL_FLOAT(0.58),
  70:Lib/lvgl/src/widgets/spinner/lv_spinner.c ****                               LV_BEZIER_VAL_FLOAT(0), LV_BEZIER_VAL_FLOAT(1));
  71:Lib/lvgl/src/widgets/spinner/lv_spinner.c ****     lv_anim_set_values(&a, 0, 360);
  72:Lib/lvgl/src/widgets/spinner/lv_spinner.c ****     lv_anim_set_exec_cb(&a, arc_anim_start_angle);
  73:Lib/lvgl/src/widgets/spinner/lv_spinner.c ****     lv_anim_start(&a);
  74:Lib/lvgl/src/widgets/spinner/lv_spinner.c **** 
  75:Lib/lvgl/src/widgets/spinner/lv_spinner.c ****     lv_arc_set_bg_angles(obj, 0, 360);
  76:Lib/lvgl/src/widgets/spinner/lv_spinner.c ****     lv_arc_set_rotation(obj, 270);
  77:Lib/lvgl/src/widgets/spinner/lv_spinner.c **** }
  78:Lib/lvgl/src/widgets/spinner/lv_spinner.c **** 
  79:Lib/lvgl/src/widgets/spinner/lv_spinner.c **** /**********************
  80:Lib/lvgl/src/widgets/spinner/lv_spinner.c ****  *   STATIC FUNCTIONS
  81:Lib/lvgl/src/widgets/spinner/lv_spinner.c ****  **********************/
  82:Lib/lvgl/src/widgets/spinner/lv_spinner.c **** 
  83:Lib/lvgl/src/widgets/spinner/lv_spinner.c **** static void lv_spinner_constructor(const lv_obj_class_t * class_p, lv_obj_t * obj)
  84:Lib/lvgl/src/widgets/spinner/lv_spinner.c **** {
  85:Lib/lvgl/src/widgets/spinner/lv_spinner.c ****     LV_TRACE_OBJ_CREATE("begin");
  86:Lib/lvgl/src/widgets/spinner/lv_spinner.c **** 
  87:Lib/lvgl/src/widgets/spinner/lv_spinner.c ****     LV_UNUSED(class_p);
ARM GAS  C:\Users\Alex\AppData\Local\Temp\ccaMLKLQ.s 			page 3


  88:Lib/lvgl/src/widgets/spinner/lv_spinner.c **** 
  89:Lib/lvgl/src/widgets/spinner/lv_spinner.c ****     lv_obj_remove_flag(obj, LV_OBJ_FLAG_CLICKABLE);
  90:Lib/lvgl/src/widgets/spinner/lv_spinner.c **** 
  91:Lib/lvgl/src/widgets/spinner/lv_spinner.c ****     lv_spinner_set_anim_params(obj, DEF_TIME, DEF_ARC_ANGLE);
  92:Lib/lvgl/src/widgets/spinner/lv_spinner.c **** }
  93:Lib/lvgl/src/widgets/spinner/lv_spinner.c **** 
  94:Lib/lvgl/src/widgets/spinner/lv_spinner.c **** static void arc_anim_start_angle(void * obj, int32_t v)
  95:Lib/lvgl/src/widgets/spinner/lv_spinner.c **** {
  29              		.loc 1 95 1 view -0
  30              		.cfi_startproc
  31              		@ args = 0, pretend = 0, frame = 0
  32              		@ frame_needed = 0, uses_anonymous_args = 0
  33              		.loc 1 95 1 is_stmt 0 view .LVU1
  34 0000 08B5     		push	{r3, lr}
  35              	.LCFI0:
  36              		.cfi_def_cfa_offset 8
  37              		.cfi_offset 3, -8
  38              		.cfi_offset 14, -4
  96:Lib/lvgl/src/widgets/spinner/lv_spinner.c ****     lv_arc_set_start_angle(obj, (uint32_t) v);
  39              		.loc 1 96 5 is_stmt 1 view .LVU2
  40 0002 FFF7FEFF 		bl	lv_arc_set_start_angle
  41              	.LVL1:
  97:Lib/lvgl/src/widgets/spinner/lv_spinner.c **** }
  42              		.loc 1 97 1 is_stmt 0 view .LVU3
  43 0006 08BD     		pop	{r3, pc}
  44              		.cfi_endproc
  45              	.LFE259:
  47              		.section	.text.arc_anim_end_angle,"ax",%progbits
  48              		.align	1
  49              		.syntax unified
  50              		.thumb
  51              		.thumb_func
  53              	arc_anim_end_angle:
  54              	.LVL2:
  55              	.LFB260:
  98:Lib/lvgl/src/widgets/spinner/lv_spinner.c **** 
  99:Lib/lvgl/src/widgets/spinner/lv_spinner.c **** static void arc_anim_end_angle(void * obj, int32_t v)
 100:Lib/lvgl/src/widgets/spinner/lv_spinner.c **** {
  56              		.loc 1 100 1 is_stmt 1 view -0
  57              		.cfi_startproc
  58              		@ args = 0, pretend = 0, frame = 0
  59              		@ frame_needed = 0, uses_anonymous_args = 0
  60              		.loc 1 100 1 is_stmt 0 view .LVU5
  61 0000 08B5     		push	{r3, lr}
  62              	.LCFI1:
  63              		.cfi_def_cfa_offset 8
  64              		.cfi_offset 3, -8
  65              		.cfi_offset 14, -4
 101:Lib/lvgl/src/widgets/spinner/lv_spinner.c ****     lv_arc_set_end_angle(obj, (uint32_t) v);
  66              		.loc 1 101 5 is_stmt 1 view .LVU6
  67 0002 FFF7FEFF 		bl	lv_arc_set_end_angle
  68              	.LVL3:
 102:Lib/lvgl/src/widgets/spinner/lv_spinner.c **** }
  69              		.loc 1 102 1 is_stmt 0 view .LVU7
  70 0006 08BD     		pop	{r3, pc}
  71              		.cfi_endproc
  72              	.LFE260:
ARM GAS  C:\Users\Alex\AppData\Local\Temp\ccaMLKLQ.s 			page 4


  74              		.section	.text.lv_spinner_create,"ax",%progbits
  75              		.align	1
  76              		.global	lv_spinner_create
  77              		.syntax unified
  78              		.thumb
  79              		.thumb_func
  81              	lv_spinner_create:
  82              	.LVL4:
  83              	.LFB256:
  47:Lib/lvgl/src/widgets/spinner/lv_spinner.c **** 
  84              		.loc 1 47 1 is_stmt 1 view -0
  85              		.cfi_startproc
  86              		@ args = 0, pretend = 0, frame = 0
  87              		@ frame_needed = 0, uses_anonymous_args = 0
  47:Lib/lvgl/src/widgets/spinner/lv_spinner.c **** 
  88              		.loc 1 47 1 is_stmt 0 view .LVU9
  89 0000 10B5     		push	{r4, lr}
  90              	.LCFI2:
  91              		.cfi_def_cfa_offset 8
  92              		.cfi_offset 4, -8
  93              		.cfi_offset 14, -4
  94 0002 0146     		mov	r1, r0
  49:Lib/lvgl/src/widgets/spinner/lv_spinner.c ****     lv_obj_class_init_obj(obj);
  95              		.loc 1 49 5 is_stmt 1 view .LVU10
  49:Lib/lvgl/src/widgets/spinner/lv_spinner.c ****     lv_obj_class_init_obj(obj);
  96              		.loc 1 49 22 is_stmt 0 view .LVU11
  97 0004 0348     		ldr	r0, .L7
  98              	.LVL5:
  49:Lib/lvgl/src/widgets/spinner/lv_spinner.c ****     lv_obj_class_init_obj(obj);
  99              		.loc 1 49 22 view .LVU12
 100 0006 FFF7FEFF 		bl	lv_obj_class_create_obj
 101              	.LVL6:
  49:Lib/lvgl/src/widgets/spinner/lv_spinner.c ****     lv_obj_class_init_obj(obj);
 102              		.loc 1 49 22 view .LVU13
 103 000a 0446     		mov	r4, r0
 104              	.LVL7:
  50:Lib/lvgl/src/widgets/spinner/lv_spinner.c ****     return obj;
 105              		.loc 1 50 5 is_stmt 1 view .LVU14
 106 000c FFF7FEFF 		bl	lv_obj_class_init_obj
 107              	.LVL8:
  51:Lib/lvgl/src/widgets/spinner/lv_spinner.c **** }
 108              		.loc 1 51 5 view .LVU15
  52:Lib/lvgl/src/widgets/spinner/lv_spinner.c **** 
 109              		.loc 1 52 1 is_stmt 0 view .LVU16
 110 0010 2046     		mov	r0, r4
 111 0012 10BD     		pop	{r4, pc}
 112              	.LVL9:
 113              	.L8:
  52:Lib/lvgl/src/widgets/spinner/lv_spinner.c **** 
 114              		.loc 1 52 1 view .LVU17
 115              		.align	2
 116              	.L7:
 117 0014 00000000 		.word	lv_spinner_class
 118              		.cfi_endproc
 119              	.LFE256:
 121              		.section	.text.lv_spinner_set_anim_params,"ax",%progbits
 122              		.align	1
ARM GAS  C:\Users\Alex\AppData\Local\Temp\ccaMLKLQ.s 			page 5


 123              		.global	lv_spinner_set_anim_params
 124              		.syntax unified
 125              		.thumb
 126              		.thumb_func
 128              	lv_spinner_set_anim_params:
 129              	.LVL10:
 130              	.LFB257:
  55:Lib/lvgl/src/widgets/spinner/lv_spinner.c ****     /*Delete the current animation*/
 131              		.loc 1 55 1 is_stmt 1 view -0
 132              		.cfi_startproc
 133              		@ args = 0, pretend = 0, frame = 88
 134              		@ frame_needed = 0, uses_anonymous_args = 0
  55:Lib/lvgl/src/widgets/spinner/lv_spinner.c ****     /*Delete the current animation*/
 135              		.loc 1 55 1 is_stmt 0 view .LVU19
 136 0000 70B5     		push	{r4, r5, r6, lr}
 137              	.LCFI3:
 138              		.cfi_def_cfa_offset 16
 139              		.cfi_offset 4, -16
 140              		.cfi_offset 5, -12
 141              		.cfi_offset 6, -8
 142              		.cfi_offset 14, -4
 143 0002 96B0     		sub	sp, sp, #88
 144              	.LCFI4:
 145              		.cfi_def_cfa_offset 104
 146 0004 0446     		mov	r4, r0
 147 0006 0E46     		mov	r6, r1
 148 0008 1546     		mov	r5, r2
  57:Lib/lvgl/src/widgets/spinner/lv_spinner.c **** 
 149              		.loc 1 57 5 is_stmt 1 view .LVU20
 150 000a 0021     		movs	r1, #0
 151              	.LVL11:
  57:Lib/lvgl/src/widgets/spinner/lv_spinner.c **** 
 152              		.loc 1 57 5 is_stmt 0 view .LVU21
 153 000c FFF7FEFF 		bl	lv_anim_delete
 154              	.LVL12:
  59:Lib/lvgl/src/widgets/spinner/lv_spinner.c ****     lv_anim_init(&a);
 155              		.loc 1 59 5 is_stmt 1 view .LVU22
  60:Lib/lvgl/src/widgets/spinner/lv_spinner.c ****     lv_anim_set_var(&a, obj);
 156              		.loc 1 60 5 view .LVU23
 157 0010 6846     		mov	r0, sp
 158 0012 FFF7FEFF 		bl	lv_anim_init
 159              	.LVL13:
  61:Lib/lvgl/src/widgets/spinner/lv_spinner.c ****     lv_anim_set_exec_cb(&a, arc_anim_end_angle);
 160              		.loc 1 61 5 view .LVU24
 161              	.LBB20:
 162              	.LBI20:
 163              		.file 2 "Lib/lvgl/src/widgets/spinner/../../../src/misc/lv_anim.h"
   1:Lib/lvgl/src/widgets/spinner/../../../src/misc/lv_anim.h **** /**
   2:Lib/lvgl/src/widgets/spinner/../../../src/misc/lv_anim.h ****  * @file lv_anim.h
   3:Lib/lvgl/src/widgets/spinner/../../../src/misc/lv_anim.h ****  *
   4:Lib/lvgl/src/widgets/spinner/../../../src/misc/lv_anim.h ****  */
   5:Lib/lvgl/src/widgets/spinner/../../../src/misc/lv_anim.h **** 
   6:Lib/lvgl/src/widgets/spinner/../../../src/misc/lv_anim.h **** #ifndef LV_ANIM_H
   7:Lib/lvgl/src/widgets/spinner/../../../src/misc/lv_anim.h **** #define LV_ANIM_H
   8:Lib/lvgl/src/widgets/spinner/../../../src/misc/lv_anim.h **** 
   9:Lib/lvgl/src/widgets/spinner/../../../src/misc/lv_anim.h **** #ifdef __cplusplus
  10:Lib/lvgl/src/widgets/spinner/../../../src/misc/lv_anim.h **** extern "C" {
ARM GAS  C:\Users\Alex\AppData\Local\Temp\ccaMLKLQ.s 			page 6


  11:Lib/lvgl/src/widgets/spinner/../../../src/misc/lv_anim.h **** #endif
  12:Lib/lvgl/src/widgets/spinner/../../../src/misc/lv_anim.h **** 
  13:Lib/lvgl/src/widgets/spinner/../../../src/misc/lv_anim.h **** /*********************
  14:Lib/lvgl/src/widgets/spinner/../../../src/misc/lv_anim.h ****  *      INCLUDES
  15:Lib/lvgl/src/widgets/spinner/../../../src/misc/lv_anim.h ****  *********************/
  16:Lib/lvgl/src/widgets/spinner/../../../src/misc/lv_anim.h **** #include "../lv_conf_internal.h"
  17:Lib/lvgl/src/widgets/spinner/../../../src/misc/lv_anim.h **** #include "lv_types.h"
  18:Lib/lvgl/src/widgets/spinner/../../../src/misc/lv_anim.h **** #include "lv_math.h"
  19:Lib/lvgl/src/widgets/spinner/../../../src/misc/lv_anim.h **** #include "lv_timer.h"
  20:Lib/lvgl/src/widgets/spinner/../../../src/misc/lv_anim.h **** #include "lv_ll.h"
  21:Lib/lvgl/src/widgets/spinner/../../../src/misc/lv_anim.h **** 
  22:Lib/lvgl/src/widgets/spinner/../../../src/misc/lv_anim.h **** #include <stdint.h>
  23:Lib/lvgl/src/widgets/spinner/../../../src/misc/lv_anim.h **** #include <stdbool.h>
  24:Lib/lvgl/src/widgets/spinner/../../../src/misc/lv_anim.h **** #include <stddef.h>
  25:Lib/lvgl/src/widgets/spinner/../../../src/misc/lv_anim.h **** 
  26:Lib/lvgl/src/widgets/spinner/../../../src/misc/lv_anim.h **** /*********************
  27:Lib/lvgl/src/widgets/spinner/../../../src/misc/lv_anim.h ****  *      DEFINES
  28:Lib/lvgl/src/widgets/spinner/../../../src/misc/lv_anim.h ****  *********************/
  29:Lib/lvgl/src/widgets/spinner/../../../src/misc/lv_anim.h **** 
  30:Lib/lvgl/src/widgets/spinner/../../../src/misc/lv_anim.h **** #define LV_ANIM_REPEAT_INFINITE      0xFFFF
  31:Lib/lvgl/src/widgets/spinner/../../../src/misc/lv_anim.h **** #define LV_ANIM_PLAYTIME_INFINITE    0xFFFFFFFF
  32:Lib/lvgl/src/widgets/spinner/../../../src/misc/lv_anim.h **** 
  33:Lib/lvgl/src/widgets/spinner/../../../src/misc/lv_anim.h **** /*
  34:Lib/lvgl/src/widgets/spinner/../../../src/misc/lv_anim.h ****  * Macros used to set cubic-bezier anim parameter.
  35:Lib/lvgl/src/widgets/spinner/../../../src/misc/lv_anim.h ****  * Parameters come from https://easings.net/
  36:Lib/lvgl/src/widgets/spinner/../../../src/misc/lv_anim.h ****  *
  37:Lib/lvgl/src/widgets/spinner/../../../src/misc/lv_anim.h ****  * Usage:
  38:Lib/lvgl/src/widgets/spinner/../../../src/misc/lv_anim.h ****  *
  39:Lib/lvgl/src/widgets/spinner/../../../src/misc/lv_anim.h ****  * lv_anim_t a;
  40:Lib/lvgl/src/widgets/spinner/../../../src/misc/lv_anim.h ****  * lv_anim_init(&a);
  41:Lib/lvgl/src/widgets/spinner/../../../src/misc/lv_anim.h ****  * ...
  42:Lib/lvgl/src/widgets/spinner/../../../src/misc/lv_anim.h ****  * lv_anim_set_path_cb(&a, lv_anim_path_custom_bezier3);
  43:Lib/lvgl/src/widgets/spinner/../../../src/misc/lv_anim.h ****  * LV_ANIM_SET_EASE_IN_SINE(&a); //Set cubic-bezier anim parameter to easeInSine
  44:Lib/lvgl/src/widgets/spinner/../../../src/misc/lv_anim.h ****  * ...
  45:Lib/lvgl/src/widgets/spinner/../../../src/misc/lv_anim.h ****  * lv_anim_start(&a);
  46:Lib/lvgl/src/widgets/spinner/../../../src/misc/lv_anim.h ****  */
  47:Lib/lvgl/src/widgets/spinner/../../../src/misc/lv_anim.h **** 
  48:Lib/lvgl/src/widgets/spinner/../../../src/misc/lv_anim.h **** #define _PARA(a, x1, y1, x2, y2) ((a)->parameter.bezier3 =                                  \
  49:Lib/lvgl/src/widgets/spinner/../../../src/misc/lv_anim.h **** (struct _lv_anim_bezier3_para_t) {                      \
  50:Lib/lvgl/src/widgets/spinner/../../../src/misc/lv_anim.h ****     LV_BEZIER_VAL_FLOAT(x1), LV_BEZIER_VAL_FLOAT(y1),   \
  51:Lib/lvgl/src/widgets/spinner/../../../src/misc/lv_anim.h ****     LV_BEZIER_VAL_FLOAT(x2), LV_BEZIER_VAL_FLOAT(y2) }  \
  52:Lib/lvgl/src/widgets/spinner/../../../src/misc/lv_anim.h ****                                  )
  53:Lib/lvgl/src/widgets/spinner/../../../src/misc/lv_anim.h **** 
  54:Lib/lvgl/src/widgets/spinner/../../../src/misc/lv_anim.h **** #define LV_ANIM_SET_EASE_IN_SINE(a) _PARA(a, 0.12, 0, 0.39, 0)
  55:Lib/lvgl/src/widgets/spinner/../../../src/misc/lv_anim.h **** #define LV_ANIM_SET_EASE_OUT_SINE(a) _PARA(a, 0.61, 1, 0.88, 1)
  56:Lib/lvgl/src/widgets/spinner/../../../src/misc/lv_anim.h **** #define LV_ANIM_SET_EASE_IN_OUT_SINE(a) _PARA(a, 0.37, 0, 0.63, 1)
  57:Lib/lvgl/src/widgets/spinner/../../../src/misc/lv_anim.h **** #define LV_ANIM_SET_EASE_IN_QUAD(a) _PARA(a, 0.11, 0, 0.5, 0)
  58:Lib/lvgl/src/widgets/spinner/../../../src/misc/lv_anim.h **** #define LV_ANIM_SET_EASE_OUT_QUAD(a) _PARA(a, 0.5, 1, 0.89, 1)
  59:Lib/lvgl/src/widgets/spinner/../../../src/misc/lv_anim.h **** #define LV_ANIM_SET_EASE_IN_OUT_QUAD(a) _PARA(a, 0.45, 0, 0.55, 1)
  60:Lib/lvgl/src/widgets/spinner/../../../src/misc/lv_anim.h **** #define LV_ANIM_SET_EASE_IN_CUBIC(a) _PARA(a, 0.32, 0, 0.67, 0)
  61:Lib/lvgl/src/widgets/spinner/../../../src/misc/lv_anim.h **** #define LV_ANIM_SET_EASE_OUT_CUBIC(a) _PARA(a, 0.33, 1, 0.68, 1)
  62:Lib/lvgl/src/widgets/spinner/../../../src/misc/lv_anim.h **** #define LV_ANIM_SET_EASE_IN_OUT_CUBIC(a) _PARA(a, 0.65, 0, 0.35, 1)
  63:Lib/lvgl/src/widgets/spinner/../../../src/misc/lv_anim.h **** #define LV_ANIM_SET_EASE_IN_QUART(a) _PARA(a, 0.5, 0, 0.75, 0)
  64:Lib/lvgl/src/widgets/spinner/../../../src/misc/lv_anim.h **** #define LV_ANIM_SET_EASE_OUT_QUART(a) _PARA(a, 0.25, 1, 0.5, 1)
  65:Lib/lvgl/src/widgets/spinner/../../../src/misc/lv_anim.h **** #define LV_ANIM_SET_EASE_IN_OUT_QUART(a) _PARA(a, 0.76, 0, 0.24, 1)
  66:Lib/lvgl/src/widgets/spinner/../../../src/misc/lv_anim.h **** #define LV_ANIM_SET_EASE_IN_QUINT(a) _PARA(a, 0.64, 0, 0.78, 0)
  67:Lib/lvgl/src/widgets/spinner/../../../src/misc/lv_anim.h **** #define LV_ANIM_SET_EASE_OUT_QUINT(a) _PARA(a, 0.22, 1, 0.36, 1)
ARM GAS  C:\Users\Alex\AppData\Local\Temp\ccaMLKLQ.s 			page 7


  68:Lib/lvgl/src/widgets/spinner/../../../src/misc/lv_anim.h **** #define LV_ANIM_SET_EASE_IN_OUT_QUINT(a) _PARA(a, 0.83, 0, 0.17, 1)
  69:Lib/lvgl/src/widgets/spinner/../../../src/misc/lv_anim.h **** #define LV_ANIM_SET_EASE_IN_EXPO(a) _PARA(a, 0.7, 0, 0.84, 0)
  70:Lib/lvgl/src/widgets/spinner/../../../src/misc/lv_anim.h **** #define LV_ANIM_SET_EASE_OUT_EXPO(a) _PARA(a, 0.16, 1, 0.3, 1)
  71:Lib/lvgl/src/widgets/spinner/../../../src/misc/lv_anim.h **** #define LV_ANIM_SET_EASE_IN_OUT_EXPO(a) _PARA(a, 0.87, 0, 0.13, 1)
  72:Lib/lvgl/src/widgets/spinner/../../../src/misc/lv_anim.h **** #define LV_ANIM_SET_EASE_IN_CIRC(a) _PARA(a, 0.55, 0, 1, 0.45)
  73:Lib/lvgl/src/widgets/spinner/../../../src/misc/lv_anim.h **** #define LV_ANIM_SET_EASE_OUT_CIRC(a) _PARA(a, 0, 0.55, 0.45, 1)
  74:Lib/lvgl/src/widgets/spinner/../../../src/misc/lv_anim.h **** #define LV_ANIM_SET_EASE_IN_OUT_CIRC(a) _PARA(a, 0.85, 0, 0.15, 1)
  75:Lib/lvgl/src/widgets/spinner/../../../src/misc/lv_anim.h **** #define LV_ANIM_SET_EASE_IN_BACK(a) _PARA(a, 0.36, 0, 0.66, -0.56)
  76:Lib/lvgl/src/widgets/spinner/../../../src/misc/lv_anim.h **** #define LV_ANIM_SET_EASE_OUT_BACK(a) _PARA(a, 0.34, 1.56, 0.64, 1)
  77:Lib/lvgl/src/widgets/spinner/../../../src/misc/lv_anim.h **** #define LV_ANIM_SET_EASE_IN_OUT_BACK(a) _PARA(a, 0.68, -0.6, 0.32, 1.6)
  78:Lib/lvgl/src/widgets/spinner/../../../src/misc/lv_anim.h **** 
  79:Lib/lvgl/src/widgets/spinner/../../../src/misc/lv_anim.h **** LV_EXPORT_CONST_INT(LV_ANIM_REPEAT_INFINITE);
  80:Lib/lvgl/src/widgets/spinner/../../../src/misc/lv_anim.h **** LV_EXPORT_CONST_INT(LV_ANIM_PLAYTIME_INFINITE);
  81:Lib/lvgl/src/widgets/spinner/../../../src/misc/lv_anim.h **** 
  82:Lib/lvgl/src/widgets/spinner/../../../src/misc/lv_anim.h **** /**********************
  83:Lib/lvgl/src/widgets/spinner/../../../src/misc/lv_anim.h ****  *      TYPEDEFS
  84:Lib/lvgl/src/widgets/spinner/../../../src/misc/lv_anim.h ****  **********************/
  85:Lib/lvgl/src/widgets/spinner/../../../src/misc/lv_anim.h **** 
  86:Lib/lvgl/src/widgets/spinner/../../../src/misc/lv_anim.h **** /** Can be used to indicate if animations are enabled or disabled in a case*/
  87:Lib/lvgl/src/widgets/spinner/../../../src/misc/lv_anim.h **** typedef enum {
  88:Lib/lvgl/src/widgets/spinner/../../../src/misc/lv_anim.h ****     LV_ANIM_OFF,
  89:Lib/lvgl/src/widgets/spinner/../../../src/misc/lv_anim.h ****     LV_ANIM_ON,
  90:Lib/lvgl/src/widgets/spinner/../../../src/misc/lv_anim.h **** } lv_anim_enable_t;
  91:Lib/lvgl/src/widgets/spinner/../../../src/misc/lv_anim.h **** 
  92:Lib/lvgl/src/widgets/spinner/../../../src/misc/lv_anim.h **** typedef struct {
  93:Lib/lvgl/src/widgets/spinner/../../../src/misc/lv_anim.h ****     bool anim_list_changed;
  94:Lib/lvgl/src/widgets/spinner/../../../src/misc/lv_anim.h ****     bool anim_run_round;
  95:Lib/lvgl/src/widgets/spinner/../../../src/misc/lv_anim.h ****     lv_timer_t * timer;
  96:Lib/lvgl/src/widgets/spinner/../../../src/misc/lv_anim.h ****     lv_ll_t anim_ll;
  97:Lib/lvgl/src/widgets/spinner/../../../src/misc/lv_anim.h **** } lv_anim_state_t;
  98:Lib/lvgl/src/widgets/spinner/../../../src/misc/lv_anim.h **** 
  99:Lib/lvgl/src/widgets/spinner/../../../src/misc/lv_anim.h **** /** Get the current value during an animation*/
 100:Lib/lvgl/src/widgets/spinner/../../../src/misc/lv_anim.h **** typedef int32_t (*lv_anim_path_cb_t)(const lv_anim_t *);
 101:Lib/lvgl/src/widgets/spinner/../../../src/misc/lv_anim.h **** 
 102:Lib/lvgl/src/widgets/spinner/../../../src/misc/lv_anim.h **** /** Generic prototype of "animator" functions.
 103:Lib/lvgl/src/widgets/spinner/../../../src/misc/lv_anim.h ****  * First parameter is the variable to animate.
 104:Lib/lvgl/src/widgets/spinner/../../../src/misc/lv_anim.h ****  * Second parameter is the value to set.
 105:Lib/lvgl/src/widgets/spinner/../../../src/misc/lv_anim.h ****  * Compatible with `lv_xxx_set_yyy(obj, value)` functions
 106:Lib/lvgl/src/widgets/spinner/../../../src/misc/lv_anim.h ****  * The `x` in `_xcb_t` means it's not a fully generic prototype because
 107:Lib/lvgl/src/widgets/spinner/../../../src/misc/lv_anim.h ****  * it doesn't receive `lv_anim_t *` as its first argument*/
 108:Lib/lvgl/src/widgets/spinner/../../../src/misc/lv_anim.h **** typedef void (*lv_anim_exec_xcb_t)(void *, int32_t);
 109:Lib/lvgl/src/widgets/spinner/../../../src/misc/lv_anim.h **** 
 110:Lib/lvgl/src/widgets/spinner/../../../src/misc/lv_anim.h **** /** Same as `lv_anim_exec_xcb_t` but receives `lv_anim_t *` as the first parameter.
 111:Lib/lvgl/src/widgets/spinner/../../../src/misc/lv_anim.h ****  * It's more consistent but less convenient. Might be used by binding generator functions.*/
 112:Lib/lvgl/src/widgets/spinner/../../../src/misc/lv_anim.h **** typedef void (*lv_anim_custom_exec_cb_t)(lv_anim_t *, int32_t);
 113:Lib/lvgl/src/widgets/spinner/../../../src/misc/lv_anim.h **** 
 114:Lib/lvgl/src/widgets/spinner/../../../src/misc/lv_anim.h **** /** Callback to call when the animation is ready*/
 115:Lib/lvgl/src/widgets/spinner/../../../src/misc/lv_anim.h **** typedef void (*lv_anim_completed_cb_t)(lv_anim_t *);
 116:Lib/lvgl/src/widgets/spinner/../../../src/misc/lv_anim.h **** 
 117:Lib/lvgl/src/widgets/spinner/../../../src/misc/lv_anim.h **** /** Callback to call when the animation really stars (considering `delay`)*/
 118:Lib/lvgl/src/widgets/spinner/../../../src/misc/lv_anim.h **** typedef void (*lv_anim_start_cb_t)(lv_anim_t *);
 119:Lib/lvgl/src/widgets/spinner/../../../src/misc/lv_anim.h **** 
 120:Lib/lvgl/src/widgets/spinner/../../../src/misc/lv_anim.h **** /** Callback used when the animation values are relative to get the current value*/
 121:Lib/lvgl/src/widgets/spinner/../../../src/misc/lv_anim.h **** typedef int32_t (*lv_anim_get_value_cb_t)(lv_anim_t *);
 122:Lib/lvgl/src/widgets/spinner/../../../src/misc/lv_anim.h **** 
 123:Lib/lvgl/src/widgets/spinner/../../../src/misc/lv_anim.h **** /** Callback used when the animation is deleted*/
 124:Lib/lvgl/src/widgets/spinner/../../../src/misc/lv_anim.h **** typedef void (*lv_anim_deleted_cb_t)(lv_anim_t *);
ARM GAS  C:\Users\Alex\AppData\Local\Temp\ccaMLKLQ.s 			page 8


 125:Lib/lvgl/src/widgets/spinner/../../../src/misc/lv_anim.h **** 
 126:Lib/lvgl/src/widgets/spinner/../../../src/misc/lv_anim.h **** typedef struct _lv_anim_bezier3_para_t {
 127:Lib/lvgl/src/widgets/spinner/../../../src/misc/lv_anim.h ****     int16_t x1;
 128:Lib/lvgl/src/widgets/spinner/../../../src/misc/lv_anim.h ****     int16_t y1;
 129:Lib/lvgl/src/widgets/spinner/../../../src/misc/lv_anim.h ****     int16_t x2;
 130:Lib/lvgl/src/widgets/spinner/../../../src/misc/lv_anim.h ****     int16_t y2;
 131:Lib/lvgl/src/widgets/spinner/../../../src/misc/lv_anim.h **** } lv_anim_bezier3_para_t; /**< Parameter used when path is custom_bezier*/
 132:Lib/lvgl/src/widgets/spinner/../../../src/misc/lv_anim.h **** 
 133:Lib/lvgl/src/widgets/spinner/../../../src/misc/lv_anim.h **** /** Describes an animation*/
 134:Lib/lvgl/src/widgets/spinner/../../../src/misc/lv_anim.h **** struct _lv_anim_t {
 135:Lib/lvgl/src/widgets/spinner/../../../src/misc/lv_anim.h ****     void * var;                                 /**<Variable to animate*/
 136:Lib/lvgl/src/widgets/spinner/../../../src/misc/lv_anim.h ****     lv_anim_exec_xcb_t exec_cb;                 /**< Function to execute to animate*/
 137:Lib/lvgl/src/widgets/spinner/../../../src/misc/lv_anim.h ****     lv_anim_custom_exec_cb_t custom_exec_cb;/**< Function to execute to animate,
 138:Lib/lvgl/src/widgets/spinner/../../../src/misc/lv_anim.h ****                                                  same purpose as exec_cb but different parameters*/
 139:Lib/lvgl/src/widgets/spinner/../../../src/misc/lv_anim.h ****     lv_anim_start_cb_t start_cb;         /**< Call it when the animation is starts (considering `de
 140:Lib/lvgl/src/widgets/spinner/../../../src/misc/lv_anim.h ****     lv_anim_completed_cb_t completed_cb; /**< Call it when the animation is fully completed*/
 141:Lib/lvgl/src/widgets/spinner/../../../src/misc/lv_anim.h ****     lv_anim_deleted_cb_t deleted_cb;     /**< Call it when the animation is deleted*/
 142:Lib/lvgl/src/widgets/spinner/../../../src/misc/lv_anim.h ****     lv_anim_get_value_cb_t get_value_cb; /**< Get the current value in relative mode*/
 143:Lib/lvgl/src/widgets/spinner/../../../src/misc/lv_anim.h ****     void * user_data;                    /**< Custom user data*/
 144:Lib/lvgl/src/widgets/spinner/../../../src/misc/lv_anim.h ****     lv_anim_path_cb_t path_cb;         /**< Describe the path (curve) of animations*/
 145:Lib/lvgl/src/widgets/spinner/../../../src/misc/lv_anim.h ****     int32_t start_value;               /**< Start value*/
 146:Lib/lvgl/src/widgets/spinner/../../../src/misc/lv_anim.h ****     int32_t current_value;             /**< Current value*/
 147:Lib/lvgl/src/widgets/spinner/../../../src/misc/lv_anim.h ****     int32_t end_value;                 /**< End value*/
 148:Lib/lvgl/src/widgets/spinner/../../../src/misc/lv_anim.h ****     int32_t duration;                /**< Animation time in ms*/
 149:Lib/lvgl/src/widgets/spinner/../../../src/misc/lv_anim.h ****     int32_t act_time;            /**< Current time in animation. Set to negative to make delay.*/
 150:Lib/lvgl/src/widgets/spinner/../../../src/misc/lv_anim.h ****     uint32_t playback_delay;     /**< Wait before play back*/
 151:Lib/lvgl/src/widgets/spinner/../../../src/misc/lv_anim.h ****     uint32_t playback_duration;      /**< Duration of playback animation*/
 152:Lib/lvgl/src/widgets/spinner/../../../src/misc/lv_anim.h ****     uint32_t repeat_delay;       /**< Wait before repeat*/
 153:Lib/lvgl/src/widgets/spinner/../../../src/misc/lv_anim.h ****     uint16_t repeat_cnt;         /**< Repeat count for the animation*/
 154:Lib/lvgl/src/widgets/spinner/../../../src/misc/lv_anim.h ****     union _lv_anim_path_para_t {
 155:Lib/lvgl/src/widgets/spinner/../../../src/misc/lv_anim.h ****         lv_anim_bezier3_para_t bezier3; /**< Parameter used when path is custom_bezier*/
 156:Lib/lvgl/src/widgets/spinner/../../../src/misc/lv_anim.h ****     } parameter;
 157:Lib/lvgl/src/widgets/spinner/../../../src/misc/lv_anim.h **** 
 158:Lib/lvgl/src/widgets/spinner/../../../src/misc/lv_anim.h ****     uint8_t early_apply  : 1;    /**< 1: Apply start value immediately even is there is `delay`*/
 159:Lib/lvgl/src/widgets/spinner/../../../src/misc/lv_anim.h **** 
 160:Lib/lvgl/src/widgets/spinner/../../../src/misc/lv_anim.h ****     /*Animation system use these - user shouldn't set*/
 161:Lib/lvgl/src/widgets/spinner/../../../src/misc/lv_anim.h ****     uint32_t last_timer_run;
 162:Lib/lvgl/src/widgets/spinner/../../../src/misc/lv_anim.h ****     uint8_t playback_now : 1; /**< Play back is in progress*/
 163:Lib/lvgl/src/widgets/spinner/../../../src/misc/lv_anim.h ****     uint8_t run_round : 1;    /**< Indicates the animation has run in this round*/
 164:Lib/lvgl/src/widgets/spinner/../../../src/misc/lv_anim.h ****     uint8_t start_cb_called : 1;    /**< Indicates that the `start_cb` was already called*/
 165:Lib/lvgl/src/widgets/spinner/../../../src/misc/lv_anim.h **** };
 166:Lib/lvgl/src/widgets/spinner/../../../src/misc/lv_anim.h **** 
 167:Lib/lvgl/src/widgets/spinner/../../../src/misc/lv_anim.h **** /**********************
 168:Lib/lvgl/src/widgets/spinner/../../../src/misc/lv_anim.h ****  * GLOBAL PROTOTYPES
 169:Lib/lvgl/src/widgets/spinner/../../../src/misc/lv_anim.h ****  **********************/
 170:Lib/lvgl/src/widgets/spinner/../../../src/misc/lv_anim.h **** 
 171:Lib/lvgl/src/widgets/spinner/../../../src/misc/lv_anim.h **** /**
 172:Lib/lvgl/src/widgets/spinner/../../../src/misc/lv_anim.h ****  * Init the animation module
 173:Lib/lvgl/src/widgets/spinner/../../../src/misc/lv_anim.h ****  */
 174:Lib/lvgl/src/widgets/spinner/../../../src/misc/lv_anim.h **** void _lv_anim_core_init(void);
 175:Lib/lvgl/src/widgets/spinner/../../../src/misc/lv_anim.h **** 
 176:Lib/lvgl/src/widgets/spinner/../../../src/misc/lv_anim.h **** /**
 177:Lib/lvgl/src/widgets/spinner/../../../src/misc/lv_anim.h ****  * Deinit the animation module
 178:Lib/lvgl/src/widgets/spinner/../../../src/misc/lv_anim.h ****  */
 179:Lib/lvgl/src/widgets/spinner/../../../src/misc/lv_anim.h **** void _lv_anim_core_deinit(void);
 180:Lib/lvgl/src/widgets/spinner/../../../src/misc/lv_anim.h **** 
 181:Lib/lvgl/src/widgets/spinner/../../../src/misc/lv_anim.h **** /**
ARM GAS  C:\Users\Alex\AppData\Local\Temp\ccaMLKLQ.s 			page 9


 182:Lib/lvgl/src/widgets/spinner/../../../src/misc/lv_anim.h ****  * Initialize an animation variable.
 183:Lib/lvgl/src/widgets/spinner/../../../src/misc/lv_anim.h ****  * E.g.:
 184:Lib/lvgl/src/widgets/spinner/../../../src/misc/lv_anim.h ****  * lv_anim_t a;
 185:Lib/lvgl/src/widgets/spinner/../../../src/misc/lv_anim.h ****  * lv_anim_init(&a);
 186:Lib/lvgl/src/widgets/spinner/../../../src/misc/lv_anim.h ****  * lv_anim_set_...(&a);
 187:Lib/lvgl/src/widgets/spinner/../../../src/misc/lv_anim.h ****  * lv_anim_start(&a);
 188:Lib/lvgl/src/widgets/spinner/../../../src/misc/lv_anim.h ****  * @param a     pointer to an `lv_anim_t` variable to initialize
 189:Lib/lvgl/src/widgets/spinner/../../../src/misc/lv_anim.h ****  */
 190:Lib/lvgl/src/widgets/spinner/../../../src/misc/lv_anim.h **** void lv_anim_init(lv_anim_t * a);
 191:Lib/lvgl/src/widgets/spinner/../../../src/misc/lv_anim.h **** 
 192:Lib/lvgl/src/widgets/spinner/../../../src/misc/lv_anim.h **** /**
 193:Lib/lvgl/src/widgets/spinner/../../../src/misc/lv_anim.h ****  * Set a variable to animate
 194:Lib/lvgl/src/widgets/spinner/../../../src/misc/lv_anim.h ****  * @param a     pointer to an initialized `lv_anim_t` variable
 195:Lib/lvgl/src/widgets/spinner/../../../src/misc/lv_anim.h ****  * @param var   pointer to a variable to animate
 196:Lib/lvgl/src/widgets/spinner/../../../src/misc/lv_anim.h ****  */
 197:Lib/lvgl/src/widgets/spinner/../../../src/misc/lv_anim.h **** static inline void lv_anim_set_var(lv_anim_t * a, void * var)
 164              		.loc 2 197 20 view .LVU25
 165              	.LBB21:
 198:Lib/lvgl/src/widgets/spinner/../../../src/misc/lv_anim.h **** {
 199:Lib/lvgl/src/widgets/spinner/../../../src/misc/lv_anim.h ****     a->var = var;
 166              		.loc 2 199 5 view .LVU26
 167              		.loc 2 199 12 is_stmt 0 view .LVU27
 168 0016 0094     		str	r4, [sp]
 169              	.LVL14:
 170              		.loc 2 199 12 view .LVU28
 171              	.LBE21:
 172              	.LBE20:
  62:Lib/lvgl/src/widgets/spinner/lv_spinner.c ****     lv_anim_set_repeat_count(&a, LV_ANIM_REPEAT_INFINITE);
 173              		.loc 1 62 5 is_stmt 1 view .LVU29
 174              	.LBB22:
 175              	.LBI22:
 200:Lib/lvgl/src/widgets/spinner/../../../src/misc/lv_anim.h **** }
 201:Lib/lvgl/src/widgets/spinner/../../../src/misc/lv_anim.h **** 
 202:Lib/lvgl/src/widgets/spinner/../../../src/misc/lv_anim.h **** /**
 203:Lib/lvgl/src/widgets/spinner/../../../src/misc/lv_anim.h ****  * Set a function to animate `var`
 204:Lib/lvgl/src/widgets/spinner/../../../src/misc/lv_anim.h ****  * @param a         pointer to an initialized `lv_anim_t` variable
 205:Lib/lvgl/src/widgets/spinner/../../../src/misc/lv_anim.h ****  * @param exec_cb   a function to execute during animation
 206:Lib/lvgl/src/widgets/spinner/../../../src/misc/lv_anim.h ****  *                  LVGL's built-in functions can be used.
 207:Lib/lvgl/src/widgets/spinner/../../../src/misc/lv_anim.h ****  *                  E.g. lv_obj_set_x
 208:Lib/lvgl/src/widgets/spinner/../../../src/misc/lv_anim.h ****  */
 209:Lib/lvgl/src/widgets/spinner/../../../src/misc/lv_anim.h **** static inline void lv_anim_set_exec_cb(lv_anim_t * a, lv_anim_exec_xcb_t exec_cb)
 176              		.loc 2 209 20 view .LVU30
 177              	.LBB23:
 210:Lib/lvgl/src/widgets/spinner/../../../src/misc/lv_anim.h **** {
 211:Lib/lvgl/src/widgets/spinner/../../../src/misc/lv_anim.h ****     a->exec_cb = exec_cb;
 178              		.loc 2 211 5 view .LVU31
 179              		.loc 2 211 16 is_stmt 0 view .LVU32
 180 0018 1B4B     		ldr	r3, .L11
 181 001a 0193     		str	r3, [sp, #4]
 182              	.LVL15:
 183              		.loc 2 211 16 view .LVU33
 184              	.LBE23:
 185              	.LBE22:
  63:Lib/lvgl/src/widgets/spinner/lv_spinner.c ****     lv_anim_set_duration(&a, t);
 186              		.loc 1 63 5 is_stmt 1 view .LVU34
 187              	.LBB24:
 188              	.LBI24:
ARM GAS  C:\Users\Alex\AppData\Local\Temp\ccaMLKLQ.s 			page 10


 212:Lib/lvgl/src/widgets/spinner/../../../src/misc/lv_anim.h **** }
 213:Lib/lvgl/src/widgets/spinner/../../../src/misc/lv_anim.h **** 
 214:Lib/lvgl/src/widgets/spinner/../../../src/misc/lv_anim.h **** /**
 215:Lib/lvgl/src/widgets/spinner/../../../src/misc/lv_anim.h ****  * Set the duration of an animation
 216:Lib/lvgl/src/widgets/spinner/../../../src/misc/lv_anim.h ****  * @param a         pointer to an initialized `lv_anim_t` variable
 217:Lib/lvgl/src/widgets/spinner/../../../src/misc/lv_anim.h ****  * @param duration  duration of the animation in milliseconds
 218:Lib/lvgl/src/widgets/spinner/../../../src/misc/lv_anim.h ****  */
 219:Lib/lvgl/src/widgets/spinner/../../../src/misc/lv_anim.h **** static inline void lv_anim_set_duration(lv_anim_t * a, uint32_t duration)
 220:Lib/lvgl/src/widgets/spinner/../../../src/misc/lv_anim.h **** {
 221:Lib/lvgl/src/widgets/spinner/../../../src/misc/lv_anim.h ****     a->duration = duration;
 222:Lib/lvgl/src/widgets/spinner/../../../src/misc/lv_anim.h **** }
 223:Lib/lvgl/src/widgets/spinner/../../../src/misc/lv_anim.h **** 
 224:Lib/lvgl/src/widgets/spinner/../../../src/misc/lv_anim.h **** /**
 225:Lib/lvgl/src/widgets/spinner/../../../src/misc/lv_anim.h ****  * Legacy `lv_anim_set_time` API will be removed soon, use `lv_anim_set_duration` instead.
 226:Lib/lvgl/src/widgets/spinner/../../../src/misc/lv_anim.h ****  */
 227:Lib/lvgl/src/widgets/spinner/../../../src/misc/lv_anim.h **** static inline void lv_anim_set_time(lv_anim_t * a, uint32_t duration)
 228:Lib/lvgl/src/widgets/spinner/../../../src/misc/lv_anim.h **** {
 229:Lib/lvgl/src/widgets/spinner/../../../src/misc/lv_anim.h ****     lv_anim_set_duration(a, duration);
 230:Lib/lvgl/src/widgets/spinner/../../../src/misc/lv_anim.h **** }
 231:Lib/lvgl/src/widgets/spinner/../../../src/misc/lv_anim.h **** 
 232:Lib/lvgl/src/widgets/spinner/../../../src/misc/lv_anim.h **** /**
 233:Lib/lvgl/src/widgets/spinner/../../../src/misc/lv_anim.h ****  * Set a delay before starting the animation
 234:Lib/lvgl/src/widgets/spinner/../../../src/misc/lv_anim.h ****  * @param a         pointer to an initialized `lv_anim_t` variable
 235:Lib/lvgl/src/widgets/spinner/../../../src/misc/lv_anim.h ****  * @param delay     delay before the animation in milliseconds
 236:Lib/lvgl/src/widgets/spinner/../../../src/misc/lv_anim.h ****  */
 237:Lib/lvgl/src/widgets/spinner/../../../src/misc/lv_anim.h **** static inline void lv_anim_set_delay(lv_anim_t * a, uint32_t delay)
 238:Lib/lvgl/src/widgets/spinner/../../../src/misc/lv_anim.h **** {
 239:Lib/lvgl/src/widgets/spinner/../../../src/misc/lv_anim.h ****     a->act_time = -(int32_t)(delay);
 240:Lib/lvgl/src/widgets/spinner/../../../src/misc/lv_anim.h **** }
 241:Lib/lvgl/src/widgets/spinner/../../../src/misc/lv_anim.h **** 
 242:Lib/lvgl/src/widgets/spinner/../../../src/misc/lv_anim.h **** /**
 243:Lib/lvgl/src/widgets/spinner/../../../src/misc/lv_anim.h ****  * Set the start and end values of an animation
 244:Lib/lvgl/src/widgets/spinner/../../../src/misc/lv_anim.h ****  * @param a         pointer to an initialized `lv_anim_t` variable
 245:Lib/lvgl/src/widgets/spinner/../../../src/misc/lv_anim.h ****  * @param start     the start value
 246:Lib/lvgl/src/widgets/spinner/../../../src/misc/lv_anim.h ****  * @param end       the end value
 247:Lib/lvgl/src/widgets/spinner/../../../src/misc/lv_anim.h ****  */
 248:Lib/lvgl/src/widgets/spinner/../../../src/misc/lv_anim.h **** static inline void lv_anim_set_values(lv_anim_t * a, int32_t start, int32_t end)
 249:Lib/lvgl/src/widgets/spinner/../../../src/misc/lv_anim.h **** {
 250:Lib/lvgl/src/widgets/spinner/../../../src/misc/lv_anim.h ****     a->start_value = start;
 251:Lib/lvgl/src/widgets/spinner/../../../src/misc/lv_anim.h ****     a->current_value = INT32_MIN;
 252:Lib/lvgl/src/widgets/spinner/../../../src/misc/lv_anim.h ****     a->end_value = end;
 253:Lib/lvgl/src/widgets/spinner/../../../src/misc/lv_anim.h **** }
 254:Lib/lvgl/src/widgets/spinner/../../../src/misc/lv_anim.h **** 
 255:Lib/lvgl/src/widgets/spinner/../../../src/misc/lv_anim.h **** /**
 256:Lib/lvgl/src/widgets/spinner/../../../src/misc/lv_anim.h ****  * Similar to `lv_anim_set_exec_cb` but `lv_anim_custom_exec_cb_t` receives
 257:Lib/lvgl/src/widgets/spinner/../../../src/misc/lv_anim.h ****  * `lv_anim_t * ` as its first parameter instead of `void *`.
 258:Lib/lvgl/src/widgets/spinner/../../../src/misc/lv_anim.h ****  * This function might be used when LVGL is bound to other languages because
 259:Lib/lvgl/src/widgets/spinner/../../../src/misc/lv_anim.h ****  * it's more consistent to have `lv_anim_t *` as first parameter.
 260:Lib/lvgl/src/widgets/spinner/../../../src/misc/lv_anim.h ****  * @param a         pointer to an initialized `lv_anim_t` variable
 261:Lib/lvgl/src/widgets/spinner/../../../src/misc/lv_anim.h ****  * @param exec_cb   a function to execute.
 262:Lib/lvgl/src/widgets/spinner/../../../src/misc/lv_anim.h ****  */
 263:Lib/lvgl/src/widgets/spinner/../../../src/misc/lv_anim.h **** static inline void lv_anim_set_custom_exec_cb(lv_anim_t * a, lv_anim_custom_exec_cb_t exec_cb)
 264:Lib/lvgl/src/widgets/spinner/../../../src/misc/lv_anim.h **** {
 265:Lib/lvgl/src/widgets/spinner/../../../src/misc/lv_anim.h ****     a->custom_exec_cb = exec_cb;
 266:Lib/lvgl/src/widgets/spinner/../../../src/misc/lv_anim.h **** }
 267:Lib/lvgl/src/widgets/spinner/../../../src/misc/lv_anim.h **** 
 268:Lib/lvgl/src/widgets/spinner/../../../src/misc/lv_anim.h **** /**
ARM GAS  C:\Users\Alex\AppData\Local\Temp\ccaMLKLQ.s 			page 11


 269:Lib/lvgl/src/widgets/spinner/../../../src/misc/lv_anim.h ****  * Set the path (curve) of the animation.
 270:Lib/lvgl/src/widgets/spinner/../../../src/misc/lv_anim.h ****  * @param a         pointer to an initialized `lv_anim_t` variable
 271:Lib/lvgl/src/widgets/spinner/../../../src/misc/lv_anim.h ****  * @param path_cb a function to set the current value of the animation.
 272:Lib/lvgl/src/widgets/spinner/../../../src/misc/lv_anim.h ****  */
 273:Lib/lvgl/src/widgets/spinner/../../../src/misc/lv_anim.h **** static inline void lv_anim_set_path_cb(lv_anim_t * a, lv_anim_path_cb_t path_cb)
 274:Lib/lvgl/src/widgets/spinner/../../../src/misc/lv_anim.h **** {
 275:Lib/lvgl/src/widgets/spinner/../../../src/misc/lv_anim.h ****     a->path_cb = path_cb;
 276:Lib/lvgl/src/widgets/spinner/../../../src/misc/lv_anim.h **** }
 277:Lib/lvgl/src/widgets/spinner/../../../src/misc/lv_anim.h **** 
 278:Lib/lvgl/src/widgets/spinner/../../../src/misc/lv_anim.h **** /**
 279:Lib/lvgl/src/widgets/spinner/../../../src/misc/lv_anim.h ****  * Set a function call when the animation really starts (considering `delay`)
 280:Lib/lvgl/src/widgets/spinner/../../../src/misc/lv_anim.h ****  * @param a         pointer to an initialized `lv_anim_t` variable
 281:Lib/lvgl/src/widgets/spinner/../../../src/misc/lv_anim.h ****  * @param start_cb  a function call when the animation starts
 282:Lib/lvgl/src/widgets/spinner/../../../src/misc/lv_anim.h ****  */
 283:Lib/lvgl/src/widgets/spinner/../../../src/misc/lv_anim.h **** static inline void lv_anim_set_start_cb(lv_anim_t * a, lv_anim_start_cb_t start_cb)
 284:Lib/lvgl/src/widgets/spinner/../../../src/misc/lv_anim.h **** {
 285:Lib/lvgl/src/widgets/spinner/../../../src/misc/lv_anim.h ****     a->start_cb = start_cb;
 286:Lib/lvgl/src/widgets/spinner/../../../src/misc/lv_anim.h **** }
 287:Lib/lvgl/src/widgets/spinner/../../../src/misc/lv_anim.h **** 
 288:Lib/lvgl/src/widgets/spinner/../../../src/misc/lv_anim.h **** /**
 289:Lib/lvgl/src/widgets/spinner/../../../src/misc/lv_anim.h ****  * Set a function to use the current value of the variable and make start and end value
 290:Lib/lvgl/src/widgets/spinner/../../../src/misc/lv_anim.h ****  * relative to the returned current value.
 291:Lib/lvgl/src/widgets/spinner/../../../src/misc/lv_anim.h ****  * @param a             pointer to an initialized `lv_anim_t` variable
 292:Lib/lvgl/src/widgets/spinner/../../../src/misc/lv_anim.h ****  * @param get_value_cb  a function call when the animation starts
 293:Lib/lvgl/src/widgets/spinner/../../../src/misc/lv_anim.h ****  */
 294:Lib/lvgl/src/widgets/spinner/../../../src/misc/lv_anim.h **** static inline void lv_anim_set_get_value_cb(lv_anim_t * a, lv_anim_get_value_cb_t get_value_cb)
 295:Lib/lvgl/src/widgets/spinner/../../../src/misc/lv_anim.h **** {
 296:Lib/lvgl/src/widgets/spinner/../../../src/misc/lv_anim.h ****     a->get_value_cb = get_value_cb;
 297:Lib/lvgl/src/widgets/spinner/../../../src/misc/lv_anim.h **** }
 298:Lib/lvgl/src/widgets/spinner/../../../src/misc/lv_anim.h **** 
 299:Lib/lvgl/src/widgets/spinner/../../../src/misc/lv_anim.h **** /**
 300:Lib/lvgl/src/widgets/spinner/../../../src/misc/lv_anim.h ****  * Set a function call when the animation is completed
 301:Lib/lvgl/src/widgets/spinner/../../../src/misc/lv_anim.h ****  * @param a             pointer to an initialized `lv_anim_t` variable
 302:Lib/lvgl/src/widgets/spinner/../../../src/misc/lv_anim.h ****  * @param completed_cb  a function call when the animation is fully completed
 303:Lib/lvgl/src/widgets/spinner/../../../src/misc/lv_anim.h ****  */
 304:Lib/lvgl/src/widgets/spinner/../../../src/misc/lv_anim.h **** static inline void lv_anim_set_completed_cb(lv_anim_t * a, lv_anim_completed_cb_t completed_cb)
 305:Lib/lvgl/src/widgets/spinner/../../../src/misc/lv_anim.h **** {
 306:Lib/lvgl/src/widgets/spinner/../../../src/misc/lv_anim.h ****     a->completed_cb = completed_cb;
 307:Lib/lvgl/src/widgets/spinner/../../../src/misc/lv_anim.h **** }
 308:Lib/lvgl/src/widgets/spinner/../../../src/misc/lv_anim.h **** 
 309:Lib/lvgl/src/widgets/spinner/../../../src/misc/lv_anim.h **** /**
 310:Lib/lvgl/src/widgets/spinner/../../../src/misc/lv_anim.h ****  * Set a function call when the animation is deleted.
 311:Lib/lvgl/src/widgets/spinner/../../../src/misc/lv_anim.h ****  * @param a         pointer to an initialized `lv_anim_t` variable
 312:Lib/lvgl/src/widgets/spinner/../../../src/misc/lv_anim.h ****  * @param deleted_cb  a function call when the animation is deleted
 313:Lib/lvgl/src/widgets/spinner/../../../src/misc/lv_anim.h ****  */
 314:Lib/lvgl/src/widgets/spinner/../../../src/misc/lv_anim.h **** static inline void lv_anim_set_deleted_cb(lv_anim_t * a, lv_anim_deleted_cb_t deleted_cb)
 315:Lib/lvgl/src/widgets/spinner/../../../src/misc/lv_anim.h **** {
 316:Lib/lvgl/src/widgets/spinner/../../../src/misc/lv_anim.h ****     a->deleted_cb = deleted_cb;
 317:Lib/lvgl/src/widgets/spinner/../../../src/misc/lv_anim.h **** }
 318:Lib/lvgl/src/widgets/spinner/../../../src/misc/lv_anim.h **** 
 319:Lib/lvgl/src/widgets/spinner/../../../src/misc/lv_anim.h **** /**
 320:Lib/lvgl/src/widgets/spinner/../../../src/misc/lv_anim.h ****  * Make the animation to play back to when the forward direction is ready
 321:Lib/lvgl/src/widgets/spinner/../../../src/misc/lv_anim.h ****  * @param a         pointer to an initialized `lv_anim_t` variable
 322:Lib/lvgl/src/widgets/spinner/../../../src/misc/lv_anim.h ****  * @param time      the duration of the playback animation in milliseconds. 0: disable playback
 323:Lib/lvgl/src/widgets/spinner/../../../src/misc/lv_anim.h ****  */
 324:Lib/lvgl/src/widgets/spinner/../../../src/misc/lv_anim.h **** static inline void lv_anim_set_playback_duration(lv_anim_t * a, uint32_t duration)
 325:Lib/lvgl/src/widgets/spinner/../../../src/misc/lv_anim.h **** {
ARM GAS  C:\Users\Alex\AppData\Local\Temp\ccaMLKLQ.s 			page 12


 326:Lib/lvgl/src/widgets/spinner/../../../src/misc/lv_anim.h ****     a->playback_duration = duration;
 327:Lib/lvgl/src/widgets/spinner/../../../src/misc/lv_anim.h **** }
 328:Lib/lvgl/src/widgets/spinner/../../../src/misc/lv_anim.h **** 
 329:Lib/lvgl/src/widgets/spinner/../../../src/misc/lv_anim.h **** /**
 330:Lib/lvgl/src/widgets/spinner/../../../src/misc/lv_anim.h ****  * Legacy `lv_anim_set_playback_time` API will be removed soon, use `lv_anim_set_playback_duration`
 331:Lib/lvgl/src/widgets/spinner/../../../src/misc/lv_anim.h ****  */
 332:Lib/lvgl/src/widgets/spinner/../../../src/misc/lv_anim.h **** static inline void lv_anim_set_playback_time(lv_anim_t * a, uint32_t duration)
 333:Lib/lvgl/src/widgets/spinner/../../../src/misc/lv_anim.h **** {
 334:Lib/lvgl/src/widgets/spinner/../../../src/misc/lv_anim.h ****     lv_anim_set_playback_duration(a, duration);
 335:Lib/lvgl/src/widgets/spinner/../../../src/misc/lv_anim.h **** }
 336:Lib/lvgl/src/widgets/spinner/../../../src/misc/lv_anim.h **** 
 337:Lib/lvgl/src/widgets/spinner/../../../src/misc/lv_anim.h **** /**
 338:Lib/lvgl/src/widgets/spinner/../../../src/misc/lv_anim.h ****  * Make the animation to play back to when the forward direction is ready
 339:Lib/lvgl/src/widgets/spinner/../../../src/misc/lv_anim.h ****  * @param a         pointer to an initialized `lv_anim_t` variable
 340:Lib/lvgl/src/widgets/spinner/../../../src/misc/lv_anim.h ****  * @param delay     delay in milliseconds before starting the playback animation.
 341:Lib/lvgl/src/widgets/spinner/../../../src/misc/lv_anim.h ****  */
 342:Lib/lvgl/src/widgets/spinner/../../../src/misc/lv_anim.h **** static inline void lv_anim_set_playback_delay(lv_anim_t * a, uint32_t delay)
 343:Lib/lvgl/src/widgets/spinner/../../../src/misc/lv_anim.h **** {
 344:Lib/lvgl/src/widgets/spinner/../../../src/misc/lv_anim.h ****     a->playback_delay = delay;
 345:Lib/lvgl/src/widgets/spinner/../../../src/misc/lv_anim.h **** }
 346:Lib/lvgl/src/widgets/spinner/../../../src/misc/lv_anim.h **** 
 347:Lib/lvgl/src/widgets/spinner/../../../src/misc/lv_anim.h **** /**
 348:Lib/lvgl/src/widgets/spinner/../../../src/misc/lv_anim.h ****  * Make the animation repeat itself.
 349:Lib/lvgl/src/widgets/spinner/../../../src/misc/lv_anim.h ****  * @param a         pointer to an initialized `lv_anim_t` variable
 350:Lib/lvgl/src/widgets/spinner/../../../src/misc/lv_anim.h ****  * @param cnt       repeat count or `LV_ANIM_REPEAT_INFINITE` for infinite repetition. 0: to disabl
 351:Lib/lvgl/src/widgets/spinner/../../../src/misc/lv_anim.h ****  */
 352:Lib/lvgl/src/widgets/spinner/../../../src/misc/lv_anim.h **** static inline void lv_anim_set_repeat_count(lv_anim_t * a, uint16_t cnt)
 189              		.loc 2 352 20 view .LVU35
 190              	.LBB25:
 353:Lib/lvgl/src/widgets/spinner/../../../src/misc/lv_anim.h **** {
 354:Lib/lvgl/src/widgets/spinner/../../../src/misc/lv_anim.h ****     a->repeat_cnt = cnt;
 191              		.loc 2 354 5 view .LVU36
 192              		.loc 2 354 19 is_stmt 0 view .LVU37
 193 001c 4FF6FF73 		movw	r3, #65535
 194 0020 ADF84430 		strh	r3, [sp, #68]	@ movhi
 195              	.LVL16:
 196              		.loc 2 354 19 view .LVU38
 197              	.LBE25:
 198              	.LBE24:
  64:Lib/lvgl/src/widgets/spinner/lv_spinner.c ****     lv_anim_set_values(&a, angle, 360 + angle);
 199              		.loc 1 64 5 is_stmt 1 view .LVU39
 200              	.LBB26:
 201              	.LBI26:
 219:Lib/lvgl/src/widgets/spinner/../../../src/misc/lv_anim.h **** {
 202              		.loc 2 219 20 view .LVU40
 203              	.LBB27:
 221:Lib/lvgl/src/widgets/spinner/../../../src/misc/lv_anim.h **** }
 204              		.loc 2 221 5 view .LVU41
 221:Lib/lvgl/src/widgets/spinner/../../../src/misc/lv_anim.h **** }
 205              		.loc 2 221 17 is_stmt 0 view .LVU42
 206 0024 0C96     		str	r6, [sp, #48]
 207              	.LVL17:
 221:Lib/lvgl/src/widgets/spinner/../../../src/misc/lv_anim.h **** }
 208              		.loc 2 221 17 view .LVU43
 209              	.LBE27:
 210              	.LBE26:
  65:Lib/lvgl/src/widgets/spinner/lv_spinner.c ****     lv_anim_start(&a);
ARM GAS  C:\Users\Alex\AppData\Local\Temp\ccaMLKLQ.s 			page 13


 211              		.loc 1 65 5 is_stmt 1 view .LVU44
  65:Lib/lvgl/src/widgets/spinner/lv_spinner.c ****     lv_anim_start(&a);
 212              		.loc 1 65 39 is_stmt 0 view .LVU45
 213 0026 05F5B473 		add	r3, r5, #360
 214              	.LVL18:
 215              	.LBB28:
 216              	.LBI28:
 248:Lib/lvgl/src/widgets/spinner/../../../src/misc/lv_anim.h **** {
 217              		.loc 2 248 20 is_stmt 1 view .LVU46
 218              	.LBB29:
 250:Lib/lvgl/src/widgets/spinner/../../../src/misc/lv_anim.h ****     a->current_value = INT32_MIN;
 219              		.loc 2 250 5 view .LVU47
 250:Lib/lvgl/src/widgets/spinner/../../../src/misc/lv_anim.h ****     a->current_value = INT32_MIN;
 220              		.loc 2 250 20 is_stmt 0 view .LVU48
 221 002a 0995     		str	r5, [sp, #36]
 251:Lib/lvgl/src/widgets/spinner/../../../src/misc/lv_anim.h ****     a->end_value = end;
 222              		.loc 2 251 5 is_stmt 1 view .LVU49
 251:Lib/lvgl/src/widgets/spinner/../../../src/misc/lv_anim.h ****     a->end_value = end;
 223              		.loc 2 251 22 is_stmt 0 view .LVU50
 224 002c 4FF00046 		mov	r6, #-2147483648
 225              	.LVL19:
 251:Lib/lvgl/src/widgets/spinner/../../../src/misc/lv_anim.h ****     a->end_value = end;
 226              		.loc 2 251 22 view .LVU51
 227 0030 0A96     		str	r6, [sp, #40]
 252:Lib/lvgl/src/widgets/spinner/../../../src/misc/lv_anim.h **** }
 228              		.loc 2 252 5 is_stmt 1 view .LVU52
 252:Lib/lvgl/src/widgets/spinner/../../../src/misc/lv_anim.h **** }
 229              		.loc 2 252 18 is_stmt 0 view .LVU53
 230 0032 0B93     		str	r3, [sp, #44]
 231              	.LVL20:
 252:Lib/lvgl/src/widgets/spinner/../../../src/misc/lv_anim.h **** }
 232              		.loc 2 252 18 view .LVU54
 233              	.LBE29:
 234              	.LBE28:
  66:Lib/lvgl/src/widgets/spinner/lv_spinner.c **** 
 235              		.loc 1 66 5 is_stmt 1 view .LVU55
 236 0034 6846     		mov	r0, sp
 237 0036 FFF7FEFF 		bl	lv_anim_start
 238              	.LVL21:
  68:Lib/lvgl/src/widgets/spinner/lv_spinner.c ****     lv_anim_set_bezier3_param(&a, LV_BEZIER_VAL_FLOAT(0.42), LV_BEZIER_VAL_FLOAT(0.58),
 239              		.loc 1 68 5 view .LVU56
 240              	.LBB30:
 241              	.LBI30:
 273:Lib/lvgl/src/widgets/spinner/../../../src/misc/lv_anim.h **** {
 242              		.loc 2 273 20 view .LVU57
 243              	.LBB31:
 275:Lib/lvgl/src/widgets/spinner/../../../src/misc/lv_anim.h **** }
 244              		.loc 2 275 5 view .LVU58
 275:Lib/lvgl/src/widgets/spinner/../../../src/misc/lv_anim.h **** }
 245              		.loc 2 275 16 is_stmt 0 view .LVU59
 246 003a 144B     		ldr	r3, .L11+4
 247 003c 0893     		str	r3, [sp, #32]
 248              	.LVL22:
 275:Lib/lvgl/src/widgets/spinner/../../../src/misc/lv_anim.h **** }
 249              		.loc 2 275 16 view .LVU60
 250              	.LBE31:
 251              	.LBE30:
ARM GAS  C:\Users\Alex\AppData\Local\Temp\ccaMLKLQ.s 			page 14


  69:Lib/lvgl/src/widgets/spinner/lv_spinner.c ****                               LV_BEZIER_VAL_FLOAT(0), LV_BEZIER_VAL_FLOAT(1));
 252              		.loc 1 69 5 is_stmt 1 view .LVU61
 253              	.LBB32:
 254              	.LBI32:
 355:Lib/lvgl/src/widgets/spinner/../../../src/misc/lv_anim.h **** }
 356:Lib/lvgl/src/widgets/spinner/../../../src/misc/lv_anim.h **** 
 357:Lib/lvgl/src/widgets/spinner/../../../src/misc/lv_anim.h **** /**
 358:Lib/lvgl/src/widgets/spinner/../../../src/misc/lv_anim.h ****  * Set a delay before repeating the animation.
 359:Lib/lvgl/src/widgets/spinner/../../../src/misc/lv_anim.h ****  * @param a         pointer to an initialized `lv_anim_t` variable
 360:Lib/lvgl/src/widgets/spinner/../../../src/misc/lv_anim.h ****  * @param delay     delay in milliseconds before repeating the animation.
 361:Lib/lvgl/src/widgets/spinner/../../../src/misc/lv_anim.h ****  */
 362:Lib/lvgl/src/widgets/spinner/../../../src/misc/lv_anim.h **** static inline void lv_anim_set_repeat_delay(lv_anim_t * a, uint32_t delay)
 363:Lib/lvgl/src/widgets/spinner/../../../src/misc/lv_anim.h **** {
 364:Lib/lvgl/src/widgets/spinner/../../../src/misc/lv_anim.h ****     a->repeat_delay = delay;
 365:Lib/lvgl/src/widgets/spinner/../../../src/misc/lv_anim.h **** }
 366:Lib/lvgl/src/widgets/spinner/../../../src/misc/lv_anim.h **** 
 367:Lib/lvgl/src/widgets/spinner/../../../src/misc/lv_anim.h **** /**
 368:Lib/lvgl/src/widgets/spinner/../../../src/misc/lv_anim.h ****  * Set a whether the animation's should be applied immediately or only when the delay expired.
 369:Lib/lvgl/src/widgets/spinner/../../../src/misc/lv_anim.h ****  * @param a         pointer to an initialized `lv_anim_t` variable
 370:Lib/lvgl/src/widgets/spinner/../../../src/misc/lv_anim.h ****  * @param en        true: apply the start value immediately in `lv_anim_start`;
 371:Lib/lvgl/src/widgets/spinner/../../../src/misc/lv_anim.h ****  *                  false: apply the start value only when `delay` ms is elapsed and the animations
 372:Lib/lvgl/src/widgets/spinner/../../../src/misc/lv_anim.h ****  */
 373:Lib/lvgl/src/widgets/spinner/../../../src/misc/lv_anim.h **** static inline void lv_anim_set_early_apply(lv_anim_t * a, bool en)
 374:Lib/lvgl/src/widgets/spinner/../../../src/misc/lv_anim.h **** {
 375:Lib/lvgl/src/widgets/spinner/../../../src/misc/lv_anim.h ****     a->early_apply = en;
 376:Lib/lvgl/src/widgets/spinner/../../../src/misc/lv_anim.h **** }
 377:Lib/lvgl/src/widgets/spinner/../../../src/misc/lv_anim.h **** 
 378:Lib/lvgl/src/widgets/spinner/../../../src/misc/lv_anim.h **** /**
 379:Lib/lvgl/src/widgets/spinner/../../../src/misc/lv_anim.h ****  * Set the custom user data field of the animation.
 380:Lib/lvgl/src/widgets/spinner/../../../src/misc/lv_anim.h ****  * @param a           pointer to an initialized `lv_anim_t` variable
 381:Lib/lvgl/src/widgets/spinner/../../../src/misc/lv_anim.h ****  * @param user_data   pointer to the new user_data.
 382:Lib/lvgl/src/widgets/spinner/../../../src/misc/lv_anim.h ****  */
 383:Lib/lvgl/src/widgets/spinner/../../../src/misc/lv_anim.h **** static inline void lv_anim_set_user_data(lv_anim_t * a, void * user_data)
 384:Lib/lvgl/src/widgets/spinner/../../../src/misc/lv_anim.h **** {
 385:Lib/lvgl/src/widgets/spinner/../../../src/misc/lv_anim.h ****     a->user_data = user_data;
 386:Lib/lvgl/src/widgets/spinner/../../../src/misc/lv_anim.h **** }
 387:Lib/lvgl/src/widgets/spinner/../../../src/misc/lv_anim.h **** 
 388:Lib/lvgl/src/widgets/spinner/../../../src/misc/lv_anim.h **** /**
 389:Lib/lvgl/src/widgets/spinner/../../../src/misc/lv_anim.h ****  * Set parameter for cubic bezier path
 390:Lib/lvgl/src/widgets/spinner/../../../src/misc/lv_anim.h ****  * @param a         pointer to an initialized `lv_anim_t` variable
 391:Lib/lvgl/src/widgets/spinner/../../../src/misc/lv_anim.h ****  * @param x1        first control point
 392:Lib/lvgl/src/widgets/spinner/../../../src/misc/lv_anim.h ****  * @param y1
 393:Lib/lvgl/src/widgets/spinner/../../../src/misc/lv_anim.h ****  * @param y1        second control point
 394:Lib/lvgl/src/widgets/spinner/../../../src/misc/lv_anim.h ****  */
 395:Lib/lvgl/src/widgets/spinner/../../../src/misc/lv_anim.h **** static inline void lv_anim_set_bezier3_param(lv_anim_t * a, int16_t x1, int16_t y1, int16_t x2, int
 255              		.loc 2 395 20 view .LVU62
 256              	.LBB33:
 396:Lib/lvgl/src/widgets/spinner/../../../src/misc/lv_anim.h **** {
 397:Lib/lvgl/src/widgets/spinner/../../../src/misc/lv_anim.h ****     struct _lv_anim_bezier3_para_t * para = &a->parameter.bezier3;
 257              		.loc 2 397 5 view .LVU63
 398:Lib/lvgl/src/widgets/spinner/../../../src/misc/lv_anim.h **** 
 399:Lib/lvgl/src/widgets/spinner/../../../src/misc/lv_anim.h ****     para->x1 = x1;
 258              		.loc 2 399 5 view .LVU64
 259              		.loc 2 399 14 is_stmt 0 view .LVU65
 260 003e 4FF4D773 		mov	r3, #430
 261 0042 ADF84630 		strh	r3, [sp, #70]	@ movhi
 400:Lib/lvgl/src/widgets/spinner/../../../src/misc/lv_anim.h ****     para->x2 = x2;
ARM GAS  C:\Users\Alex\AppData\Local\Temp\ccaMLKLQ.s 			page 15


 262              		.loc 2 400 5 is_stmt 1 view .LVU66
 263              		.loc 2 400 14 is_stmt 0 view .LVU67
 264 0046 0025     		movs	r5, #0
 265              	.LVL23:
 266              		.loc 2 400 14 view .LVU68
 267 0048 ADF84A50 		strh	r5, [sp, #74]	@ movhi
 401:Lib/lvgl/src/widgets/spinner/../../../src/misc/lv_anim.h ****     para->y1 = y1;
 268              		.loc 2 401 5 is_stmt 1 view .LVU69
 269              		.loc 2 401 14 is_stmt 0 view .LVU70
 270 004c 40F25123 		movw	r3, #593
 271 0050 ADF84830 		strh	r3, [sp, #72]	@ movhi
 402:Lib/lvgl/src/widgets/spinner/../../../src/misc/lv_anim.h ****     para->y2 = y2;
 272              		.loc 2 402 5 is_stmt 1 view .LVU71
 273              		.loc 2 402 14 is_stmt 0 view .LVU72
 274 0054 4FF48063 		mov	r3, #1024
 275 0058 ADF84C30 		strh	r3, [sp, #76]	@ movhi
 276              	.LVL24:
 277              		.loc 2 402 14 view .LVU73
 278              	.LBE33:
 279              	.LBE32:
  71:Lib/lvgl/src/widgets/spinner/lv_spinner.c ****     lv_anim_set_exec_cb(&a, arc_anim_start_angle);
 280              		.loc 1 71 5 is_stmt 1 view .LVU74
 281              	.LBB34:
 282              	.LBI34:
 248:Lib/lvgl/src/widgets/spinner/../../../src/misc/lv_anim.h **** {
 283              		.loc 2 248 20 view .LVU75
 284              	.LBB35:
 250:Lib/lvgl/src/widgets/spinner/../../../src/misc/lv_anim.h ****     a->current_value = INT32_MIN;
 285              		.loc 2 250 5 view .LVU76
 250:Lib/lvgl/src/widgets/spinner/../../../src/misc/lv_anim.h ****     a->current_value = INT32_MIN;
 286              		.loc 2 250 20 is_stmt 0 view .LVU77
 287 005c 0995     		str	r5, [sp, #36]
 251:Lib/lvgl/src/widgets/spinner/../../../src/misc/lv_anim.h ****     a->end_value = end;
 288              		.loc 2 251 5 is_stmt 1 view .LVU78
 251:Lib/lvgl/src/widgets/spinner/../../../src/misc/lv_anim.h ****     a->end_value = end;
 289              		.loc 2 251 22 is_stmt 0 view .LVU79
 290 005e 0A96     		str	r6, [sp, #40]
 252:Lib/lvgl/src/widgets/spinner/../../../src/misc/lv_anim.h **** }
 291              		.loc 2 252 5 is_stmt 1 view .LVU80
 252:Lib/lvgl/src/widgets/spinner/../../../src/misc/lv_anim.h **** }
 292              		.loc 2 252 18 is_stmt 0 view .LVU81
 293 0060 4FF4B476 		mov	r6, #360
 294 0064 0B96     		str	r6, [sp, #44]
 295              	.LVL25:
 252:Lib/lvgl/src/widgets/spinner/../../../src/misc/lv_anim.h **** }
 296              		.loc 2 252 18 view .LVU82
 297              	.LBE35:
 298              	.LBE34:
  72:Lib/lvgl/src/widgets/spinner/lv_spinner.c ****     lv_anim_start(&a);
 299              		.loc 1 72 5 is_stmt 1 view .LVU83
 300              	.LBB36:
 301              	.LBI36:
 209:Lib/lvgl/src/widgets/spinner/../../../src/misc/lv_anim.h **** {
 302              		.loc 2 209 20 view .LVU84
 303              	.LBB37:
 211:Lib/lvgl/src/widgets/spinner/../../../src/misc/lv_anim.h **** }
 304              		.loc 2 211 5 view .LVU85
ARM GAS  C:\Users\Alex\AppData\Local\Temp\ccaMLKLQ.s 			page 16


 211:Lib/lvgl/src/widgets/spinner/../../../src/misc/lv_anim.h **** }
 305              		.loc 2 211 16 is_stmt 0 view .LVU86
 306 0066 0A4B     		ldr	r3, .L11+8
 307 0068 0193     		str	r3, [sp, #4]
 308              	.LVL26:
 211:Lib/lvgl/src/widgets/spinner/../../../src/misc/lv_anim.h **** }
 309              		.loc 2 211 16 view .LVU87
 310              	.LBE37:
 311              	.LBE36:
  73:Lib/lvgl/src/widgets/spinner/lv_spinner.c **** 
 312              		.loc 1 73 5 is_stmt 1 view .LVU88
 313 006a 6846     		mov	r0, sp
 314 006c FFF7FEFF 		bl	lv_anim_start
 315              	.LVL27:
  75:Lib/lvgl/src/widgets/spinner/lv_spinner.c ****     lv_arc_set_rotation(obj, 270);
 316              		.loc 1 75 5 view .LVU89
 317 0070 3246     		mov	r2, r6
 318 0072 2946     		mov	r1, r5
 319 0074 2046     		mov	r0, r4
 320 0076 FFF7FEFF 		bl	lv_arc_set_bg_angles
 321              	.LVL28:
  76:Lib/lvgl/src/widgets/spinner/lv_spinner.c **** }
 322              		.loc 1 76 5 view .LVU90
 323 007a 4FF48771 		mov	r1, #270
 324 007e 2046     		mov	r0, r4
 325 0080 FFF7FEFF 		bl	lv_arc_set_rotation
 326              	.LVL29:
  77:Lib/lvgl/src/widgets/spinner/lv_spinner.c **** 
 327              		.loc 1 77 1 is_stmt 0 view .LVU91
 328 0084 16B0     		add	sp, sp, #88
 329              	.LCFI5:
 330              		.cfi_def_cfa_offset 16
 331              		@ sp needed
 332 0086 70BD     		pop	{r4, r5, r6, pc}
 333              	.LVL30:
 334              	.L12:
  77:Lib/lvgl/src/widgets/spinner/lv_spinner.c **** 
 335              		.loc 1 77 1 view .LVU92
 336              		.align	2
 337              	.L11:
 338 0088 00000000 		.word	arc_anim_end_angle
 339 008c 00000000 		.word	lv_anim_path_custom_bezier3
 340 0090 00000000 		.word	arc_anim_start_angle
 341              		.cfi_endproc
 342              	.LFE257:
 344              		.section	.text.lv_spinner_constructor,"ax",%progbits
 345              		.align	1
 346              		.syntax unified
 347              		.thumb
 348              		.thumb_func
 350              	lv_spinner_constructor:
 351              	.LVL31:
 352              	.LFB258:
  84:Lib/lvgl/src/widgets/spinner/lv_spinner.c ****     LV_TRACE_OBJ_CREATE("begin");
 353              		.loc 1 84 1 is_stmt 1 view -0
 354              		.cfi_startproc
 355              		@ args = 0, pretend = 0, frame = 0
ARM GAS  C:\Users\Alex\AppData\Local\Temp\ccaMLKLQ.s 			page 17


 356              		@ frame_needed = 0, uses_anonymous_args = 0
  84:Lib/lvgl/src/widgets/spinner/lv_spinner.c ****     LV_TRACE_OBJ_CREATE("begin");
 357              		.loc 1 84 1 is_stmt 0 view .LVU94
 358 0000 10B5     		push	{r4, lr}
 359              	.LCFI6:
 360              		.cfi_def_cfa_offset 8
 361              		.cfi_offset 4, -8
 362              		.cfi_offset 14, -4
 363 0002 0C46     		mov	r4, r1
  85:Lib/lvgl/src/widgets/spinner/lv_spinner.c **** 
 364              		.loc 1 85 33 is_stmt 1 view .LVU95
  87:Lib/lvgl/src/widgets/spinner/lv_spinner.c **** 
 365              		.loc 1 87 5 view .LVU96
  89:Lib/lvgl/src/widgets/spinner/lv_spinner.c **** 
 366              		.loc 1 89 5 view .LVU97
 367 0004 0221     		movs	r1, #2
 368              	.LVL32:
  89:Lib/lvgl/src/widgets/spinner/lv_spinner.c **** 
 369              		.loc 1 89 5 is_stmt 0 view .LVU98
 370 0006 2046     		mov	r0, r4
 371              	.LVL33:
  89:Lib/lvgl/src/widgets/spinner/lv_spinner.c **** 
 372              		.loc 1 89 5 view .LVU99
 373 0008 FFF7FEFF 		bl	lv_obj_remove_flag
 374              	.LVL34:
  91:Lib/lvgl/src/widgets/spinner/lv_spinner.c **** }
 375              		.loc 1 91 5 is_stmt 1 view .LVU100
 376 000c C822     		movs	r2, #200
 377 000e 4FF47A71 		mov	r1, #1000
 378 0012 2046     		mov	r0, r4
 379 0014 FFF7FEFF 		bl	lv_spinner_set_anim_params
 380              	.LVL35:
  92:Lib/lvgl/src/widgets/spinner/lv_spinner.c **** 
 381              		.loc 1 92 1 is_stmt 0 view .LVU101
 382 0018 10BD     		pop	{r4, pc}
  92:Lib/lvgl/src/widgets/spinner/lv_spinner.c **** 
 383              		.loc 1 92 1 view .LVU102
 384              		.cfi_endproc
 385              	.LFE258:
 387              		.global	lv_spinner_class
 388              		.section	.rodata.str1.4,"aMS",%progbits,1
 389              		.align	2
 390              	.LC0:
 391 0000 7370696E 		.ascii	"spinner\000"
 391      6E657200 
 392              		.section	.rodata.lv_spinner_class,"a"
 393              		.align	2
 396              	lv_spinner_class:
 397 0000 00000000 		.word	lv_arc_class
 398 0004 00000000 		.word	lv_spinner_constructor
 399 0008 00000000 		.space	12
 399      00000000 
 399      00000000 
 400 0014 00000000 		.word	.LC0
 401 0018 00000000 		.space	12
 401      00000000 
 401      00000000 
ARM GAS  C:\Users\Alex\AppData\Local\Temp\ccaMLKLQ.s 			page 18


 402              		.text
 403              	.Letext0:
 404              		.file 3 "e:\\programms\\gnu_mcu_eclipse\\toolchain\\arm-gnu-toolchain-12.2.mpacbti-bet1-mingw-w64-
 405              		.file 4 "e:\\programms\\gnu_mcu_eclipse\\toolchain\\arm-gnu-toolchain-12.2.mpacbti-bet1-mingw-w64-
 406              		.file 5 "Lib/lvgl/src/widgets/spinner/../../../src/stdlib/../misc/lv_types.h"
 407              		.file 6 "Lib/lvgl/src/widgets/spinner/../../../src/core/lv_obj.h"
 408              		.file 7 "Lib/lvgl/src/widgets/spinner/../../../src/core/lv_obj_class.h"
 409              		.file 8 "c:\\users\\alex\\eclipse-workspace\\lvgs_test\\lib\\lvgl\\src\\core\\lv_group.h"
 410              		.file 9 "c:\\users\\alex\\eclipse-workspace\\lvgs_test\\lib\\lvgl\\src\\misc\\lv_event.h"
 411              		.file 10 "Lib/lvgl/src/widgets/spinner/../../../src/misc/lv_ll.h"
 412              		.file 11 "Lib/lvgl/src/widgets/spinner/../../../src/misc/lv_array.h"
 413              		.file 12 "c:\\users\\alex\\eclipse-workspace\\lvgs_test\\lib\\lvgl\\src\\misc\\lv_area.h"
 414              		.file 13 "Lib/lvgl/src/widgets/spinner/../../../src/core/../misc/lv_style.h"
 415              		.file 14 "Lib/lvgl/src/widgets/spinner/../../../src/core/lv_obj_style.h"
 416              		.file 15 "Lib/lvgl/src/widgets/spinner/../../../src/widgets/bar/lv_bar.h"
 417              		.file 16 "Lib/lvgl/src/widgets/spinner/../../../src/widgets/imagebutton/lv_imagebutton.h"
 418              		.file 17 "Lib/lvgl/src/widgets/spinner/../../../src/widgets/arc/lv_arc.h"
 419              		.file 18 "Lib/lvgl/src/widgets/spinner/lv_spinner.h"
ARM GAS  C:\Users\Alex\AppData\Local\Temp\ccaMLKLQ.s 			page 19


DEFINED SYMBOLS
                            *ABS*:00000000 lv_spinner.c
C:\Users\Alex\AppData\Local\Temp\ccaMLKLQ.s:21     .text.arc_anim_start_angle:00000000 $t
C:\Users\Alex\AppData\Local\Temp\ccaMLKLQ.s:26     .text.arc_anim_start_angle:00000000 arc_anim_start_angle
C:\Users\Alex\AppData\Local\Temp\ccaMLKLQ.s:48     .text.arc_anim_end_angle:00000000 $t
C:\Users\Alex\AppData\Local\Temp\ccaMLKLQ.s:53     .text.arc_anim_end_angle:00000000 arc_anim_end_angle
C:\Users\Alex\AppData\Local\Temp\ccaMLKLQ.s:75     .text.lv_spinner_create:00000000 $t
C:\Users\Alex\AppData\Local\Temp\ccaMLKLQ.s:81     .text.lv_spinner_create:00000000 lv_spinner_create
C:\Users\Alex\AppData\Local\Temp\ccaMLKLQ.s:117    .text.lv_spinner_create:00000014 $d
C:\Users\Alex\AppData\Local\Temp\ccaMLKLQ.s:396    .rodata.lv_spinner_class:00000000 lv_spinner_class
C:\Users\Alex\AppData\Local\Temp\ccaMLKLQ.s:122    .text.lv_spinner_set_anim_params:00000000 $t
C:\Users\Alex\AppData\Local\Temp\ccaMLKLQ.s:128    .text.lv_spinner_set_anim_params:00000000 lv_spinner_set_anim_params
C:\Users\Alex\AppData\Local\Temp\ccaMLKLQ.s:338    .text.lv_spinner_set_anim_params:00000088 $d
C:\Users\Alex\AppData\Local\Temp\ccaMLKLQ.s:345    .text.lv_spinner_constructor:00000000 $t
C:\Users\Alex\AppData\Local\Temp\ccaMLKLQ.s:350    .text.lv_spinner_constructor:00000000 lv_spinner_constructor
C:\Users\Alex\AppData\Local\Temp\ccaMLKLQ.s:389    .rodata.str1.4:00000000 $d
C:\Users\Alex\AppData\Local\Temp\ccaMLKLQ.s:393    .rodata.lv_spinner_class:00000000 $d

UNDEFINED SYMBOLS
lv_arc_set_start_angle
lv_arc_set_end_angle
lv_obj_class_create_obj
lv_obj_class_init_obj
lv_anim_delete
lv_anim_init
lv_anim_start
lv_arc_set_bg_angles
lv_arc_set_rotation
lv_anim_path_custom_bezier3
lv_obj_remove_flag
lv_arc_class
