ARM GAS  C:\Users\Alex\AppData\Local\Temp\ccb66nMb.s 			page 1


   1              		.cpu cortex-m4
   2              		.arch armv7e-m
   3              		.fpu fpv4-sp-d16
   4              		.eabi_attribute 27, 1
   5              		.eabi_attribute 28, 1
   6              		.eabi_attribute 20, 1
   7              		.eabi_attribute 21, 1
   8              		.eabi_attribute 23, 3
   9              		.eabi_attribute 24, 1
  10              		.eabi_attribute 25, 1
  11              		.eabi_attribute 26, 1
  12              		.eabi_attribute 30, 1
  13              		.eabi_attribute 34, 1
  14              		.eabi_attribute 18, 4
  15              		.file	"stm32f4xx_hal_msp.c"
  16              		.text
  17              	.Ltext0:
  18              		.cfi_sections	.debug_frame
  19              		.file 1 "Core/Src/stm32f4xx_hal_msp.c"
  20              		.section	.text.HAL_MspInit,"ax",%progbits
  21              		.align	1
  22              		.global	HAL_MspInit
  23              		.syntax unified
  24              		.thumb
  25              		.thumb_func
  27              	HAL_MspInit:
  28              	.LFB130:
   1:Core/Src/stm32f4xx_hal_msp.c **** /* USER CODE BEGIN Header */
   2:Core/Src/stm32f4xx_hal_msp.c **** /**
   3:Core/Src/stm32f4xx_hal_msp.c ****   ******************************************************************************
   4:Core/Src/stm32f4xx_hal_msp.c ****   * @file         stm32f4xx_hal_msp.c
   5:Core/Src/stm32f4xx_hal_msp.c ****   * @brief        This file provides code for the MSP Initialization
   6:Core/Src/stm32f4xx_hal_msp.c ****   *               and de-Initialization codes.
   7:Core/Src/stm32f4xx_hal_msp.c ****   ******************************************************************************
   8:Core/Src/stm32f4xx_hal_msp.c ****   * @attention
   9:Core/Src/stm32f4xx_hal_msp.c ****   *
  10:Core/Src/stm32f4xx_hal_msp.c ****   * Copyright (c) 2024 STMicroelectronics.
  11:Core/Src/stm32f4xx_hal_msp.c ****   * All rights reserved.
  12:Core/Src/stm32f4xx_hal_msp.c ****   *
  13:Core/Src/stm32f4xx_hal_msp.c ****   * This software is licensed under terms that can be found in the LICENSE file
  14:Core/Src/stm32f4xx_hal_msp.c ****   * in the root directory of this software component.
  15:Core/Src/stm32f4xx_hal_msp.c ****   * If no LICENSE file comes with this software, it is provided AS-IS.
  16:Core/Src/stm32f4xx_hal_msp.c ****   *
  17:Core/Src/stm32f4xx_hal_msp.c ****   ******************************************************************************
  18:Core/Src/stm32f4xx_hal_msp.c ****   */
  19:Core/Src/stm32f4xx_hal_msp.c **** /* USER CODE END Header */
  20:Core/Src/stm32f4xx_hal_msp.c **** 
  21:Core/Src/stm32f4xx_hal_msp.c **** /* Includes ------------------------------------------------------------------*/
  22:Core/Src/stm32f4xx_hal_msp.c **** #include "main.h"
  23:Core/Src/stm32f4xx_hal_msp.c **** /* USER CODE BEGIN Includes */
  24:Core/Src/stm32f4xx_hal_msp.c **** 
  25:Core/Src/stm32f4xx_hal_msp.c **** /* USER CODE END Includes */
  26:Core/Src/stm32f4xx_hal_msp.c **** 
  27:Core/Src/stm32f4xx_hal_msp.c **** /* Private typedef -----------------------------------------------------------*/
  28:Core/Src/stm32f4xx_hal_msp.c **** /* USER CODE BEGIN TD */
  29:Core/Src/stm32f4xx_hal_msp.c **** 
  30:Core/Src/stm32f4xx_hal_msp.c **** /* USER CODE END TD */
ARM GAS  C:\Users\Alex\AppData\Local\Temp\ccb66nMb.s 			page 2


  31:Core/Src/stm32f4xx_hal_msp.c **** 
  32:Core/Src/stm32f4xx_hal_msp.c **** /* Private define ------------------------------------------------------------*/
  33:Core/Src/stm32f4xx_hal_msp.c **** /* USER CODE BEGIN Define */
  34:Core/Src/stm32f4xx_hal_msp.c **** 
  35:Core/Src/stm32f4xx_hal_msp.c **** /* USER CODE END Define */
  36:Core/Src/stm32f4xx_hal_msp.c **** 
  37:Core/Src/stm32f4xx_hal_msp.c **** /* Private macro -------------------------------------------------------------*/
  38:Core/Src/stm32f4xx_hal_msp.c **** /* USER CODE BEGIN Macro */
  39:Core/Src/stm32f4xx_hal_msp.c **** 
  40:Core/Src/stm32f4xx_hal_msp.c **** /* USER CODE END Macro */
  41:Core/Src/stm32f4xx_hal_msp.c **** 
  42:Core/Src/stm32f4xx_hal_msp.c **** /* Private variables ---------------------------------------------------------*/
  43:Core/Src/stm32f4xx_hal_msp.c **** /* USER CODE BEGIN PV */
  44:Core/Src/stm32f4xx_hal_msp.c **** 
  45:Core/Src/stm32f4xx_hal_msp.c **** /* USER CODE END PV */
  46:Core/Src/stm32f4xx_hal_msp.c **** 
  47:Core/Src/stm32f4xx_hal_msp.c **** /* Private function prototypes -----------------------------------------------*/
  48:Core/Src/stm32f4xx_hal_msp.c **** /* USER CODE BEGIN PFP */
  49:Core/Src/stm32f4xx_hal_msp.c **** 
  50:Core/Src/stm32f4xx_hal_msp.c **** /* USER CODE END PFP */
  51:Core/Src/stm32f4xx_hal_msp.c **** 
  52:Core/Src/stm32f4xx_hal_msp.c **** /* External functions --------------------------------------------------------*/
  53:Core/Src/stm32f4xx_hal_msp.c **** /* USER CODE BEGIN ExternalFunctions */
  54:Core/Src/stm32f4xx_hal_msp.c **** 
  55:Core/Src/stm32f4xx_hal_msp.c **** /* USER CODE END ExternalFunctions */
  56:Core/Src/stm32f4xx_hal_msp.c **** 
  57:Core/Src/stm32f4xx_hal_msp.c **** /* USER CODE BEGIN 0 */
  58:Core/Src/stm32f4xx_hal_msp.c **** 
  59:Core/Src/stm32f4xx_hal_msp.c **** /* USER CODE END 0 */
  60:Core/Src/stm32f4xx_hal_msp.c **** /**
  61:Core/Src/stm32f4xx_hal_msp.c ****   * Initializes the Global MSP.
  62:Core/Src/stm32f4xx_hal_msp.c ****   */
  63:Core/Src/stm32f4xx_hal_msp.c **** void HAL_MspInit(void)
  64:Core/Src/stm32f4xx_hal_msp.c **** {
  29              		.loc 1 64 1 view -0
  30              		.cfi_startproc
  31              		@ args = 0, pretend = 0, frame = 8
  32              		@ frame_needed = 0, uses_anonymous_args = 0
  33              		@ link register save eliminated.
  34 0000 82B0     		sub	sp, sp, #8
  35              	.LCFI0:
  36              		.cfi_def_cfa_offset 8
  65:Core/Src/stm32f4xx_hal_msp.c ****   /* USER CODE BEGIN MspInit 0 */
  66:Core/Src/stm32f4xx_hal_msp.c **** 
  67:Core/Src/stm32f4xx_hal_msp.c ****   /* USER CODE END MspInit 0 */
  68:Core/Src/stm32f4xx_hal_msp.c **** 
  69:Core/Src/stm32f4xx_hal_msp.c ****   __HAL_RCC_SYSCFG_CLK_ENABLE();
  37              		.loc 1 69 3 view .LVU1
  38              	.LBB2:
  39              		.loc 1 69 3 view .LVU2
  40 0002 0021     		movs	r1, #0
  41 0004 0091     		str	r1, [sp]
  42              		.loc 1 69 3 view .LVU3
  43 0006 0B4B     		ldr	r3, .L3
  44 0008 5A6C     		ldr	r2, [r3, #68]
  45 000a 42F48042 		orr	r2, r2, #16384
  46 000e 5A64     		str	r2, [r3, #68]
ARM GAS  C:\Users\Alex\AppData\Local\Temp\ccb66nMb.s 			page 3


  47              		.loc 1 69 3 view .LVU4
  48 0010 5A6C     		ldr	r2, [r3, #68]
  49 0012 02F48042 		and	r2, r2, #16384
  50 0016 0092     		str	r2, [sp]
  51              		.loc 1 69 3 view .LVU5
  52 0018 009A     		ldr	r2, [sp]
  53              	.LBE2:
  54              		.loc 1 69 3 view .LVU6
  70:Core/Src/stm32f4xx_hal_msp.c ****   __HAL_RCC_PWR_CLK_ENABLE();
  55              		.loc 1 70 3 view .LVU7
  56              	.LBB3:
  57              		.loc 1 70 3 view .LVU8
  58 001a 0191     		str	r1, [sp, #4]
  59              		.loc 1 70 3 view .LVU9
  60 001c 1A6C     		ldr	r2, [r3, #64]
  61 001e 42F08052 		orr	r2, r2, #268435456
  62 0022 1A64     		str	r2, [r3, #64]
  63              		.loc 1 70 3 view .LVU10
  64 0024 1B6C     		ldr	r3, [r3, #64]
  65 0026 03F08053 		and	r3, r3, #268435456
  66 002a 0193     		str	r3, [sp, #4]
  67              		.loc 1 70 3 view .LVU11
  68 002c 019B     		ldr	r3, [sp, #4]
  69              	.LBE3:
  70              		.loc 1 70 3 view .LVU12
  71:Core/Src/stm32f4xx_hal_msp.c **** 
  72:Core/Src/stm32f4xx_hal_msp.c ****   /* System interrupt init*/
  73:Core/Src/stm32f4xx_hal_msp.c **** 
  74:Core/Src/stm32f4xx_hal_msp.c ****   /* USER CODE BEGIN MspInit 1 */
  75:Core/Src/stm32f4xx_hal_msp.c **** 
  76:Core/Src/stm32f4xx_hal_msp.c ****   /* USER CODE END MspInit 1 */
  77:Core/Src/stm32f4xx_hal_msp.c **** }
  71              		.loc 1 77 1 is_stmt 0 view .LVU13
  72 002e 02B0     		add	sp, sp, #8
  73              	.LCFI1:
  74              		.cfi_def_cfa_offset 0
  75              		@ sp needed
  76 0030 7047     		bx	lr
  77              	.L4:
  78 0032 00BF     		.align	2
  79              	.L3:
  80 0034 00380240 		.word	1073887232
  81              		.cfi_endproc
  82              	.LFE130:
  84              		.section	.text.HAL_SPI_MspInit,"ax",%progbits
  85              		.align	1
  86              		.global	HAL_SPI_MspInit
  87              		.syntax unified
  88              		.thumb
  89              		.thumb_func
  91              	HAL_SPI_MspInit:
  92              	.LVL0:
  93              	.LFB131:
  78:Core/Src/stm32f4xx_hal_msp.c **** 
  79:Core/Src/stm32f4xx_hal_msp.c **** /**
  80:Core/Src/stm32f4xx_hal_msp.c **** * @brief SPI MSP Initialization
  81:Core/Src/stm32f4xx_hal_msp.c **** * This function configures the hardware resources used in this example
ARM GAS  C:\Users\Alex\AppData\Local\Temp\ccb66nMb.s 			page 4


  82:Core/Src/stm32f4xx_hal_msp.c **** * @param hspi: SPI handle pointer
  83:Core/Src/stm32f4xx_hal_msp.c **** * @retval None
  84:Core/Src/stm32f4xx_hal_msp.c **** */
  85:Core/Src/stm32f4xx_hal_msp.c **** void HAL_SPI_MspInit(SPI_HandleTypeDef* hspi)
  86:Core/Src/stm32f4xx_hal_msp.c **** {
  94              		.loc 1 86 1 is_stmt 1 view -0
  95              		.cfi_startproc
  96              		@ args = 0, pretend = 0, frame = 32
  97              		@ frame_needed = 0, uses_anonymous_args = 0
  98              		.loc 1 86 1 is_stmt 0 view .LVU15
  99 0000 70B5     		push	{r4, r5, r6, lr}
 100              	.LCFI2:
 101              		.cfi_def_cfa_offset 16
 102              		.cfi_offset 4, -16
 103              		.cfi_offset 5, -12
 104              		.cfi_offset 6, -8
 105              		.cfi_offset 14, -4
 106 0002 88B0     		sub	sp, sp, #32
 107              	.LCFI3:
 108              		.cfi_def_cfa_offset 48
  87:Core/Src/stm32f4xx_hal_msp.c ****   GPIO_InitTypeDef GPIO_InitStruct = {0};
 109              		.loc 1 87 3 is_stmt 1 view .LVU16
 110              		.loc 1 87 20 is_stmt 0 view .LVU17
 111 0004 0023     		movs	r3, #0
 112 0006 0393     		str	r3, [sp, #12]
 113 0008 0493     		str	r3, [sp, #16]
 114 000a 0593     		str	r3, [sp, #20]
 115 000c 0693     		str	r3, [sp, #24]
 116 000e 0793     		str	r3, [sp, #28]
  88:Core/Src/stm32f4xx_hal_msp.c ****   if(hspi->Instance==SPI1)
 117              		.loc 1 88 3 is_stmt 1 view .LVU18
 118              		.loc 1 88 10 is_stmt 0 view .LVU19
 119 0010 0268     		ldr	r2, [r0]
 120              		.loc 1 88 5 view .LVU20
 121 0012 1A4B     		ldr	r3, .L9
 122 0014 9A42     		cmp	r2, r3
 123 0016 01D0     		beq	.L8
 124              	.LVL1:
 125              	.L5:
  89:Core/Src/stm32f4xx_hal_msp.c ****   {
  90:Core/Src/stm32f4xx_hal_msp.c ****   /* USER CODE BEGIN SPI1_MspInit 0 */
  91:Core/Src/stm32f4xx_hal_msp.c **** 
  92:Core/Src/stm32f4xx_hal_msp.c ****   /* USER CODE END SPI1_MspInit 0 */
  93:Core/Src/stm32f4xx_hal_msp.c ****     /* Peripheral clock enable */
  94:Core/Src/stm32f4xx_hal_msp.c ****     __HAL_RCC_SPI1_CLK_ENABLE();
  95:Core/Src/stm32f4xx_hal_msp.c **** 
  96:Core/Src/stm32f4xx_hal_msp.c ****     __HAL_RCC_GPIOA_CLK_ENABLE();
  97:Core/Src/stm32f4xx_hal_msp.c ****     /**SPI1 GPIO Configuration
  98:Core/Src/stm32f4xx_hal_msp.c ****     PA5     ------> SPI1_SCK
  99:Core/Src/stm32f4xx_hal_msp.c ****     PA6     ------> SPI1_MISO
 100:Core/Src/stm32f4xx_hal_msp.c ****     PA7     ------> SPI1_MOSI
 101:Core/Src/stm32f4xx_hal_msp.c ****     */
 102:Core/Src/stm32f4xx_hal_msp.c ****     GPIO_InitStruct.Pin = GPIO_PIN_5|GPIO_PIN_7;
 103:Core/Src/stm32f4xx_hal_msp.c ****     GPIO_InitStruct.Mode = GPIO_MODE_AF_PP;
 104:Core/Src/stm32f4xx_hal_msp.c ****     GPIO_InitStruct.Pull = GPIO_NOPULL;
 105:Core/Src/stm32f4xx_hal_msp.c ****     GPIO_InitStruct.Speed = GPIO_SPEED_FREQ_VERY_HIGH;
 106:Core/Src/stm32f4xx_hal_msp.c ****     GPIO_InitStruct.Alternate = GPIO_AF5_SPI1;
ARM GAS  C:\Users\Alex\AppData\Local\Temp\ccb66nMb.s 			page 5


 107:Core/Src/stm32f4xx_hal_msp.c ****     HAL_GPIO_Init(GPIOA, &GPIO_InitStruct);
 108:Core/Src/stm32f4xx_hal_msp.c **** 
 109:Core/Src/stm32f4xx_hal_msp.c ****   /* USER CODE BEGIN SPI1_MspInit 1 */
 110:Core/Src/stm32f4xx_hal_msp.c **** 
 111:Core/Src/stm32f4xx_hal_msp.c ****     GPIO_InitStruct.Pin = GPIO_PIN_6;
 112:Core/Src/stm32f4xx_hal_msp.c ****     GPIO_InitStruct.Mode = GPIO_MODE_OUTPUT_PP;
 113:Core/Src/stm32f4xx_hal_msp.c ****     GPIO_InitStruct.Pull = GPIO_NOPULL;
 114:Core/Src/stm32f4xx_hal_msp.c ****     GPIO_InitStruct.Speed = GPIO_SPEED_FREQ_VERY_HIGH;
 115:Core/Src/stm32f4xx_hal_msp.c ****     HAL_GPIO_Init(GPIOA, &GPIO_InitStruct);
 116:Core/Src/stm32f4xx_hal_msp.c ****   /* USER CODE END SPI1_MspInit 1 */
 117:Core/Src/stm32f4xx_hal_msp.c ****   }
 118:Core/Src/stm32f4xx_hal_msp.c **** 
 119:Core/Src/stm32f4xx_hal_msp.c **** }
 126              		.loc 1 119 1 view .LVU21
 127 0018 08B0     		add	sp, sp, #32
 128              	.LCFI4:
 129              		.cfi_remember_state
 130              		.cfi_def_cfa_offset 16
 131              		@ sp needed
 132 001a 70BD     		pop	{r4, r5, r6, pc}
 133              	.LVL2:
 134              	.L8:
 135              	.LCFI5:
 136              		.cfi_restore_state
  94:Core/Src/stm32f4xx_hal_msp.c **** 
 137              		.loc 1 94 5 is_stmt 1 view .LVU22
 138              	.LBB4:
  94:Core/Src/stm32f4xx_hal_msp.c **** 
 139              		.loc 1 94 5 view .LVU23
 140 001c 0024     		movs	r4, #0
 141 001e 0194     		str	r4, [sp, #4]
  94:Core/Src/stm32f4xx_hal_msp.c **** 
 142              		.loc 1 94 5 view .LVU24
 143 0020 03F58433 		add	r3, r3, #67584
 144 0024 5A6C     		ldr	r2, [r3, #68]
 145 0026 42F48052 		orr	r2, r2, #4096
 146 002a 5A64     		str	r2, [r3, #68]
  94:Core/Src/stm32f4xx_hal_msp.c **** 
 147              		.loc 1 94 5 view .LVU25
 148 002c 5A6C     		ldr	r2, [r3, #68]
 149 002e 02F48052 		and	r2, r2, #4096
 150 0032 0192     		str	r2, [sp, #4]
  94:Core/Src/stm32f4xx_hal_msp.c **** 
 151              		.loc 1 94 5 view .LVU26
 152 0034 019A     		ldr	r2, [sp, #4]
 153              	.LBE4:
  94:Core/Src/stm32f4xx_hal_msp.c **** 
 154              		.loc 1 94 5 view .LVU27
  96:Core/Src/stm32f4xx_hal_msp.c ****     /**SPI1 GPIO Configuration
 155              		.loc 1 96 5 view .LVU28
 156              	.LBB5:
  96:Core/Src/stm32f4xx_hal_msp.c ****     /**SPI1 GPIO Configuration
 157              		.loc 1 96 5 view .LVU29
 158 0036 0294     		str	r4, [sp, #8]
  96:Core/Src/stm32f4xx_hal_msp.c ****     /**SPI1 GPIO Configuration
 159              		.loc 1 96 5 view .LVU30
 160 0038 1A6B     		ldr	r2, [r3, #48]
ARM GAS  C:\Users\Alex\AppData\Local\Temp\ccb66nMb.s 			page 6


 161 003a 42F00102 		orr	r2, r2, #1
 162 003e 1A63     		str	r2, [r3, #48]
  96:Core/Src/stm32f4xx_hal_msp.c ****     /**SPI1 GPIO Configuration
 163              		.loc 1 96 5 view .LVU31
 164 0040 1B6B     		ldr	r3, [r3, #48]
 165 0042 03F00103 		and	r3, r3, #1
 166 0046 0293     		str	r3, [sp, #8]
  96:Core/Src/stm32f4xx_hal_msp.c ****     /**SPI1 GPIO Configuration
 167              		.loc 1 96 5 view .LVU32
 168 0048 029B     		ldr	r3, [sp, #8]
 169              	.LBE5:
  96:Core/Src/stm32f4xx_hal_msp.c ****     /**SPI1 GPIO Configuration
 170              		.loc 1 96 5 view .LVU33
 102:Core/Src/stm32f4xx_hal_msp.c ****     GPIO_InitStruct.Mode = GPIO_MODE_AF_PP;
 171              		.loc 1 102 5 view .LVU34
 102:Core/Src/stm32f4xx_hal_msp.c ****     GPIO_InitStruct.Mode = GPIO_MODE_AF_PP;
 172              		.loc 1 102 25 is_stmt 0 view .LVU35
 173 004a A023     		movs	r3, #160
 174 004c 0393     		str	r3, [sp, #12]
 103:Core/Src/stm32f4xx_hal_msp.c ****     GPIO_InitStruct.Pull = GPIO_NOPULL;
 175              		.loc 1 103 5 is_stmt 1 view .LVU36
 103:Core/Src/stm32f4xx_hal_msp.c ****     GPIO_InitStruct.Pull = GPIO_NOPULL;
 176              		.loc 1 103 26 is_stmt 0 view .LVU37
 177 004e 0223     		movs	r3, #2
 178 0050 0493     		str	r3, [sp, #16]
 104:Core/Src/stm32f4xx_hal_msp.c ****     GPIO_InitStruct.Speed = GPIO_SPEED_FREQ_VERY_HIGH;
 179              		.loc 1 104 5 is_stmt 1 view .LVU38
 105:Core/Src/stm32f4xx_hal_msp.c ****     GPIO_InitStruct.Alternate = GPIO_AF5_SPI1;
 180              		.loc 1 105 5 view .LVU39
 105:Core/Src/stm32f4xx_hal_msp.c ****     GPIO_InitStruct.Alternate = GPIO_AF5_SPI1;
 181              		.loc 1 105 27 is_stmt 0 view .LVU40
 182 0052 0326     		movs	r6, #3
 183 0054 0696     		str	r6, [sp, #24]
 106:Core/Src/stm32f4xx_hal_msp.c ****     HAL_GPIO_Init(GPIOA, &GPIO_InitStruct);
 184              		.loc 1 106 5 is_stmt 1 view .LVU41
 106:Core/Src/stm32f4xx_hal_msp.c ****     HAL_GPIO_Init(GPIOA, &GPIO_InitStruct);
 185              		.loc 1 106 31 is_stmt 0 view .LVU42
 186 0056 0523     		movs	r3, #5
 187 0058 0793     		str	r3, [sp, #28]
 107:Core/Src/stm32f4xx_hal_msp.c **** 
 188              		.loc 1 107 5 is_stmt 1 view .LVU43
 189 005a 094D     		ldr	r5, .L9+4
 190 005c 03A9     		add	r1, sp, #12
 191 005e 2846     		mov	r0, r5
 192              	.LVL3:
 107:Core/Src/stm32f4xx_hal_msp.c **** 
 193              		.loc 1 107 5 is_stmt 0 view .LVU44
 194 0060 FFF7FEFF 		bl	HAL_GPIO_Init
 195              	.LVL4:
 111:Core/Src/stm32f4xx_hal_msp.c ****     GPIO_InitStruct.Mode = GPIO_MODE_OUTPUT_PP;
 196              		.loc 1 111 5 is_stmt 1 view .LVU45
 111:Core/Src/stm32f4xx_hal_msp.c ****     GPIO_InitStruct.Mode = GPIO_MODE_OUTPUT_PP;
 197              		.loc 1 111 25 is_stmt 0 view .LVU46
 198 0064 4023     		movs	r3, #64
 199 0066 0393     		str	r3, [sp, #12]
 112:Core/Src/stm32f4xx_hal_msp.c ****     GPIO_InitStruct.Pull = GPIO_NOPULL;
 200              		.loc 1 112 5 is_stmt 1 view .LVU47
ARM GAS  C:\Users\Alex\AppData\Local\Temp\ccb66nMb.s 			page 7


 112:Core/Src/stm32f4xx_hal_msp.c ****     GPIO_InitStruct.Pull = GPIO_NOPULL;
 201              		.loc 1 112 26 is_stmt 0 view .LVU48
 202 0068 0123     		movs	r3, #1
 203 006a 0493     		str	r3, [sp, #16]
 113:Core/Src/stm32f4xx_hal_msp.c ****     GPIO_InitStruct.Speed = GPIO_SPEED_FREQ_VERY_HIGH;
 204              		.loc 1 113 5 is_stmt 1 view .LVU49
 113:Core/Src/stm32f4xx_hal_msp.c ****     GPIO_InitStruct.Speed = GPIO_SPEED_FREQ_VERY_HIGH;
 205              		.loc 1 113 26 is_stmt 0 view .LVU50
 206 006c 0594     		str	r4, [sp, #20]
 114:Core/Src/stm32f4xx_hal_msp.c ****     HAL_GPIO_Init(GPIOA, &GPIO_InitStruct);
 207              		.loc 1 114 5 is_stmt 1 view .LVU51
 114:Core/Src/stm32f4xx_hal_msp.c ****     HAL_GPIO_Init(GPIOA, &GPIO_InitStruct);
 208              		.loc 1 114 27 is_stmt 0 view .LVU52
 209 006e 0696     		str	r6, [sp, #24]
 115:Core/Src/stm32f4xx_hal_msp.c ****   /* USER CODE END SPI1_MspInit 1 */
 210              		.loc 1 115 5 is_stmt 1 view .LVU53
 211 0070 03A9     		add	r1, sp, #12
 212 0072 2846     		mov	r0, r5
 213 0074 FFF7FEFF 		bl	HAL_GPIO_Init
 214              	.LVL5:
 215              		.loc 1 119 1 is_stmt 0 view .LVU54
 216 0078 CEE7     		b	.L5
 217              	.L10:
 218 007a 00BF     		.align	2
 219              	.L9:
 220 007c 00300140 		.word	1073819648
 221 0080 00000240 		.word	1073872896
 222              		.cfi_endproc
 223              	.LFE131:
 225              		.section	.text.HAL_SPI_MspDeInit,"ax",%progbits
 226              		.align	1
 227              		.global	HAL_SPI_MspDeInit
 228              		.syntax unified
 229              		.thumb
 230              		.thumb_func
 232              	HAL_SPI_MspDeInit:
 233              	.LVL6:
 234              	.LFB132:
 120:Core/Src/stm32f4xx_hal_msp.c **** 
 121:Core/Src/stm32f4xx_hal_msp.c **** /**
 122:Core/Src/stm32f4xx_hal_msp.c **** * @brief SPI MSP De-Initialization
 123:Core/Src/stm32f4xx_hal_msp.c **** * This function freeze the hardware resources used in this example
 124:Core/Src/stm32f4xx_hal_msp.c **** * @param hspi: SPI handle pointer
 125:Core/Src/stm32f4xx_hal_msp.c **** * @retval None
 126:Core/Src/stm32f4xx_hal_msp.c **** */
 127:Core/Src/stm32f4xx_hal_msp.c **** void HAL_SPI_MspDeInit(SPI_HandleTypeDef* hspi)
 128:Core/Src/stm32f4xx_hal_msp.c **** {
 235              		.loc 1 128 1 is_stmt 1 view -0
 236              		.cfi_startproc
 237              		@ args = 0, pretend = 0, frame = 0
 238              		@ frame_needed = 0, uses_anonymous_args = 0
 239              		.loc 1 128 1 is_stmt 0 view .LVU56
 240 0000 08B5     		push	{r3, lr}
 241              	.LCFI6:
 242              		.cfi_def_cfa_offset 8
 243              		.cfi_offset 3, -8
 244              		.cfi_offset 14, -4
ARM GAS  C:\Users\Alex\AppData\Local\Temp\ccb66nMb.s 			page 8


 129:Core/Src/stm32f4xx_hal_msp.c ****   if(hspi->Instance==SPI1)
 245              		.loc 1 129 3 is_stmt 1 view .LVU57
 246              		.loc 1 129 10 is_stmt 0 view .LVU58
 247 0002 0268     		ldr	r2, [r0]
 248              		.loc 1 129 5 view .LVU59
 249 0004 064B     		ldr	r3, .L15
 250 0006 9A42     		cmp	r2, r3
 251 0008 00D0     		beq	.L14
 252              	.LVL7:
 253              	.L11:
 130:Core/Src/stm32f4xx_hal_msp.c ****   {
 131:Core/Src/stm32f4xx_hal_msp.c ****   /* USER CODE BEGIN SPI1_MspDeInit 0 */
 132:Core/Src/stm32f4xx_hal_msp.c **** 
 133:Core/Src/stm32f4xx_hal_msp.c ****   /* USER CODE END SPI1_MspDeInit 0 */
 134:Core/Src/stm32f4xx_hal_msp.c ****     /* Peripheral clock disable */
 135:Core/Src/stm32f4xx_hal_msp.c ****     __HAL_RCC_SPI1_CLK_DISABLE();
 136:Core/Src/stm32f4xx_hal_msp.c **** 
 137:Core/Src/stm32f4xx_hal_msp.c ****     /**SPI1 GPIO Configuration
 138:Core/Src/stm32f4xx_hal_msp.c ****     PA5     ------> SPI1_SCK
 139:Core/Src/stm32f4xx_hal_msp.c ****     PA6     ------> SPI1_MISO
 140:Core/Src/stm32f4xx_hal_msp.c ****     PA7     ------> SPI1_MOSI
 141:Core/Src/stm32f4xx_hal_msp.c ****     */
 142:Core/Src/stm32f4xx_hal_msp.c ****     HAL_GPIO_DeInit(GPIOA, GPIO_PIN_5|GPIO_PIN_6|GPIO_PIN_7);
 143:Core/Src/stm32f4xx_hal_msp.c **** 
 144:Core/Src/stm32f4xx_hal_msp.c ****   /* USER CODE BEGIN SPI1_MspDeInit 1 */
 145:Core/Src/stm32f4xx_hal_msp.c **** 
 146:Core/Src/stm32f4xx_hal_msp.c ****   /* USER CODE END SPI1_MspDeInit 1 */
 147:Core/Src/stm32f4xx_hal_msp.c ****   }
 148:Core/Src/stm32f4xx_hal_msp.c **** 
 149:Core/Src/stm32f4xx_hal_msp.c **** }
 254              		.loc 1 149 1 view .LVU60
 255 000a 08BD     		pop	{r3, pc}
 256              	.LVL8:
 257              	.L14:
 135:Core/Src/stm32f4xx_hal_msp.c **** 
 258              		.loc 1 135 5 is_stmt 1 view .LVU61
 259 000c 054A     		ldr	r2, .L15+4
 260 000e 536C     		ldr	r3, [r2, #68]
 261 0010 23F48053 		bic	r3, r3, #4096
 262 0014 5364     		str	r3, [r2, #68]
 142:Core/Src/stm32f4xx_hal_msp.c **** 
 263              		.loc 1 142 5 view .LVU62
 264 0016 E021     		movs	r1, #224
 265 0018 0348     		ldr	r0, .L15+8
 266              	.LVL9:
 142:Core/Src/stm32f4xx_hal_msp.c **** 
 267              		.loc 1 142 5 is_stmt 0 view .LVU63
 268 001a FFF7FEFF 		bl	HAL_GPIO_DeInit
 269              	.LVL10:
 270              		.loc 1 149 1 view .LVU64
 271 001e F4E7     		b	.L11
 272              	.L16:
 273              		.align	2
 274              	.L15:
 275 0020 00300140 		.word	1073819648
 276 0024 00380240 		.word	1073887232
 277 0028 00000240 		.word	1073872896
ARM GAS  C:\Users\Alex\AppData\Local\Temp\ccb66nMb.s 			page 9


 278              		.cfi_endproc
 279              	.LFE132:
 281              		.text
 282              	.Letext0:
 283              		.file 2 "e:\\programms\\gnu_mcu_eclipse\\toolchain\\arm-gnu-toolchain-12.2.mpacbti-bet1-mingw-w64-
 284              		.file 3 "e:\\programms\\gnu_mcu_eclipse\\toolchain\\arm-gnu-toolchain-12.2.mpacbti-bet1-mingw-w64-
 285              		.file 4 "Drivers/CMSIS/Device/ST/STM32F4xx/Include/stm32f407xx.h"
 286              		.file 5 "Drivers/STM32F4xx_HAL_Driver/Inc/stm32f4xx_hal_def.h"
 287              		.file 6 "Drivers/STM32F4xx_HAL_Driver/Inc/stm32f4xx_hal_gpio.h"
 288              		.file 7 "Drivers/STM32F4xx_HAL_Driver/Inc/stm32f4xx_hal_dma.h"
 289              		.file 8 "Drivers/STM32F4xx_HAL_Driver/Inc/stm32f4xx_hal_spi.h"
ARM GAS  C:\Users\Alex\AppData\Local\Temp\ccb66nMb.s 			page 10


DEFINED SYMBOLS
                            *ABS*:00000000 stm32f4xx_hal_msp.c
C:\Users\Alex\AppData\Local\Temp\ccb66nMb.s:21     .text.HAL_MspInit:00000000 $t
C:\Users\Alex\AppData\Local\Temp\ccb66nMb.s:27     .text.HAL_MspInit:00000000 HAL_MspInit
C:\Users\Alex\AppData\Local\Temp\ccb66nMb.s:80     .text.HAL_MspInit:00000034 $d
C:\Users\Alex\AppData\Local\Temp\ccb66nMb.s:85     .text.HAL_SPI_MspInit:00000000 $t
C:\Users\Alex\AppData\Local\Temp\ccb66nMb.s:91     .text.HAL_SPI_MspInit:00000000 HAL_SPI_MspInit
C:\Users\Alex\AppData\Local\Temp\ccb66nMb.s:220    .text.HAL_SPI_MspInit:0000007c $d
C:\Users\Alex\AppData\Local\Temp\ccb66nMb.s:226    .text.HAL_SPI_MspDeInit:00000000 $t
C:\Users\Alex\AppData\Local\Temp\ccb66nMb.s:232    .text.HAL_SPI_MspDeInit:00000000 HAL_SPI_MspDeInit
C:\Users\Alex\AppData\Local\Temp\ccb66nMb.s:275    .text.HAL_SPI_MspDeInit:00000020 $d

UNDEFINED SYMBOLS
HAL_GPIO_Init
HAL_GPIO_DeInit
